2025-03-03 11:45:07 [INFO]: [User: Guest | ID: NA] GET /all-jobs-display - ::1
2025-03-03 11:45:07 [INFO]: [User: Guest | ID: NA] GET /all-jobs-display - ::1
2025-03-03 17:30:39 [INFO]: [User: Guest | ID: NA] GET /all-jobs-display - ::1
2025-03-03 17:30:39 [INFO]: [User: Guest | ID: NA] GET /all-jobs-display - ::1
2025-03-03 17:30:44 [INFO]: [User: Guest | ID: NA] GET /all-jobs-display - ::1
2025-03-03 17:30:44 [INFO]: [User: Guest | ID: NA] GET /all-jobs-display - ::1
2025-03-03 17:30:56 [INFO]: [User: Guest | ID: NA] POST /login - ::1
2025-03-03 17:30:56 [INFO]: [User: Guest | ID: NA] POST /log-login - ::1
2025-03-03 17:30:56 [INFO]: [LOGIN] User: deep (ID: 9, Email: deep@gmail.com) logged in successfully.
2025-03-03 17:31:01 [INFO]: [User: Guest | ID: NA] GET /all-jobs-display - ::1
2025-03-03 17:31:01 [INFO]: [User: Guest | ID: NA] GET /all-jobs-display - ::1
2025-03-03 17:31:06 [INFO]: [User: Guest | ID: NA] GET /show-company - ::1
2025-03-03 17:31:06 [INFO]: [User: Guest | ID: NA] GET /show-job_position - ::1
2025-03-03 17:31:06 [INFO]: [User: Guest | ID: NA] GET /show-company - ::1
2025-03-03 17:31:06 [INFO]: [User: Guest | ID: NA] GET /show-job_position - ::1
2025-03-03 17:31:12 [INFO]: [User: Guest | ID: NA] GET /show-company - ::1
2025-03-03 17:31:12 [INFO]: [User: Guest | ID: NA] GET /show-job_position - ::1
2025-03-03 17:31:12 [INFO]: [User: Guest | ID: NA] GET /show-company - ::1
2025-03-03 17:31:12 [INFO]: [User: Guest | ID: NA] GET /show-job_position - ::1
2025-03-03 17:31:50 [INFO]: [User: Guest | ID: NA] GET /all-jobs-display - ::1
2025-03-03 17:31:51 [INFO]: [User: Guest | ID: NA] GET /show-company - ::1
2025-03-03 17:31:51 [INFO]: [User: Guest | ID: NA] GET /show-job_position - ::1
2025-03-03 17:31:51 [INFO]: [User: Guest | ID: NA] GET /show-company - ::1
2025-03-03 17:31:51 [INFO]: [User: Guest | ID: NA] GET /show-job_position - ::1
2025-03-03 17:31:53 [INFO]: [User: Guest | ID: NA] POST /create-apply-for-job - ::1
2025-03-03 17:36:17 [INFO]: [User: Guest | ID: NA] GET /show-company - ::1
2025-03-03 17:36:17 [INFO]: [User: Guest | ID: NA] GET /show-job_position - ::1
2025-03-03 17:36:18 [INFO]: [User: Guest | ID: NA] GET /show-company - ::1
2025-03-03 17:36:18 [INFO]: [User: Guest | ID: NA] GET /show-job_position - ::1
2025-03-03 17:37:35 [INFO]: [User: Guest | ID: NA] GET /all-jobs-display - ::1
2025-03-03 17:37:35 [INFO]: [User: Guest | ID: NA] GET /all-jobs-display - ::1
2025-03-03 17:37:49 [INFO]: [User: Guest | ID: NA] GET /show-company - ::1
2025-03-03 17:37:49 [INFO]: [User: Guest | ID: NA] GET /show-job_position - ::1
2025-03-03 17:37:49 [INFO]: [User: Guest | ID: NA] GET /show-company - ::1
2025-03-03 17:37:49 [INFO]: [User: Guest | ID: NA] GET /show-job_position - ::1
2025-03-03 17:37:50 [INFO]: [User: Guest | ID: NA] POST /create-apply-for-job - ::1
2025-03-03 17:38:03 [INFO]: [User: Guest | ID: NA] POST /create-apply-for-job - ::1
2025-03-03 17:38:37 [INFO]: [User: Guest | ID: NA] POST /create-apply-for-job - ::1
2025-03-03 17:38:41 [INFO]: [User: Guest | ID: NA] POST /create-apply-for-job - ::1
2025-03-03 17:38:59 [INFO]: [User: Guest | ID: NA] POST /create-apply-for-job - ::1
2025-03-03 17:39:02 [INFO]: [User: Guest | ID: NA] POST /create-apply-for-job - ::1
2025-03-03 17:39:12 [INFO]: [User: Guest | ID: NA] POST /create-apply-for-job - ::ffff:127.0.0.1
2025-03-03 17:42:39 [INFO]: [User: Guest | ID: NA] POST /create-apply-for-job - ::1
2025-03-03 17:43:04 [INFO]: [User: Guest | ID: NA] POST /create-apply-for-job - ::1
2025-03-03 17:43:41 [INFO]: [User: Guest | ID: NA] POST /create-apply-for-job - ::1
2025-03-03 17:45:31 [INFO]: [User: Guest | ID: NA] POST /create-apply-for-job - ::1
2025-03-03 17:45:48 [INFO]: [User: Guest | ID: NA] POST /create-apply-for-job - ::1
2025-03-03 17:46:14 [INFO]: [User: Guest | ID: NA] POST /create-apply-for-job - ::1
2025-03-03 17:46:47 [INFO]: [User: Guest | ID: NA] POST /create-apply-for-job - ::1
2025-03-03 17:47:08 [INFO]: [User: Guest | ID: NA] POST /create-apply-for-job - ::1
2025-03-03 17:47:37 [INFO]: [User: Guest | ID: NA] POST /create-apply-for-job - ::1
2025-03-03 17:47:50 [INFO]: [User: Guest | ID: NA] POST /create-apply-for-job - ::1
2025-03-03 17:48:00 [INFO]: [User: Guest | ID: NA] POST /create-apply-for-job - ::1
2025-03-03 17:49:09 [INFO]: [User: Guest | ID: NA] POST /create-apply-for-job - ::1
2025-03-03 17:49:21 [INFO]: [User: Guest | ID: NA] POST /create-apply-for-job - ::1
2025-03-03 17:49:44 [INFO]: [User: Guest | ID: NA] POST /create-apply-for-job - ::ffff:127.0.0.1
2025-03-03 17:51:03 [INFO]: [User: Guest | ID: NA] POST /create-apply-for-job - ::1
2025-03-03 17:53:15 [INFO]: [User: Guest | ID: NA] POST /create-apply-for-job - ::1
2025-03-03 17:53:34 [INFO]: [User: Guest | ID: NA] POST /create-apply-for-job - ::1
2025-03-03 17:53:52 [INFO]: [User: Guest | ID: NA] POST /create-apply-for-job - ::1
2025-03-03 17:53:59 [INFO]: [User: Guest | ID: NA] POST /create-apply-for-job - ::1
2025-03-03 17:54:13 [INFO]: [User: Guest | ID: NA] POST /create-apply-for-job - ::1
2025-03-03 17:56:01 [INFO]: [User: Guest | ID: NA] GET /all-jobs-display - ::1
2025-03-03 17:56:01 [INFO]: [User: Guest | ID: NA] GET /all-jobs-display - ::1
2025-03-03 17:56:02 [INFO]: [User: Guest | ID: NA] GET /show-company - ::1
2025-03-03 17:56:02 [INFO]: [User: Guest | ID: NA] GET /show-job_position - ::1
2025-03-03 17:56:02 [INFO]: [User: Guest | ID: NA] GET /show-company - ::1
2025-03-03 17:56:02 [INFO]: [User: Guest | ID: NA] GET /show-job_position - ::1
2025-03-03 17:56:03 [INFO]: [User: Guest | ID: NA] POST /create-apply-for-job - ::1
2025-03-03 17:56:08 [INFO]: [User: Guest | ID: NA] POST /create-apply-for-job - ::1
2025-03-03 17:56:14 [INFO]: [User: Guest | ID: NA] POST /create-apply-for-job - ::1
2025-03-03 17:57:38 [INFO]: [User: Guest | ID: NA] GET /all-jobs-display - ::1
2025-03-03 17:57:38 [INFO]: [User: Guest | ID: NA] GET /all-jobs-display - ::1
2025-03-03 17:57:39 [INFO]: [User: Guest | ID: NA] GET /show-company - ::1
2025-03-03 17:57:39 [INFO]: [User: Guest | ID: NA] GET /show-job_position - ::1
2025-03-03 17:57:39 [INFO]: [User: Guest | ID: NA] GET /show-company - ::1
2025-03-03 17:57:39 [INFO]: [User: Guest | ID: NA] GET /show-job_position - ::1
2025-03-03 17:57:48 [INFO]: [User: Guest | ID: NA] POST /create-apply-for-job - ::1
2025-03-03 17:59:55 [INFO]: [User: Guest | ID: NA] GET /all-jobs-display - ::1
2025-03-03 17:59:55 [INFO]: [User: Guest | ID: NA] GET /all-jobs-display - ::1
2025-03-03 17:59:56 [INFO]: [User: Guest | ID: NA] GET /show-company - ::1
2025-03-03 17:59:56 [INFO]: [User: Guest | ID: NA] GET /show-job_position - ::1
2025-03-03 17:59:56 [INFO]: [User: Guest | ID: NA] GET /show-company - ::1
2025-03-03 17:59:56 [INFO]: [User: Guest | ID: NA] GET /show-job_position - ::1
2025-03-03 18:00:08 [INFO]: [User: Guest | ID: NA] GET /show-company - ::1
2025-03-03 18:00:08 [INFO]: [User: Guest | ID: NA] GET /show-job_position - ::1
2025-03-03 18:00:10 [INFO]: [User: Guest | ID: NA] GET /show-company - ::1
2025-03-03 18:00:10 [INFO]: [User: Guest | ID: NA] GET /show-job_position - ::1
2025-03-03 18:01:52 [INFO]: [User: Guest | ID: NA] GET /show-company - ::1
2025-03-03 18:01:52 [INFO]: [User: Guest | ID: NA] GET /show-job_position - ::1
2025-03-03 18:01:53 [INFO]: [User: Guest | ID: NA] GET /show-company - ::1
2025-03-03 18:01:53 [INFO]: [User: Guest | ID: NA] GET /show-job_position - ::1
2025-03-03 18:02:12 [INFO]: [User: Guest | ID: NA] GET /show-company - ::1
2025-03-03 18:02:12 [INFO]: [User: Guest | ID: NA] GET /show-job_position - ::1
2025-03-03 18:02:13 [INFO]: [User: Guest | ID: NA] GET /show-company - ::1
2025-03-03 18:02:13 [INFO]: [User: Guest | ID: NA] GET /show-job_position - ::1
2025-03-03 18:02:15 [INFO]: [User: Guest | ID: NA] GET /show-company - ::1
2025-03-03 18:02:15 [INFO]: [User: Guest | ID: NA] GET /show-job_position - ::1
2025-03-03 18:02:19 [INFO]: [User: Guest | ID: NA] GET /show-company - ::1
2025-03-03 18:02:19 [INFO]: [User: Guest | ID: NA] GET /show-job_position - ::1
2025-03-03 18:02:43 [INFO]: [User: Guest | ID: NA] GET /show-company - ::1
2025-03-03 18:02:43 [INFO]: [User: Guest | ID: NA] GET /show-job_position - ::1
2025-03-03 18:02:43 [INFO]: [User: Guest | ID: NA] GET /show-company - ::1
2025-03-03 18:02:43 [INFO]: [User: Guest | ID: NA] GET /show-job_position - ::1
2025-03-03 18:02:48 [INFO]: [User: Guest | ID: NA] POST /create-apply-for-job - ::1
2025-03-03 18:02:59 [INFO]: [User: Guest | ID: NA] POST /create-apply-for-job - ::1
2025-03-03 18:03:18 [INFO]: [User: Guest | ID: NA] GET /show-company - ::1
2025-03-03 18:03:18 [INFO]: [User: Guest | ID: NA] GET /show-job_position - ::1
2025-03-03 18:03:26 [INFO]: [User: Guest | ID: NA] GET /show-company - ::1
2025-03-03 18:03:26 [INFO]: [User: Guest | ID: NA] GET /show-job_position - ::1
2025-03-03 18:03:26 [INFO]: [User: Guest | ID: NA] GET /show-company - ::1
2025-03-03 18:03:26 [INFO]: [User: Guest | ID: NA] GET /show-job_position - ::1
2025-03-03 18:03:30 [INFO]: [User: Guest | ID: NA] GET /all-jobs-display - ::1
2025-03-03 18:03:30 [INFO]: [User: Guest | ID: NA] GET /all-jobs-display - ::1
2025-03-03 18:03:30 [INFO]: [User: Guest | ID: NA] GET /show-company - ::1
2025-03-03 18:03:30 [INFO]: [User: Guest | ID: NA] GET /show-job_position - ::1
2025-03-03 18:03:30 [INFO]: [User: Guest | ID: NA] GET /show-company - ::1
2025-03-03 18:03:30 [INFO]: [User: Guest | ID: NA] GET /show-job_position - ::1
2025-03-03 18:03:38 [INFO]: [User: Guest | ID: NA] POST /create-apply-for-job - ::1
2025-03-03 18:03:41 [INFO]: [User: Guest | ID: NA] GET /show-company - ::1
2025-03-03 18:03:41 [INFO]: [User: Guest | ID: NA] GET /show-job_position - ::1
2025-03-03 18:03:41 [INFO]: [User: Guest | ID: NA] GET /show-company - ::1
2025-03-03 18:03:41 [INFO]: [User: Guest | ID: NA] GET /show-job_position - ::1
2025-03-03 18:03:42 [INFO]: [User: Guest | ID: NA] GET /show-company - ::1
2025-03-03 18:03:42 [INFO]: [User: Guest | ID: NA] GET /show-job_position - ::1
2025-03-03 18:03:43 [INFO]: [User: Guest | ID: NA] GET /show-company - ::1
2025-03-03 18:03:43 [INFO]: [User: Guest | ID: NA] GET /show-job_position - ::1
2025-03-03 18:03:43 [INFO]: [User: Guest | ID: NA] GET /show-company - ::1
2025-03-03 18:03:43 [INFO]: [User: Guest | ID: NA] GET /show-job_position - ::1
2025-03-03 18:05:36 [INFO]: [User: Guest | ID: NA] GET /show-company - ::1
2025-03-03 18:05:36 [INFO]: [User: Guest | ID: NA] GET /show-job_position - ::1
2025-03-03 18:05:36 [INFO]: [User: Guest | ID: NA] GET /show-company - ::1
2025-03-03 18:05:36 [INFO]: [User: Guest | ID: NA] GET /show-job_position - ::1
2025-03-03 18:06:11 [INFO]: [User: Guest | ID: NA] GET /all-jobs-display - ::1
2025-03-03 18:06:20 [INFO]: [User: Guest | ID: NA] GET /all-jobs-display - ::1
2025-03-03 18:06:22 [INFO]: [User: Guest | ID: NA] GET /all-jobs-display - ::1
2025-03-03 18:06:51 [INFO]: [User: Guest | ID: NA] GET /all-jobs-display - ::1
2025-03-03 18:06:55 [INFO]: [User: Guest | ID: NA] GET /all-jobs-display - ::1
2025-03-03 18:07:37 [INFO]: [User: Guest | ID: NA] GET /all-jobs-display - ::1
2025-03-03 18:07:45 [INFO]: [User: Guest | ID: NA] GET /all-jobs-display - ::1
2025-03-03 18:07:45 [INFO]: [User: Guest | ID: NA] GET /all-jobs-display - ::1
2025-03-03 18:07:47 [INFO]: [User: Guest | ID: NA] GET /show-company - ::1
2025-03-03 18:07:47 [INFO]: [User: Guest | ID: NA] GET /show-job_position - ::1
2025-03-03 18:07:47 [INFO]: [User: Guest | ID: NA] GET /show-company - ::1
2025-03-03 18:07:47 [INFO]: [User: Guest | ID: NA] GET /show-job_position - ::1
2025-03-03 18:07:52 [INFO]: [User: Guest | ID: NA] POST /create-apply-for-job - ::1
2025-03-03 18:07:56 [INFO]: [User: Guest | ID: NA] POST /create-apply-for-job - ::1
2025-03-03 18:08:18 [INFO]: [User: Guest | ID: NA] GET /show-company - ::1
2025-03-03 18:08:18 [INFO]: [User: Guest | ID: NA] GET /show-job_position - ::1
2025-03-03 18:08:23 [INFO]: [User: Guest | ID: NA] GET /show-company - ::1
2025-03-03 18:08:23 [INFO]: [User: Guest | ID: NA] GET /show-job_position - ::1
2025-03-03 18:08:28 [INFO]: [User: Guest | ID: NA] GET /show-company - ::1
2025-03-03 18:08:28 [INFO]: [User: Guest | ID: NA] GET /show-job_position - ::1
2025-03-03 18:08:28 [INFO]: [User: Guest | ID: NA] GET /show-company - ::1
2025-03-03 18:08:28 [INFO]: [User: Guest | ID: NA] GET /show-job_position - ::1
2025-03-03 18:08:36 [INFO]: [User: Guest | ID: NA] POST /create-apply-for-job - ::1
2025-03-03 18:08:39 [INFO]: [User: Guest | ID: NA] POST /create-apply-for-job - ::1
2025-03-03 18:08:56 [INFO]: [User: Guest | ID: NA] GET /all-jobs-display - ::1
2025-03-03 18:08:57 [INFO]: [User: Guest | ID: NA] GET /all-jobs-display - ::1
2025-03-03 18:09:00 [INFO]: [User: Guest | ID: NA] GET /all-jobs-display - ::1
2025-03-03 18:09:02 [INFO]: [User: Guest | ID: NA] GET /all-jobs-display - ::1
2025-03-03 18:09:04 [INFO]: [User: Guest | ID: NA] GET /all-jobs-display - ::1
2025-03-03 18:09:06 [INFO]: [User: Guest | ID: NA] GET /all-jobs-display - ::1
2025-03-03 18:09:10 [INFO]: [User: Guest | ID: NA] GET /all-jobs-display - ::1
2025-03-03 18:09:12 [INFO]: [User: Guest | ID: NA] GET /all-jobs-display - ::1
2025-03-03 18:09:12 [INFO]: [User: Guest | ID: NA] GET /all-jobs-display - ::1
2025-03-03 18:09:16 [INFO]: [User: Guest | ID: NA] POST /create-apply-for-job - ::1
2025-03-03 18:10:03 [INFO]: [User: Guest | ID: NA] POST /create-apply-for-job - ::1
2025-03-03 18:10:10 [INFO]: [User: Guest | ID: NA] POST /create-apply-for-job - ::1
2025-03-03 18:10:23 [INFO]: [User: Guest | ID: NA] POST /create-apply-for-job - ::1
2025-03-03 18:10:41 [INFO]: [User: Guest | ID: NA] POST /create-apply-for-job - ::1
2025-03-03 18:10:56 [INFO]: [User: Guest | ID: NA] POST /create-apply-for-job - ::1
2025-03-03 18:17:07 [INFO]: [User: Guest | ID: NA] POST /create-apply-for-job - ::1
2025-03-03 18:17:44 [INFO]: [User: Guest | ID: NA] POST /create-apply-for-job - ::1
2025-03-03 18:18:46 [INFO]: [User: Guest | ID: NA] GET /all-jobs-display - ::1
2025-03-03 18:18:46 [INFO]: [User: Guest | ID: NA] GET /all-jobs-display - ::1
2025-03-03 18:18:47 [INFO]: [User: Guest | ID: NA] GET /show-company - ::1
2025-03-03 18:18:47 [INFO]: [User: Guest | ID: NA] GET /show-job_position - ::1
2025-03-03 18:18:47 [INFO]: [User: Guest | ID: NA] GET /show-company - ::1
2025-03-03 18:18:47 [INFO]: [User: Guest | ID: NA] GET /show-job_position - ::1
2025-03-03 18:19:42 [INFO]: [User: Guest | ID: NA] GET /show-company - ::1
2025-03-03 18:19:42 [INFO]: [User: Guest | ID: NA] GET /show-job_position - ::1
2025-03-03 18:19:42 [INFO]: [User: Guest | ID: NA] GET /show-company - ::1
2025-03-03 18:19:42 [INFO]: [User: Guest | ID: NA] GET /show-job_position - ::1
2025-03-03 18:19:44 [INFO]: [User: Guest | ID: NA] GET /show-company - ::1
2025-03-03 18:19:44 [INFO]: [User: Guest | ID: NA] GET /show-job_position - ::1
2025-03-03 18:19:46 [INFO]: [User: Guest | ID: NA] GET /show-company - ::1
2025-03-03 18:19:46 [INFO]: [User: Guest | ID: NA] GET /show-job_position - ::1
2025-03-03 18:19:47 [INFO]: [User: Guest | ID: NA] GET /show-company - ::1
2025-03-03 18:19:47 [INFO]: [User: Guest | ID: NA] GET /show-job_position - ::1
2025-03-03 18:19:48 [INFO]: [User: Guest | ID: NA] GET /show-company - ::1
2025-03-03 18:19:48 [INFO]: [User: Guest | ID: NA] GET /show-job_position - ::1
2025-03-03 18:19:51 [INFO]: [User: Guest | ID: NA] GET /show-company - ::1
2025-03-03 18:19:51 [INFO]: [User: Guest | ID: NA] GET /show-job_position - ::1
2025-03-03 18:19:53 [INFO]: [User: Guest | ID: NA] GET /show-company - ::1
2025-03-03 18:19:53 [INFO]: [User: Guest | ID: NA] GET /show-job_position - ::1
2025-03-03 18:19:55 [INFO]: [User: Guest | ID: NA] GET /show-company - ::1
2025-03-03 18:19:55 [INFO]: [User: Guest | ID: NA] GET /show-job_position - ::1
2025-03-03 18:20:38 [INFO]: [User: Guest | ID: NA] GET /show-company - ::1
2025-03-03 18:20:38 [INFO]: [User: Guest | ID: NA] GET /show-job_position - ::1
2025-03-03 18:20:38 [INFO]: [User: Guest | ID: NA] GET /show-company - ::1
2025-03-03 18:20:38 [INFO]: [User: Guest | ID: NA] GET /show-job_position - ::1
2025-03-03 18:20:53 [INFO]: [User: Guest | ID: NA] GET /show-company - ::1
2025-03-03 18:20:53 [INFO]: [User: Guest | ID: NA] GET /show-job_position - ::1
2025-03-03 18:20:53 [INFO]: [User: Guest | ID: NA] GET /show-company - ::1
2025-03-03 18:20:53 [INFO]: [User: Guest | ID: NA] GET /show-job_position - ::1
2025-03-03 18:20:56 [INFO]: [User: Guest | ID: NA] GET /show-company - ::1
2025-03-03 18:20:56 [INFO]: [User: Guest | ID: NA] GET /show-job_position - ::1
2025-03-03 18:20:59 [INFO]: [User: Guest | ID: NA] GET /show-company - ::1
2025-03-03 18:20:59 [INFO]: [User: Guest | ID: NA] GET /show-job_position - ::1
2025-03-03 18:21:00 [INFO]: [User: Guest | ID: NA] GET /show-company - ::1
2025-03-03 18:21:00 [INFO]: [User: Guest | ID: NA] GET /show-job_position - ::1
2025-03-03 18:21:07 [INFO]: [User: Guest | ID: NA] POST /create-apply-for-job - ::1
2025-03-03 18:21:13 [INFO]: [User: Guest | ID: NA] POST /create-apply-for-job - ::1
2025-03-03 18:21:23 [INFO]: [User: Guest | ID: NA] GET /show-company - ::1
2025-03-03 18:21:23 [INFO]: [User: Guest | ID: NA] GET /show-job_position - ::1
2025-03-03 18:21:24 [INFO]: [User: Guest | ID: NA] GET /show-company - ::1
2025-03-03 18:21:24 [INFO]: [User: Guest | ID: NA] GET /show-job_position - ::1
2025-03-03 18:21:24 [INFO]: [User: Guest | ID: NA] GET /show-company - ::1
2025-03-03 18:21:24 [INFO]: [User: Guest | ID: NA] GET /show-job_position - ::1
2025-03-03 18:21:26 [INFO]: [User: Guest | ID: NA] GET /show-company - ::1
2025-03-03 18:21:26 [INFO]: [User: Guest | ID: NA] GET /show-job_position - ::1
2025-03-03 18:21:27 [INFO]: [User: Guest | ID: NA] POST /create-apply-for-job - ::1
2025-03-03 18:21:30 [INFO]: [User: Guest | ID: NA] GET /show-company - ::1
2025-03-03 18:21:30 [INFO]: [User: Guest | ID: NA] GET /show-job_position - ::1
2025-03-03 18:21:42 [INFO]: [User: Guest | ID: NA] GET /show-company - ::1
2025-03-03 18:21:42 [INFO]: [User: Guest | ID: NA] GET /show-job_position - ::1
2025-03-03 18:21:42 [INFO]: [User: Guest | ID: NA] GET /show-company - ::1
2025-03-03 18:21:42 [INFO]: [User: Guest | ID: NA] GET /show-job_position - ::1
2025-03-03 18:21:43 [INFO]: [User: Guest | ID: NA] GET /show-company - ::1
2025-03-03 18:21:43 [INFO]: [User: Guest | ID: NA] GET /show-job_position - ::1
2025-03-03 18:21:43 [INFO]: [User: Guest | ID: NA] GET /show-company - ::1
2025-03-03 18:21:43 [INFO]: [User: Guest | ID: NA] GET /show-job_position - ::1
2025-03-03 18:21:43 [INFO]: [User: Guest | ID: NA] GET /show-company - ::1
2025-03-03 18:21:43 [INFO]: [User: Guest | ID: NA] GET /show-job_position - ::1
2025-03-03 18:21:43 [INFO]: [User: Guest | ID: NA] GET /show-company - ::1
2025-03-03 18:21:43 [INFO]: [User: Guest | ID: NA] GET /show-job_position - ::1
2025-03-03 18:21:43 [INFO]: [User: Guest | ID: NA] GET /show-company - ::1
2025-03-03 18:21:43 [INFO]: [User: Guest | ID: NA] GET /show-job_position - ::1
2025-03-03 18:21:44 [INFO]: [User: Guest | ID: NA] GET /show-company - ::1
2025-03-03 18:21:44 [INFO]: [User: Guest | ID: NA] GET /show-job_position - ::1
2025-03-03 18:21:44 [INFO]: [User: Guest | ID: NA] GET /show-company - ::1
2025-03-03 18:21:44 [INFO]: [User: Guest | ID: NA] GET /show-job_position - ::1
2025-03-03 18:21:44 [INFO]: [User: Guest | ID: NA] GET /show-company - ::1
2025-03-03 18:21:44 [INFO]: [User: Guest | ID: NA] GET /show-job_position - ::1
2025-03-03 18:21:45 [INFO]: [User: Guest | ID: NA] GET /show-company - ::1
2025-03-03 18:21:45 [INFO]: [User: Guest | ID: NA] GET /show-job_position - ::1
2025-03-03 18:21:50 [INFO]: [User: Guest | ID: NA] POST /create-apply-for-job - ::1
2025-03-03 18:22:54 [INFO]: [User: Guest | ID: NA] POST /create-apply-for-job - ::1
2025-03-03 18:23:13 [INFO]: [User: Guest | ID: NA] POST /create-apply-for-job - ::1
2025-03-03 18:24:14 [INFO]: [User: Guest | ID: NA] POST /create-apply-for-job - ::1
2025-03-03 18:24:54 [INFO]: [User: Guest | ID: NA] GET /all-jobs-display - ::1
2025-03-03 18:24:58 [INFO]: [User: Guest | ID: NA] GET /all-jobs-display - ::1
2025-03-03 18:24:58 [INFO]: [User: Guest | ID: NA] GET /all-jobs-display - ::1
2025-03-03 18:25:57 [INFO]: [User: Guest | ID: NA] GET /all-jobs-display - ::1
2025-03-03 18:25:58 [INFO]: [User: Guest | ID: NA] GET /all-jobs-display - ::1
2025-03-03 18:25:58 [INFO]: [User: Guest | ID: NA] GET /all-jobs-display - ::1
2025-03-03 18:26:09 [INFO]: [User: Guest | ID: NA] GET /all-jobs-display - ::1
2025-03-03 18:26:09 [INFO]: [User: Guest | ID: NA] GET /all-jobs-display - ::1
2025-03-03 18:26:20 [INFO]: [User: Guest | ID: NA] GET /all-jobs-display - ::1
2025-03-03 18:26:20 [INFO]: [User: Guest | ID: NA] GET /all-jobs-display - ::1
2025-03-03 18:26:34 [INFO]: [User: Guest | ID: NA] POST /login - ::1
2025-03-03 18:26:35 [INFO]: [User: Guest | ID: NA] POST /log-login - ::1
2025-03-03 18:26:35 [INFO]: [LOGIN] User: Harsh Patel (ID: 6, Email: harsh@gmail.com) logged in successfully.
2025-03-03 18:26:35 [INFO]: [User: Guest | ID: NA] GET /show-users - ::1
2025-03-03 18:26:35 [INFO]: [User: Guest | ID: NA] GET /show-users - ::1
2025-03-03 18:26:38 [INFO]: [User: Guest | ID: NA] GET /show-company - ::1
2025-03-03 18:26:38 [INFO]: [User: Guest | ID: NA] GET /show-job_position - ::1
2025-03-03 18:26:38 [INFO]: [User: Guest | ID: NA] GET /show-job_apply_list - ::1
2025-03-03 18:26:38 [INFO]: [User: Guest | ID: NA] GET /show-company - ::1
2025-03-03 18:26:38 [INFO]: [User: Guest | ID: NA] GET /show-job_position - ::1
2025-03-03 18:26:38 [INFO]: [User: Guest | ID: NA] GET /show-job_apply_list - ::1
2025-03-03 18:26:41 [INFO]: [User: Guest | ID: NA] GET /show-company - ::1
2025-03-03 18:26:41 [INFO]: [User: Guest | ID: NA] GET /show-job_position - ::1
2025-03-03 18:26:41 [INFO]: [User: Guest | ID: NA] GET /show-company - ::1
2025-03-03 18:26:41 [INFO]: [User: Guest | ID: NA] GET /show-job_position - ::1
2025-03-03 18:26:47 [INFO]: [User: Guest | ID: NA] POST /create-apply-for-job - ::1
2025-03-03 18:26:50 [INFO]: [User: Guest | ID: NA] GET /show-company - ::1
2025-03-03 18:26:50 [INFO]: [User: Guest | ID: NA] GET /show-job_position - ::1
2025-03-03 18:26:50 [INFO]: [User: Guest | ID: NA] GET /show-job_apply_list - ::1
2025-03-03 18:26:50 [INFO]: [User: Guest | ID: NA] GET /show-company - ::1
2025-03-03 18:26:50 [INFO]: [User: Guest | ID: NA] GET /show-job_position - ::1
2025-03-03 18:26:50 [INFO]: [User: Guest | ID: NA] GET /show-job_apply_list - ::1
2025-03-03 18:27:01 [INFO]: [User: Guest | ID: NA] POST /create-apply-for-job - ::1
2025-03-03 18:27:38 [INFO]: [User: Guest | ID: NA] GET /all-jobs-display - ::1
2025-03-03 18:27:39 [INFO]: [User: Guest | ID: NA] GET /all-jobs-display - ::1
2025-03-03 18:27:50 [INFO]: [User: Guest | ID: NA] POST /create-apply-for-job - ::1
2025-03-03 18:28:31 [INFO]: [User: Guest | ID: NA] GET /all-jobs-display - ::1
2025-03-03 18:28:32 [INFO]: [User: Guest | ID: NA] POST /create-apply-for-job - ::1
2025-03-03 18:28:34 [INFO]: [User: Guest | ID: NA] GET /all-jobs-display - ::1
2025-03-03 18:28:36 [INFO]: [User: Guest | ID: NA] GET /all-jobs-display - ::1
2025-03-03 18:31:15 [INFO]: [User: Guest | ID: NA] POST /create-apply-for-job - ::1
2025-03-03 18:31:32 [INFO]: [User: Guest | ID: NA] POST /create-apply-for-job - ::1
2025-03-03 18:32:04 [INFO]: [User: Guest | ID: NA] POST /create-apply-for-job - ::1
2025-03-03 18:32:31 [INFO]: [User: Guest | ID: NA] GET /show-company - ::1
2025-03-03 18:32:31 [INFO]: [User: Guest | ID: NA] GET /show-job_position - ::1
2025-03-03 18:32:50 [INFO]: [User: Guest | ID: NA] GET /all-jobs-display - ::1
2025-03-03 18:32:51 [INFO]: [User: Guest | ID: NA] GET /all-jobs-display - ::1
2025-03-03 18:32:59 [INFO]: [User: Guest | ID: NA] GET /all-jobs-display - ::1
2025-03-03 18:33:02 [INFO]: [User: Guest | ID: NA] GET /all-jobs-display - ::1
2025-03-03 18:33:17 [INFO]: [User: Guest | ID: NA] GET /all-jobs-display - ::1
2025-03-03 18:34:06 [INFO]: [User: Guest | ID: NA] GET /all-jobs-display - ::1
2025-03-03 18:34:13 [INFO]: [User: Guest | ID: NA] GET /all-jobs-display - ::1
2025-03-03 18:34:15 [INFO]: [User: Guest | ID: NA] POST /create-apply-for-job - ::1
2025-03-03 18:34:22 [INFO]: [User: Guest | ID: NA] GET /all-jobs-display - ::1
2025-03-03 18:34:28 [INFO]: [User: Guest | ID: NA] GET /all-jobs-display - ::1
2025-03-03 18:34:31 [INFO]: [User: Guest | ID: NA] GET /all-jobs-display - ::1
2025-03-03 18:34:34 [INFO]: [User: Guest | ID: NA] GET /all-jobs-display - ::1
2025-03-03 18:34:44 [INFO]: [User: Guest | ID: NA] GET /all-jobs-display - ::1
2025-03-03 18:34:47 [INFO]: [User: Guest | ID: NA] POST /create-apply-for-job - ::1
2025-03-03 18:34:55 [INFO]: [User: Guest | ID: NA] GET /all-jobs-display - ::1
2025-03-03 18:35:07 [INFO]: [User: Guest | ID: NA] GET /all-jobs-display - ::1
2025-03-03 18:35:10 [INFO]: [User: Guest | ID: NA] GET /all-jobs-display - ::1
2025-03-03 18:35:18 [INFO]: [User: Guest | ID: NA] GET /all-jobs-display - ::1
2025-03-03 18:35:19 [INFO]: [User: Guest | ID: NA] GET /all-jobs-display - ::1
2025-03-03 18:35:28 [INFO]: [User: Guest | ID: NA] GET /all-jobs-display - ::1
2025-03-03 18:35:30 [INFO]: [User: Guest | ID: NA] GET /all-jobs-display - ::1
2025-03-03 18:35:37 [INFO]: [User: Guest | ID: NA] GET /all-jobs-display - ::1
2025-03-03 18:35:39 [INFO]: [User: Guest | ID: NA] GET /all-jobs-display - ::1
2025-03-03 18:35:42 [INFO]: [User: Guest | ID: NA] GET /all-jobs-display - ::1
2025-03-03 18:35:45 [INFO]: [User: Guest | ID: NA] GET /all-jobs-display - ::1
2025-03-03 18:35:48 [INFO]: [User: Guest | ID: NA] POST /create-apply-for-job - ::1
2025-03-03 18:36:05 [INFO]: [User: Guest | ID: NA] GET /all-jobs-display - ::1
2025-03-03 18:36:07 [INFO]: [User: Guest | ID: NA] POST /create-apply-for-job - ::1
2025-03-03 18:36:29 [INFO]: [User: Guest | ID: NA] POST /create-apply-for-job - ::1
2025-03-03 18:37:04 [INFO]: [User: Guest | ID: NA] GET /all-jobs-display - ::1
2025-03-03 18:37:05 [INFO]: [User: Guest | ID: NA] GET /all-jobs-display - ::1
2025-03-03 18:37:07 [INFO]: [User: Guest | ID: NA] GET /all-jobs-display - ::1
2025-03-03 18:37:09 [INFO]: [User: Guest | ID: NA] GET /all-jobs-display - ::1
2025-03-03 18:37:10 [INFO]: [User: Guest | ID: NA] GET /all-jobs-display - ::1
2025-03-03 18:37:14 [INFO]: [User: Guest | ID: NA] GET /all-jobs-display - ::1
2025-03-03 18:37:24 [INFO]: [User: Guest | ID: NA] GET /all-jobs-display - ::1
