2025-02-05T11:58:12.938Z [INFO]: POST /show-users - ::1
2025-02-05T11:58:12.974Z [INFO]: POST /show-users - ::1
2025-02-05T11:59:25.854Z [INFO]: POST /upload-file - ::1
2025-02-05T11:59:25.876Z [INFO]: POST /create-users - ::1
2025-02-05T11:59:27.336Z [INFO]: POST /show-users - ::1
2025-02-05T11:59:27.341Z [INFO]: POST /show-users - ::1
2025-02-05T11:59:34.103Z [INFO]: GET /update-show-users?id=47 - ::1
2025-02-05T11:59:34.114Z [INFO]: GET /update-show-users?id=47 - ::1
2025-02-05T12:00:01.443Z [INFO]: GET /update-show-users?id=47 - ::1
2025-02-05T12:00:03.231Z [INFO]: GET /update-show-users?id=47 - ::1
2025-02-05T12:00:08.651Z [INFO]: GET /update-show-users?id=47 - ::1
2025-02-05T12:00:25.605Z [INFO]: GET /update-show-users?id=47 - ::1
2025-02-05T12:00:30.831Z [INFO]: GET /update-show-users?id=47 - ::1
2025-02-05T12:00:31.985Z [INFO]: GET /update-show-users?id=47 - ::1
2025-02-05T12:00:33.832Z [INFO]: POST /show-users - ::1
2025-02-05T12:00:33.836Z [INFO]: POST /show-users - ::1
2025-02-05T12:00:35.101Z [INFO]: GET /update-show-users?id=47 - ::1
2025-02-05T12:00:35.132Z [INFO]: GET /update-show-users?id=47 - ::1
2025-02-05T12:00:48.037Z [INFO]: POST /upload-file - ::1
2025-02-05T12:00:48.057Z [INFO]: POST /update-user - ::1
2025-02-05T12:00:48.118Z [INFO]: POST /show-users - ::1
2025-02-05T12:00:48.122Z [INFO]: POST /show-users - ::1
2025-02-05T12:01:02.301Z [INFO]: GET /update-show-users?id=47 - ::1
2025-02-05T12:01:02.311Z [INFO]: GET /update-show-users?id=47 - ::1
2025-02-05T12:01:13.315Z [INFO]: POST /upload-file - ::1
2025-02-05T12:01:13.335Z [INFO]: POST /update-user - ::1
2025-02-05T12:01:13.378Z [INFO]: POST /show-users - ::1
2025-02-05T12:01:13.383Z [INFO]: POST /show-users - ::1
2025-02-05T12:01:18.175Z [INFO]: GET /update-show-users?id=47 - ::1
2025-02-05T12:01:18.184Z [INFO]: GET /update-show-users?id=47 - ::1
2025-02-05T12:01:21.514Z [INFO]: POST /upload-file - ::1
2025-02-05T12:01:21.530Z [INFO]: POST /update-user - ::1
2025-02-05T12:01:21.605Z [INFO]: POST /show-users - ::1
2025-02-05T12:01:21.611Z [INFO]: POST /show-users - ::1
2025-02-05T12:03:48.204Z [INFO]: POST /upload-file - ::1
2025-02-05T12:03:48.240Z [INFO]: POST /create-users - ::1
2025-02-05T12:03:49.780Z [INFO]: POST /show-users - ::1
2025-02-05T12:03:49.784Z [INFO]: POST /show-users - ::1
2025-02-05T12:03:53.558Z [INFO]: GET /update-show-users?id=47 - ::1
2025-02-05T12:03:53.569Z [INFO]: GET /update-show-users?id=47 - ::1
2025-02-05T12:05:14.877Z [INFO]: POST /show-users - ::1
2025-02-05T12:05:14.879Z [INFO]: POST /show-users - ::1
2025-02-05T12:05:35.911Z [INFO]: POST /upload-file - ::1
2025-02-05T12:05:35.933Z [INFO]: POST /create-users - ::1
2025-02-05T12:05:41.363Z [INFO]: POST /show-users - ::1
2025-02-05T12:05:41.365Z [INFO]: POST /show-users - ::1
2025-02-05T12:05:51.147Z [INFO]: POST /login - ::1
2025-02-05T12:05:51.213Z [INFO]: POST /show-users - ::1
2025-02-05T12:05:51.217Z [INFO]: POST /show-users - ::1
2025-02-05T12:07:23.602Z [INFO]: [User: Guest | ID: Guest] POST /show-users - ::1
2025-02-05T12:07:23.634Z [INFO]: [User: Guest | ID: Guest] POST /show-users - ::1
2025-02-05T12:16:48.924Z [INFO]: [User: Guest | ID: Guest] POST /login - ::1
2025-02-05T12:16:48.962Z [INFO]: [User: Guest | ID: Guest] POST /log-login - ::1
2025-02-05T12:17:35.753Z [INFO]: [User: Guest | ID: Guest] POST /login - ::ffff:127.0.0.1
2025-02-05T12:17:35.887Z [INFO]: [User: Guest | ID: Guest] POST /log-login - ::ffff:127.0.0.1
2025-02-05T12:17:35.890Z [INFO]: [LOGIN] User: Manthan (ID: 49, Email: manthan@gmail.com) logged in successfully.
2025-02-05T12:17:35.987Z [INFO]: [User: Guest | ID: Guest] POST /show-users - ::ffff:127.0.0.1
2025-02-05T12:17:35.989Z [INFO]: [User: Guest | ID: Guest] POST /show-users - ::ffff:127.0.0.1
2025-02-05T12:17:42.834Z [INFO]: [User: Guest | ID: Guest] POST /show-users - ::1
2025-02-05T12:17:42.842Z [INFO]: [User: Guest | ID: Guest] POST /show-users - ::1
2025-02-05T12:18:13.189Z [INFO]: [User: Guest | ID: Guest] POST /show-users - ::1
2025-02-05T12:18:13.192Z [INFO]: [User: Guest | ID: Guest] POST /show-users - ::1
2025-02-05T12:21:18.359Z [INFO]: [User: Guest | ID: Guest] POST /show-users - ::1
2025-02-05T12:21:18.362Z [INFO]: [User: Guest | ID: Guest] POST /show-users - ::1
2025-02-05T12:26:14.179Z [INFO]: [User: Guest | ID: NA] POST /show-users - ::1
2025-02-05T12:26:14.217Z [INFO]: [User: Guest | ID: NA] POST /show-users - ::1
2025-02-05T12:26:26.981Z [INFO]: [User: Guest | ID: NA] POST /show-users - ::1
2025-02-05T12:26:26.983Z [INFO]: [User: Guest | ID: NA] POST /show-users - ::1
2025-02-05T12:26:36.494Z [INFO]: [User: Guest | ID: NA] POST /show-users - ::1
2025-02-05T12:26:36.508Z [INFO]: [User: Guest | ID: NA] POST /show-users - ::1
2025-02-05T12:26:53.482Z [INFO]: [User: Guest | ID: NA] POST /login - ::1
2025-02-05T12:26:55.855Z [INFO]: [User: Guest | ID: NA] POST /login - ::1
2025-02-05T12:27:01.269Z [INFO]: [User: Guest | ID: NA] POST /login - ::1
2025-02-05T12:27:01.287Z [INFO]: [User: Guest | ID: NA] POST /log-login - ::1
2025-02-05T12:27:01.288Z [INFO]: [LOGIN] User: Manthan (ID: 49, Email: manthan@gmail.com) logged in successfully.
2025-02-05T12:27:01.328Z [INFO]: [User: Guest | ID: NA] POST /show-users - ::1
2025-02-05T12:27:01.330Z [INFO]: [User: Guest | ID: NA] POST /show-users - ::1
2025-02-05T12:27:07.227Z [INFO]: [User: Guest | ID: NA] GET /update-show-users?id=46 - ::1
2025-02-05T12:27:07.243Z [INFO]: [User: Guest | ID: NA] GET /update-show-users?id=46 - ::1
2025-02-05T12:27:10.390Z [INFO]: [User: Guest | ID: NA] POST /update-user - ::1
2025-02-05T12:27:10.447Z [INFO]: [User: Guest | ID: NA] POST /show-users - ::1
2025-02-05T12:27:10.449Z [INFO]: [User: Guest | ID: NA] POST /show-users - ::1
2025-02-05T12:27:27.593Z [INFO]: [User: Guest | ID: NA] POST /show-users - ::1
2025-02-05T12:27:27.595Z [INFO]: [User: Guest | ID: NA] POST /show-users - ::1
2025-02-05T12:27:37.579Z [INFO]: [User: Guest | ID: NA] POST /login - ::1
2025-02-05T12:27:37.598Z [INFO]: [User: Guest | ID: NA] POST /log-login - ::1
2025-02-05T12:27:37.599Z [INFO]: [LOGIN] User: Harsh Patel (ID: 46, Email: harsh@gmail.com) logged in successfully.
2025-02-05T12:27:37.642Z [INFO]: [User: Guest | ID: NA] POST /show-users - ::1
2025-02-05T12:27:37.645Z [INFO]: [User: Guest | ID: NA] POST /show-users - ::1
2025-02-05T12:27:42.082Z [INFO]: [User: Guest | ID: NA] POST /show-users - ::1
2025-02-05T12:27:42.086Z [INFO]: [User: Guest | ID: NA] POST /show-users - ::1
2025-02-05T12:34:23.818Z [INFO]: [User: Guest | ID: NA] POST /login - ::1
2025-02-05T12:34:23.857Z [INFO]: [User: Guest | ID: NA] POST /log-login - ::1
2025-02-05T12:34:23.859Z [INFO]: [LOGIN] User: Harsh Patel (ID: 46, Email: harsh@gmail.com) logged in successfully.
2025-02-05T12:34:23.928Z [INFO]: [User: Guest | ID: NA] POST /show-users - ::1
2025-02-05T12:34:23.932Z [INFO]: [User: Guest | ID: NA] POST /show-users - ::1
2025-02-05T12:34:50.160Z [INFO]: [User: Guest | ID: NA] POST /show-users - ::1
2025-02-05T12:34:54.057Z [INFO]: [User: Guest | ID: NA] POST /show-users - ::1
2025-02-05T12:34:59.060Z [INFO]: [User: Guest | ID: NA] POST /show-users - ::1
2025-02-05T12:35:00.592Z [INFO]: [User: Guest | ID: NA] POST /show-users - ::1
2025-02-05T12:35:02.811Z [INFO]: [User: Guest | ID: NA] POST /show-users - ::1
2025-02-05T12:35:05.142Z [INFO]: [User: Guest | ID: NA] POST /show-users - ::1
2025-02-05T12:35:06.218Z [INFO]: [User: Guest | ID: NA] POST /show-users - ::1
2025-02-05T12:35:07.236Z [INFO]: [User: Guest | ID: NA] POST /show-users - ::1
2025-02-05T12:35:11.655Z [INFO]: [User: Guest | ID: NA] POST /show-users - ::1
2025-02-05T12:35:12.943Z [INFO]: [User: Guest | ID: NA] POST /show-users - ::1
2025-02-05T12:35:14.310Z [INFO]: [User: Guest | ID: NA] POST /show-users - ::1
2025-02-05T12:35:17.328Z [INFO]: [User: Guest | ID: NA] POST /show-users - ::1
2025-02-05T12:35:23.146Z [INFO]: [User: Guest | ID: NA] POST /show-users - ::1
2025-02-05T12:36:25.537Z [INFO]: [User: Guest | ID: NA] POST /show-users - ::1
2025-02-05T12:36:28.211Z [INFO]: [User: Guest | ID: NA] POST /show-users - ::1
2025-02-05T12:36:28.862Z [INFO]: [User: Guest | ID: NA] POST /show-users - ::1
2025-02-05T12:36:36.620Z [INFO]: [User: Guest | ID: NA] POST /show-users - ::1
2025-02-05T12:36:39.851Z [INFO]: [User: Guest | ID: NA] POST /show-users - ::1
2025-02-05T12:37:52.573Z [INFO]: [User: Guest | ID: NA] POST /show-users - ::1
2025-02-05T12:37:52.574Z [INFO]: [User: Guest | ID: NA] POST /show-users - ::1
2025-02-05T12:38:39.389Z [INFO]: [User: Guest | ID: NA] POST /show-users - ::1
2025-02-05T12:38:39.397Z [INFO]: [User: Guest | ID: NA] POST /show-users - ::1
2025-02-05T12:38:44.868Z [INFO]: [User: Guest | ID: NA] POST /show-users - ::1
2025-02-05T12:38:44.870Z [INFO]: [User: Guest | ID: NA] POST /show-users - ::1
2025-02-05T12:38:47.075Z [INFO]: [User: Guest | ID: NA] GET /update-show-users?id=46 - ::1
2025-02-05T12:38:47.095Z [INFO]: [User: Guest | ID: NA] GET /update-show-users?id=46 - ::1
2025-02-05T12:39:32.735Z [INFO]: [User: Guest | ID: NA] GET /update-show-users?id=46 - ::1
2025-02-05T12:39:32.747Z [INFO]: [User: Guest | ID: NA] GET /update-show-users?id=46 - ::1
2025-02-05T12:39:42.707Z [INFO]: [User: Guest | ID: NA] GET /update-show-users?id=46 - ::1
2025-02-05T12:39:42.716Z [INFO]: [User: Guest | ID: NA] GET /update-show-users?id=46 - ::1
2025-02-05T12:39:49.224Z [INFO]: [User: Guest | ID: NA] GET /update-show-users?id=46 - ::1
2025-02-05T12:39:49.306Z [INFO]: [User: Guest | ID: NA] GET /update-show-users?id=46 - ::1
2025-02-05T12:39:53.672Z [INFO]: [User: Guest | ID: NA] GET /update-show-users?id=46 - ::1
2025-02-05T12:39:53.690Z [INFO]: [User: Guest | ID: NA] GET /update-show-users?id=46 - ::1
2025-02-05T12:39:56.142Z [INFO]: [User: Guest | ID: NA] GET /update-show-users?id=46 - ::1
2025-02-05T12:39:56.147Z [INFO]: [User: Guest | ID: NA] GET /update-show-users?id=46 - ::1
2025-02-05T12:39:56.343Z [INFO]: [User: Guest | ID: NA] GET /update-show-users?id=46 - ::1
2025-02-05T12:40:01.969Z [INFO]: [User: Guest | ID: NA] POST /show-users - ::1
2025-02-05T12:40:01.970Z [INFO]: [User: Guest | ID: NA] POST /show-users - ::1
2025-02-05T12:40:24.736Z [INFO]: [User: Guest | ID: NA] POST /show-users - ::1
2025-02-05T12:40:24.737Z [INFO]: [User: Guest | ID: NA] POST /show-users - ::1
2025-02-05T12:40:26.122Z [INFO]: [User: Guest | ID: NA] GET /update-show-users?id=46 - ::1
2025-02-05T12:40:26.130Z [INFO]: [User: Guest | ID: NA] GET /update-show-users?id=46 - ::1
2025-02-05T12:40:34.406Z [INFO]: [User: Guest | ID: NA] GET /update-show-users?id=46 - ::1
2025-02-05T12:40:37.279Z [INFO]: [User: Guest | ID: NA] GET /update-show-users?id=46 - ::1
2025-02-05T12:40:55.246Z [INFO]: [User: Guest | ID: NA] POST /upload-file - ::1
2025-02-05T12:40:55.293Z [INFO]: [User: Guest | ID: NA] POST /update-user - ::1
2025-02-05T12:40:55.356Z [INFO]: [User: Guest | ID: NA] POST /show-users - ::1
2025-02-05T12:40:55.357Z [INFO]: [User: Guest | ID: NA] POST /show-users - ::1
2025-02-05T12:41:34.726Z [INFO]: [User: Guest | ID: NA] GET /update-show-users?id=46 - ::1
2025-02-05T12:41:34.769Z [INFO]: [User: Guest | ID: NA] POST /show-users - ::1
2025-02-05T12:41:34.828Z [INFO]: [User: Guest | ID: NA] GET /update-show-users?id=46 - ::1
2025-02-05T12:41:34.829Z [INFO]: [User: Guest | ID: NA] POST /show-users - ::1
2025-02-05T12:41:36.313Z [INFO]: [User: Guest | ID: NA] POST /show-users - ::1
2025-02-05T12:41:36.327Z [INFO]: [User: Guest | ID: NA] POST /show-users - ::1
2025-02-05T12:41:37.465Z [INFO]: [User: Guest | ID: NA] GET /update-show-users?id=46 - ::1
2025-02-05T12:41:37.476Z [INFO]: [User: Guest | ID: NA] GET /update-show-users?id=46 - ::1
2025-02-05T12:41:43.034Z [INFO]: [User: Guest | ID: NA] POST /upload-file - ::1
2025-02-05T12:41:43.073Z [INFO]: [User: Guest | ID: NA] POST /update-user - ::1
2025-02-05T12:41:43.151Z [INFO]: [User: Guest | ID: NA] POST /show-users - ::1
2025-02-05T12:41:43.157Z [INFO]: [User: Guest | ID: NA] POST /show-users - ::ffff:127.0.0.1
2025-02-05T12:46:10.864Z [INFO]: [User: Guest | ID: NA] GET /update-show-users?id=48 - ::1
2025-02-05T12:46:10.901Z [INFO]: [User: Guest | ID: NA] GET /update-show-users?id=48 - ::1
2025-02-05T12:46:17.654Z [INFO]: [User: Guest | ID: NA] POST /show-users - ::1
2025-02-05T12:46:17.693Z [INFO]: [User: Guest | ID: NA] POST /show-users - ::1
2025-02-05T12:46:39.611Z [INFO]: [User: Guest | ID: NA] POST /upload-file - ::1
2025-02-05T12:47:09.508Z [INFO]: [User: Guest | ID: NA] POST /upload-file - ::1
2025-02-05T12:47:09.556Z [INFO]: [User: Guest | ID: NA] POST /create-users - ::1
2025-02-05T12:47:11.380Z [INFO]: [User: Guest | ID: NA] POST /show-users - ::1
2025-02-05T12:47:11.442Z [INFO]: [User: Guest | ID: NA] POST /show-users - ::ffff:127.0.0.1
2025-02-05T12:47:17.255Z [INFO]: [User: Guest | ID: NA] GET /update-show-users?id=50 - ::1
2025-02-05T12:47:17.263Z [INFO]: [User: Guest | ID: NA] GET /update-show-users?id=50 - ::1
2025-02-05T12:47:24.261Z [INFO]: [User: Guest | ID: NA] POST /upload-file - ::1
2025-02-05T12:47:24.290Z [INFO]: [User: Guest | ID: NA] POST /update-user - ::1
2025-02-05T12:47:24.352Z [INFO]: [User: Guest | ID: NA] POST /show-users - ::1
2025-02-05T12:47:24.355Z [INFO]: [User: Guest | ID: NA] POST /show-users - ::1
