2025-02-06T04:51:58.308Z [INFO]: [User: Guest | ID: NA] POST /show-users - ::1
2025-02-06T04:51:58.382Z [INFO]: [User: Guest | ID: NA] POST /show-users - ::1
2025-02-06T04:52:24.195Z [INFO]: [User: Guest | ID: NA] POST /show-users - ::1
2025-02-06T04:52:24.225Z [INFO]: [User: Guest | ID: NA] POST /show-users - ::1
2025-02-06T04:52:35.063Z [INFO]: [User: Guest | ID: NA] POST /show-users - ::1
2025-02-06T04:52:35.065Z [INFO]: [User: Guest | ID: NA] POST /show-users - ::1
2025-02-06T04:52:37.654Z [INFO]: [User: Guest | ID: NA] POST /show-users - ::1
2025-02-06T04:52:37.658Z [INFO]: [User: Guest | ID: NA] POST /show-users - ::1
2025-02-06T04:52:49.472Z [INFO]: [User: Guest | ID: NA] POST /login - ::1
2025-02-06T04:52:49.489Z [INFO]: [User: Guest | ID: NA] POST /log-login - ::1
2025-02-06T04:52:49.491Z [INFO]: [LOGIN] User: Harsh Patel (ID: 46, Email: harsh@gmail.com) logged in successfully.
2025-02-06T04:52:49.557Z [INFO]: [User: Guest | ID: NA] POST /show-users - ::1
2025-02-06T04:52:49.561Z [INFO]: [User: Guest | ID: NA] POST /show-users - ::1
2025-02-06T04:53:38.006Z [INFO]: [User: Guest | ID: NA] POST /show-users - ::1
2025-02-06T04:53:38.007Z [INFO]: [User: Guest | ID: NA] POST /show-users - ::1
2025-02-06T07:03:45.140Z [INFO]: [User: Guest | ID: NA] POST /login - ::1
2025-02-06T07:03:45.228Z [INFO]: [User: Guest | ID: NA] POST /log-login - ::1
2025-02-06T07:03:45.230Z [INFO]: [LOGIN] User: Harsh Patel (ID: 46, Email: harsh@gmail.com) logged in successfully.
2025-02-06T07:03:45.278Z [INFO]: [User: Guest | ID: NA] POST /show-users - ::1
2025-02-06T07:03:45.284Z [INFO]: [User: Guest | ID: NA] POST /show-users - ::1
r2025-02-06T07:08:02.276Z [INFO]: [User: Guest | ID: NA] POST /upload-file - ::1
2025-02-06T07:08:02.317Z [INFO]: [User: Guest | ID: NA] POST /create-users - ::1
2025-02-06T07:08:04.565Z [INFO]: [User: Guest | ID: NA] POST /show-users - ::1
2025-02-06T07:08:04.582Z [INFO]: [User: Guest | ID: NA] POST /show-users - ::1
2025-02-06T07:08:20.428Z [INFO]: [User: Guest | ID: NA] POST /login - ::1
2025-02-06T07:14:09.482Z [INFO]: [User: Guest | ID: NA] POST /login - ::1
2025-02-06T07:14:38.554Z [INFO]: [User: Guest | ID: NA] POST /login - ::1
2025-02-06T07:20:52.826Z [INFO]: [User: Guest | ID: NA] POST /upload-file - ::1
2025-02-06T07:20:52.896Z [INFO]: [User: Guest | ID: NA] POST /create-users - ::1
2025-02-06T07:21:07.731Z [INFO]: [User: Guest | ID: NA] POST /login - ::1
2025-02-06T07:21:16.319Z [INFO]: [User: Guest | ID: NA] POST /login - ::1
2025-02-06T07:21:23.468Z [INFO]: [User: Guest | ID: NA] POST /login - ::1
2025-02-06T07:22:02.677Z [INFO]: [User: Guest | ID: NA] POST /login - ::1
2025-02-06T07:24:48.189Z [INFO]: [User: Guest | ID: NA] POST /login - ::1
2025-02-06T07:25:16.832Z [INFO]: [User: Guest | ID: NA] POST /login - ::1
2025-02-06T07:26:38.839Z [INFO]: [User: Guest | ID: NA] POST /login - ::1
2025-02-06T07:27:27.658Z [INFO]: [User: Guest | ID: NA] POST /login - ::1
2025-02-06T07:27:49.120Z [INFO]: [User: Guest | ID: NA] POST /login - ::1
2025-02-06T07:28:10.699Z [INFO]: [User: Guest | ID: NA] POST /login - ::1
2025-02-06T07:28:29.466Z [INFO]: [User: Guest | ID: NA] POST /login - ::1
2025-02-06T07:28:51.363Z [INFO]: [User: Guest | ID: NA] POST /login - ::1
2025-02-06T07:28:54.100Z [INFO]: [User: Guest | ID: NA] POST /login - ::1
2025-02-06T07:29:16.022Z [INFO]: [User: Guest | ID: NA] POST /login - ::1
2025-02-06T07:29:44.868Z [INFO]: [User: Guest | ID: NA] POST /login - ::1
2025-02-06T07:29:45.057Z [INFO]: [User: Guest | ID: NA] POST /log-login - ::1
2025-02-06T07:29:45.059Z [INFO]: [LOGIN] User: Ritika (ID: 52, Email: ritika@gmail.com) logged in successfully.
2025-02-06T07:29:45.104Z [INFO]: [User: Guest | ID: NA] POST /show-users - ::1
2025-02-06T07:29:45.110Z [INFO]: [User: Guest | ID: NA] POST /show-users - ::1
2025-02-06T07:35:21.391Z [INFO]: [User: Guest | ID: NA] POST /login - ::1
2025-02-06T07:35:21.578Z [INFO]: [User: Guest | ID: NA] POST /log-login - ::1
2025-02-06T07:35:21.581Z [INFO]: [LOGIN] User: Ritika (ID: 52, Email: ritika@gmail.com) logged in successfully.
2025-02-06T07:35:21.646Z [INFO]: [User: Guest | ID: NA] POST /show-users - ::1
2025-02-06T07:35:21.648Z [INFO]: [User: Guest | ID: NA] POST /show-users - ::1
2025-02-06T08:48:02.093Z [INFO]: [User: Guest | ID: NA] POST /show-users - ::1
2025-02-06T08:48:02.163Z [INFO]: [User: Guest | ID: NA] POST /show-users - ::1
2025-02-06T09:38:57.219Z [INFO]: [User: Guest | ID: NA] POST /show-users - ::1
2025-02-06T09:38:57.249Z [INFO]: [User: Guest | ID: NA] POST /show-users - ::1
2025-02-06T09:39:01.221Z [INFO]: [User: Guest | ID: NA] POST /show-users - ::1
2025-02-06T09:39:01.242Z [INFO]: [User: Guest | ID: NA] POST /show-users - ::1
2025-02-06T09:39:12.012Z [INFO]: [User: Guest | ID: NA] POST /show-users - ::1
2025-02-06T09:39:12.042Z [INFO]: [User: Guest | ID: NA] POST /show-users - ::1
2025-02-06T09:39:16.987Z [INFO]: [User: Guest | ID: NA] POST /show-users - ::1
2025-02-06T09:39:16.990Z [INFO]: [User: Guest | ID: NA] POST /show-users - ::1
2025-02-06T09:39:20.165Z [INFO]: [User: Guest | ID: NA] POST /show-users - ::1
2025-02-06T09:39:20.167Z [INFO]: [User: Guest | ID: NA] POST /show-users - ::1
2025-02-06T11:54:24.470Z [INFO]: [User: Guest | ID: NA] POST /show-users - ::1
2025-02-06T11:54:24.593Z [INFO]: [User: Guest | ID: NA] POST /show-users - ::1
2025-02-06T11:54:37.267Z [INFO]: [User: Guest | ID: NA] DELETE /delete/49 - ::1
2025-02-06T12:35:25.260Z [INFO]: [User: Guest | ID: NA] POST /show-users - ::1
2025-02-06T12:35:25.375Z [INFO]: [User: Guest | ID: NA] POST /show-users - ::1
2025-02-06T12:47:09.861Z [INFO]: [User: Guest | ID: NA] POST /show-users - ::1
2025-02-06T12:47:09.865Z [INFO]: [User: Guest | ID: NA] POST /show-users - ::1
2025-02-06T12:47:12.772Z [INFO]: [User: Guest | ID: NA] POST /show-users - ::1
2025-02-06T12:47:12.774Z [INFO]: [User: Guest | ID: NA] POST /show-users - ::1
