2025-02-07T05:00:11.366Z [INFO]: [User: Guest | ID: NA] POST /show-users - ::1
2025-02-07T05:00:11.470Z [INFO]: [User: Guest | ID: NA] POST /show-users - ::1
2025-02-07T05:01:01.717Z [INFO]: [User: Guest | ID: NA] POST /show-users - ::1
2025-02-07T05:01:01.721Z [INFO]: [User: Guest | ID: NA] POST /show-users - ::1
2025-02-07T05:02:11.459Z [INFO]: [User: Guest | ID: NA] POST /show-users - ::1
2025-02-07T05:02:11.462Z [INFO]: [User: Guest | ID: NA] POST /show-users - ::1
2025-02-07T05:02:28.116Z [INFO]: [User: Guest | ID: NA] POST /show-users - ::1
2025-02-07T05:02:28.119Z [INFO]: [User: Guest | ID: NA] POST /show-users - ::1
2025-02-07T07:07:02.637Z [INFO]: [User: Guest | ID: NA] POST /show-users - ::1
2025-02-07T07:07:02.786Z [INFO]: [User: Guest | ID: NA] POST /show-users - ::1
2025-02-07T07:07:13.518Z [INFO]: [User: Guest | ID: NA] POST /login - ::1
2025-02-07T07:11:27.452Z [INFO]: [User: Guest | ID: NA] GET /delete-all-users - ::1
2025-02-07T07:11:31.914Z [INFO]: [User: Guest | ID: NA] POST /delete-all-users - ::1
2025-02-07T07:16:57.008Z [INFO]: [User: Guest | ID: NA] POST /delete-all-users - ::1
2025-02-07T07:19:01.944Z [INFO]: [User: Guest | ID: NA] POST /delete-all-users - ::1
2025-02-07T07:20:05.409Z [INFO]: [User: Guest | ID: NA] POST /upload-file - ::1
2025-02-07T07:20:05.439Z [INFO]: [User: Guest | ID: NA] POST /create-users - ::1
2025-02-07T07:20:13.246Z [INFO]: [User: Guest | ID: NA] POST /login - ::1
2025-02-07T07:20:16.307Z [INFO]: [User: Guest | ID: NA] POST /login - ::1
2025-02-07T07:20:46.678Z [INFO]: [User: Guest | ID: NA] POST /upload-file - ::1
2025-02-07T07:20:46.701Z [INFO]: [User: Guest | ID: NA] POST /create-users - ::1
2025-02-07T07:20:51.309Z [INFO]: [User: Guest | ID: NA] POST /login - ::1
2025-02-07T07:20:51.557Z [INFO]: [User: Guest | ID: NA] POST /log-login - ::1
2025-02-07T07:20:51.558Z [INFO]: [LOGIN] User: harsh (ID: 54, Email: harsh@gmail.com) logged in successfully.
2025-02-07T07:20:51.597Z [INFO]: [User: Guest | ID: NA] POST /show-users - ::1
2025-02-07T07:20:51.600Z [INFO]: [User: Guest | ID: NA] POST /show-users - ::1
2025-02-07T07:21:57.616Z [INFO]: [User: Guest | ID: NA] POST /show-users - ::1
2025-02-07T07:22:05.629Z [INFO]: [User: Guest | ID: NA] POST /show-users - ::1
2025-02-07T07:22:06.295Z [INFO]: [User: Guest | ID: NA] POST /show-users - ::1
2025-02-07T07:22:07.819Z [INFO]: [User: Guest | ID: NA] POST /show-users - ::1
2025-02-07T07:22:10.223Z [INFO]: [User: Guest | ID: NA] POST /show-users - ::1
2025-02-07T07:22:11.399Z [INFO]: [User: Guest | ID: NA] POST /show-users - ::1
2025-02-07T07:22:12.439Z [INFO]: [User: Guest | ID: NA] POST /show-users - ::1
2025-02-07T07:22:14.023Z [INFO]: [User: Guest | ID: NA] POST /show-users - ::1
2025-02-07T07:22:17.935Z [INFO]: [User: Guest | ID: NA] POST /show-users - ::1
2025-02-07T07:22:23.826Z [INFO]: [User: Guest | ID: NA] POST /show-users - ::1
2025-02-07T07:22:26.181Z [INFO]: [User: Guest | ID: NA] POST /show-users - ::1
2025-02-07T07:22:27.927Z [INFO]: [User: Guest | ID: NA] POST /show-users - ::1
2025-02-07T07:22:28.869Z [INFO]: [User: Guest | ID: NA] POST /show-users - ::1
2025-02-07T07:22:31.211Z [INFO]: [User: Guest | ID: NA] POST /show-users - ::1
2025-02-07T07:22:36.587Z [INFO]: [User: Guest | ID: NA] POST /show-users - ::1
2025-02-07T07:22:36.589Z [INFO]: [User: Guest | ID: NA] POST /show-users - ::1
2025-02-07T07:22:39.837Z [INFO]: [User: Guest | ID: NA] POST /show-users - ::1
2025-02-07T07:22:40.504Z [INFO]: [User: Guest | ID: NA] POST /show-users - ::1
2025-02-07T07:22:45.624Z [INFO]: [User: Guest | ID: NA] POST /show-users - ::1
2025-02-07T07:22:46.541Z [INFO]: [User: Guest | ID: NA] POST /show-users - ::1
2025-02-07T07:22:53.108Z [INFO]: [User: Guest | ID: NA] POST /show-users - ::1
2025-02-07T07:22:59.578Z [INFO]: [User: Guest | ID: NA] POST /show-users - ::1
2025-02-07T07:23:00.767Z [INFO]: [User: Guest | ID: NA] POST /show-users - ::1
2025-02-07T07:23:03.434Z [INFO]: [User: Guest | ID: NA] POST /show-users - ::1
2025-02-07T07:23:05.822Z [INFO]: [User: Guest | ID: NA] POST /show-users - ::1
2025-02-07T07:23:08.805Z [INFO]: [User: Guest | ID: NA] POST /show-users - ::1
2025-02-07T07:23:12.691Z [INFO]: [User: Guest | ID: NA] POST /show-users - ::1
2025-02-07T07:23:13.888Z [INFO]: [User: Guest | ID: NA] POST /show-users - ::1
2025-02-07T07:23:16.719Z [INFO]: [User: Guest | ID: NA] POST /show-users - ::1
2025-02-07T07:23:19.410Z [INFO]: [User: Guest | ID: NA] POST /show-users - ::1
2025-02-07T07:23:26.197Z [INFO]: [User: Guest | ID: NA] POST /show-users - ::1
2025-02-07T07:23:26.941Z [INFO]: [User: Guest | ID: NA] POST /show-users - ::1
2025-02-07T07:23:27.798Z [INFO]: [User: Guest | ID: NA] POST /show-users - ::1
2025-02-07T07:23:29.735Z [INFO]: [User: Guest | ID: NA] POST /show-users - ::1
2025-02-07T07:23:33.457Z [INFO]: [User: Guest | ID: NA] POST /show-users - ::1
2025-02-07T07:23:55.406Z [INFO]: [User: Guest | ID: NA] POST /show-users - ::1
2025-02-07T07:23:55.411Z [INFO]: [User: Guest | ID: NA] POST /show-users - ::1
2025-02-07T07:24:19.941Z [INFO]: [User: Guest | ID: NA] POST /show-users - ::1
2025-02-07T07:24:21.989Z [INFO]: [User: Guest | ID: NA] POST /show-users - ::1
2025-02-07T07:24:26.222Z [INFO]: [User: Guest | ID: NA] POST /show-users - ::1
2025-02-07T07:24:29.287Z [INFO]: [User: Guest | ID: NA] POST /show-users - ::1
2025-02-07T07:24:58.059Z [INFO]: [User: Guest | ID: NA] POST /show-users - ::1
2025-02-07T07:25:05.173Z [INFO]: [User: Guest | ID: NA] POST /show-users - ::1
2025-02-07T07:25:08.184Z [INFO]: [User: Guest | ID: NA] POST /show-users - ::1
2025-02-07T07:25:15.248Z [INFO]: [User: Guest | ID: NA] POST /show-users - ::1
2025-02-07T07:25:17.322Z [INFO]: [User: Guest | ID: NA] POST /show-users - ::1
2025-02-07T07:25:19.726Z [INFO]: [User: Guest | ID: NA] POST /show-users - ::1
2025-02-07T07:25:22.493Z [INFO]: [User: Guest | ID: NA] POST /show-users - ::1
2025-02-07T07:25:57.989Z [INFO]: [User: Guest | ID: NA] POST /show-users - ::1
2025-02-07T07:26:06.471Z [INFO]: [User: Guest | ID: NA] POST /show-users - ::1
2025-02-07T07:27:57.125Z [INFO]: [User: Guest | ID: NA] POST /show-users - ::1
2025-02-07T07:27:58.383Z [INFO]: [User: Guest | ID: NA] POST /show-users - ::1
2025-02-07T07:28:11.045Z [INFO]: [User: Guest | ID: NA] POST /show-users - ::1
2025-02-07T07:28:16.851Z [INFO]: [User: Guest | ID: NA] POST /show-users - ::1
2025-02-07T07:28:16.854Z [INFO]: [User: Guest | ID: NA] POST /show-users - ::1
2025-02-07T07:28:18.935Z [INFO]: [User: Guest | ID: NA] DELETE /delete-all-users - ::1
2025-02-07T07:28:20.080Z [INFO]: [User: Guest | ID: NA] POST /show-users - ::1
2025-02-07T07:28:20.085Z [INFO]: [User: Guest | ID: NA] POST /show-users - ::1
2025-02-07T07:28:21.558Z [INFO]: [User: Guest | ID: NA] POST /show-users - ::1
2025-02-07T07:28:21.562Z [INFO]: [User: Guest | ID: NA] POST /show-users - ::1
2025-02-07T07:28:47.663Z [INFO]: [User: Guest | ID: NA] POST /show-users - ::1
2025-02-07T07:28:47.681Z [INFO]: [User: Guest | ID: NA] POST /show-users - ::1
2025-02-07T07:29:13.379Z [INFO]: [User: Guest | ID: NA] POST /show-users - ::1
2025-02-07T07:29:14.192Z [INFO]: [User: Guest | ID: NA] POST /show-users - ::1
2025-02-07T07:29:17.356Z [INFO]: [User: Guest | ID: NA] POST /show-users - ::1
2025-02-07T07:29:36.890Z [INFO]: [User: Guest | ID: NA] POST /show-users - ::1
2025-02-07T07:30:56.784Z [INFO]: [User: Guest | ID: NA] POST /show-users - ::1
2025-02-07T07:30:57.914Z [INFO]: [User: Guest | ID: NA] POST /show-users - ::1
2025-02-07T07:30:59.143Z [INFO]: [User: Guest | ID: NA] POST /show-users - ::1
2025-02-07T07:31:00.250Z [INFO]: [User: Guest | ID: NA] POST /show-users - ::1
2025-02-07T07:31:03.341Z [INFO]: [User: Guest | ID: NA] POST /show-users - ::1
2025-02-07T07:31:04.530Z [INFO]: [User: Guest | ID: NA] POST /show-users - ::1
2025-02-07T07:31:05.491Z [INFO]: [User: Guest | ID: NA] POST /show-users - ::1
2025-02-07T07:31:06.116Z [INFO]: [User: Guest | ID: NA] POST /show-users - ::1
2025-02-07T07:31:10.464Z [INFO]: [User: Guest | ID: NA] POST /show-users - ::1
2025-02-07T07:31:12.234Z [INFO]: [User: Guest | ID: NA] POST /show-users - ::1
2025-02-07T07:31:12.718Z [INFO]: [User: Guest | ID: NA] POST /show-users - ::1
2025-02-07T07:31:14.434Z [INFO]: [User: Guest | ID: NA] POST /show-users - ::1
2025-02-07T07:31:16.585Z [INFO]: [User: Guest | ID: NA] POST /show-users - ::1
2025-02-07T07:31:18.364Z [INFO]: [User: Guest | ID: NA] POST /show-users - ::1
2025-02-07T07:31:20.750Z [INFO]: [User: Guest | ID: NA] POST /show-users - ::1
2025-02-07T07:31:22.736Z [INFO]: [User: Guest | ID: NA] POST /show-users - ::1
2025-02-07T07:31:25.636Z [INFO]: [User: Guest | ID: NA] POST /show-users - ::1
2025-02-07T07:31:27.187Z [INFO]: [User: Guest | ID: NA] POST /show-users - ::1
2025-02-07T07:31:27.711Z [INFO]: [User: Guest | ID: NA] POST /show-users - ::1
2025-02-07T07:31:29.903Z [INFO]: [User: Guest | ID: NA] POST /show-users - ::1
2025-02-07T07:32:21.942Z [INFO]: [User: Guest | ID: NA] POST /show-users - ::1
2025-02-07T07:32:22.387Z [INFO]: [User: Guest | ID: NA] POST /show-users - ::1
2025-02-07T07:32:29.225Z [INFO]: [User: Guest | ID: NA] POST /show-users - ::1
2025-02-07T07:32:34.745Z [INFO]: [User: Guest | ID: NA] POST /show-users - ::1
2025-02-07T07:32:38.474Z [INFO]: [User: Guest | ID: NA] POST /show-users - ::1
2025-02-07T07:32:40.134Z [INFO]: [User: Guest | ID: NA] POST /show-users - ::1
2025-02-07T07:32:41.090Z [INFO]: [User: Guest | ID: NA] POST /show-users - ::1
2025-02-07T07:32:45.564Z [INFO]: [User: Guest | ID: NA] POST /show-users - ::1
2025-02-07T07:32:46.881Z [INFO]: [User: Guest | ID: NA] POST /show-users - ::1
2025-02-07T07:32:48.852Z [INFO]: [User: Guest | ID: NA] POST /show-users - ::1
2025-02-07T07:32:53.283Z [INFO]: [User: Guest | ID: NA] DELETE /delete-all-users - ::1
2025-02-07T07:32:56.711Z [INFO]: [User: Guest | ID: NA] POST /show-users - ::1
2025-02-07T07:32:56.725Z [INFO]: [User: Guest | ID: NA] POST /show-users - ::1
2025-02-07T07:33:25.481Z [INFO]: [User: Guest | ID: NA] POST /show-users - ::1
2025-02-07T07:33:25.483Z [INFO]: [User: Guest | ID: NA] POST /show-users - ::1
2025-02-07T07:33:51.841Z [INFO]: [User: Guest | ID: NA] POST /show-users - ::1
2025-02-07T07:33:53.371Z [INFO]: [User: Guest | ID: NA] POST /show-users - ::1
2025-02-07T07:33:55.531Z [INFO]: [User: Guest | ID: NA] POST /show-users - ::1
2025-02-07T07:33:57.546Z [INFO]: [User: Guest | ID: NA] POST /show-users - ::1
2025-02-07T07:34:02.007Z [INFO]: [User: Guest | ID: NA] POST /show-users - ::1
2025-02-07T07:34:09.276Z [INFO]: [User: Guest | ID: NA] POST /show-users - ::1
2025-02-07T07:34:09.278Z [INFO]: [User: Guest | ID: NA] POST /show-users - ::1
2025-02-07T07:34:14.545Z [INFO]: [User: Guest | ID: NA] DELETE /delete-all-users - ::1
2025-02-07T07:34:18.320Z [INFO]: [User: Guest | ID: NA] POST /show-users - ::1
2025-02-07T07:34:18.321Z [INFO]: [User: Guest | ID: NA] POST /show-users - ::1
2025-02-07T07:34:28.253Z [INFO]: [User: Guest | ID: NA] POST /show-users - ::1
2025-02-07T07:34:28.254Z [INFO]: [User: Guest | ID: NA] POST /show-users - ::1
2025-02-07T07:34:37.543Z [INFO]: [User: Guest | ID: NA] POST /show-users - ::1
2025-02-07T07:34:37.941Z [INFO]: [User: Guest | ID: NA] POST /show-users - ::1
2025-02-07T07:34:49.607Z [INFO]: [User: Guest | ID: NA] POST /show-users - ::1
2025-02-07T07:36:01.563Z [INFO]: [User: Guest | ID: NA] POST /show-users - ::1
2025-02-07T07:36:14.922Z [INFO]: [User: Guest | ID: NA] POST /show-users - ::1
2025-02-07T07:36:21.002Z [INFO]: [User: Guest | ID: NA] POST /show-users - ::1
2025-02-07T07:37:30.031Z [INFO]: [User: Guest | ID: NA] POST /show-users - ::1
2025-02-07T08:58:29.715Z [INFO]: [User: Guest | ID: NA] POST /show-users - ::1
2025-02-07T08:58:29.716Z [INFO]: [User: Guest | ID: NA] POST /show-users - ::1
2025-02-07T08:59:24.489Z [INFO]: [User: Guest | ID: NA] POST /show-users - ::1
2025-02-07T08:59:25.694Z [INFO]: [User: Guest | ID: NA] POST /show-users - ::1
2025-02-07T08:59:28.108Z [INFO]: [User: Guest | ID: NA] POST /show-users - ::1
2025-02-07T09:00:02.592Z [INFO]: [User: Guest | ID: NA] POST /show-users - ::1
2025-02-07T09:00:04.490Z [INFO]: [User: Guest | ID: NA] POST /show-users - ::1
2025-02-07T09:00:08.111Z [INFO]: [User: Guest | ID: NA] POST /show-users - ::1
2025-02-07T09:00:16.289Z [INFO]: [User: Guest | ID: NA] POST /show-users - ::1
2025-02-07T09:00:18.606Z [INFO]: [User: Guest | ID: NA] POST /show-users - ::1
2025-02-07T09:01:10.600Z [INFO]: [User: Guest | ID: NA] POST /upload-file - ::1
2025-02-07T09:01:10.631Z [INFO]: [User: Guest | ID: NA] POST /create-users - ::1
2025-02-07T09:01:23.089Z [INFO]: [User: Guest | ID: NA] POST /login - ::1
2025-02-07T09:01:23.228Z [INFO]: [User: Guest | ID: NA] POST /log-login - ::1
2025-02-07T09:01:23.229Z [INFO]: [LOGIN] User: Harsh (ID: 55, Email: harsh@gmail.com) logged in successfully.
2025-02-07T09:01:23.258Z [INFO]: [User: Guest | ID: NA] POST /show-users - ::1
2025-02-07T09:01:23.263Z [INFO]: [User: Guest | ID: NA] POST /show-users - ::1
2025-02-07T09:08:37.184Z [INFO]: [User: Guest | ID: NA] POST /show-users - ::1
2025-02-07T09:08:37.244Z [INFO]: [User: Guest | ID: NA] POST /show-users - ::1
2025-02-07T09:10:18.883Z [INFO]: [User: Guest | ID: NA] POST /upload-file - ::1
2025-02-07T09:10:18.908Z [INFO]: [User: Guest | ID: NA] POST /create-users - ::1
2025-02-07T09:10:21.685Z [INFO]: [User: Guest | ID: NA] POST /login - ::1
2025-02-07T09:10:21.803Z [INFO]: [User: Guest | ID: NA] POST /log-login - ::1
2025-02-07T09:10:21.804Z [INFO]: [LOGIN] User: hiren (ID: 56, Email: hiren@gmail.com) logged in successfully.
2025-02-07T09:10:21.868Z [INFO]: [User: Guest | ID: NA] POST /show-users - ::1
2025-02-07T09:10:21.870Z [INFO]: [User: Guest | ID: NA] POST /show-users - ::1
2025-02-07T09:10:58.308Z [INFO]: [User: Guest | ID: NA] POST /upload-file - ::1
2025-02-07T09:10:58.339Z [INFO]: [User: Guest | ID: NA] POST /create-users - ::1
2025-02-07T09:11:02.516Z [INFO]: [User: Guest | ID: NA] POST /login - ::1
2025-02-07T09:11:02.651Z [INFO]: [User: Guest | ID: NA] POST /log-login - ::1
2025-02-07T09:11:02.653Z [INFO]: [LOGIN] User: Dhruvi (ID: 57, Email: dhruvi@gmail.com) logged in successfully.
2025-02-07T09:11:02.702Z [INFO]: [User: Guest | ID: NA] POST /show-users - ::1
2025-02-07T09:11:02.706Z [INFO]: [User: Guest | ID: NA] POST /show-users - ::1
2025-02-07T09:11:09.126Z [INFO]: [User: Guest | ID: NA] DELETE /delete/56 - ::1
2025-02-07T09:12:23.456Z [INFO]: [User: Guest | ID: NA] POST /show-users - ::1
2025-02-07T09:12:23.459Z [INFO]: [User: Guest | ID: NA] POST /show-users - ::1
2025-02-07T09:12:25.710Z [INFO]: [User: Guest | ID: NA] POST /show-users - ::1
2025-02-07T09:12:25.711Z [INFO]: [User: Guest | ID: NA] POST /show-users - ::1
2025-02-07T09:12:28.069Z [INFO]: [User: Guest | ID: NA] POST /show-users - ::1
2025-02-07T09:12:28.071Z [INFO]: [User: Guest | ID: NA] POST /show-users - ::1
2025-02-07T09:16:54.021Z [INFO]: [User: Guest | ID: NA] POST /show-users - ::1
2025-02-07T09:16:54.054Z [INFO]: [User: Guest | ID: NA] POST /show-users - ::1
2025-02-07T09:22:19.188Z [INFO]: [User: Guest | ID: NA] POST /show-users - ::1
2025-02-07T09:22:19.192Z [INFO]: [User: Guest | ID: NA] POST /show-users - ::1
2025-02-07T09:24:09.160Z [INFO]: [User: Guest | ID: NA] POST /show-users - ::1
2025-02-07T09:24:09.165Z [INFO]: [User: Guest | ID: NA] POST /show-users - ::1
2025-02-07T09:56:42.041Z [INFO]: [User: Guest | ID: NA] POST /show-users - ::1
2025-02-07T09:56:42.044Z [INFO]: [User: Guest | ID: NA] POST /show-users - ::1
2025-02-07T09:56:58.307Z [INFO]: [User: Guest | ID: NA] POST /show-users - ::1
2025-02-07T09:56:59.853Z [INFO]: [User: Guest | ID: NA] POST /show-users - ::1
2025-02-07T09:57:34.373Z [INFO]: [User: Guest | ID: NA] POST /show-users - ::1
2025-02-07T09:57:34.383Z [INFO]: [User: Guest | ID: NA] POST /show-users - ::1
2025-02-07T10:00:03.944Z [INFO]: [User: Guest | ID: NA] POST /show-users - ::1
2025-02-07T10:00:03.947Z [INFO]: [User: Guest | ID: NA] POST /show-users - ::1
2025-02-07T10:00:06.810Z [INFO]: [User: Guest | ID: NA] POST /show-users - ::1
2025-02-07T10:00:06.815Z [INFO]: [User: Guest | ID: NA] POST /show-users - ::1
