2025-02-11T05:40:53.387Z [INFO]: [User: Guest | ID: NA] POST /show-users - ::1
2025-02-11T05:40:53.465Z [INFO]: [User: Guest | ID: NA] POST /show-users - ::1
2025-02-11T06:25:11.181Z [INFO]: [User: Guest | ID: NA] POST /show-users - ::1
2025-02-11T06:25:11.187Z [INFO]: [User: Guest | ID: NA] POST /show-users - ::1
2025-02-11T06:25:13.794Z [INFO]: [User: Guest | ID: NA] POST /show-users - ::1
2025-02-11T06:25:13.803Z [INFO]: [User: Guest | ID: NA] POST /show-users - ::1
2025-02-11T06:25:18.316Z [INFO]: [User: Guest | ID: NA] POST /show-users - ::1
2025-02-11T06:25:18.331Z [INFO]: [User: Guest | ID: NA] POST /show-users - ::1
2025-02-11T06:25:57.580Z [INFO]: [User: Guest | ID: NA] POST /upload-file - ::1
2025-02-11T06:25:57.620Z [INFO]: [User: Guest | ID: NA] POST /create-users - ::1
2025-02-11T06:26:03.277Z [INFO]: [User: Guest | ID: NA] POST /login - ::1
2025-02-11T06:26:03.455Z [INFO]: [User: Guest | ID: NA] POST /log-login - ::1
2025-02-11T06:26:03.457Z [INFO]: [LOGIN] User: harsh (ID: 6, Email: harsh@gmail.com) logged in successfully.
2025-02-11T06:26:03.540Z [INFO]: [User: Guest | ID: NA] POST /show-users - ::1
2025-02-11T06:26:03.542Z [INFO]: [User: Guest | ID: NA] POST /show-users - ::1
2025-02-11T06:26:19.693Z [INFO]: [User: Guest | ID: NA] GET /update-show-users?id=5 - ::1
2025-02-11T06:26:19.701Z [INFO]: [User: Guest | ID: NA] GET /update-show-users?id=5 - ::1
2025-02-11T06:26:23.611Z [INFO]: [User: Guest | ID: NA] POST /upload-file - ::1
2025-02-11T06:26:23.640Z [INFO]: [User: Guest | ID: NA] POST /update-user - ::1
2025-02-11T06:26:23.689Z [INFO]: [User: Guest | ID: NA] POST /show-users - ::1
2025-02-11T06:26:23.691Z [INFO]: [User: Guest | ID: NA] POST /show-users - ::1
2025-02-11T06:26:28.085Z [INFO]: [User: Guest | ID: NA] GET /update-show-users?id=4 - ::1
2025-02-11T06:26:28.090Z [INFO]: [User: Guest | ID: NA] GET /update-show-users?id=4 - ::1
2025-02-11T06:26:32.682Z [INFO]: [User: Guest | ID: NA] POST /upload-file - ::1
2025-02-11T06:26:32.709Z [INFO]: [User: Guest | ID: NA] POST /update-user - ::1
2025-02-11T06:26:32.749Z [INFO]: [User: Guest | ID: NA] POST /show-users - ::1
2025-02-11T06:26:32.750Z [INFO]: [User: Guest | ID: NA] POST /show-users - ::1
2025-02-11T06:26:37.641Z [INFO]: [User: Guest | ID: NA] GET /update-show-users?id=1 - ::1
2025-02-11T06:26:37.648Z [INFO]: [User: Guest | ID: NA] GET /update-show-users?id=1 - ::1
2025-02-11T06:26:42.592Z [INFO]: [User: Guest | ID: NA] POST /upload-file - ::1
2025-02-11T06:26:42.614Z [INFO]: [User: Guest | ID: NA] POST /update-user - ::1
2025-02-11T06:26:42.662Z [INFO]: [User: Guest | ID: NA] POST /show-users - ::1
2025-02-11T06:26:42.663Z [INFO]: [User: Guest | ID: NA] POST /show-users - ::1
2025-02-11T06:26:45.122Z [INFO]: [User: Guest | ID: NA] GET /update-show-users?id=3 - ::1
2025-02-11T06:26:45.129Z [INFO]: [User: Guest | ID: NA] GET /update-show-users?id=3 - ::1
2025-02-11T06:26:48.894Z [INFO]: [User: Guest | ID: NA] POST /upload-file - ::1
2025-02-11T06:26:48.921Z [INFO]: [User: Guest | ID: NA] POST /update-user - ::1
2025-02-11T06:26:48.983Z [INFO]: [User: Guest | ID: NA] POST /show-users - ::1
2025-02-11T06:26:48.984Z [INFO]: [User: Guest | ID: NA] POST /show-users - ::1
2025-02-11T06:26:51.593Z [INFO]: [User: Guest | ID: NA] GET /update-show-users?id=2 - ::1
2025-02-11T06:26:51.600Z [INFO]: [User: Guest | ID: NA] GET /update-show-users?id=2 - ::1
2025-02-11T06:26:54.259Z [INFO]: [User: Guest | ID: NA] POST /upload-file - ::1
2025-02-11T06:26:54.290Z [INFO]: [User: Guest | ID: NA] POST /update-user - ::1
2025-02-11T06:26:54.349Z [INFO]: [User: Guest | ID: NA] POST /show-users - ::1
2025-02-11T06:26:54.351Z [INFO]: [User: Guest | ID: NA] POST /show-users - ::1
2025-02-11T06:27:01.389Z [INFO]: [User: Guest | ID: NA] GET /update-show-users?id=6 - ::1
2025-02-11T06:27:01.396Z [INFO]: [User: Guest | ID: NA] GET /update-show-users?id=6 - ::1
2025-02-11T06:27:07.314Z [INFO]: [User: Guest | ID: NA] POST /show-users - ::1
2025-02-11T06:27:07.316Z [INFO]: [User: Guest | ID: NA] POST /show-users - ::1
2025-02-11T06:27:09.404Z [INFO]: [User: Guest | ID: NA] GET /update-show-users?id=2 - ::1
2025-02-11T06:27:09.409Z [INFO]: [User: Guest | ID: NA] GET /update-show-users?id=2 - ::1
2025-02-11T06:27:15.227Z [INFO]: [User: Guest | ID: NA] POST /upload-file - ::1
2025-02-11T06:27:15.250Z [INFO]: [User: Guest | ID: NA] POST /update-user - ::1
2025-02-11T06:27:15.305Z [INFO]: [User: Guest | ID: NA] POST /show-users - ::1
2025-02-11T06:27:15.307Z [INFO]: [User: Guest | ID: NA] POST /show-users - ::1
2025-02-11T06:49:12.034Z [INFO]: [User: Guest | ID: NA] POST /show-users - ::1
2025-02-11T06:49:12.045Z [INFO]: [User: Guest | ID: NA] POST /show-users - ::1
2025-02-11T06:49:38.536Z [INFO]: [User: Guest | ID: NA] POST /upload-file - ::1
2025-02-11T06:49:38.558Z [INFO]: [User: Guest | ID: NA] POST /create-users - ::1
2025-02-11T06:49:43.521Z [INFO]: [User: Guest | ID: NA] POST /login - ::1
2025-02-11T06:49:43.649Z [INFO]: [User: Guest | ID: NA] POST /log-login - ::1
2025-02-11T06:49:43.650Z [INFO]: [LOGIN] User: harsh (ID: 6, Email: harsh@gmail.com) logged in successfully.
2025-02-11T06:49:43.679Z [INFO]: [User: Guest | ID: NA] POST /show-users - ::1
2025-02-11T06:49:43.681Z [INFO]: [User: Guest | ID: NA] POST /show-users - ::1
2025-02-11T06:49:48.390Z [INFO]: [User: Guest | ID: NA] GET /update-show-users?id=1 - ::1
2025-02-11T06:49:48.394Z [INFO]: [User: Guest | ID: NA] GET /update-show-users?id=1 - ::1
2025-02-11T06:49:50.210Z [INFO]: [User: Guest | ID: NA] POST /upload-file - ::1
2025-02-11T06:49:50.238Z [INFO]: [User: Guest | ID: NA] POST /update-user - ::1
2025-02-11T06:49:50.275Z [INFO]: [User: Guest | ID: NA] POST /show-users - ::1
2025-02-11T06:49:50.277Z [INFO]: [User: Guest | ID: NA] POST /show-users - ::1
2025-02-11T06:49:53.893Z [INFO]: [User: Guest | ID: NA] GET /update-show-users?id=1 - ::1
2025-02-11T06:49:53.896Z [INFO]: [User: Guest | ID: NA] GET /update-show-users?id=1 - ::1
2025-02-11T06:49:55.922Z [INFO]: [User: Guest | ID: NA] POST /upload-file - ::1
2025-02-11T06:49:55.949Z [INFO]: [User: Guest | ID: NA] POST /update-user - ::1
2025-02-11T06:49:55.990Z [INFO]: [User: Guest | ID: NA] POST /show-users - ::1
2025-02-11T06:49:55.991Z [INFO]: [User: Guest | ID: NA] POST /show-users - ::1
2025-02-11T06:51:13.660Z [INFO]: [User: Guest | ID: NA] POST /show-users - ::1
2025-02-11T06:51:13.662Z [INFO]: [User: Guest | ID: NA] POST /show-users - ::1
2025-02-11T06:51:15.756Z [INFO]: [User: Guest | ID: NA] GET /update-show-users?id=1 - ::1
2025-02-11T06:51:15.759Z [INFO]: [User: Guest | ID: NA] GET /update-show-users?id=1 - ::1
2025-02-11T06:51:17.673Z [INFO]: [User: Guest | ID: NA] POST /upload-file - ::1
2025-02-11T06:51:17.692Z [INFO]: [User: Guest | ID: NA] POST /update-user - ::1
2025-02-11T06:51:17.735Z [INFO]: [User: Guest | ID: NA] POST /show-users - ::1
2025-02-11T06:51:17.738Z [INFO]: [User: Guest | ID: NA] POST /show-users - ::1
2025-02-11T06:51:20.637Z [INFO]: [User: Guest | ID: NA] GET /update-show-users?id=4 - ::1
2025-02-11T06:51:20.649Z [INFO]: [User: Guest | ID: NA] GET /update-show-users?id=4 - ::1
2025-02-11T06:51:22.924Z [INFO]: [User: Guest | ID: NA] POST /upload-file - ::1
2025-02-11T06:51:22.946Z [INFO]: [User: Guest | ID: NA] POST /update-user - ::1
2025-02-11T06:51:22.994Z [INFO]: [User: Guest | ID: NA] POST /show-users - ::1
2025-02-11T06:51:22.995Z [INFO]: [User: Guest | ID: NA] POST /show-users - ::1
2025-02-11T06:51:24.470Z [INFO]: [User: Guest | ID: NA] GET /update-show-users?id=5 - ::1
2025-02-11T06:51:24.473Z [INFO]: [User: Guest | ID: NA] GET /update-show-users?id=5 - ::1
2025-02-11T06:51:26.658Z [INFO]: [User: Guest | ID: NA] POST /upload-file - ::1
2025-02-11T06:51:26.683Z [INFO]: [User: Guest | ID: NA] POST /update-user - ::1
2025-02-11T06:51:26.729Z [INFO]: [User: Guest | ID: NA] POST /show-users - ::1
2025-02-11T06:51:26.730Z [INFO]: [User: Guest | ID: NA] POST /show-users - ::1
2025-02-11T06:51:33.179Z [INFO]: [User: Guest | ID: NA] GET /update-show-users?id=2 - ::1
2025-02-11T06:51:33.187Z [INFO]: [User: Guest | ID: NA] GET /update-show-users?id=2 - ::1
2025-02-11T06:51:35.458Z [INFO]: [User: Guest | ID: NA] POST /upload-file - ::1
2025-02-11T06:51:35.489Z [INFO]: [User: Guest | ID: NA] POST /update-user - ::1
2025-02-11T06:51:35.521Z [INFO]: [User: Guest | ID: NA] POST /show-users - ::1
2025-02-11T06:51:35.525Z [INFO]: [User: Guest | ID: NA] POST /show-users - ::1
2025-02-11T06:51:54.517Z [INFO]: [User: Guest | ID: NA] POST /show-users - ::1
2025-02-11T06:51:54.520Z [INFO]: [User: Guest | ID: NA] POST /show-users - ::1
2025-02-11T06:51:59.499Z [INFO]: [User: Guest | ID: NA] POST /show-users - ::1
2025-02-11T06:51:59.501Z [INFO]: [User: Guest | ID: NA] POST /show-users - ::1
2025-02-11T06:52:02.192Z [INFO]: [User: Guest | ID: NA] POST /show-users - ::1
2025-02-11T06:52:02.194Z [INFO]: [User: Guest | ID: NA] POST /show-users - ::1
2025-02-11T07:05:12.004Z [INFO]: [User: Guest | ID: NA] GET /show-company - ::1
2025-02-11T07:19:51.672Z [INFO]: [User: Guest | ID: NA] GET /api/company - ::1
2025-02-11T07:19:57.826Z [INFO]: [User: Guest | ID: NA] GET /company - ::1
2025-02-11T07:20:13.273Z [INFO]: [User: Guest | ID: NA] GET /job_apply_list - ::1
2025-02-11T07:21:29.889Z [INFO]: [User: Guest | ID: NA] GET /job_apply_list - ::1
2025-02-11T07:21:36.494Z [INFO]: [User: Guest | ID: NA] GET /users - ::1
2025-02-11T07:21:41.412Z [INFO]: [User: Guest | ID: NA] POST /show-users - ::1
2025-02-11T07:21:41.484Z [INFO]: [User: Guest | ID: NA] POST /show-users - ::1
2025-02-11T07:21:42.763Z [INFO]: [User: Guest | ID: NA] POST /show-users - ::1
2025-02-11T07:21:42.772Z [INFO]: [User: Guest | ID: NA] POST /show-users - ::1
2025-02-11T07:21:58.595Z [INFO]: [User: Guest | ID: NA] POST /show-users - ::1
2025-02-11T07:21:58.638Z [INFO]: [User: Guest | ID: NA] POST /show-users - ::1
2025-02-11T07:22:09.310Z [INFO]: [User: Guest | ID: NA] GET /show-users - ::1
2025-02-11T07:24:05.507Z [INFO]: [User: Guest | ID: NA] GET /show-users - ::1
2025-02-11T07:24:09.411Z [INFO]: [User: Guest | ID: NA] GET /show-users - ::1
2025-02-11T07:24:09.440Z [INFO]: [User: Guest | ID: NA] GET /show-users - ::1
2025-02-11T07:24:11.509Z [INFO]: [User: Guest | ID: NA] GET /update-show-users?id=3 - ::1
2025-02-11T07:24:11.579Z [INFO]: [User: Guest | ID: NA] GET /update-show-users?id=3 - ::1
2025-02-11T07:24:19.172Z [INFO]: [User: Guest | ID: NA] POST /upload-file - ::1
2025-02-11T07:24:19.222Z [INFO]: [User: Guest | ID: NA] POST /update-user - ::1
2025-02-11T07:24:19.354Z [INFO]: [User: Guest | ID: NA] GET /show-users - ::1
2025-02-11T07:24:19.367Z [INFO]: [User: Guest | ID: NA] GET /show-users - ::1
2025-02-11T07:24:25.254Z [INFO]: [User: Guest | ID: NA] GET /show-users - ::1
2025-02-11T07:24:33.378Z [INFO]: [User: Guest | ID: NA] GET /show-users - ::1
2025-02-11T07:24:39.842Z [INFO]: [User: Guest | ID: NA] GET //show-users - ::1
2025-02-11T07:24:41.738Z [INFO]: [User: Guest | ID: NA] GET //show-users - ::1
2025-02-11T07:24:41.750Z [INFO]: [User: Guest | ID: NA] GET //show-users - ::1
2025-02-11T07:24:49.723Z [INFO]: [User: Guest | ID: NA] GET //show-users - ::1
2025-02-11T07:24:50.380Z [INFO]: [User: Guest | ID: NA] GET /show-users - ::1
2025-02-11T07:24:54.757Z [INFO]: [User: Guest | ID: NA] GET /show-users - ::1
2025-02-11T07:25:15.178Z [INFO]: [User: Guest | ID: NA] GET /show-users - ::1
2025-02-11T07:25:19.206Z [INFO]: [User: Guest | ID: NA] GET /show-users - ::1
2025-02-11T07:25:29.102Z [INFO]: [User: Guest | ID: NA] GET /show-users - ::1
2025-02-11T07:25:48.968Z [INFO]: [User: Guest | ID: NA] GET /show-users - ::1
2025-02-11T10:22:15.941Z [INFO]: [User: Guest | ID: NA] GET /show-users - ::1
2025-02-11T10:22:15.952Z [INFO]: [User: Guest | ID: NA] GET /show-users - ::1
2025-02-11T11:35:33.631Z [INFO]: [User: Guest | ID: NA] POST /playlist-download - ::1
2025-02-11T11:35:57.517Z [INFO]: [User: Guest | ID: NA] POST /playlist-download - ::1
2025-02-11T11:39:47.063Z [INFO]: [User: Guest | ID: NA] GET /show-users - ::1
2025-02-11T11:39:47.265Z [INFO]: [User: Guest | ID: NA] GET /show-users - ::1
2025-02-11T11:40:26.810Z [INFO]: [User: Guest | ID: NA] GET /show-users - ::1
2025-02-11T11:40:26.815Z [INFO]: [User: Guest | ID: NA] GET /show-users - ::1
