2025-02-12T04:25:52.050Z [INFO]: [User: Guest | ID: NA] POST /playlist-download - ::1
2025-02-12T04:30:07.769Z [INFO]: [User: Guest | ID: NA] POST /playlist-download - ::1
2025-02-12T04:31:40.156Z [INFO]: [User: Guest | ID: NA] POST /playlist-download - ::1
2025-02-12T04:35:31.467Z [INFO]: [User: Guest | ID: NA] POST /playlist-download - ::1
2025-02-12T04:35:35.551Z [INFO]: [User: Guest | ID: NA] POST /playlist-download - ::ffff:127.0.0.1
2025-02-12T04:39:03.975Z [INFO]: [User: Guest | ID: NA] POST /playlist-download - ::1
2025-02-12T04:41:41.091Z [INFO]: [User: Guest | ID: NA] GET /company - ::1
2025-02-12T04:41:46.246Z [INFO]: [User: Guest | ID: NA] POST /company - ::1
2025-02-12T04:41:49.458Z [INFO]: [User: Guest | ID: NA] GET /company - ::1
2025-02-12T04:42:10.363Z [INFO]: [User: Guest | ID: NA] GET /show-company - ::1
2025-02-12T04:49:36.569Z [INFO]: [User: Guest | ID: NA] GET /show-company - ::1
2025-02-12T04:49:45.521Z [INFO]: [User: Guest | ID: NA] GET /show-company - ::1
2025-02-12T04:49:50.388Z [INFO]: [User: Guest | ID: NA] GET /show-company - ::1
2025-02-12T04:50:09.431Z [INFO]: [User: Guest | ID: NA] GET /show-company - ::1
2025-02-12T04:50:16.245Z [INFO]: [User: Guest | ID: NA] GET /show-company - ::1
2025-02-12T04:50:17.148Z [INFO]: [User: Guest | ID: NA] GET /show-company - ::1
2025-02-12T04:50:19.584Z [INFO]: [User: Guest | ID: NA] GET /show-company - ::1
2025-02-12T04:50:23.233Z [INFO]: [User: Guest | ID: NA] GET /show-company - ::1
2025-02-12T04:50:25.570Z [INFO]: [User: Guest | ID: NA] GET /show-company - ::1
2025-02-12T04:50:26.452Z [INFO]: [User: Guest | ID: NA] GET /show-company - ::1
2025-02-12T04:50:27.994Z [INFO]: [User: Guest | ID: NA] GET /show-company - ::1
2025-02-12T04:50:28.446Z [INFO]: [User: Guest | ID: NA] GET /show-company - ::1
2025-02-12T04:50:33.743Z [INFO]: [User: Guest | ID: NA] GET /show-company - ::1
2025-02-12T04:50:35.174Z [INFO]: [User: Guest | ID: NA] GET /show-company - ::1
2025-02-12T04:50:36.185Z [INFO]: [User: Guest | ID: NA] GET /show-company - ::1
2025-02-12T04:50:36.398Z [INFO]: [User: Guest | ID: NA] GET /show-company - ::1
2025-02-12T04:50:46.571Z [INFO]: [User: Guest | ID: NA] GET /show-company - ::1
2025-02-12T04:51:04.568Z [INFO]: [User: Guest | ID: NA] GET /show-company - ::1
2025-02-12T04:51:10.566Z [INFO]: [User: Guest | ID: NA] GET /show-company - ::1
2025-02-12T04:51:10.571Z [INFO]: [User: Guest | ID: NA] GET /show-company - ::1
2025-02-12T04:51:19.292Z [INFO]: [User: Guest | ID: NA] GET /show-company - ::1
2025-02-12T04:52:27.564Z [INFO]: [User: Guest | ID: NA] GET /show-company - ::1
2025-02-12T04:52:27.566Z [INFO]: [User: Guest | ID: NA] GET /show-company - ::1
2025-02-12T04:52:35.571Z [INFO]: [User: Guest | ID: NA] GET /show-company - ::1
2025-02-12T04:52:49.921Z [INFO]: [User: Guest | ID: NA] GET /show-company - ::1
2025-02-12T04:52:51.177Z [INFO]: [User: Guest | ID: NA] GET /show-company - ::1
2025-02-12T04:53:56.778Z [INFO]: [User: Guest | ID: NA] GET /show-company - ::1
2025-02-12T04:53:56.787Z [INFO]: [User: Guest | ID: NA] GET /show-company - ::1
2025-02-12T04:53:59.036Z [INFO]: [User: Guest | ID: NA] GET /show-users - ::1
2025-02-12T04:53:59.105Z [INFO]: [User: Guest | ID: NA] GET /show-users - ::1
2025-02-12T04:54:47.815Z [INFO]: [User: Guest | ID: NA] GET /show-company - ::1
2025-02-12T04:54:47.819Z [INFO]: [User: Guest | ID: NA] GET /show-company - ::1
2025-02-12T04:54:55.946Z [INFO]: [User: Guest | ID: NA] GET /show-company - ::1
2025-02-12T04:54:59.949Z [INFO]: [User: Guest | ID: NA] GET /show-company - ::1
2025-02-12T04:55:01.962Z [INFO]: [User: Guest | ID: NA] GET /show-company - ::1
2025-02-12T04:55:08.433Z [INFO]: [User: Guest | ID: NA] GET /show-company - ::1
2025-02-12T04:55:08.477Z [INFO]: [User: Guest | ID: NA] GET /show-company - ::1
2025-02-12T04:55:21.584Z [INFO]: [User: Guest | ID: NA] GET /show-company - ::1
2025-02-12T04:55:31.573Z [INFO]: [User: Guest | ID: NA] GET /show-company - ::1
2025-02-12T04:55:33.560Z [INFO]: [User: Guest | ID: NA] GET /show-company - ::1
2025-02-12T04:55:37.830Z [INFO]: [User: Guest | ID: NA] GET /show-company - ::1
2025-02-12T04:55:37.907Z [INFO]: [User: Guest | ID: NA] GET /show-company - ::1
2025-02-12T04:55:42.675Z [INFO]: [User: Guest | ID: NA] GET /show-company - ::1
2025-02-12T04:55:43.154Z [INFO]: [User: Guest | ID: NA] GET /show-company - ::1
2025-02-12T04:55:55.191Z [INFO]: [User: Guest | ID: NA] GET /show-company - ::1
2025-02-12T04:55:55.200Z [INFO]: [User: Guest | ID: NA] GET /show-company - ::1
2025-02-12T04:55:56.720Z [INFO]: [User: Guest | ID: NA] GET /show-company - ::1
2025-02-12T04:55:56.729Z [INFO]: [User: Guest | ID: NA] GET /show-company - ::1
2025-02-12T04:55:57.272Z [INFO]: [User: Guest | ID: NA] GET /show-company - ::1
2025-02-12T04:56:09.475Z [INFO]: [User: Guest | ID: NA] GET /show-company - ::1
2025-02-12T04:56:09.483Z [INFO]: [User: Guest | ID: NA] GET /show-company - ::1
2025-02-12T04:56:16.180Z [INFO]: [User: Guest | ID: NA] GET /show-company - ::1
2025-02-12T04:56:16.190Z [INFO]: [User: Guest | ID: NA] GET /show-company - ::1
2025-02-12T04:56:19.660Z [INFO]: [User: Guest | ID: NA] GET /show-company - ::1
2025-02-12T04:56:23.822Z [INFO]: [User: Guest | ID: NA] GET /show-company - ::1
2025-02-12T04:56:23.830Z [INFO]: [User: Guest | ID: NA] GET /show-company - ::1
2025-02-12T04:56:48.747Z [INFO]: [User: Guest | ID: NA] GET /show-users - ::1
2025-02-12T04:56:48.752Z [INFO]: [User: Guest | ID: NA] GET /show-users - ::1
2025-02-12T04:56:53.626Z [INFO]: [User: Guest | ID: NA] GET /show-users - ::1
2025-02-12T04:56:53.629Z [INFO]: [User: Guest | ID: NA] GET /show-users - ::1
2025-02-12T04:56:58.741Z [INFO]: [User: Guest | ID: NA] GET /show-users - ::1
2025-02-12T04:56:58.744Z [INFO]: [User: Guest | ID: NA] GET /show-users - ::1
2025-02-12T04:58:50.646Z [INFO]: [User: Guest | ID: NA] GET /show-company - ::1
2025-02-12T04:58:50.650Z [INFO]: [User: Guest | ID: NA] GET /show-company - ::1
2025-02-12T04:58:53.469Z [INFO]: [User: Guest | ID: NA] GET /show-company - ::1
2025-02-12T04:58:53.480Z [INFO]: [User: Guest | ID: NA] GET /show-company - ::1
2025-02-12T04:59:03.594Z [INFO]: [User: Guest | ID: NA] GET /show-company - ::1
2025-02-12T04:59:03.604Z [INFO]: [User: Guest | ID: NA] GET /show-company - ::1
2025-02-12T04:59:06.964Z [INFO]: [User: Guest | ID: NA] GET /show-company - ::1
2025-02-12T04:59:07.008Z [INFO]: [User: Guest | ID: NA] GET /show-company - ::1
2025-02-12T04:59:09.873Z [INFO]: [User: Guest | ID: NA] GET /show-company - ::1
2025-02-12T04:59:09.884Z [INFO]: [User: Guest | ID: NA] GET /show-company - ::1
2025-02-12T04:59:11.722Z [INFO]: [User: Guest | ID: NA] GET /show-company - ::1
2025-02-12T04:59:11.742Z [INFO]: [User: Guest | ID: NA] GET /show-company - ::1
2025-02-12T04:59:13.679Z [INFO]: [User: Guest | ID: NA] GET /show-company - ::1
2025-02-12T04:59:13.683Z [INFO]: [User: Guest | ID: NA] GET /show-company - ::1
2025-02-12T04:59:20.689Z [INFO]: [User: Guest | ID: NA] GET /show-company - ::1
2025-02-12T04:59:20.702Z [INFO]: [User: Guest | ID: NA] GET /show-company - ::1
2025-02-12T04:59:23.190Z [INFO]: [User: Guest | ID: NA] GET /show-company - ::1
2025-02-12T04:59:23.205Z [INFO]: [User: Guest | ID: NA] GET /show-company - ::1
2025-02-12T04:59:36.347Z [INFO]: [User: Guest | ID: NA] GET /show-company - ::1
2025-02-12T04:59:36.439Z [INFO]: [User: Guest | ID: NA] GET /show-company - ::1
2025-02-12T05:00:14.574Z [INFO]: [User: Guest | ID: NA] GET /show-company - ::1
2025-02-12T05:00:14.582Z [INFO]: [User: Guest | ID: NA] GET /show-company - ::1
2025-02-12T05:00:19.657Z [INFO]: [User: Guest | ID: NA] GET /show-company - ::1
2025-02-12T05:00:19.670Z [INFO]: [User: Guest | ID: NA] GET /show-company - ::1
2025-02-12T05:00:21.651Z [INFO]: [User: Guest | ID: NA] GET /show-company - ::1
2025-02-12T05:00:24.613Z [INFO]: [User: Guest | ID: NA] GET /show-company - ::1
2025-02-12T05:00:24.616Z [INFO]: [User: Guest | ID: NA] GET /show-company - ::1
2025-02-12T05:00:38.616Z [INFO]: [User: Guest | ID: NA] GET /show-company - ::1
2025-02-12T05:00:43.580Z [INFO]: [User: Guest | ID: NA] GET /show-company - ::1
2025-02-12T05:00:43.586Z [INFO]: [User: Guest | ID: NA] GET /show-company - ::1
2025-02-12T05:00:56.594Z [INFO]: [User: Guest | ID: NA] GET /show-company - ::1
2025-02-12T05:00:56.617Z [INFO]: [User: Guest | ID: NA] GET /show-company - ::1
2025-02-12T05:01:08.063Z [INFO]: [User: Guest | ID: NA] GET /show-company - ::1
2025-02-12T05:01:14.447Z [INFO]: [User: Guest | ID: NA] GET /show-company - ::1
2025-02-12T05:01:44.914Z [INFO]: [User: Guest | ID: NA] GET /show-company - ::1
2025-02-12T05:01:44.951Z [INFO]: [User: Guest | ID: NA] GET /show-company - ::1
2025-02-12T05:01:50.899Z [INFO]: [User: Guest | ID: NA] POST /create-company - ::1
2025-02-12T05:02:09.085Z [INFO]: [User: Guest | ID: NA] GET /show-company - ::1
2025-02-12T05:02:09.110Z [INFO]: [User: Guest | ID: NA] GET /show-company - ::1
2025-02-12T05:03:11.098Z [INFO]: [User: Guest | ID: NA] POST /create-company - ::1
2025-02-12T05:04:09.144Z [INFO]: [User: Guest | ID: NA] GET /show-company - ::1
2025-02-12T05:04:09.177Z [INFO]: [User: Guest | ID: NA] GET /show-company - ::1
2025-02-12T05:04:17.814Z [INFO]: [User: Guest | ID: NA] POST /create-company - ::1
2025-02-12T05:04:21.203Z [INFO]: [User: Guest | ID: NA] GET /show-company - ::1
2025-02-12T05:04:21.227Z [INFO]: [User: Guest | ID: NA] GET /show-company - ::1
2025-02-12T05:06:03.722Z [INFO]: [User: Guest | ID: NA] GET /show-company - ::1
2025-02-12T05:22:42.544Z [INFO]: [User: Guest | ID: NA] GET /show-company - ::1
2025-02-12T05:23:21.534Z [INFO]: [User: Guest | ID: NA] GET /show-company - ::1
2025-02-12T05:23:22.552Z [INFO]: [User: Guest | ID: NA] GET /show-company - ::1
2025-02-12T05:23:35.550Z [INFO]: [User: Guest | ID: NA] GET /show-company - ::1
2025-02-12T05:23:41.544Z [INFO]: [User: Guest | ID: NA] GET /show-company - ::1
2025-02-12T05:23:43.555Z [INFO]: [User: Guest | ID: NA] GET /show-company - ::1
2025-02-12T05:23:43.563Z [INFO]: [User: Guest | ID: NA] GET /show-company - ::1
2025-02-12T05:26:17.146Z [INFO]: [User: Guest | ID: NA] GET /show-company - ::1
2025-02-12T05:26:17.175Z [INFO]: [User: Guest | ID: NA] GET /show-company - ::1
2025-02-12T05:26:28.474Z [INFO]: [User: Guest | ID: NA] GET /show-company - ::1
2025-02-12T05:27:02.674Z [INFO]: [User: Guest | ID: NA] GET /show-company - ::1
2025-02-12T05:27:02.682Z [INFO]: [User: Guest | ID: NA] GET /show-company - ::1
2025-02-12T05:27:05.776Z [INFO]: [User: Guest | ID: NA] GET /show-company - ::1
2025-02-12T05:27:05.782Z [INFO]: [User: Guest | ID: NA] GET /show-company - ::1
2025-02-12T05:27:08.614Z [INFO]: [User: Guest | ID: NA] GET /show-company - ::1
2025-02-12T05:27:08.648Z [INFO]: [User: Guest | ID: NA] GET /show-company - ::1
2025-02-12T05:27:11.238Z [INFO]: [User: Guest | ID: NA] GET /show-company - ::1
2025-02-12T05:27:11.243Z [INFO]: [User: Guest | ID: NA] GET /show-company - ::1
2025-02-12T05:27:15.178Z [INFO]: [User: Guest | ID: NA] GET /show-company - ::1
2025-02-12T05:27:23.532Z [INFO]: [User: Guest | ID: NA] GET /show-company - ::1
2025-02-12T05:27:23.535Z [INFO]: [User: Guest | ID: NA] GET /show-company - ::1
2025-02-12T05:27:31.607Z [INFO]: [User: Guest | ID: NA] GET /show-company - ::1
2025-02-12T05:27:31.613Z [INFO]: [User: Guest | ID: NA] GET /show-company - ::1
2025-02-12T05:27:34.361Z [INFO]: [User: Guest | ID: NA] GET /show-company - ::1
2025-02-12T05:27:34.417Z [INFO]: [User: Guest | ID: NA] GET /show-company - ::1
2025-02-12T05:27:34.576Z [INFO]: [User: Guest | ID: NA] GET /show-company - ::1
2025-02-12T05:27:34.626Z [INFO]: [User: Guest | ID: NA] GET /show-company - ::1
2025-02-12T05:27:34.636Z [INFO]: [User: Guest | ID: NA] GET /show-company - ::1
2025-02-12T05:27:36.180Z [INFO]: [User: Guest | ID: NA] GET /show-company - ::1
2025-02-12T05:27:36.316Z [INFO]: [User: Guest | ID: NA] GET /show-company - ::1
2025-02-12T05:27:43.666Z [INFO]: [User: Guest | ID: NA] GET /show-company - ::1
2025-02-12T05:27:43.684Z [INFO]: [User: Guest | ID: NA] GET /show-company - ::1
2025-02-12T05:27:44.537Z [INFO]: [User: Guest | ID: NA] GET /show-company - ::1
2025-02-12T05:27:44.545Z [INFO]: [User: Guest | ID: NA] GET /show-company - ::1
2025-02-12T05:27:54.537Z [INFO]: [User: Guest | ID: NA] GET /show-company - ::1
2025-02-12T05:27:54.545Z [INFO]: [User: Guest | ID: NA] GET /show-company - ::1
2025-02-12T05:28:13.549Z [INFO]: [User: Guest | ID: NA] GET /show-company - ::1
2025-02-12T05:28:13.552Z [INFO]: [User: Guest | ID: NA] GET /show-company - ::1
2025-02-12T05:28:24.535Z [INFO]: [User: Guest | ID: NA] GET /show-company - ::1
2025-02-12T05:28:24.537Z [INFO]: [User: Guest | ID: NA] GET /show-company - ::1
2025-02-12T05:28:26.546Z [INFO]: [User: Guest | ID: NA] GET /show-company - ::1
2025-02-12T05:28:26.552Z [INFO]: [User: Guest | ID: NA] GET /show-company - ::1
2025-02-12T05:28:35.536Z [INFO]: [User: Guest | ID: NA] GET /show-company - ::1
2025-02-12T05:28:35.538Z [INFO]: [User: Guest | ID: NA] GET /show-company - ::1
2025-02-12T05:28:37.438Z [INFO]: [User: Guest | ID: NA] GET /show-company - ::1
2025-02-12T05:28:37.454Z [INFO]: [User: Guest | ID: NA] GET /show-company - ::1
2025-02-12T05:28:39.436Z [INFO]: [User: Guest | ID: NA] GET /show-company - ::1
2025-02-12T05:28:39.450Z [INFO]: [User: Guest | ID: NA] GET /show-company - ::1
2025-02-12T05:29:02.541Z [INFO]: [User: Guest | ID: NA] GET /show-company - ::1
2025-02-12T05:29:02.545Z [INFO]: [User: Guest | ID: NA] GET /show-company - ::1
2025-02-12T05:29:22.785Z [INFO]: [User: Guest | ID: NA] GET /show-company - ::1
2025-02-12T05:29:22.796Z [INFO]: [User: Guest | ID: NA] GET /show-company - ::1
2025-02-12T05:29:22.906Z [INFO]: [User: Guest | ID: NA] GET /show-company - ::1
2025-02-12T05:29:22.921Z [INFO]: [User: Guest | ID: NA] GET /show-company - ::1
2025-02-12T05:29:25.247Z [INFO]: [User: Guest | ID: NA] GET /show-company - ::1
2025-02-12T05:29:25.262Z [INFO]: [User: Guest | ID: NA] GET /show-company - ::1
2025-02-12T05:29:46.542Z [INFO]: [User: Guest | ID: NA] GET /show-company - ::1
2025-02-12T05:29:46.546Z [INFO]: [User: Guest | ID: NA] GET /show-company - ::1
2025-02-12T05:30:02.542Z [INFO]: [User: Guest | ID: NA] GET /show-company - ::1
2025-02-12T05:30:02.547Z [INFO]: [User: Guest | ID: NA] GET /show-company - ::1
2025-02-12T05:30:08.542Z [INFO]: [User: Guest | ID: NA] GET /show-company - ::1
2025-02-12T05:30:08.546Z [INFO]: [User: Guest | ID: NA] GET /show-company - ::1
2025-02-12T05:30:10.640Z [INFO]: [User: Guest | ID: NA] GET /show-company - ::1
2025-02-12T05:30:10.676Z [INFO]: [User: Guest | ID: NA] GET /show-company - ::1
2025-02-12T05:30:15.923Z [INFO]: [User: Guest | ID: NA] GET /show-company - ::1
2025-02-12T05:30:15.936Z [INFO]: [User: Guest | ID: NA] GET /show-company - ::1
2025-02-12T05:30:19.917Z [INFO]: [User: Guest | ID: NA] GET /show-company - ::1
2025-02-12T05:30:19.925Z [INFO]: [User: Guest | ID: NA] GET /show-company - ::1
2025-02-12T05:30:23.068Z [INFO]: [User: Guest | ID: NA] GET /show-company - ::1
2025-02-12T05:30:23.121Z [INFO]: [User: Guest | ID: NA] GET /show-company - ::1
2025-02-12T05:30:24.514Z [INFO]: [User: Guest | ID: NA] GET /show-company - ::1
2025-02-12T05:30:24.518Z [INFO]: [User: Guest | ID: NA] GET /show-company - ::1
2025-02-12T05:30:26.017Z [INFO]: [User: Guest | ID: NA] GET /show-company - ::1
2025-02-12T05:30:26.021Z [INFO]: [User: Guest | ID: NA] GET /show-company - ::1
2025-02-12T05:30:27.751Z [INFO]: [User: Guest | ID: NA] GET /show-company - ::1
2025-02-12T05:30:27.775Z [INFO]: [User: Guest | ID: NA] GET /show-company - ::1
2025-02-12T05:30:29.751Z [INFO]: [User: Guest | ID: NA] GET /show-company - ::1
2025-02-12T05:30:29.756Z [INFO]: [User: Guest | ID: NA] GET /show-company - ::1
2025-02-12T05:30:35.270Z [INFO]: [User: Guest | ID: NA] GET /show-company - ::1
2025-02-12T05:30:35.289Z [INFO]: [User: Guest | ID: NA] GET /show-company - ::1
2025-02-12T05:30:38.225Z [INFO]: [User: Guest | ID: NA] GET /show-company - ::1
2025-02-12T05:30:57.863Z [INFO]: [User: Guest | ID: NA] GET /show-company - ::1
2025-02-12T05:31:15.414Z [INFO]: [User: Guest | ID: NA] GET /show-company - ::1
2025-02-12T05:31:28.024Z [INFO]: [User: Guest | ID: NA] GET /show-company - ::1
2025-02-12T05:31:30.451Z [INFO]: [User: Guest | ID: NA] GET /show-company - ::1
2025-02-12T05:31:33.675Z [INFO]: [User: Guest | ID: NA] GET /show-company - ::1
2025-02-12T05:36:37.397Z [INFO]: [User: Guest | ID: NA] GET /show-company - ::1
2025-02-12T05:36:37.408Z [INFO]: [User: Guest | ID: NA] GET /show-company - ::1
2025-02-12T05:37:03.768Z [INFO]: [User: Guest | ID: NA] GET /show-company - ::1
2025-02-12T05:37:44.098Z [INFO]: [User: Guest | ID: NA] GET /show-company - ::1
2025-02-12T05:37:50.723Z [INFO]: [User: Guest | ID: NA] GET /show-company - ::1
2025-02-12T05:37:50.778Z [INFO]: [User: Guest | ID: NA] GET /show-company - ::1
2025-02-12T05:37:51.618Z [INFO]: [User: Guest | ID: NA] GET /show-company - ::1
2025-02-12T05:38:20.530Z [INFO]: [User: Guest | ID: NA] GET /show-company - ::1
2025-02-12T05:38:23.532Z [INFO]: [User: Guest | ID: NA] GET /show-company - ::1
2025-02-12T05:38:24.603Z [INFO]: [User: Guest | ID: NA] GET /show-company - ::1
2025-02-12T05:38:38.547Z [INFO]: [User: Guest | ID: NA] GET /show-company - ::1
2025-02-12T05:38:38.551Z [INFO]: [User: Guest | ID: NA] GET /show-company - ::1
2025-02-12T05:38:48.668Z [INFO]: [User: Guest | ID: NA] GET /show-company - ::1
2025-02-12T05:39:24.547Z [INFO]: [User: Guest | ID: NA] GET /show-company - ::1
2025-02-12T05:39:24.561Z [INFO]: [User: Guest | ID: NA] GET /show-company - ::1
2025-02-12T05:39:28.677Z [INFO]: [User: Guest | ID: NA] GET /show-company - ::1
2025-02-12T05:39:28.710Z [INFO]: [User: Guest | ID: NA] GET /show-company - ::1
2025-02-12T05:39:30.496Z [INFO]: [User: Guest | ID: NA] GET /show-company - ::1
2025-02-12T05:39:30.504Z [INFO]: [User: Guest | ID: NA] GET /show-company - ::1
2025-02-12T05:39:38.967Z [INFO]: [User: Guest | ID: NA] GET /show-company - ::1
2025-02-12T05:39:53.879Z [INFO]: [User: Guest | ID: NA] GET /show-company - ::1
2025-02-12T05:39:56.058Z [INFO]: [User: Guest | ID: NA] GET /show-company - ::1
2025-02-12T05:39:57.187Z [INFO]: [User: Guest | ID: NA] GET /show-company - ::1
2025-02-12T05:39:57.793Z [INFO]: [User: Guest | ID: NA] GET /show-company - ::1
2025-02-12T05:40:00.980Z [INFO]: [User: Guest | ID: NA] GET /show-company - ::1
2025-02-12T05:40:02.413Z [INFO]: [User: Guest | ID: NA] GET /show-company - ::1
2025-02-12T05:40:06.751Z [INFO]: [User: Guest | ID: NA] GET /show-company - ::1
2025-02-12T05:40:07.940Z [INFO]: [User: Guest | ID: NA] GET /show-company - ::1
2025-02-12T05:40:08.679Z [INFO]: [User: Guest | ID: NA] GET /show-company - ::1
2025-02-12T05:40:10.343Z [INFO]: [User: Guest | ID: NA] GET /show-company - ::1
2025-02-12T05:40:11.743Z [INFO]: [User: Guest | ID: NA] GET /show-company - ::1
2025-02-12T05:40:17.554Z [INFO]: [User: Guest | ID: NA] GET /show-company - ::1
2025-02-12T05:40:19.555Z [INFO]: [User: Guest | ID: NA] GET /show-company - ::1
2025-02-12T05:40:20.438Z [INFO]: [User: Guest | ID: NA] GET /show-company - ::1
2025-02-12T05:40:22.945Z [INFO]: [User: Guest | ID: NA] GET /show-company - ::1
2025-02-12T05:40:24.967Z [INFO]: [User: Guest | ID: NA] GET /show-company - ::1
2025-02-12T05:40:30.970Z [INFO]: [User: Guest | ID: NA] GET /show-company - ::1
2025-02-12T05:40:35.003Z [INFO]: [User: Guest | ID: NA] GET /show-company - ::1
2025-02-12T05:40:36.646Z [INFO]: [User: Guest | ID: NA] GET /show-company - ::1
2025-02-12T05:40:38.167Z [INFO]: [User: Guest | ID: NA] GET /show-company - ::1
2025-02-12T05:40:39.391Z [INFO]: [User: Guest | ID: NA] GET /show-company - ::1
2025-02-12T05:40:40.173Z [INFO]: [User: Guest | ID: NA] GET /show-company - ::1
2025-02-12T05:41:03.014Z [INFO]: [User: Guest | ID: NA] GET /show-company - ::1
2025-02-12T05:41:05.752Z [INFO]: [User: Guest | ID: NA] GET /show-company - ::1
2025-02-12T05:41:07.595Z [INFO]: [User: Guest | ID: NA] GET /show-company - ::1
2025-02-12T05:41:16.703Z [INFO]: [User: Guest | ID: NA] POST /create-company - ::1
2025-02-12T05:41:58.237Z [INFO]: [User: Guest | ID: NA] GET /show-company - ::1
2025-02-12T05:41:58.273Z [INFO]: [User: Guest | ID: NA] GET /show-company - ::1
2025-02-12T05:42:08.404Z [INFO]: [User: Guest | ID: NA] POST /create-company - ::1
2025-02-12T05:42:18.227Z [INFO]: [User: Guest | ID: NA] GET /show-company - ::1
2025-02-12T05:42:21.604Z [INFO]: [User: Guest | ID: NA] GET /show-company - ::1
2025-02-12T05:42:28.150Z [INFO]: [User: Guest | ID: NA] GET /show-company - ::1
2025-02-12T05:42:40.981Z [INFO]: [User: Guest | ID: NA] GET /show-company - ::1
2025-02-12T05:42:40.998Z [INFO]: [User: Guest | ID: NA] GET /show-company - ::1
2025-02-12T05:44:51.518Z [INFO]: [User: Guest | ID: NA] GET /show-company - ::1
2025-02-12T05:44:52.510Z [INFO]: [User: Guest | ID: NA] GET /show-company - ::1
2025-02-12T05:44:56.513Z [INFO]: [User: Guest | ID: NA] GET /show-company - ::1
2025-02-12T05:44:59.518Z [INFO]: [User: Guest | ID: NA] GET /show-company - ::1
2025-02-12T05:44:59.521Z [INFO]: [User: Guest | ID: NA] GET /show-company - ::1
2025-02-12T05:45:04.506Z [INFO]: [User: Guest | ID: NA] GET /show-company - ::1
2025-02-12T05:45:12.515Z [INFO]: [User: Guest | ID: NA] GET /show-company - ::1
2025-02-12T05:45:14.526Z [INFO]: [User: Guest | ID: NA] GET /show-company - ::1
2025-02-12T05:45:15.644Z [INFO]: [User: Guest | ID: NA] GET /show-company - ::1
2025-02-12T05:45:15.648Z [INFO]: [User: Guest | ID: NA] GET /show-company - ::1
2025-02-12T05:45:16.514Z [INFO]: [User: Guest | ID: NA] GET /show-company - ::1
2025-02-12T05:45:19.816Z [INFO]: [User: Guest | ID: NA] GET /show-company - ::1
2025-02-12T05:45:19.838Z [INFO]: [User: Guest | ID: NA] GET /show-company - ::1
2025-02-12T05:45:37.638Z [INFO]: [User: Guest | ID: NA] GET /show-company - ::1
2025-02-12T05:45:42.514Z [INFO]: [User: Guest | ID: NA] GET /show-company - ::1
2025-02-12T05:45:45.238Z [INFO]: [User: Guest | ID: NA] GET /show-company - ::1
2025-02-12T05:45:45.292Z [INFO]: [User: Guest | ID: NA] GET /show-company - ::1
2025-02-12T05:45:54.058Z [INFO]: [User: Guest | ID: NA] GET /show-company - ::1
2025-02-12T05:45:56.852Z [INFO]: [User: Guest | ID: NA] GET /show-company - ::1
2025-02-12T05:45:57.425Z [INFO]: [User: Guest | ID: NA] GET /show-company - ::1
2025-02-12T05:45:58.808Z [INFO]: [User: Guest | ID: NA] GET /show-company - ::1
2025-02-12T05:46:06.622Z [INFO]: [User: Guest | ID: NA] GET /show-company - ::1
2025-02-12T05:47:03.525Z [INFO]: [User: Guest | ID: NA] GET /show-company - ::1
2025-02-12T05:47:07.536Z [INFO]: [User: Guest | ID: NA] GET /show-company - ::1
2025-02-12T05:47:11.535Z [INFO]: [User: Guest | ID: NA] GET /show-company - ::1
2025-02-12T05:47:12.586Z [INFO]: [User: Guest | ID: NA] GET /show-company - ::1
2025-02-12T05:47:17.267Z [INFO]: [User: Guest | ID: NA] POST /create-company - ::1
2025-02-12T05:47:21.893Z [INFO]: [User: Guest | ID: NA] GET /show-company - ::1
2025-02-12T05:47:21.912Z [INFO]: [User: Guest | ID: NA] GET /show-company - ::1
2025-02-12T05:47:49.529Z [INFO]: [User: Guest | ID: NA] GET /show-company - ::1
2025-02-12T05:47:50.533Z [INFO]: [User: Guest | ID: NA] GET /show-company - ::1
2025-02-12T05:47:56.928Z [INFO]: [User: Guest | ID: NA] GET /show-company - ::1
2025-02-12T05:47:57.509Z [INFO]: [User: Guest | ID: NA] GET /show-company - ::1
2025-02-12T05:47:59.535Z [INFO]: [User: Guest | ID: NA] GET /show-company - ::1
2025-02-12T05:48:11.665Z [INFO]: [User: Guest | ID: NA] POST /create-company - ::1
2025-02-12T05:48:19.209Z [INFO]: [User: Guest | ID: NA] GET /show-company - ::1
2025-02-12T05:48:19.262Z [INFO]: [User: Guest | ID: NA] GET /show-company - ::1
2025-02-12T05:48:23.901Z [INFO]: [User: Guest | ID: NA] GET /show-company - ::1
2025-02-12T05:48:25.800Z [INFO]: [User: Guest | ID: NA] GET /show-company - ::1
2025-02-12T05:48:27.265Z [INFO]: [User: Guest | ID: NA] GET /show-company - ::1
2025-02-12T05:48:32.174Z [INFO]: [User: Guest | ID: NA] GET /show-company - ::1
2025-02-12T05:48:33.151Z [INFO]: [User: Guest | ID: NA] GET /show-company - ::1
2025-02-12T05:49:30.497Z [INFO]: [User: Guest | ID: NA] GET /show-company - ::1
2025-02-12T05:49:33.670Z [INFO]: [User: Guest | ID: NA] GET /show-company - ::1
2025-02-12T05:50:06.936Z [INFO]: [User: Guest | ID: NA] GET /show-company - ::1
2025-02-12T05:50:07.899Z [INFO]: [User: Guest | ID: NA] GET /show-company - ::1
2025-02-12T05:50:12.383Z [INFO]: [User: Guest | ID: NA] POST /create-company - ::1
2025-02-12T05:50:53.789Z [INFO]: [User: Guest | ID: NA] POST /create-company - ::ffff:127.0.0.1
2025-02-12T05:50:54.232Z [INFO]: [User: Guest | ID: NA] POST /create-company - ::ffff:127.0.0.1
2025-02-12T05:52:10.540Z [INFO]: [User: Guest | ID: NA] GET /show-company - ::1
2025-02-12T05:52:14.154Z [INFO]: [User: Guest | ID: NA] POST /create-company - ::1
2025-02-12T05:52:21.536Z [INFO]: [User: Guest | ID: NA] POST /create-company - ::1
2025-02-12T05:52:24.563Z [INFO]: [User: Guest | ID: NA] GET /show-company - ::1
2025-02-12T05:52:24.583Z [INFO]: [User: Guest | ID: NA] GET /show-company - ::1
2025-02-12T05:52:46.485Z [INFO]: [User: Guest | ID: NA] GET /show-company - ::1
2025-02-12T05:52:53.896Z [INFO]: [User: Guest | ID: NA] POST /create-company - ::1
2025-02-12T05:52:57.079Z [INFO]: [User: Guest | ID: NA] GET /show-company - ::1
2025-02-12T05:52:57.095Z [INFO]: [User: Guest | ID: NA] GET /show-company - ::1
2025-02-12T05:53:26.512Z [INFO]: [User: Guest | ID: NA] GET /show-company - ::1
2025-02-12T05:53:27.499Z [INFO]: [User: Guest | ID: NA] GET /show-company - ::1
2025-02-12T05:53:36.510Z [INFO]: [User: Guest | ID: NA] POST /create-company - ::1
2025-02-12T05:53:36.928Z [INFO]: [User: Guest | ID: NA] GET /show-company - ::1
2025-02-12T05:53:36.937Z [INFO]: [User: Guest | ID: NA] GET /show-company - ::1
2025-02-12T05:53:42.270Z [INFO]: [User: Guest | ID: NA] GET /show-company - ::1
2025-02-12T05:53:43.324Z [INFO]: [User: Guest | ID: NA] GET /show-company - ::1
2025-02-12T05:54:37.759Z [INFO]: [User: Guest | ID: NA] GET /show-company - ::1
2025-02-12T05:54:40.225Z [INFO]: [User: Guest | ID: NA] GET /show-company - ::1
2025-02-12T05:54:56.666Z [INFO]: [User: Guest | ID: NA] POST /create-company - ::1
2025-02-12T05:54:57.131Z [INFO]: [User: Guest | ID: NA] GET /show-company - ::1
2025-02-12T05:54:57.179Z [INFO]: [User: Guest | ID: NA] GET /show-company - ::1
2025-02-12T05:57:06.268Z [INFO]: [User: Guest | ID: NA] GET /show-company - ::1
2025-02-12T05:57:06.367Z [INFO]: [User: Guest | ID: NA] GET /show-company - ::1
2025-02-12T05:57:07.720Z [INFO]: [User: Guest | ID: NA] GET /show-company - ::1
2025-02-12T05:57:07.811Z [INFO]: [User: Guest | ID: NA] GET /show-company - ::1
2025-02-12T05:57:27.912Z [INFO]: [User: Guest | ID: NA] GET /show-company - ::1
2025-02-12T05:57:33.614Z [INFO]: [User: Guest | ID: NA] GET /show-company - ::1
2025-02-12T05:57:33.891Z [INFO]: [User: Guest | ID: NA] GET /show-company - ::1
2025-02-12T05:57:35.189Z [INFO]: [User: Guest | ID: NA] GET /show-company - ::1
2025-02-12T05:57:35.666Z [INFO]: [User: Guest | ID: NA] GET /show-company - ::1
2025-02-12T05:57:52.105Z [INFO]: [User: Guest | ID: NA] GET /show-company - ::1
2025-02-12T05:57:52.108Z [INFO]: [User: Guest | ID: NA] GET /show-company - ::1
2025-02-12T05:58:03.405Z [INFO]: [User: Guest | ID: NA] GET /show-company - ::1
2025-02-12T06:01:34.568Z [INFO]: [User: Guest | ID: NA] GET /show-company - ::1
2025-02-12T06:01:34.578Z [INFO]: [User: Guest | ID: NA] GET /show-company - ::1
2025-02-12T06:01:48.712Z [INFO]: [User: Guest | ID: NA] GET /show-company - ::1
2025-02-12T06:01:56.246Z [INFO]: [User: Guest | ID: NA] GET /show-company - ::1
2025-02-12T06:01:56.259Z [INFO]: [User: Guest | ID: NA] GET /show-company - ::1
2025-02-12T06:02:39.401Z [INFO]: [User: Guest | ID: NA] GET /show-company - ::1
2025-02-12T06:02:39.407Z [INFO]: [User: Guest | ID: NA] GET /show-company - ::1
2025-02-12T06:02:46.412Z [INFO]: [User: Guest | ID: NA] GET /show-company - ::1
2025-02-12T06:02:46.414Z [INFO]: [User: Guest | ID: NA] GET /show-company - ::1
2025-02-12T06:05:55.681Z [INFO]: [User: Guest | ID: NA] GET /show-company - ::1
2025-02-12T06:05:55.683Z [INFO]: [User: Guest | ID: NA] GET /show-company - ::1
2025-02-12T06:05:59.511Z [INFO]: [User: Guest | ID: NA] GET /show-company - ::1
2025-02-12T06:05:59.531Z [INFO]: [User: Guest | ID: NA] GET /show-company - ::1
2025-02-12T06:06:35.680Z [INFO]: [User: Guest | ID: NA] GET /show-company - ::1
2025-02-12T06:06:37.422Z [INFO]: [User: Guest | ID: NA] GET /show-company - ::1
2025-02-12T06:06:38.390Z [INFO]: [User: Guest | ID: NA] GET /show-company - ::1
2025-02-12T06:06:39.642Z [INFO]: [User: Guest | ID: NA] GET /show-company - ::1
2025-02-12T06:06:41.618Z [INFO]: [User: Guest | ID: NA] GET /show-company - ::1
2025-02-12T06:06:42.653Z [INFO]: [User: Guest | ID: NA] GET /show-company - ::1
2025-02-12T06:06:45.520Z [INFO]: [User: Guest | ID: NA] GET /show-company - ::1
2025-02-12T06:06:54.146Z [INFO]: [User: Guest | ID: NA] GET /show-company - ::1
2025-02-12T06:06:55.791Z [INFO]: [User: Guest | ID: NA] GET /show-company - ::1
2025-02-12T06:06:56.957Z [INFO]: [User: Guest | ID: NA] GET /show-company - ::1
2025-02-12T06:06:57.978Z [INFO]: [User: Guest | ID: NA] GET /show-company - ::1
2025-02-12T06:06:59.979Z [INFO]: [User: Guest | ID: NA] GET /show-company - ::1
2025-02-12T06:07:00.261Z [INFO]: [User: Guest | ID: NA] GET /show-company - ::1
2025-02-12T06:07:04.199Z [INFO]: [User: Guest | ID: NA] GET /show-company - ::1
2025-02-12T06:07:04.827Z [INFO]: [User: Guest | ID: NA] GET /show-company - ::1
2025-02-12T06:07:05.968Z [INFO]: [User: Guest | ID: NA] GET /show-company - ::1
2025-02-12T06:07:07.987Z [INFO]: [User: Guest | ID: NA] GET /show-company - ::1
2025-02-12T06:07:09.288Z [INFO]: [User: Guest | ID: NA] GET /show-company - ::1
2025-02-12T06:07:09.540Z [INFO]: [User: Guest | ID: NA] GET /show-company - ::1
2025-02-12T06:08:53.589Z [INFO]: [User: Guest | ID: NA] GET /show-company - ::1
2025-02-12T06:08:54.115Z [INFO]: [User: Guest | ID: NA] GET /show-company - ::1
2025-02-12T06:08:57.153Z [INFO]: [User: Guest | ID: NA] GET /show-company - ::1
2025-02-12T06:09:01.161Z [INFO]: [User: Guest | ID: NA] GET /show-company - ::1
2025-02-12T06:09:01.179Z [INFO]: [User: Guest | ID: NA] GET /show-company - ::1
2025-02-12T06:09:11.079Z [INFO]: [User: Guest | ID: NA] GET /show-company - ::1
2025-02-12T06:09:12.100Z [INFO]: [User: Guest | ID: NA] GET /show-company - ::1
2025-02-12T06:09:12.497Z [INFO]: [User: Guest | ID: NA] GET /show-company - ::1
2025-02-12T06:09:12.620Z [INFO]: [User: Guest | ID: NA] GET /show-company - ::1
2025-02-12T06:09:16.568Z [INFO]: [User: Guest | ID: NA] GET /show-company - ::1
2025-02-12T06:09:17.109Z [INFO]: [User: Guest | ID: NA] GET /show-company - ::1
2025-02-12T06:09:17.920Z [INFO]: [User: Guest | ID: NA] GET /show-company - ::1
2025-02-12T06:09:19.374Z [INFO]: [User: Guest | ID: NA] GET /show-company - ::1
2025-02-12T06:09:22.181Z [INFO]: [User: Guest | ID: NA] GET /show-company - ::1
2025-02-12T06:09:22.546Z [INFO]: [User: Guest | ID: NA] GET /show-company - ::1
2025-02-12T06:09:28.225Z [INFO]: [User: Guest | ID: NA] GET /show-company - ::1
2025-02-12T06:10:35.160Z [INFO]: [User: Guest | ID: NA] GET /show-company - ::1
2025-02-12T06:10:40.697Z [INFO]: [User: Guest | ID: NA] GET /show-company - ::1
2025-02-12T06:10:41.782Z [INFO]: [User: Guest | ID: NA] GET /show-company - ::1
2025-02-12T06:10:42.603Z [INFO]: [User: Guest | ID: NA] GET /show-company - ::1
2025-02-12T06:10:50.505Z [INFO]: [User: Guest | ID: NA] GET /show-company - ::1
2025-02-12T06:10:50.514Z [INFO]: [User: Guest | ID: NA] GET /show-company - ::1
2025-02-12T06:10:50.597Z [INFO]: [User: Guest | ID: NA] GET /show-company - ::1
2025-02-12T06:10:52.328Z [INFO]: [User: Guest | ID: NA] GET /show-company - ::1
2025-02-12T06:10:53.260Z [INFO]: [User: Guest | ID: NA] GET /show-company - ::1
2025-02-12T06:10:55.033Z [INFO]: [User: Guest | ID: NA] GET /show-company - ::1
2025-02-12T06:10:55.073Z [INFO]: [User: Guest | ID: NA] GET /show-company - ::1
2025-02-12T06:10:58.098Z [INFO]: [User: Guest | ID: NA] GET /show-company - ::1
2025-02-12T06:10:58.105Z [INFO]: [User: Guest | ID: NA] GET /show-company - ::1
2025-02-12T06:11:13.408Z [INFO]: [User: Guest | ID: NA] GET /show-company - ::1
2025-02-12T06:11:27.457Z [INFO]: [User: Guest | ID: NA] GET /show-company - ::1
2025-02-12T06:11:27.470Z [INFO]: [User: Guest | ID: NA] GET /show-company - ::1
2025-02-12T06:11:30.789Z [INFO]: [User: Guest | ID: NA] GET /show-company - ::1
2025-02-12T06:11:30.799Z [INFO]: [User: Guest | ID: NA] GET /show-company - ::1
2025-02-12T06:11:35.303Z [INFO]: [User: Guest | ID: NA] GET /show-company - ::1
2025-02-12T06:11:36.169Z [INFO]: [User: Guest | ID: NA] GET /show-company - ::1
2025-02-12T06:11:40.792Z [INFO]: [User: Guest | ID: NA] GET /show-company - ::1
2025-02-12T06:11:41.585Z [INFO]: [User: Guest | ID: NA] GET /show-company - ::1
2025-02-12T06:11:42.582Z [INFO]: [User: Guest | ID: NA] GET /show-company - ::1
2025-02-12T06:11:49.055Z [INFO]: [User: Guest | ID: NA] GET /show-company - ::1
2025-02-12T06:11:49.777Z [INFO]: [User: Guest | ID: NA] GET /show-company - ::1
2025-02-12T06:11:54.780Z [INFO]: [User: Guest | ID: NA] GET /show-company - ::1
2025-02-12T06:12:06.993Z [INFO]: [User: Guest | ID: NA] GET /show-company - ::1
2025-02-12T06:12:08.646Z [INFO]: [User: Guest | ID: NA] GET /show-company - ::1
2025-02-12T06:12:12.193Z [INFO]: [User: Guest | ID: NA] GET /show-company - ::1
2025-02-12T06:12:14.311Z [INFO]: [User: Guest | ID: NA] GET /show-company - ::1
2025-02-12T06:12:28.959Z [INFO]: [User: Guest | ID: NA] GET /show-company - ::1
2025-02-12T06:12:30.566Z [INFO]: [User: Guest | ID: NA] GET /show-company - ::1
2025-02-12T06:12:33.307Z [INFO]: [User: Guest | ID: NA] GET /show-company - ::1
2025-02-12T06:12:35.033Z [INFO]: [User: Guest | ID: NA] GET /show-company - ::1
2025-02-12T06:12:38.258Z [INFO]: [User: Guest | ID: NA] GET /show-company - ::1
2025-02-12T06:12:44.279Z [INFO]: [User: Guest | ID: NA] GET /show-company - ::1
2025-02-12T06:13:00.837Z [INFO]: [User: Guest | ID: NA] GET /show-company - ::1
2025-02-12T06:13:02.073Z [INFO]: [User: Guest | ID: NA] GET /show-company - ::1
2025-02-12T06:13:03.129Z [INFO]: [User: Guest | ID: NA] GET /show-company - ::1
2025-02-12T06:13:05.433Z [INFO]: [User: Guest | ID: NA] GET /show-company - ::1
2025-02-12T06:13:06.315Z [INFO]: [User: Guest | ID: NA] GET /show-company - ::1
2025-02-12T06:13:07.012Z [INFO]: [User: Guest | ID: NA] GET /show-company - ::1
2025-02-12T06:13:08.680Z [INFO]: [User: Guest | ID: NA] GET /show-company - ::1
2025-02-12T06:13:09.460Z [INFO]: [User: Guest | ID: NA] GET /show-company - ::1
2025-02-12T06:13:12.078Z [INFO]: [User: Guest | ID: NA] GET /show-company - ::1
2025-02-12T06:13:14.064Z [INFO]: [User: Guest | ID: NA] GET /show-company - ::1
2025-02-12T06:13:15.533Z [INFO]: [User: Guest | ID: NA] GET /show-company - ::1
2025-02-12T06:13:18.230Z [INFO]: [User: Guest | ID: NA] GET /show-company - ::1
2025-02-12T06:13:34.199Z [INFO]: [User: Guest | ID: NA] GET /show-company - ::1
2025-02-12T06:13:36.409Z [INFO]: [User: Guest | ID: NA] GET /show-company - ::1
2025-02-12T06:13:36.784Z [INFO]: [User: Guest | ID: NA] GET /show-company - ::1
2025-02-12T06:13:37.988Z [INFO]: [User: Guest | ID: NA] GET /show-company - ::1
2025-02-12T06:13:39.067Z [INFO]: [User: Guest | ID: NA] GET /show-company - ::1
2025-02-12T06:13:39.894Z [INFO]: [User: Guest | ID: NA] GET /show-company - ::1
2025-02-12T06:13:40.831Z [INFO]: [User: Guest | ID: NA] GET /show-company - ::1
2025-02-12T06:13:41.715Z [INFO]: [User: Guest | ID: NA] GET /show-company - ::1
2025-02-12T06:13:42.294Z [INFO]: [User: Guest | ID: NA] GET /show-company - ::1
2025-02-12T06:13:46.349Z [INFO]: [User: Guest | ID: NA] GET /show-company - ::1
2025-02-12T06:13:52.064Z [INFO]: [User: Guest | ID: NA] GET /show-company - ::1
2025-02-12T06:14:00.339Z [INFO]: [User: Guest | ID: NA] GET /show-company - ::1
2025-02-12T06:14:09.714Z [INFO]: [User: Guest | ID: NA] GET /show-company - ::1
2025-02-12T06:14:54.096Z [INFO]: [User: Guest | ID: NA] GET /show-company - ::1
2025-02-12T06:14:55.439Z [INFO]: [User: Guest | ID: NA] GET /show-company - ::1
2025-02-12T06:14:57.617Z [INFO]: [User: Guest | ID: NA] GET /show-company - ::1
2025-02-12T06:15:04.720Z [INFO]: [User: Guest | ID: NA] GET /show-company - ::1
2025-02-12T06:15:06.628Z [INFO]: [User: Guest | ID: NA] GET /show-company - ::1
2025-02-12T06:15:12.114Z [INFO]: [User: Guest | ID: NA] GET /show-company - ::1
2025-02-12T06:15:22.380Z [INFO]: [User: Guest | ID: NA] GET /show-company - ::1
2025-02-12T06:15:23.625Z [INFO]: [User: Guest | ID: NA] GET /show-company - ::1
2025-02-12T06:15:31.809Z [INFO]: [User: Guest | ID: NA] GET /show-company - ::1
2025-02-12T06:15:36.948Z [INFO]: [User: Guest | ID: NA] GET /show-company - ::1
2025-02-12T06:15:46.461Z [INFO]: [User: Guest | ID: NA] GET /show-company - ::1
2025-02-12T06:15:51.329Z [INFO]: [User: Guest | ID: NA] GET /show-company - ::1
2025-02-12T06:15:52.559Z [INFO]: [User: Guest | ID: NA] GET /show-company - ::1
2025-02-12T06:15:53.196Z [INFO]: [User: Guest | ID: NA] GET /show-company - ::1
2025-02-12T06:15:57.733Z [INFO]: [User: Guest | ID: NA] GET /show-company - ::1
2025-02-12T06:16:04.259Z [INFO]: [User: Guest | ID: NA] GET /show-company - ::1
2025-02-12T06:16:05.688Z [INFO]: [User: Guest | ID: NA] GET /show-company - ::1
2025-02-12T06:16:09.230Z [INFO]: [User: Guest | ID: NA] GET /show-company - ::1
2025-02-12T06:16:10.233Z [INFO]: [User: Guest | ID: NA] GET /show-company - ::1
2025-02-12T06:16:11.528Z [INFO]: [User: Guest | ID: NA] GET /show-company - ::1
2025-02-12T06:16:13.279Z [INFO]: [User: Guest | ID: NA] GET /show-company - ::1
2025-02-12T06:16:14.721Z [INFO]: [User: Guest | ID: NA] GET /show-company - ::1
2025-02-12T06:16:16.955Z [INFO]: [User: Guest | ID: NA] GET /show-company - ::1
2025-02-12T06:17:06.318Z [INFO]: [User: Guest | ID: NA] GET /show-company - ::1
2025-02-12T06:17:11.982Z [INFO]: [User: Guest | ID: NA] GET /show-company - ::1
2025-02-12T06:17:14.001Z [INFO]: [User: Guest | ID: NA] GET /show-company - ::1
2025-02-12T06:17:14.183Z [INFO]: [User: Guest | ID: NA] GET /show-company - ::1
2025-02-12T06:17:17.064Z [INFO]: [User: Guest | ID: NA] GET /show-company - ::1
2025-02-12T06:17:20.769Z [INFO]: [User: Guest | ID: NA] GET /show-company - ::1
2025-02-12T06:17:23.210Z [INFO]: [User: Guest | ID: NA] GET /show-company - ::1
2025-02-12T06:17:28.739Z [INFO]: [User: Guest | ID: NA] GET /show-company - ::1
2025-02-12T06:17:32.438Z [INFO]: [User: Guest | ID: NA] GET /show-company - ::1
2025-02-12T06:17:33.451Z [INFO]: [User: Guest | ID: NA] GET /show-company - ::1
2025-02-12T06:17:35.022Z [INFO]: [User: Guest | ID: NA] GET /show-company - ::1
2025-02-12T06:17:40.790Z [INFO]: [User: Guest | ID: NA] GET /show-company - ::1
2025-02-12T06:17:41.852Z [INFO]: [User: Guest | ID: NA] GET /show-company - ::1
2025-02-12T06:17:42.705Z [INFO]: [User: Guest | ID: NA] GET /show-company - ::1
2025-02-12T06:17:51.039Z [INFO]: [User: Guest | ID: NA] GET /show-company - ::1
2025-02-12T06:17:51.319Z [INFO]: [User: Guest | ID: NA] GET /show-company - ::1
2025-02-12T06:17:52.159Z [INFO]: [User: Guest | ID: NA] GET /show-company - ::1
2025-02-12T06:18:17.870Z [INFO]: [User: Guest | ID: NA] GET /show-company - ::1
2025-02-12T06:18:18.829Z [INFO]: [User: Guest | ID: NA] GET /show-company - ::1
2025-02-12T06:18:20.796Z [INFO]: [User: Guest | ID: NA] GET /show-company - ::1
2025-02-12T06:18:23.011Z [INFO]: [User: Guest | ID: NA] GET /show-company - ::1
2025-02-12T06:18:24.078Z [INFO]: [User: Guest | ID: NA] GET /show-company - ::1
2025-02-12T06:18:25.756Z [INFO]: [User: Guest | ID: NA] GET /show-company - ::1
2025-02-12T06:18:27.955Z [INFO]: [User: Guest | ID: NA] GET /show-company - ::1
2025-02-12T06:18:33.656Z [INFO]: [User: Guest | ID: NA] GET /show-company - ::1
2025-02-12T06:18:40.532Z [INFO]: [User: Guest | ID: NA] GET /show-company - ::1
2025-02-12T06:18:41.827Z [INFO]: [User: Guest | ID: NA] GET /show-company - ::1
2025-02-12T06:19:07.845Z [INFO]: [User: Guest | ID: NA] GET /show-company - ::1
2025-02-12T06:19:07.859Z [INFO]: [User: Guest | ID: NA] GET /show-company - ::1
2025-02-12T06:19:10.859Z [INFO]: [User: Guest | ID: NA] GET /show-company - ::1
2025-02-12T06:19:10.867Z [INFO]: [User: Guest | ID: NA] GET /show-company - ::1
2025-02-12T06:19:14.436Z [INFO]: [User: Guest | ID: NA] GET /show-company - ::1
2025-02-12T06:19:14.442Z [INFO]: [User: Guest | ID: NA] GET /show-company - ::1
2025-02-12T06:19:18.471Z [INFO]: [User: Guest | ID: NA] GET /show-company - ::1
2025-02-12T06:19:18.490Z [INFO]: [User: Guest | ID: NA] GET /show-company - ::1
2025-02-12T06:19:21.251Z [INFO]: [User: Guest | ID: NA] GET /show-company - ::1
2025-02-12T06:19:21.258Z [INFO]: [User: Guest | ID: NA] GET /show-company - ::1
2025-02-12T06:19:30.990Z [INFO]: [User: Guest | ID: NA] GET /show-company - ::1
2025-02-12T06:19:31.005Z [INFO]: [User: Guest | ID: NA] GET /show-company - ::1
2025-02-12T06:19:36.692Z [INFO]: [User: Guest | ID: NA] GET /show-company - ::1
2025-02-12T06:19:38.575Z [INFO]: [User: Guest | ID: NA] GET /show-company - ::1
2025-02-12T06:19:40.912Z [INFO]: [User: Guest | ID: NA] GET /show-company - ::1
2025-02-12T06:19:42.126Z [INFO]: [User: Guest | ID: NA] GET /show-company - ::1
2025-02-12T06:19:43.616Z [INFO]: [User: Guest | ID: NA] GET /show-company - ::1
2025-02-12T06:19:44.259Z [INFO]: [User: Guest | ID: NA] GET /show-company - ::1
2025-02-12T06:19:45.315Z [INFO]: [User: Guest | ID: NA] GET /show-company - ::1
2025-02-12T06:19:59.795Z [INFO]: [User: Guest | ID: NA] GET /show-company - ::1
2025-02-12T06:20:04.260Z [INFO]: [User: Guest | ID: NA] GET /show-company - ::1
2025-02-12T06:20:06.029Z [INFO]: [User: Guest | ID: NA] GET /show-company - ::1
2025-02-12T06:20:07.312Z [INFO]: [User: Guest | ID: NA] GET /show-company - ::1
2025-02-12T06:20:47.439Z [INFO]: [User: Guest | ID: NA] GET /show-company - ::1
2025-02-12T06:20:59.227Z [INFO]: [User: Guest | ID: NA] GET /show-company - ::1
2025-02-12T06:23:43.746Z [INFO]: [User: Guest | ID: NA] GET /show-company - ::1
2025-02-12T06:23:43.798Z [INFO]: [User: Guest | ID: NA] GET /show-company - ::1
2025-02-12T06:23:50.289Z [INFO]: [User: Guest | ID: NA] GET /show-company - ::1
2025-02-12T06:23:50.406Z [INFO]: [User: Guest | ID: NA] GET /show-company - ::1
2025-02-12T06:23:50.601Z [INFO]: [User: Guest | ID: NA] GET /show-company - ::1
2025-02-12T06:23:55.186Z [INFO]: [User: Guest | ID: NA] GET /show-company - ::1
2025-02-12T06:23:55.195Z [INFO]: [User: Guest | ID: NA] GET /show-company - ::1
2025-02-12T06:23:58.970Z [INFO]: [User: Guest | ID: NA] GET /show-company - ::1
2025-02-12T06:23:58.975Z [INFO]: [User: Guest | ID: NA] GET /show-company - ::1
2025-02-12T06:26:05.453Z [INFO]: [User: Guest | ID: NA] GET /show-users - ::1
2025-02-12T06:26:05.478Z [INFO]: [User: Guest | ID: NA] GET /show-users - ::1
2025-02-12T06:26:25.299Z [INFO]: [User: Guest | ID: NA] GET /show-users - ::1
2025-02-12T06:26:52.268Z [INFO]: [User: Guest | ID: NA] GET /show-users - ::ffff:127.0.0.1
2025-02-12T06:26:53.786Z [INFO]: [User: Guest | ID: NA] GET /show-users - ::ffff:127.0.0.1
2025-02-12T06:26:55.658Z [INFO]: [User: Guest | ID: NA] GET /show-users - ::ffff:127.0.0.1
2025-02-12T06:26:57.053Z [INFO]: [User: Guest | ID: NA] GET /show-users - ::ffff:127.0.0.1
2025-02-12T06:27:06.285Z [INFO]: [User: Guest | ID: NA] GET /show-users - ::1
2025-02-12T06:27:06.900Z [INFO]: [User: Guest | ID: NA] GET /show-users - ::1
2025-02-12T06:27:13.883Z [INFO]: [User: Guest | ID: NA] GET /show-users - ::1
2025-02-12T06:27:43.583Z [INFO]: [User: Guest | ID: NA] GET /show-company - ::1
2025-02-12T06:27:43.591Z [INFO]: [User: Guest | ID: NA] GET /show-company - ::1
2025-02-12T06:27:46.204Z [INFO]: [User: Guest | ID: NA] DELETE /delete/43 - ::1
2025-02-12T06:27:49.370Z [INFO]: [User: Guest | ID: NA] GET /show-company - ::1
2025-02-12T06:27:49.386Z [INFO]: [User: Guest | ID: NA] GET /show-company - ::1
2025-02-12T06:27:51.748Z [INFO]: [User: Guest | ID: NA] GET /show-company - ::1
2025-02-12T06:28:24.471Z [INFO]: [User: Guest | ID: NA] GET /show-company - ::1
2025-02-12T06:28:25.936Z [INFO]: [User: Guest | ID: NA] GET /show-company - ::1
2025-02-12T06:28:27.834Z [INFO]: [User: Guest | ID: NA] GET /show-company - ::1
2025-02-12T06:28:27.948Z [INFO]: [User: Guest | ID: NA] GET /show-company - ::1
2025-02-12T06:28:31.466Z [INFO]: [User: Guest | ID: NA] DELETE /delete/49 - ::1
2025-02-12T06:29:21.122Z [INFO]: [User: Guest | ID: NA] GET /show-company - ::ffff:127.0.0.1
2025-02-12T06:29:21.146Z [INFO]: [User: Guest | ID: NA] GET /show-company - ::1
2025-02-12T06:29:23.894Z [INFO]: [User: Guest | ID: NA] DELETE /delete/43 - ::1
2025-02-12T06:29:34.820Z [INFO]: [User: Guest | ID: NA] GET /show-company - ::1
2025-02-12T06:29:34.840Z [INFO]: [User: Guest | ID: NA] GET /show-company - ::1
2025-02-12T06:29:37.142Z [INFO]: [User: Guest | ID: NA] DELETE /delete/50 - ::1
2025-02-12T06:31:00.157Z [INFO]: [User: Guest | ID: NA] DELETE /shodelete-company/49 - ::1
2025-02-12T06:31:57.577Z [INFO]: [User: Guest | ID: NA] DELETE /delete-company/49 - ::1
2025-02-12T06:32:06.831Z [INFO]: [User: Guest | ID: NA] GET /show-company - ::1
2025-02-12T06:32:06.847Z [INFO]: [User: Guest | ID: NA] GET /show-company - ::1
2025-02-12T06:32:30.271Z [INFO]: [User: Guest | ID: NA] DELETE /delete-company/49 - ::1
2025-02-12T06:32:43.429Z [INFO]: [User: Guest | ID: NA] DELETE /delete-company/49 - ::1
2025-02-12T06:32:54.866Z [INFO]: [User: Guest | ID: NA] DELETE /delete-company/49 - ::1
2025-02-12T06:33:30.667Z [INFO]: [User: Guest | ID: NA] GET /show-company - ::1
2025-02-12T06:33:30.710Z [INFO]: [User: Guest | ID: NA] GET /show-company - ::1
2025-02-12T06:33:33.200Z [INFO]: [User: Guest | ID: NA] DELETE /delete/43 - ::1
2025-02-12T06:33:35.471Z [INFO]: [User: Guest | ID: NA] GET /show-company - ::1
2025-02-12T06:33:35.482Z [INFO]: [User: Guest | ID: NA] GET /show-company - ::1
2025-02-12T06:33:57.692Z [INFO]: [User: Guest | ID: NA] GET /show-company - ::1
2025-02-12T06:34:21.948Z [INFO]: [User: Guest | ID: NA] GET /show-company - ::1
2025-02-12T06:34:24.631Z [INFO]: [User: Guest | ID: NA] GET /show-company - ::1
2025-02-12T06:34:35.692Z [INFO]: [User: Guest | ID: NA] GET /show-company - ::1
2025-02-12T06:34:49.966Z [INFO]: [User: Guest | ID: NA] GET /show-company - ::1
2025-02-12T06:35:03.571Z [INFO]: [User: Guest | ID: NA] GET /show-company - ::1
2025-02-12T06:35:04.408Z [INFO]: [User: Guest | ID: NA] GET /show-company - ::1
2025-02-12T06:35:32.204Z [INFO]: [User: Guest | ID: NA] GET /show-company - ::1
2025-02-12T06:35:32.529Z [INFO]: [User: Guest | ID: NA] GET /show-company - ::1
2025-02-12T06:35:57.073Z [INFO]: [User: Guest | ID: NA] GET /show-company - ::1
2025-02-12T06:35:59.046Z [INFO]: [User: Guest | ID: NA] GET /show-company - ::1
2025-02-12T06:36:02.465Z [INFO]: [User: Guest | ID: NA] GET /show-company - ::1
2025-02-12T06:36:04.407Z [INFO]: [User: Guest | ID: NA] GET /show-company - ::1
2025-02-12T06:36:08.020Z [INFO]: [User: Guest | ID: NA] GET /show-company - ::1
2025-02-12T06:36:08.022Z [INFO]: [User: Guest | ID: NA] GET /show-company - ::1
2025-02-12T06:36:09.194Z [INFO]: [User: Guest | ID: NA] DELETE /delete-company/43 - ::1
2025-02-12T06:36:10.094Z [INFO]: [User: Guest | ID: NA] DELETE /delete-company/43 - ::1
2025-02-12T06:36:10.258Z [INFO]: [User: Guest | ID: NA] DELETE /delete-company/43 - ::1
2025-02-12T06:36:10.433Z [INFO]: [User: Guest | ID: NA] DELETE /delete-company/43 - ::1
2025-02-12T06:36:10.589Z [INFO]: [User: Guest | ID: NA] DELETE /delete-company/43 - ::1
2025-02-12T06:36:10.750Z [INFO]: [User: Guest | ID: NA] DELETE /delete-company/43 - ::1
2025-02-12T06:36:12.745Z [INFO]: [User: Guest | ID: NA] GET /show-company - ::1
2025-02-12T06:36:12.751Z [INFO]: [User: Guest | ID: NA] GET /show-company - ::1
2025-02-12T06:36:16.093Z [INFO]: [User: Guest | ID: NA] DELETE /delete-company/50 - ::1
2025-02-12T06:36:17.737Z [INFO]: [User: Guest | ID: NA] GET /show-company - ::1
2025-02-12T06:36:17.749Z [INFO]: [User: Guest | ID: NA] GET /show-company - ::1
2025-02-12T06:36:27.797Z [INFO]: [User: Guest | ID: NA] GET /show-company - ::1
2025-02-12T06:36:27.960Z [INFO]: [User: Guest | ID: NA] GET /show-company - ::1
2025-02-12T06:36:41.427Z [INFO]: [User: Guest | ID: NA] GET /show-company - ::1
2025-02-12T06:36:41.904Z [INFO]: [User: Guest | ID: NA] GET /show-company - ::1
2025-02-12T06:36:43.191Z [INFO]: [User: Guest | ID: NA] GET /show-company - ::1
2025-02-12T06:36:46.917Z [INFO]: [User: Guest | ID: NA] GET /show-company - ::1
2025-02-12T06:36:49.719Z [INFO]: [User: Guest | ID: NA] GET /show-company - ::1
2025-02-12T06:36:54.255Z [INFO]: [User: Guest | ID: NA] GET /show-company - ::1
2025-02-12T06:36:57.608Z [INFO]: [User: Guest | ID: NA] GET /show-company - ::1
2025-02-12T06:36:58.295Z [INFO]: [User: Guest | ID: NA] GET /show-company - ::1
2025-02-12T06:37:00.708Z [INFO]: [User: Guest | ID: NA] GET /show-company - ::1
2025-02-12T06:37:02.693Z [INFO]: [User: Guest | ID: NA] GET /show-company - ::1
2025-02-12T06:37:05.951Z [INFO]: [User: Guest | ID: NA] GET /show-company - ::1
2025-02-12T06:37:10.611Z [INFO]: [User: Guest | ID: NA] GET /show-company - ::1
2025-02-12T06:37:11.691Z [INFO]: [User: Guest | ID: NA] GET /show-company - ::1
2025-02-12T06:37:13.693Z [INFO]: [User: Guest | ID: NA] GET /show-company - ::1
2025-02-12T06:37:15.399Z [INFO]: [User: Guest | ID: NA] GET /show-company - ::1
2025-02-12T06:37:35.219Z [INFO]: [User: Guest | ID: NA] GET /show-company - ::1
2025-02-12T06:37:37.666Z [INFO]: [User: Guest | ID: NA] GET /show-company - ::1
2025-02-12T06:37:40.708Z [INFO]: [User: Guest | ID: NA] GET /show-company - ::1
2025-02-12T06:37:41.518Z [INFO]: [User: Guest | ID: NA] GET /show-company - ::1
2025-02-12T06:37:42.920Z [INFO]: [User: Guest | ID: NA] GET /show-company - ::1
2025-02-12T06:37:43.014Z [INFO]: [User: Guest | ID: NA] GET /show-company - ::1
2025-02-12T06:37:45.141Z [INFO]: [User: Guest | ID: NA] GET /show-company - ::1
2025-02-12T06:37:50.932Z [INFO]: [User: Guest | ID: NA] GET /show-company - ::1
2025-02-12T06:37:51.412Z [INFO]: [User: Guest | ID: NA] GET /show-company - ::1
2025-02-12T06:37:53.261Z [INFO]: [User: Guest | ID: NA] GET /show-company - ::1
2025-02-12T06:37:54.392Z [INFO]: [User: Guest | ID: NA] GET /show-company - ::1
2025-02-12T06:37:54.537Z [INFO]: [User: Guest | ID: NA] GET /show-company - ::1
2025-02-12T06:37:57.084Z [INFO]: [User: Guest | ID: NA] GET /show-company - ::1
2025-02-12T06:37:57.100Z [INFO]: [User: Guest | ID: NA] GET /show-company - ::1
2025-02-12T06:37:59.350Z [INFO]: [User: Guest | ID: NA] DELETE /delete-company/52 - ::1
2025-02-12T06:38:03.300Z [INFO]: [User: Guest | ID: NA] GET /show-company - ::1
2025-02-12T06:38:03.313Z [INFO]: [User: Guest | ID: NA] GET /show-company - ::1
2025-02-12T06:38:15.232Z [INFO]: [User: Guest | ID: NA] GET /show-company - ::1
2025-02-12T06:38:17.271Z [INFO]: [User: Guest | ID: NA] GET /show-company - ::1
2025-02-12T06:38:29.998Z [INFO]: [User: Guest | ID: NA] GET /show-company - ::1
2025-02-12T06:38:30.349Z [INFO]: [User: Guest | ID: NA] GET /show-company - ::1
2025-02-12T06:38:33.070Z [INFO]: [User: Guest | ID: NA] GET /show-company - ::1
2025-02-12T06:38:39.316Z [INFO]: [User: Guest | ID: NA] GET /show-company - ::1
2025-02-12T06:38:40.606Z [INFO]: [User: Guest | ID: NA] GET /show-company - ::1
2025-02-12T06:38:41.793Z [INFO]: [User: Guest | ID: NA] GET /show-company - ::1
2025-02-12T06:38:43.128Z [INFO]: [User: Guest | ID: NA] GET /show-company - ::1
2025-02-12T06:38:44.359Z [INFO]: [User: Guest | ID: NA] GET /show-company - ::1
2025-02-12T06:39:04.741Z [INFO]: [User: Guest | ID: NA] GET /show-company - ::1
2025-02-12T06:39:05.554Z [INFO]: [User: Guest | ID: NA] GET /show-company - ::1
2025-02-12T06:39:07.196Z [INFO]: [User: Guest | ID: NA] GET /show-company - ::1
2025-02-12T06:39:11.369Z [INFO]: [User: Guest | ID: NA] GET /show-company - ::1
2025-02-12T06:39:20.032Z [INFO]: [User: Guest | ID: NA] GET /show-company - ::1
2025-02-12T06:39:24.477Z [INFO]: [User: Guest | ID: NA] GET /show-company - ::1
2025-02-12T06:39:34.974Z [INFO]: [User: Guest | ID: NA] GET /show-company - ::1
2025-02-12T06:39:36.936Z [INFO]: [User: Guest | ID: NA] GET /show-company - ::1
2025-02-12T06:39:38.294Z [INFO]: [User: Guest | ID: NA] GET /show-company - ::1
2025-02-12T06:39:41.777Z [INFO]: [User: Guest | ID: NA] GET /show-company - ::1
2025-02-12T06:39:44.003Z [INFO]: [User: Guest | ID: NA] GET /show-company - ::1
2025-02-12T06:39:46.574Z [INFO]: [User: Guest | ID: NA] GET /show-company - ::1
2025-02-12T06:39:50.039Z [INFO]: [User: Guest | ID: NA] GET /show-company - ::1
2025-02-12T06:39:54.146Z [INFO]: [User: Guest | ID: NA] GET /show-company - ::1
2025-02-12T06:39:55.717Z [INFO]: [User: Guest | ID: NA] GET /show-company - ::1
2025-02-12T06:39:58.123Z [INFO]: [User: Guest | ID: NA] GET /show-company - ::1
2025-02-12T06:40:01.376Z [INFO]: [User: Guest | ID: NA] GET /show-company - ::1
2025-02-12T06:40:02.453Z [INFO]: [User: Guest | ID: NA] GET /show-company - ::1
2025-02-12T06:40:06.598Z [INFO]: [User: Guest | ID: NA] GET /show-company - ::1
2025-02-12T06:40:08.352Z [INFO]: [User: Guest | ID: NA] GET /show-company - ::1
2025-02-12T06:40:08.488Z [INFO]: [User: Guest | ID: NA] GET /show-company - ::1
2025-02-12T06:40:08.664Z [INFO]: [User: Guest | ID: NA] GET /show-company - ::1
2025-02-12T06:40:08.780Z [INFO]: [User: Guest | ID: NA] GET /show-company - ::1
2025-02-12T06:40:12.631Z [INFO]: [User: Guest | ID: NA] GET /show-company - ::1
2025-02-12T06:40:13.098Z [INFO]: [User: Guest | ID: NA] GET /show-company - ::1
2025-02-12T06:40:13.586Z [INFO]: [User: Guest | ID: NA] GET /show-company - ::1
2025-02-12T06:40:13.745Z [INFO]: [User: Guest | ID: NA] GET /show-company - ::1
2025-02-12T06:40:14.732Z [INFO]: [User: Guest | ID: NA] GET /show-company - ::1
2025-02-12T06:40:15.482Z [INFO]: [User: Guest | ID: NA] GET /show-company - ::1
2025-02-12T06:40:17.083Z [INFO]: [User: Guest | ID: NA] GET /show-company - ::1
2025-02-12T06:40:18.793Z [INFO]: [User: Guest | ID: NA] GET /show-company - ::1
2025-02-12T06:40:21.625Z [INFO]: [User: Guest | ID: NA] DELETE /delete-company/44 - ::1
2025-02-12T06:40:26.468Z [INFO]: [User: Guest | ID: NA] GET /show-company - ::1
2025-02-12T06:40:59.524Z [INFO]: [User: Guest | ID: NA] GET /show-company - ::1
2025-02-12T06:41:02.655Z [INFO]: [User: Guest | ID: NA] GET /show-company - ::1
2025-02-12T06:41:09.471Z [INFO]: [User: Guest | ID: NA] GET /show-company - ::1
2025-02-12T06:41:15.461Z [INFO]: [User: Guest | ID: NA] GET /show-company - ::1
2025-02-12T06:41:22.468Z [INFO]: [User: Guest | ID: NA] GET /show-company - ::1
2025-02-12T06:41:40.507Z [INFO]: [User: Guest | ID: NA] GET /show-company - ::1
2025-02-12T06:41:42.460Z [INFO]: [User: Guest | ID: NA] GET /show-company - ::1
2025-02-12T06:41:44.631Z [INFO]: [User: Guest | ID: NA] GET /show-company - ::1
2025-02-12T06:41:47.657Z [INFO]: [User: Guest | ID: NA] GET /show-company - ::1
2025-02-12T06:41:48.464Z [INFO]: [User: Guest | ID: NA] GET /show-company - ::1
2025-02-12T06:41:49.471Z [INFO]: [User: Guest | ID: NA] GET /show-company - ::1
2025-02-12T06:42:03.394Z [INFO]: [User: Guest | ID: NA] POST /create-company - ::1
2025-02-12T06:42:04.498Z [INFO]: [User: Guest | ID: NA] GET /show-company - ::1
2025-02-12T06:42:04.506Z [INFO]: [User: Guest | ID: NA] GET /show-company - ::1
2025-02-12T06:42:12.197Z [INFO]: [User: Guest | ID: NA] DELETE /delete-company/5 - ::1
2025-02-12T06:42:16.009Z [INFO]: [User: Guest | ID: NA] GET /show-company - ::1
2025-02-12T06:42:16.018Z [INFO]: [User: Guest | ID: NA] GET /show-company - ::1
2025-02-12T06:42:19.347Z [INFO]: [User: Guest | ID: NA] GET /show-company - ::1
2025-02-12T06:42:24.629Z [INFO]: [User: Guest | ID: NA] GET /show-company - ::1
2025-02-12T06:42:33.708Z [INFO]: [User: Guest | ID: NA] POST /create-company - ::1
2025-02-12T06:42:34.363Z [INFO]: [User: Guest | ID: NA] GET /show-company - ::1
2025-02-12T06:42:34.384Z [INFO]: [User: Guest | ID: NA] GET /show-company - ::1
2025-02-12T06:42:46.156Z [INFO]: [User: Guest | ID: NA] GET /show-company - ::1
2025-02-12T06:42:54.768Z [INFO]: [User: Guest | ID: NA] GET /show-company - ::1
2025-02-12T06:42:56.576Z [INFO]: [User: Guest | ID: NA] DELETE /delete-company/53 - ::1
2025-02-12T06:42:57.303Z [INFO]: [User: Guest | ID: NA] GET /show-company - ::1
2025-02-12T06:42:57.308Z [INFO]: [User: Guest | ID: NA] GET /show-company - ::1
2025-02-12T06:43:17.354Z [INFO]: [User: Guest | ID: NA] GET /show-company - ::1
2025-02-12T06:43:19.302Z [INFO]: [User: Guest | ID: NA] GET /show-company - ::1
2025-02-12T06:43:20.098Z [INFO]: [User: Guest | ID: NA] GET /show-company - ::1
2025-02-12T06:43:20.787Z [INFO]: [User: Guest | ID: NA] GET /show-company - ::1
2025-02-12T06:43:21.244Z [INFO]: [User: Guest | ID: NA] GET /show-company - ::1
2025-02-12T06:43:23.857Z [INFO]: [User: Guest | ID: NA] GET /show-company - ::1
2025-02-12T06:43:24.668Z [INFO]: [User: Guest | ID: NA] GET /show-company - ::1
2025-02-12T06:43:24.882Z [INFO]: [User: Guest | ID: NA] GET /show-company - ::1
2025-02-12T06:43:25.088Z [INFO]: [User: Guest | ID: NA] GET /show-company - ::1
2025-02-12T06:43:27.202Z [INFO]: [User: Guest | ID: NA] GET /show-company - ::1
2025-02-12T06:43:27.233Z [INFO]: [User: Guest | ID: NA] GET /show-company - ::1
2025-02-12T06:43:34.060Z [INFO]: [User: Guest | ID: NA] GET /show-company - ::1
2025-02-12T06:43:34.080Z [INFO]: [User: Guest | ID: NA] GET /show-company - ::1
2025-02-12T06:43:37.802Z [INFO]: [User: Guest | ID: NA] GET /show-company - ::1
2025-02-12T06:43:39.814Z [INFO]: [User: Guest | ID: NA] GET /show-company - ::1
2025-02-12T06:43:41.005Z [INFO]: [User: Guest | ID: NA] GET /show-company - ::1
2025-02-12T06:43:49.729Z [INFO]: [User: Guest | ID: NA] GET /show-company - ::1
2025-02-12T06:44:49.461Z [INFO]: [User: Guest | ID: NA] GET /show-company - ::1
2025-02-12T06:44:49.536Z [INFO]: [User: Guest | ID: NA] GET /show-company - ::1
2025-02-12T06:44:51.447Z [INFO]: [User: Guest | ID: NA] GET /show-company - ::1
2025-02-12T06:44:56.552Z [INFO]: [User: Guest | ID: NA] GET /show-company - ::1
2025-02-12T06:44:56.567Z [INFO]: [User: Guest | ID: NA] GET /show-company - ::1
2025-02-12T06:44:56.593Z [INFO]: [User: Guest | ID: NA] GET /show-company - ::1
2025-02-12T06:44:56.641Z [INFO]: [User: Guest | ID: NA] GET /show-company - ::1
2025-02-12T06:45:10.684Z [INFO]: [User: Guest | ID: NA] POST /create-company - ::1
2025-02-12T06:45:11.326Z [INFO]: [User: Guest | ID: NA] GET /show-company - ::1
2025-02-12T06:45:11.330Z [INFO]: [User: Guest | ID: NA] GET /show-company - ::1
2025-02-12T06:45:11.341Z [INFO]: [User: Guest | ID: NA] GET /show-company - ::1
2025-02-12T06:45:11.344Z [INFO]: [User: Guest | ID: NA] GET /show-company - ::1
2025-02-12T06:45:13.422Z [INFO]: [User: Guest | ID: NA] DELETE /delete-company/55 - ::1
2025-02-12T06:45:14.122Z [INFO]: [User: Guest | ID: NA] GET /show-company - ::1
2025-02-12T06:45:14.139Z [INFO]: [User: Guest | ID: NA] GET /show-company - ::1
2025-02-12T06:45:14.167Z [INFO]: [User: Guest | ID: NA] GET /show-company - ::1
2025-02-12T06:45:14.170Z [INFO]: [User: Guest | ID: NA] GET /show-company - ::1
2025-02-12T06:45:20.124Z [INFO]: [User: Guest | ID: NA] GET /show-company - ::1
2025-02-12T06:45:20.145Z [INFO]: [User: Guest | ID: NA] GET /show-company - ::1
2025-02-12T06:45:43.630Z [INFO]: [User: Guest | ID: NA] GET /show-company - ::1
2025-02-12T06:45:43.652Z [INFO]: [User: Guest | ID: NA] GET /show-company - ::1
2025-02-12T06:45:45.673Z [INFO]: [User: Guest | ID: NA] GET /show-company - ::1
2025-02-12T06:45:45.684Z [INFO]: [User: Guest | ID: NA] GET /show-company - ::1
2025-02-12T06:46:02.451Z [INFO]: [User: Guest | ID: NA] GET /show-company - ::1
2025-02-12T06:46:04.459Z [INFO]: [User: Guest | ID: NA] GET /show-company - ::1
2025-02-12T06:46:24.899Z [INFO]: [User: Guest | ID: NA] GET /show-company - ::1
2025-02-12T06:46:25.457Z [INFO]: [User: Guest | ID: NA] GET /show-company - ::1
2025-02-12T06:46:32.491Z [INFO]: [User: Guest | ID: NA] GET /show-company - ::1
2025-02-12T06:46:54.464Z [INFO]: [User: Guest | ID: NA] GET /show-company - ::1
2025-02-12T06:46:56.465Z [INFO]: [User: Guest | ID: NA] GET /show-company - ::1
2025-02-12T06:46:57.455Z [INFO]: [User: Guest | ID: NA] GET /show-company - ::1
2025-02-12T06:47:01.986Z [INFO]: [User: Guest | ID: NA] GET /show-company - ::1
2025-02-12T06:47:02.008Z [INFO]: [User: Guest | ID: NA] GET /show-company - ::1
2025-02-12T06:47:08.050Z [INFO]: [User: Guest | ID: NA] POST /create-company - ::1
2025-02-12T06:47:09.070Z [INFO]: [User: Guest | ID: NA] GET /show-company - ::1
2025-02-12T06:47:09.077Z [INFO]: [User: Guest | ID: NA] GET /show-company - ::1
2025-02-12T06:47:19.240Z [INFO]: [User: Guest | ID: NA] GET /show-company - ::1
2025-02-12T06:47:26.587Z [INFO]: [User: Guest | ID: NA] POST /create-company - ::1
2025-02-12T06:49:18.114Z [INFO]: [User: Guest | ID: NA] GET /show-company - ::1
2025-02-12T06:49:21.701Z [INFO]: [User: Guest | ID: NA] GET /show-company - ::1
2025-02-12T06:49:24.963Z [INFO]: [User: Guest | ID: NA] POST /create-company - ::1
2025-02-12T06:49:30.708Z [INFO]: [User: Guest | ID: NA] GET /show-company - ::1
2025-02-12T06:49:34.174Z [INFO]: [User: Guest | ID: NA] GET /show-company - ::1
2025-02-12T06:49:43.343Z [INFO]: [User: Guest | ID: NA] GET /show-company - ::1
2025-02-12T06:49:44.808Z [INFO]: [User: Guest | ID: NA] GET /show-company - ::1
2025-02-12T06:49:46.748Z [INFO]: [User: Guest | ID: NA] POST /create-company - ::1
2025-02-12T06:49:53.483Z [INFO]: [User: Guest | ID: NA] GET /show-company - ::1
2025-02-12T06:49:55.667Z [INFO]: [User: Guest | ID: NA] GET /show-company - ::1
2025-02-12T06:49:58.136Z [INFO]: [User: Guest | ID: NA] GET /show-company - ::1
2025-02-12T06:50:03.646Z [INFO]: [User: Guest | ID: NA] POST /create-company - ::1
2025-02-12T06:50:10.008Z [INFO]: [User: Guest | ID: NA] GET /show-company - ::1
2025-02-12T06:50:11.839Z [INFO]: [User: Guest | ID: NA] GET /show-company - ::1
2025-02-12T06:50:15.150Z [INFO]: [User: Guest | ID: NA] GET /show-company - ::1
2025-02-12T06:50:17.272Z [INFO]: [User: Guest | ID: NA] GET /show-company - ::1
2025-02-12T06:50:18.001Z [INFO]: [User: Guest | ID: NA] GET /show-company - ::1
2025-02-12T06:50:18.967Z [INFO]: [User: Guest | ID: NA] GET /show-company - ::1
2025-02-12T06:50:21.577Z [INFO]: [User: Guest | ID: NA] GET /show-company - ::1
2025-02-12T06:50:23.415Z [INFO]: [User: Guest | ID: NA] GET /show-company - ::1
2025-02-12T06:50:25.754Z [INFO]: [User: Guest | ID: NA] GET /show-company - ::1
2025-02-12T06:50:26.488Z [INFO]: [User: Guest | ID: NA] GET /show-company - ::1
2025-02-12T06:57:27.397Z [INFO]: [User: Guest | ID: NA] GET /show-company - ::1
2025-02-12T06:57:40.832Z [INFO]: [User: Guest | ID: NA] GET /show-company - ::1
2025-02-12T06:57:44.661Z [INFO]: [User: Guest | ID: NA] GET /show-company - ::1
2025-02-12T06:57:46.234Z [INFO]: [User: Guest | ID: NA] GET /show-company - ::1
2025-02-12T06:57:46.884Z [INFO]: [User: Guest | ID: NA] GET /show-company - ::1
2025-02-12T06:57:48.273Z [INFO]: [User: Guest | ID: NA] GET /show-company - ::1
2025-02-12T06:57:50.051Z [INFO]: [User: Guest | ID: NA] GET /show-company - ::1
2025-02-12T06:57:55.411Z [INFO]: [User: Guest | ID: NA] GET /show-company - ::1
2025-02-12T06:57:56.949Z [INFO]: [User: Guest | ID: NA] GET /show-company - ::1
2025-02-12T06:57:57.440Z [INFO]: [User: Guest | ID: NA] GET /show-company - ::1
2025-02-12T06:57:59.536Z [INFO]: [User: Guest | ID: NA] GET /show-company - ::1
2025-02-12T06:58:00.933Z [INFO]: [User: Guest | ID: NA] GET /show-company - ::1
2025-02-12T06:58:02.292Z [INFO]: [User: Guest | ID: NA] GET /show-company - ::1
2025-02-12T06:58:04.535Z [INFO]: [User: Guest | ID: NA] GET /show-company - ::1
2025-02-12T06:58:15.919Z [INFO]: [User: Guest | ID: NA] GET /show-company - ::1
2025-02-12T06:58:16.568Z [INFO]: [User: Guest | ID: NA] GET /show-company - ::1
2025-02-12T06:58:23.036Z [INFO]: [User: Guest | ID: NA] GET /show-company - ::1
2025-02-12T06:58:26.204Z [INFO]: [User: Guest | ID: NA] GET /show-company - ::1
2025-02-12T06:58:27.097Z [INFO]: [User: Guest | ID: NA] GET /show-company - ::1
2025-02-12T06:58:30.956Z [INFO]: [User: Guest | ID: NA] GET /show-company - ::1
2025-02-12T06:58:32.340Z [INFO]: [User: Guest | ID: NA] GET /show-company - ::1
2025-02-12T06:58:32.890Z [INFO]: [User: Guest | ID: NA] GET /show-company - ::1
2025-02-12T06:58:34.534Z [INFO]: [User: Guest | ID: NA] GET /show-company - ::1
2025-02-12T06:58:38.061Z [INFO]: [User: Guest | ID: NA] GET /show-company - ::1
2025-02-12T06:58:38.551Z [INFO]: [User: Guest | ID: NA] GET /show-company - ::1
2025-02-12T06:58:39.390Z [INFO]: [User: Guest | ID: NA] GET /show-company - ::1
2025-02-12T06:58:40.416Z [INFO]: [User: Guest | ID: NA] GET /show-company - ::1
2025-02-12T06:58:41.371Z [INFO]: [User: Guest | ID: NA] GET /show-company - ::1
2025-02-12T06:59:32.860Z [INFO]: [User: Guest | ID: NA] GET /show-company - ::1
2025-02-12T06:59:38.848Z [INFO]: [User: Guest | ID: NA] GET /show-company - ::1
2025-02-12T06:59:41.494Z [INFO]: [User: Guest | ID: NA] GET /show-company - ::1
2025-02-12T06:59:43.365Z [INFO]: [User: Guest | ID: NA] GET /show-company - ::1
2025-02-12T06:59:45.306Z [INFO]: [User: Guest | ID: NA] GET /show-company - ::1
2025-02-12T06:59:45.700Z [INFO]: [User: Guest | ID: NA] GET /show-company - ::1
2025-02-12T06:59:47.582Z [INFO]: [User: Guest | ID: NA] GET /show-company - ::1
2025-02-12T06:59:53.960Z [INFO]: [User: Guest | ID: NA] GET /show-company - ::1
2025-02-12T06:59:54.435Z [INFO]: [User: Guest | ID: NA] GET /show-company - ::1
2025-02-12T06:59:55.055Z [INFO]: [User: Guest | ID: NA] GET /show-company - ::1
2025-02-12T06:59:55.856Z [INFO]: [User: Guest | ID: NA] GET /show-company - ::1
2025-02-12T06:59:57.210Z [INFO]: [User: Guest | ID: NA] GET /show-company - ::1
2025-02-12T07:00:07.111Z [INFO]: [User: Guest | ID: NA] GET /show-company - ::1
2025-02-12T07:00:09.258Z [INFO]: [User: Guest | ID: NA] GET /show-company - ::1
2025-02-12T07:00:11.269Z [INFO]: [User: Guest | ID: NA] GET /show-company - ::1
2025-02-12T07:00:12.029Z [INFO]: [User: Guest | ID: NA] GET /show-company - ::1
2025-02-12T07:00:15.649Z [INFO]: [User: Guest | ID: NA] GET /show-company - ::1
2025-02-12T07:00:16.831Z [INFO]: [User: Guest | ID: NA] GET /show-company - ::1
2025-02-12T07:00:17.943Z [INFO]: [User: Guest | ID: NA] GET /show-company - ::1
2025-02-12T07:00:19.213Z [INFO]: [User: Guest | ID: NA] GET /show-company - ::1
2025-02-12T07:00:19.719Z [INFO]: [User: Guest | ID: NA] GET /show-company - ::1
2025-02-12T07:00:27.011Z [INFO]: [User: Guest | ID: NA] GET /show-company - ::1
2025-02-12T07:00:27.178Z [INFO]: [User: Guest | ID: NA] GET /show-company - ::1
2025-02-12T07:01:10.160Z [INFO]: [User: Guest | ID: NA] GET /show-company - ::1
2025-02-12T07:09:41.456Z [INFO]: [User: Guest | ID: NA] GET /show-company - ::1
2025-02-12T07:09:41.460Z [INFO]: [User: Guest | ID: NA] GET /show-company - ::1
2025-02-12T07:18:55.225Z [INFO]: [User: Guest | ID: NA] POST /edit-company - ::1
2025-02-12T07:19:28.739Z [INFO]: [User: Guest | ID: NA] POST /edit-company - ::1
2025-02-12T07:22:19.886Z [INFO]: [User: Guest | ID: NA] GET /show-users - ::1
2025-02-12T07:22:19.911Z [INFO]: [User: Guest | ID: NA] GET /show-users - ::1
2025-02-12T07:22:21.932Z [INFO]: [User: Guest | ID: NA] GET /update-show-users?id=5 - ::1
2025-02-12T07:22:21.961Z [INFO]: [User: Guest | ID: NA] GET /update-show-users?id=5 - ::1
2025-02-12T07:22:29.026Z [INFO]: [User: Guest | ID: NA] PATCH /update-user - ::1
2025-02-12T07:22:29.095Z [INFO]: [User: Guest | ID: NA] GET /show-users - ::1
2025-02-12T07:22:29.127Z [INFO]: [User: Guest | ID: NA] GET /show-users - ::1
2025-02-12T07:22:34.780Z [INFO]: [User: Guest | ID: NA] GET /update-show-users?id=5 - ::1
2025-02-12T07:22:34.789Z [INFO]: [User: Guest | ID: NA] GET /update-show-users?id=5 - ::1
2025-02-12T07:22:37.753Z [INFO]: [User: Guest | ID: NA] PATCH /update-user - ::1
2025-02-12T07:22:37.800Z [INFO]: [User: Guest | ID: NA] GET /show-users - ::1
2025-02-12T07:22:37.806Z [INFO]: [User: Guest | ID: NA] GET /show-users - ::1
2025-02-12T07:26:03.100Z [INFO]: [User: Guest | ID: NA] POST /edit-company/56 - ::1
2025-02-12T07:26:14.192Z [INFO]: [User: Guest | ID: NA] POST /update-company/56 - ::1
2025-02-12T07:26:25.048Z [INFO]: [User: Guest | ID: NA] GET /show-company - ::1
2025-02-12T07:26:25.071Z [INFO]: [User: Guest | ID: NA] GET /show-company - ::1
2025-02-12T07:26:28.801Z [INFO]: [User: Guest | ID: NA] POST /update-company/56 - ::1
2025-02-12T07:26:55.052Z [INFO]: [User: Guest | ID: NA] PATCH /update-company/56 - ::1
2025-02-12T07:27:27.329Z [INFO]: [User: Guest | ID: NA] PATCH /update-company/56 - ::1
2025-02-12T07:27:45.507Z [INFO]: [User: Guest | ID: NA] PATCH /update-company/56 - ::1
2025-02-12T07:28:15.552Z [INFO]: [User: Guest | ID: NA] PUT /update-company/56 - ::1
2025-02-12T07:28:17.100Z [INFO]: [User: Guest | ID: NA] PUT /update-company/56 - ::1
2025-02-12T07:29:11.401Z [INFO]: [User: Guest | ID: NA] PATCH /update-company/56 - ::1
2025-02-12T07:29:28.358Z [INFO]: [User: Guest | ID: NA] PATCH /update-company/56 - ::1
2025-02-12T07:29:36.976Z [INFO]: [User: Guest | ID: NA] GET /show-company - ::1
2025-02-12T07:29:37.014Z [INFO]: [User: Guest | ID: NA] GET /show-company - ::1
2025-02-12T07:29:54.946Z [INFO]: [User: Guest | ID: NA] PATCH /update-company/56 - ::1
2025-02-12T07:30:16.306Z [INFO]: [User: Guest | ID: NA] PATCH /update-company/56 - ::1
2025-02-12T07:31:11.502Z [INFO]: [User: Guest | ID: NA] PATCH /update-company/56 - ::1
2025-02-12T07:32:19.532Z [INFO]: [User: Guest | ID: NA] PATCH /update-company/56 - ::1
2025-02-12T08:43:41.851Z [INFO]: [User: Guest | ID: NA] GET /show-company - ::1
2025-02-12T08:43:41.876Z [INFO]: [User: Guest | ID: NA] GET /show-company - ::1
2025-02-12T08:43:48.103Z [INFO]: [User: Guest | ID: NA] PATCH /update-company/1 - ::1
2025-02-12T08:44:07.393Z [INFO]: [User: Guest | ID: NA] PATCH /update-company/1 - ::1
2025-02-12T08:44:28.616Z [INFO]: [User: Guest | ID: NA] PATCH /update-company/ - ::1
2025-02-12T08:44:44.043Z [INFO]: [User: Guest | ID: NA] PATCH /update-company/ - ::1
2025-02-12T08:45:05.173Z [INFO]: [User: Guest | ID: NA] PATCH /update-company/ - ::1
2025-02-12T08:45:21.531Z [INFO]: [User: Guest | ID: NA] PATCH /update-company/ - ::1
2025-02-12T08:46:29.465Z [INFO]: [User: Guest | ID: NA] PATCH /update-company/ - ::1
2025-02-12T08:48:28.710Z [INFO]: [User: Guest | ID: NA] GET /show-company - ::1
2025-02-12T08:48:48.503Z [INFO]: [User: Guest | ID: NA] GET /show-company - ::1
2025-02-12T08:48:48.521Z [INFO]: [User: Guest | ID: NA] GET /show-company - ::1
2025-02-12T08:48:51.856Z [INFO]: [User: Guest | ID: NA] GET /show-company - ::1
2025-02-12T08:48:54.786Z [INFO]: [User: Guest | ID: NA] GET /show-company - ::1
2025-02-12T08:49:24.024Z [INFO]: [User: Guest | ID: NA] GET /show-company - ::1
2025-02-12T08:51:59.728Z [INFO]: [User: Guest | ID: NA] GET /show-company - ::1
2025-02-12T08:52:11.661Z [INFO]: [User: Guest | ID: NA] GET /show-company - ::1
2025-02-12T08:52:12.672Z [INFO]: [User: Guest | ID: NA] GET /show-company - ::1
2025-02-12T08:52:14.690Z [INFO]: [User: Guest | ID: NA] GET /show-company - ::1
2025-02-12T08:52:16.710Z [INFO]: [User: Guest | ID: NA] GET /show-company - ::1
2025-02-12T08:52:46.059Z [INFO]: [User: Guest | ID: NA] GET /show-company - ::1
2025-02-12T08:52:46.086Z [INFO]: [User: Guest | ID: NA] GET /show-company - ::1
2025-02-12T08:52:46.310Z [INFO]: [User: Guest | ID: NA] GET /show-company - ::1
2025-02-12T08:52:46.433Z [INFO]: [User: Guest | ID: NA] GET /show-company - ::1
2025-02-12T08:52:49.014Z [INFO]: [User: Guest | ID: NA] GET /show-company - ::1
2025-02-12T08:52:49.017Z [INFO]: [User: Guest | ID: NA] GET /show-company - ::1
2025-02-12T08:53:06.481Z [INFO]: [User: Guest | ID: NA] PUT /update-company/56 - ::1
2025-02-12T08:53:06.611Z [INFO]: [User: Guest | ID: NA] PUT /update-company/56 - ::1
2025-02-12T08:53:10.268Z [INFO]: [User: Guest | ID: NA] GET /show-company - ::1
2025-02-12T08:53:29.814Z [INFO]: [User: Guest | ID: NA] GET /show-company - ::1
2025-02-12T08:53:32.839Z [INFO]: [User: Guest | ID: NA] GET /show-company - ::1
2025-02-12T08:53:35.033Z [INFO]: [User: Guest | ID: NA] GET /show-company - ::1
2025-02-12T08:53:43.115Z [INFO]: [User: Guest | ID: NA] GET /show-company - ::1
2025-02-12T08:53:45.987Z [INFO]: [User: Guest | ID: NA] GET /show-company - ::1
2025-02-12T08:53:48.913Z [INFO]: [User: Guest | ID: NA] GET /show-company - ::1
2025-02-12T08:53:52.739Z [INFO]: [User: Guest | ID: NA] GET /show-company - ::1
2025-02-12T08:53:57.036Z [INFO]: [User: Guest | ID: NA] GET /show-company - ::1
2025-02-12T08:53:57.901Z [INFO]: [User: Guest | ID: NA] GET /show-company - ::1
2025-02-12T08:54:52.677Z [INFO]: [User: Guest | ID: NA] POST /create-company - ::1
2025-02-12T08:54:52.716Z [INFO]: [User: Guest | ID: NA] GET /show-company - ::1
2025-02-12T08:54:58.783Z [INFO]: [User: Guest | ID: NA] PUT /update-company/61 - ::1
2025-02-12T08:55:10.815Z [INFO]: [User: Guest | ID: NA] GET /show-company - ::1
2025-02-12T08:55:10.824Z [INFO]: [User: Guest | ID: NA] GET /show-company - ::1
2025-02-12T08:55:13.594Z [INFO]: [User: Guest | ID: NA] GET /show-company - ::1
2025-02-12T08:55:13.602Z [INFO]: [User: Guest | ID: NA] GET /show-company - ::1
2025-02-12T08:55:19.889Z [INFO]: [User: Guest | ID: NA] GET /show-company - ::1
2025-02-12T08:55:19.905Z [INFO]: [User: Guest | ID: NA] GET /show-company - ::1
2025-02-12T08:55:20.372Z [INFO]: [User: Guest | ID: NA] GET /show-company - ::1
2025-02-12T08:58:21.626Z [INFO]: [User: Guest | ID: NA] GET /show-company - ::1
2025-02-12T08:58:21.669Z [INFO]: [User: Guest | ID: NA] GET /show-company - ::1
2025-02-12T08:58:22.529Z [INFO]: [User: Guest | ID: NA] GET /show-company - ::1
2025-02-12T08:58:22.640Z [INFO]: [User: Guest | ID: NA] GET /show-company - ::1
2025-02-12T08:58:22.854Z [INFO]: [User: Guest | ID: NA] GET /show-company - ::1
2025-02-12T08:58:24.679Z [INFO]: [User: Guest | ID: NA] GET /show-company - ::1
2025-02-12T08:58:37.619Z [INFO]: [User: Guest | ID: NA] PUT /update-company/61 - ::1
2025-02-12T08:58:41.662Z [INFO]: [User: Guest | ID: NA] GET /show-company - ::1
2025-02-12T08:58:41.681Z [INFO]: [User: Guest | ID: NA] GET /show-company - ::1
2025-02-12T08:58:58.955Z [INFO]: [User: Guest | ID: NA] GET /show-company - ::1
2025-02-12T08:59:39.687Z [INFO]: [User: Guest | ID: NA] GET /show-company - ::1
2025-02-12T08:59:40.406Z [INFO]: [User: Guest | ID: NA] GET /show-company - ::1
2025-02-12T08:59:43.250Z [INFO]: [User: Guest | ID: NA] GET /show-company - ::1
2025-02-12T08:59:44.954Z [INFO]: [User: Guest | ID: NA] GET /show-company - ::1
2025-02-12T08:59:51.963Z [INFO]: [User: Guest | ID: NA] GET /show-company - ::1
2025-02-12T08:59:54.276Z [INFO]: [User: Guest | ID: NA] GET /show-company - ::1
2025-02-12T08:59:56.027Z [INFO]: [User: Guest | ID: NA] GET /show-company - ::1
2025-02-12T09:00:01.491Z [INFO]: [User: Guest | ID: NA] GET /show-company - ::1
2025-02-12T09:00:04.334Z [INFO]: [User: Guest | ID: NA] GET /show-company - ::1
2025-02-12T09:00:09.302Z [INFO]: [User: Guest | ID: NA] GET /show-company - ::1
2025-02-12T09:00:09.985Z [INFO]: [User: Guest | ID: NA] GET /show-company - ::1
2025-02-12T09:00:12.385Z [INFO]: [User: Guest | ID: NA] GET /show-company - ::1
2025-02-12T09:00:12.611Z [INFO]: [User: Guest | ID: NA] GET /show-company - ::1
2025-02-12T09:00:15.648Z [INFO]: [User: Guest | ID: NA] GET /show-company - ::1
2025-02-12T09:00:17.752Z [INFO]: [User: Guest | ID: NA] GET /show-company - ::1
2025-02-12T09:00:18.748Z [INFO]: [User: Guest | ID: NA] GET /show-company - ::1
2025-02-12T09:00:20.772Z [INFO]: [User: Guest | ID: NA] GET /show-company - ::1
2025-02-12T09:00:23.041Z [INFO]: [User: Guest | ID: NA] GET /show-company - ::1
2025-02-12T09:00:23.794Z [INFO]: [User: Guest | ID: NA] GET /show-company - ::1
2025-02-12T09:00:24.891Z [INFO]: [User: Guest | ID: NA] GET /show-company - ::1
2025-02-12T09:00:26.745Z [INFO]: [User: Guest | ID: NA] GET /show-company - ::1
2025-02-12T09:00:28.494Z [INFO]: [User: Guest | ID: NA] GET /show-company - ::1
2025-02-12T09:00:29.952Z [INFO]: [User: Guest | ID: NA] GET /show-company - ::1
2025-02-12T09:00:32.037Z [INFO]: [User: Guest | ID: NA] GET /show-company - ::1
2025-02-12T09:00:33.798Z [INFO]: [User: Guest | ID: NA] GET /show-company - ::1
2025-02-12T09:00:38.634Z [INFO]: [User: Guest | ID: NA] GET /show-company - ::1
2025-02-12T09:00:38.758Z [INFO]: [User: Guest | ID: NA] GET /show-company - ::1
2025-02-12T09:00:47.506Z [INFO]: [User: Guest | ID: NA] GET /show-company - ::1
2025-02-12T09:00:48.427Z [INFO]: [User: Guest | ID: NA] GET /show-company - ::1
2025-02-12T09:01:00.157Z [INFO]: [User: Guest | ID: NA] GET /show-company - ::1
2025-02-12T09:02:07.868Z [INFO]: [User: Guest | ID: NA] PUT /update-company/61 - ::1
2025-02-12T09:02:18.581Z [INFO]: [User: Guest | ID: NA] PATCH /update-company/ - ::1
2025-02-12T09:02:57.211Z [INFO]: [User: Guest | ID: NA] GET /show-users - ::1
2025-02-12T09:02:57.254Z [INFO]: [User: Guest | ID: NA] GET /show-users - ::1
2025-02-12T09:02:58.773Z [INFO]: [User: Guest | ID: NA] GET /update-show-users?id=1 - ::1
2025-02-12T09:02:58.791Z [INFO]: [User: Guest | ID: NA] GET /update-show-users?id=1 - ::1
2025-02-12T09:03:02.735Z [INFO]: [User: Guest | ID: NA] POST /update-user - ::1
2025-02-12T09:03:06.195Z [INFO]: [User: Guest | ID: NA] POST /update-user - ::1
2025-02-12T09:03:38.382Z [INFO]: [User: Guest | ID: NA] GET /update-show-users?id=1 - ::ffff:127.0.0.1
2025-02-12T09:03:39.568Z [INFO]: [User: Guest | ID: NA] GET /update-show-users?id=1 - ::ffff:127.0.0.1
2025-02-12T09:03:39.571Z [INFO]: [User: Guest | ID: NA] GET /update-show-users?id=1 - ::ffff:127.0.0.1
2025-02-12T09:03:41.068Z [INFO]: [User: Guest | ID: NA] POST /update-user - ::ffff:127.0.0.1
2025-02-12T09:03:41.221Z [INFO]: [User: Guest | ID: NA] GET /show-users - ::ffff:127.0.0.1
2025-02-12T09:03:41.232Z [INFO]: [User: Guest | ID: NA] GET /show-users - ::ffff:127.0.0.1
2025-02-12T09:03:43.733Z [INFO]: [User: Guest | ID: NA] GET /update-show-users?id=1 - ::ffff:127.0.0.1
2025-02-12T09:03:43.747Z [INFO]: [User: Guest | ID: NA] GET /update-show-users?id=1 - ::ffff:127.0.0.1
2025-02-12T09:03:46.349Z [INFO]: [User: Guest | ID: NA] POST /update-user - ::ffff:127.0.0.1
2025-02-12T09:04:02.085Z [INFO]: [User: Guest | ID: NA] POST /update-user - ::1
2025-02-12T09:04:13.110Z [INFO]: [User: Guest | ID: NA] GET /update-show-users?id=1 - ::1
2025-02-12T09:04:24.031Z [INFO]: [User: Guest | ID: NA] GET /show-users - ::ffff:127.0.0.1
2025-02-12T09:04:25.693Z [INFO]: [User: Guest | ID: NA] GET /update-show-users?id=1 - ::ffff:127.0.0.1
2025-02-12T09:04:25.711Z [INFO]: [User: Guest | ID: NA] GET /update-show-users?id=1 - ::ffff:127.0.0.1
2025-02-12T09:04:30.222Z [INFO]: [User: Guest | ID: NA] PATCH /update-user - ::ffff:127.0.0.1
2025-02-12T09:04:31.997Z [INFO]: [User: Guest | ID: NA] PATCH /update-user - ::ffff:127.0.0.1
2025-02-12T09:04:32.239Z [INFO]: [User: Guest | ID: NA] PATCH /update-user - ::ffff:127.0.0.1
2025-02-12T09:04:32.478Z [INFO]: [User: Guest | ID: NA] PATCH /update-user - ::ffff:127.0.0.1
2025-02-12T09:04:32.687Z [INFO]: [User: Guest | ID: NA] PATCH /update-user - ::ffff:127.0.0.1
2025-02-12T09:04:32.850Z [INFO]: [User: Guest | ID: NA] PATCH /update-user - ::ffff:127.0.0.1
2025-02-12T09:04:37.108Z [INFO]: [User: Guest | ID: NA] GET /update-show-users?id=1 - ::ffff:127.0.0.1
2025-02-12T09:04:42.974Z [INFO]: [User: Guest | ID: NA] GET /update-show-users?id=1 - ::ffff:127.0.0.1
2025-02-12T09:04:47.027Z [INFO]: [User: Guest | ID: NA] GET /update-show-users?id=1 - ::ffff:127.0.0.1
2025-02-12T09:04:48.653Z [INFO]: [User: Guest | ID: NA] GET /update-show-users?id=1 - ::ffff:127.0.0.1
2025-02-12T09:04:51.119Z [INFO]: [User: Guest | ID: NA] GET /update-show-users?id=1 - ::ffff:127.0.0.1
2025-02-12T09:04:53.060Z [INFO]: [User: Guest | ID: NA] GET /update-show-users?id=1 - ::ffff:127.0.0.1
2025-02-12T09:04:54.596Z [INFO]: [User: Guest | ID: NA] GET /update-show-users?id=1 - ::ffff:127.0.0.1
2025-02-12T09:04:57.971Z [INFO]: [User: Guest | ID: NA] GET /update-show-users?id=1 - ::ffff:127.0.0.1
2025-02-12T09:05:04.698Z [INFO]: [User: Guest | ID: NA] PATCH /update-user - ::1
2025-02-12T09:05:05.032Z [INFO]: [User: Guest | ID: NA] GET /show-users - ::1
2025-02-12T09:05:05.079Z [INFO]: [User: Guest | ID: NA] GET /show-users - ::1
2025-02-12T09:05:09.270Z [INFO]: [User: Guest | ID: NA] GET /update-show-users?id=1 - ::1
2025-02-12T09:05:09.277Z [INFO]: [User: Guest | ID: NA] GET /update-show-users?id=1 - ::1
2025-02-12T09:05:14.362Z [INFO]: [User: Guest | ID: NA] PATCH /update-user - ::1
2025-02-12T09:06:11.079Z [INFO]: [User: Guest | ID: NA] PATCH /update-user - ::1
2025-02-12T09:07:05.499Z [INFO]: [User: Guest | ID: NA] GET /update-show-users?id=1 - ::1
2025-02-12T09:07:05.513Z [INFO]: [User: Guest | ID: NA] GET /update-show-users?id=1 - ::ffff:127.0.0.1
2025-02-12T09:07:06.529Z [INFO]: [User: Guest | ID: NA] GET /show-users - ::1
2025-02-12T09:07:06.536Z [INFO]: [User: Guest | ID: NA] GET /show-users - ::1
2025-02-12T09:07:09.364Z [INFO]: [User: Guest | ID: NA] GET /update-show-users?id=2 - ::1
2025-02-12T09:07:09.377Z [INFO]: [User: Guest | ID: NA] GET /update-show-users?id=2 - ::ffff:127.0.0.1
2025-02-12T09:07:14.249Z [INFO]: [User: Guest | ID: NA] PATCH /update-user - ::ffff:127.0.0.1
2025-02-12T09:07:29.542Z [INFO]: [User: Guest | ID: NA] GET /show-users - ::1
2025-02-12T09:07:29.588Z [INFO]: [User: Guest | ID: NA] GET /show-users - ::1
2025-02-12T09:07:34.312Z [INFO]: [User: Guest | ID: NA] GET /show-users - ::1
2025-02-12T09:07:34.368Z [INFO]: [User: Guest | ID: NA] GET /show-users - ::1
2025-02-12T09:07:37.278Z [INFO]: [User: Guest | ID: NA] GET /update-show-users?id=1 - ::1
2025-02-12T09:07:37.283Z [INFO]: [User: Guest | ID: NA] GET /update-show-users?id=1 - ::1
2025-02-12T09:07:44.530Z [INFO]: [User: Guest | ID: NA] POST /upload-file - ::1
2025-02-12T09:07:44.577Z [INFO]: [User: Guest | ID: NA] PATCH /update-user - ::1
2025-02-12T09:08:32.619Z [INFO]: [User: Guest | ID: NA] POST /upload-file - ::ffff:127.0.0.1
2025-02-12T09:08:32.681Z [INFO]: [User: Guest | ID: NA] PATCH /update-user - ::ffff:127.0.0.1
2025-02-12T09:09:15.770Z [INFO]: [User: Guest | ID: NA] GET /update-show-users?id=1 - ::1
2025-02-12T09:09:16.942Z [INFO]: [User: Guest | ID: NA] GET /update-show-users?id=1 - ::1
2025-02-12T09:09:18.214Z [INFO]: [User: Guest | ID: NA] GET /update-show-users?id=1 - ::1
2025-02-12T09:09:18.417Z [INFO]: [User: Guest | ID: NA] GET /update-show-users?id=1 - ::1
2025-02-12T09:09:18.632Z [INFO]: [User: Guest | ID: NA] GET /update-show-users?id=1 - ::1
2025-02-12T09:09:18.760Z [INFO]: [User: Guest | ID: NA] GET /update-show-users?id=1 - ::1
2025-02-12T09:09:18.922Z [INFO]: [User: Guest | ID: NA] GET /update-show-users?id=1 - ::1
2025-02-12T09:09:19.092Z [INFO]: [User: Guest | ID: NA] GET /update-show-users?id=1 - ::1
2025-02-12T09:09:20.677Z [INFO]: [User: Guest | ID: NA] GET /update-show-users?id=1 - ::1
2025-02-12T09:09:20.793Z [INFO]: [User: Guest | ID: NA] GET /update-show-users?id=1 - ::1
2025-02-12T09:09:33.766Z [INFO]: [User: Guest | ID: NA] GET /update-show-users?id=1 - ::1
2025-02-12T09:09:33.792Z [INFO]: [User: Guest | ID: NA] GET /update-show-users?id=1 - ::1
2025-02-12T09:09:40.218Z [INFO]: [User: Guest | ID: NA] POST /update-user - ::ffff:127.0.0.1
2025-02-12T09:09:55.374Z [INFO]: [User: Guest | ID: NA] GET /update-show-users?id=1 - ::ffff:127.0.0.1
2025-02-12T09:09:56.553Z [INFO]: [User: Guest | ID: NA] GET /update-show-users?id=1 - ::ffff:127.0.0.1
2025-02-12T09:09:59.659Z [INFO]: [User: Guest | ID: NA] GET /update-show-users?id=1 - ::ffff:127.0.0.1
2025-02-12T09:10:04.874Z [INFO]: [User: Guest | ID: NA] POST /update-user - ::1
2025-02-12T09:10:07.366Z [INFO]: [User: Guest | ID: NA] GET /update-show-users?id=1 - ::1
2025-02-12T09:10:10.836Z [INFO]: [User: Guest | ID: NA] GET /show-users - ::1
2025-02-12T09:10:10.861Z [INFO]: [User: Guest | ID: NA] GET /show-users - ::1
2025-02-12T09:10:13.210Z [INFO]: [User: Guest | ID: NA] GET /update-show-users?id=1 - ::1
2025-02-12T09:10:13.216Z [INFO]: [User: Guest | ID: NA] GET /update-show-users?id=1 - ::1
2025-02-12T09:10:19.037Z [INFO]: [User: Guest | ID: NA] GET /update-show-users?id=1 - ::1
2025-02-12T09:10:39.054Z [INFO]: [User: Guest | ID: NA] GET /update-show-users?id=1 - ::1
2025-02-12T09:10:42.767Z [INFO]: [User: Guest | ID: NA] POST /update-user - ::1
2025-02-12T09:10:42.992Z [INFO]: [User: Guest | ID: NA] GET /show-users - ::1
2025-02-12T09:10:43.075Z [INFO]: [User: Guest | ID: NA] GET /show-users - ::1
2025-02-12T09:10:44.921Z [INFO]: [User: Guest | ID: NA] GET /update-show-users?id=1 - ::1
2025-02-12T09:10:44.929Z [INFO]: [User: Guest | ID: NA] GET /update-show-users?id=1 - ::1
2025-02-12T09:10:48.619Z [INFO]: [User: Guest | ID: NA] POST /update-user - ::1
2025-02-12T09:11:00.933Z [INFO]: [User: Guest | ID: NA] POST /update-user - ::1
2025-02-12T09:13:07.151Z [INFO]: [User: Guest | ID: NA] GET /show-users - ::1
2025-02-12T09:13:07.165Z [INFO]: [User: Guest | ID: NA] GET /show-users - ::1
2025-02-12T09:13:08.480Z [INFO]: [User: Guest | ID: NA] GET /update-show-users?id=2 - ::1
2025-02-12T09:13:08.495Z [INFO]: [User: Guest | ID: NA] GET /update-show-users?id=2 - ::1
2025-02-12T09:13:11.761Z [INFO]: [User: Guest | ID: NA] POST /update-user - ::1
2025-02-12T09:13:21.178Z [INFO]: [User: Guest | ID: NA] POST /update-user - ::1
2025-02-12T09:13:57.629Z [INFO]: [User: Guest | ID: NA] POST /update-user - ::1
2025-02-12T09:14:36.396Z [INFO]: [User: Guest | ID: NA] GET /show-users - ::1
2025-02-12T09:14:36.426Z [INFO]: [User: Guest | ID: NA] GET /show-users - ::1
2025-02-12T09:14:38.159Z [INFO]: [User: Guest | ID: NA] DELETE /delete/1 - ::1
2025-02-12T09:14:40.492Z [INFO]: [User: Guest | ID: NA] GET /update-show-users?id=2 - ::1
2025-02-12T09:14:40.509Z [INFO]: [User: Guest | ID: NA] GET /update-show-users?id=2 - ::1
2025-02-12T09:14:43.916Z [INFO]: [User: Guest | ID: NA] POST /update-user - ::1
2025-02-12T09:14:46.178Z [INFO]: [User: Guest | ID: NA] POST /update-user - ::1
2025-02-12T09:15:08.793Z [INFO]: [User: Guest | ID: NA] POST /update-user - ::ffff:127.0.0.1
2025-02-12T09:24:44.935Z [INFO]: [User: Guest | ID: NA] GET /update-show-users?id=2 - ::1
2025-02-12T09:35:30.242Z [INFO]: [User: Guest | ID: NA] GET /update-show-users?id=2 - ::1
2025-02-12T09:35:31.922Z [INFO]: [User: Guest | ID: NA] GET /update-show-users?id=2 - ::1
2025-02-12T09:35:31.926Z [INFO]: [User: Guest | ID: NA] GET /update-show-users?id=2 - ::1
2025-02-12T09:35:32.176Z [INFO]: [User: Guest | ID: NA] GET /show-users - ::1
2025-02-12T09:35:32.179Z [INFO]: [User: Guest | ID: NA] GET /show-users - ::1
2025-02-12T09:35:33.967Z [INFO]: [User: Guest | ID: NA] GET /update-show-users?id=2 - ::1
2025-02-12T09:35:33.971Z [INFO]: [User: Guest | ID: NA] GET /update-show-users?id=2 - ::1
2025-02-12T09:35:37.554Z [INFO]: [User: Guest | ID: NA] POST /update-user - ::1
2025-02-12T09:36:30.308Z [INFO]: [User: Guest | ID: NA] GET /update-show-users?id=2 - ::ffff:127.0.0.1
2025-02-12T09:36:30.333Z [INFO]: [User: Guest | ID: NA] GET /update-show-users?id=2 - ::ffff:127.0.0.1
2025-02-12T09:36:32.842Z [INFO]: [User: Guest | ID: NA] POST /update-user - ::ffff:127.0.0.1
2025-02-12T09:36:33.025Z [INFO]: [User: Guest | ID: NA] GET /show-users - ::ffff:127.0.0.1
2025-02-12T09:36:33.043Z [INFO]: [User: Guest | ID: NA] GET /show-users - ::ffff:127.0.0.1
2025-02-12T09:36:34.167Z [INFO]: [User: Guest | ID: NA] GET /update-show-users?id=2 - ::ffff:127.0.0.1
2025-02-12T09:36:34.174Z [INFO]: [User: Guest | ID: NA] GET /update-show-users?id=2 - ::ffff:127.0.0.1
2025-02-12T09:36:37.463Z [INFO]: [User: Guest | ID: NA] POST /update-user - ::ffff:127.0.0.1
2025-02-12T09:37:53.221Z [INFO]: [User: Guest | ID: NA] GET /update-show-users?id=2 - ::1
2025-02-12T09:37:53.250Z [INFO]: [User: Guest | ID: NA] GET /update-show-users?id=2 - ::1
2025-02-12T09:37:55.768Z [INFO]: [User: Guest | ID: NA] GET /show-users - ::1
2025-02-12T09:38:09.488Z [INFO]: [User: Guest | ID: NA] POST /update-user - ::1
2025-02-12T09:38:19.040Z [INFO]: [User: Guest | ID: NA] GET /show-users - ::1
2025-02-12T09:38:19.056Z [INFO]: [User: Guest | ID: NA] GET /show-users - ::1
2025-02-12T09:38:20.368Z [INFO]: [User: Guest | ID: NA] GET /update-show-users?id=2 - ::1
2025-02-12T09:38:20.384Z [INFO]: [User: Guest | ID: NA] GET /update-show-users?id=2 - ::1
2025-02-12T09:38:22.259Z [INFO]: [User: Guest | ID: NA] POST /update-user - ::1
2025-02-12T09:38:22.311Z [INFO]: [User: Guest | ID: NA] GET /show-users - ::1
2025-02-12T09:38:22.341Z [INFO]: [User: Guest | ID: NA] GET /show-users - ::1
2025-02-12T09:38:32.161Z [INFO]: [User: Guest | ID: NA] GET /update-show-users?id=2 - ::1
2025-02-12T09:38:32.174Z [INFO]: [User: Guest | ID: NA] GET /update-show-users?id=2 - ::1
2025-02-12T09:38:56.551Z [INFO]: [User: Guest | ID: NA] POST /update-user - ::1
2025-02-12T09:38:56.729Z [INFO]: [User: Guest | ID: NA] GET /show-users - ::1
2025-02-12T09:38:56.748Z [INFO]: [User: Guest | ID: NA] GET /show-users - ::1
2025-02-12T09:39:35.042Z [INFO]: [User: Guest | ID: NA] POST /update-user - ::1
2025-02-12T09:39:42.132Z [INFO]: [User: Guest | ID: NA] POST /update-user - ::1
2025-02-12T09:40:06.405Z [INFO]: [User: Guest | ID: NA] POST /update-user - ::1
2025-02-12T09:40:17.969Z [INFO]: [User: Guest | ID: NA] POST /update-user - ::1
2025-02-12T09:41:07.713Z [INFO]: [User: Guest | ID: NA] GET /update-show-users?id=2 - ::1
2025-02-12T09:41:07.748Z [INFO]: [User: Guest | ID: NA] GET /update-show-users?id=2 - ::1
2025-02-12T09:41:15.333Z [INFO]: [User: Guest | ID: NA] POST /update-user - ::1
2025-02-12T09:41:27.037Z [INFO]: [User: Guest | ID: NA] GET /show-users - ::1
2025-02-12T09:41:27.045Z [INFO]: [User: Guest | ID: NA] GET /show-users - ::1
2025-02-12T09:41:30.082Z [INFO]: [User: Guest | ID: NA] GET /show-users - ::1
2025-02-12T09:41:30.153Z [INFO]: [User: Guest | ID: NA] GET /show-users - ::1
2025-02-12T09:41:32.550Z [INFO]: [User: Guest | ID: NA] POST /update-user - ::1
2025-02-12T09:42:09.220Z [INFO]: [User: Guest | ID: NA] POST /update-user - ::1
2025-02-12T09:43:04.420Z [INFO]: [User: Guest | ID: NA] POST /update-user - ::1
2025-02-12T09:43:50.419Z [INFO]: [User: Guest | ID: NA] POST /update-user - ::1
2025-02-12T09:44:07.084Z [INFO]: [User: Guest | ID: NA] POST /update-user - ::1
2025-02-12T09:44:46.776Z [INFO]: [User: Guest | ID: NA] POST /update-user - ::1
2025-02-12T09:50:31.254Z [INFO]: [User: Guest | ID: NA] POST /update-user - ::1
2025-02-12T09:50:41.475Z [INFO]: [User: Guest | ID: NA] POST /update-user - ::1
2025-02-12T09:51:44.976Z [INFO]: [User: Guest | ID: NA] POST /upload-file - ::1
2025-02-12T09:51:44.998Z [INFO]: [User: Guest | ID: NA] POST /create-users - ::1
2025-02-12T09:51:50.519Z [INFO]: [User: Guest | ID: NA] POST /login - ::1
2025-02-12T09:51:51.836Z [INFO]: [User: Guest | ID: NA] POST /login - ::1
2025-02-12T09:51:56.070Z [INFO]: [User: Guest | ID: NA] POST /login - ::1
2025-02-12T09:52:02.660Z [INFO]: [User: Guest | ID: NA] POST /login - ::1
2025-02-12T09:52:02.759Z [INFO]: [User: Guest | ID: NA] POST /log-login - ::1
2025-02-12T09:52:02.760Z [INFO]: [LOGIN] User: harsh (ID: 6, Email: harsh@gmail.com) logged in successfully.
2025-02-12T09:52:02.823Z [INFO]: [User: Guest | ID: NA] GET /show-users - ::1
2025-02-12T09:52:02.832Z [INFO]: [User: Guest | ID: NA] GET /show-users - ::1
2025-02-12T09:52:07.067Z [INFO]: [User: Guest | ID: NA] GET /update-show-users?id=7 - ::1
2025-02-12T09:52:07.072Z [INFO]: [User: Guest | ID: NA] GET /update-show-users?id=7 - ::1
2025-02-12T09:52:10.186Z [INFO]: [User: Guest | ID: NA] POST /upload-file - ::1
2025-02-12T09:52:10.217Z [INFO]: [User: Guest | ID: NA] POST /update-user - ::1
2025-02-12T09:52:10.305Z [INFO]: [User: Guest | ID: NA] GET /show-users - ::1
2025-02-12T09:52:10.309Z [INFO]: [User: Guest | ID: NA] GET /show-users - ::1
2025-02-12T09:52:22.214Z [INFO]: [User: Guest | ID: NA] GET /update-show-users?id=7 - ::1
2025-02-12T09:52:22.225Z [INFO]: [User: Guest | ID: NA] GET /update-show-users?id=7 - ::1
2025-02-12T09:52:25.036Z [INFO]: [User: Guest | ID: NA] GET /show-users - ::1
2025-02-12T09:52:25.046Z [INFO]: [User: Guest | ID: NA] GET /show-users - ::1
2025-02-12T09:52:46.649Z [INFO]: [User: Guest | ID: NA] DELETE /delete/7 - ::1
2025-02-12T09:53:00.559Z [INFO]: [User: Guest | ID: NA] POST /upload-file - ::1
2025-02-12T09:53:00.592Z [INFO]: [User: Guest | ID: NA] POST /create-users - ::1
2025-02-12T09:53:04.973Z [INFO]: [User: Guest | ID: NA] POST /login - ::1
2025-02-12T09:53:05.155Z [INFO]: [User: Guest | ID: NA] POST /log-login - ::1
2025-02-12T09:53:05.157Z [INFO]: [LOGIN] User: condescending jemison (ID: 8, Email: condescendingjemison1@tomorjerry.com) logged in successfully.
2025-02-12T09:53:05.213Z [INFO]: [User: Guest | ID: NA] GET /show-users - ::1
2025-02-12T09:53:05.231Z [INFO]: [User: Guest | ID: NA] GET /show-users - ::1
2025-02-12T09:53:07.968Z [INFO]: [User: Guest | ID: NA] GET /update-show-users?id=8 - ::1
2025-02-12T09:53:07.978Z [INFO]: [User: Guest | ID: NA] GET /update-show-users?id=8 - ::1
2025-02-12T09:53:10.830Z [INFO]: [User: Guest | ID: NA] POST /upload-file - ::1
2025-02-12T09:53:10.859Z [INFO]: [User: Guest | ID: NA] POST /update-user - ::1
2025-02-12T09:53:11.009Z [INFO]: [User: Guest | ID: NA] GET /show-users - ::1
2025-02-12T09:53:11.017Z [INFO]: [User: Guest | ID: NA] GET /show-users - ::1
