2025-02-13T04:22:02.200Z [INFO]: [User: Guest | ID: NA] GET /show-company - ::1
2025-02-13T04:22:02.209Z [INFO]: [User: Guest | ID: NA] GET /show-company - ::1
2025-02-13T04:22:02.212Z [INFO]: [User: Guest | ID: NA] GET /show-company - ::1
2025-02-13T04:22:02.214Z [INFO]: [User: Guest | ID: NA] GET /show-company - ::1
2025-02-13T04:22:15.017Z [INFO]: [User: Guest | ID: NA] GET /show-company - ::1
2025-02-13T04:22:15.100Z [INFO]: [User: Guest | ID: NA] GET /show-company_profile - ::1
2025-02-13T04:22:15.134Z [INFO]: [User: Guest | ID: NA] GET /show-company - ::1
2025-02-13T04:22:15.221Z [INFO]: [User: Guest | ID: NA] GET /show-company_profile - ::1
2025-02-13T04:22:51.284Z [INFO]: [User: Guest | ID: NA] GET /show-company_profile - ::1
2025-02-13T04:22:51.287Z [INFO]: [User: Guest | ID: NA] GET /show-company - ::1
2025-02-13T04:22:51.293Z [INFO]: [User: Guest | ID: NA] GET /show-company_profile - ::1
2025-02-13T04:22:51.294Z [INFO]: [User: Guest | ID: NA] GET /show-company - ::1
2025-02-13T05:02:48.314Z [INFO]: [User: Guest | ID: NA] GET /show-company - ::1
2025-02-13T05:02:48.324Z [INFO]: [User: Guest | ID: NA] GET /show-company - ::1
2025-02-13T05:02:48.330Z [INFO]: [User: Guest | ID: NA] GET /show-company - ::1
2025-02-13T05:02:48.346Z [INFO]: [User: Guest | ID: NA] GET /show-company - ::1
2025-02-13T05:02:49.576Z [INFO]: [User: Guest | ID: NA] GET /show-company_profile - ::1
2025-02-13T05:02:49.578Z [INFO]: [User: Guest | ID: NA] GET /show-company - ::1
2025-02-13T05:02:49.589Z [INFO]: [User: Guest | ID: NA] GET /show-company_profile - ::1
2025-02-13T05:02:49.591Z [INFO]: [User: Guest | ID: NA] GET /show-company - ::1
2025-02-13T05:02:55.723Z [INFO]: [User: Guest | ID: NA] GET /show-company - ::1
2025-02-13T05:02:55.724Z [INFO]: [User: Guest | ID: NA] GET /show-company_profile - ::1
2025-02-13T05:02:55.731Z [INFO]: [User: Guest | ID: NA] GET /show-company - ::1
2025-02-13T05:02:55.736Z [INFO]: [User: Guest | ID: NA] GET /show-company_profile - ::1
2025-02-13T05:02:56.975Z [INFO]: [User: Guest | ID: NA] GET /show-company - ::1
2025-02-13T05:02:56.983Z [INFO]: [User: Guest | ID: NA] GET /show-company - ::1
2025-02-13T05:02:56.986Z [INFO]: [User: Guest | ID: NA] GET /show-company - ::1
2025-02-13T05:02:56.991Z [INFO]: [User: Guest | ID: NA] GET /show-company - ::1
2025-02-13T05:03:06.781Z [INFO]: [User: Guest | ID: NA] POST /update-company - ::1
2025-02-13T05:04:44.040Z [INFO]: [User: Guest | ID: NA] POST /update-company - ::1
2025-02-13T05:06:02.305Z [INFO]: [User: Guest | ID: NA] GET /show-company - ::1
2025-02-13T05:06:02.325Z [INFO]: [User: Guest | ID: NA] GET /show-company - ::1
2025-02-13T05:06:04.152Z [INFO]: [User: Guest | ID: NA] GET /show-company - ::1
2025-02-13T05:06:04.155Z [INFO]: [User: Guest | ID: NA] GET /show-company - ::1
2025-02-13T05:06:06.451Z [INFO]: [User: Guest | ID: NA] GET /show-company - ::1
2025-02-13T05:06:06.470Z [INFO]: [User: Guest | ID: NA] GET /show-company - ::1
2025-02-13T05:06:09.422Z [INFO]: [User: Guest | ID: NA] GET /show-company - ::1
2025-02-13T05:06:09.430Z [INFO]: [User: Guest | ID: NA] GET /show-company - ::1
2025-02-13T05:06:17.172Z [INFO]: [User: Guest | ID: NA] POST /update-company - ::1
2025-02-13T05:06:25.411Z [INFO]: [User: Guest | ID: NA] POST /update-company - ::1
2025-02-13T05:06:31.886Z [INFO]: [User: Guest | ID: NA] POST /update-company - ::1
2025-02-13T05:06:37.581Z [INFO]: [User: Guest | ID: NA] POST /update-company - ::1
2025-02-13T05:06:51.804Z [INFO]: [User: Guest | ID: NA] POST /update-company - ::1
2025-02-13T05:07:00.785Z [INFO]: [User: Guest | ID: NA] GET /show-company_profile - ::1
2025-02-13T05:07:00.787Z [INFO]: [User: Guest | ID: NA] GET /show-company - ::1
2025-02-13T05:07:00.792Z [INFO]: [User: Guest | ID: NA] GET /show-company_profile - ::1
2025-02-13T05:07:00.801Z [INFO]: [User: Guest | ID: NA] GET /show-company - ::1
2025-02-13T05:07:08.103Z [INFO]: [User: Guest | ID: NA] GET /show-company - ::1
2025-02-13T05:07:08.108Z [INFO]: [User: Guest | ID: NA] GET /show-company - ::1
2025-02-13T05:07:08.117Z [INFO]: [User: Guest | ID: NA] GET /show-company - ::1
2025-02-13T05:07:08.125Z [INFO]: [User: Guest | ID: NA] GET /show-company - ::1
2025-02-13T05:07:13.718Z [INFO]: [User: Guest | ID: NA] POST /update-company - ::1
2025-02-13T05:07:13.807Z [INFO]: [User: Guest | ID: NA] GET /show-company - ::1
2025-02-13T05:07:13.821Z [INFO]: [User: Guest | ID: NA] GET /show-company - ::1
2025-02-13T05:07:14.521Z [INFO]: [User: Guest | ID: NA] GET /show-company - ::1
2025-02-13T05:07:14.547Z [INFO]: [User: Guest | ID: NA] GET /show-company - ::1
2025-02-13T05:07:14.596Z [INFO]: [User: Guest | ID: NA] GET /show-company - ::1
2025-02-13T05:07:14.601Z [INFO]: [User: Guest | ID: NA] GET /show-company - ::1
2025-02-13T05:07:16.776Z [INFO]: [User: Guest | ID: NA] GET /show-company_profile - ::1
2025-02-13T05:07:16.777Z [INFO]: [User: Guest | ID: NA] GET /show-company - ::1
2025-02-13T05:07:16.789Z [INFO]: [User: Guest | ID: NA] GET /show-company_profile - ::1
2025-02-13T05:07:16.790Z [INFO]: [User: Guest | ID: NA] GET /show-company - ::1
2025-02-13T05:07:22.367Z [INFO]: [User: Guest | ID: NA] POST /create-company-profile - ::1
2025-02-13T05:07:27.281Z [INFO]: [User: Guest | ID: NA] POST /create-company-profile - ::1
2025-02-13T05:07:31.732Z [INFO]: [User: Guest | ID: NA] GET /show-company_profile - ::1
2025-02-13T05:07:31.734Z [INFO]: [User: Guest | ID: NA] GET /show-company_profile - ::1
2025-02-13T05:07:31.734Z [INFO]: [User: Guest | ID: NA] GET /show-company - ::1
2025-02-13T05:07:31.746Z [INFO]: [User: Guest | ID: NA] GET /show-company - ::1
2025-02-13T05:07:35.406Z [INFO]: [User: Guest | ID: NA] DELETE /delete-company-profile/9 - ::1
2025-02-13T05:07:35.475Z [INFO]: [User: Guest | ID: NA] GET /show-company_profile - ::1
2025-02-13T05:07:35.479Z [INFO]: [User: Guest | ID: NA] GET /show-company - ::1
2025-02-13T05:07:41.015Z [INFO]: [User: Guest | ID: NA] POST /create-company-profile - ::1
2025-02-13T05:07:44.137Z [INFO]: [User: Guest | ID: NA] GET /show-company_profile - ::1
2025-02-13T05:07:44.139Z [INFO]: [User: Guest | ID: NA] GET /show-company - ::1
2025-02-13T05:07:44.165Z [INFO]: [User: Guest | ID: NA] GET /show-company - ::1
2025-02-13T05:07:44.168Z [INFO]: [User: Guest | ID: NA] GET /show-company_profile - ::1
2025-02-13T05:07:48.971Z [INFO]: [User: Guest | ID: NA] DELETE /delete-company-profile/10 - ::1
2025-02-13T05:07:49.034Z [INFO]: [User: Guest | ID: NA] GET /show-company_profile - ::1
2025-02-13T05:07:49.035Z [INFO]: [User: Guest | ID: NA] GET /show-company - ::1
2025-02-13T05:07:54.465Z [INFO]: [User: Guest | ID: NA] POST /create-company-profile - ::1
2025-02-13T05:08:42.366Z [INFO]: [User: Guest | ID: NA] GET /show-company - ::1
2025-02-13T05:08:42.374Z [INFO]: [User: Guest | ID: NA] GET /show-company_profile - ::ffff:127.0.0.1
2025-02-13T05:08:42.420Z [INFO]: [User: Guest | ID: NA] GET /show-company - ::1
2025-02-13T05:08:42.433Z [INFO]: [User: Guest | ID: NA] GET /show-company_profile - ::ffff:127.0.0.1
2025-02-13T05:08:44.567Z [INFO]: [User: Guest | ID: NA] DELETE /delete-company-profile/11 - ::ffff:127.0.0.1
2025-02-13T05:08:44.617Z [INFO]: [User: Guest | ID: NA] GET /show-company - ::1
2025-02-13T05:08:44.618Z [INFO]: [User: Guest | ID: NA] GET /show-company_profile - ::ffff:127.0.0.1
2025-02-13T05:08:48.951Z [INFO]: [User: Guest | ID: NA] POST /create-company-profile - ::ffff:127.0.0.1
2025-02-13T05:08:49.040Z [INFO]: [User: Guest | ID: NA] GET /show-company - ::1
2025-02-13T05:08:49.043Z [INFO]: [User: Guest | ID: NA] GET /show-company_profile - ::ffff:127.0.0.1
2025-02-13T05:08:53.663Z [INFO]: [User: Guest | ID: NA] GET /show-company - ::ffff:127.0.0.1
2025-02-13T05:08:53.672Z [INFO]: [User: Guest | ID: NA] GET /show-company - ::ffff:127.0.0.1
2025-02-13T05:08:53.679Z [INFO]: [User: Guest | ID: NA] GET /show-company - ::ffff:127.0.0.1
2025-02-13T05:08:53.689Z [INFO]: [User: Guest | ID: NA] GET /show-company - ::ffff:127.0.0.1
2025-02-13T05:08:58.845Z [INFO]: [User: Guest | ID: NA] POST /update-company - ::1
2025-02-13T05:09:00.952Z [INFO]: [User: Guest | ID: NA] GET /show-company - ::1
2025-02-13T05:09:00.979Z [INFO]: [User: Guest | ID: NA] GET /show-company - ::1
2025-02-13T05:09:01.013Z [INFO]: [User: Guest | ID: NA] GET /show-company - ::1
2025-02-13T05:09:01.031Z [INFO]: [User: Guest | ID: NA] GET /show-company - ::1
2025-02-13T05:09:04.606Z [INFO]: [User: Guest | ID: NA] POST /update-company - ::1
2025-02-13T05:09:21.569Z [INFO]: [User: Guest | ID: NA] POST /update-company - ::1
2025-02-13T05:09:21.662Z [INFO]: [User: Guest | ID: NA] GET /show-company - ::1
2025-02-13T05:09:22.157Z [INFO]: [User: Guest | ID: NA] GET /show-company - ::1
2025-02-13T05:09:22.188Z [INFO]: [User: Guest | ID: NA] GET /show-company - ::1
2025-02-13T05:09:22.228Z [INFO]: [User: Guest | ID: NA] GET /show-company - ::1
2025-02-13T05:09:22.240Z [INFO]: [User: Guest | ID: NA] GET /show-company - ::1
2025-02-13T05:09:24.692Z [INFO]: [User: Guest | ID: NA] GET /show-company - ::1
2025-02-13T05:09:24.713Z [INFO]: [User: Guest | ID: NA] GET /show-company - ::1
2025-02-13T05:09:24.738Z [INFO]: [User: Guest | ID: NA] GET /show-company - ::1
2025-02-13T05:09:24.755Z [INFO]: [User: Guest | ID: NA] GET /show-company - ::1
2025-02-13T05:09:25.750Z [INFO]: [User: Guest | ID: NA] GET /show-company - ::1
2025-02-13T05:09:25.776Z [INFO]: [User: Guest | ID: NA] GET /show-company - ::1
2025-02-13T05:09:25.850Z [INFO]: [User: Guest | ID: NA] GET /show-company - ::1
2025-02-13T05:09:25.888Z [INFO]: [User: Guest | ID: NA] GET /show-company - ::1
2025-02-13T05:09:46.862Z [INFO]: [User: Guest | ID: NA] POST /update-company - ::1
2025-02-13T05:09:46.925Z [INFO]: [User: Guest | ID: NA] GET /show-company - ::1
2025-02-13T05:09:47.200Z [INFO]: [User: Guest | ID: NA] GET /show-company - ::1
2025-02-13T05:09:47.219Z [INFO]: [User: Guest | ID: NA] GET /show-company - ::1
2025-02-13T05:09:47.241Z [INFO]: [User: Guest | ID: NA] GET /show-company - ::1
2025-02-13T05:09:47.263Z [INFO]: [User: Guest | ID: NA] GET /show-company - ::1
2025-02-13T05:09:49.393Z [INFO]: [User: Guest | ID: NA] GET /show-company - ::1
2025-02-13T05:09:49.409Z [INFO]: [User: Guest | ID: NA] GET /show-company - ::1
2025-02-13T05:09:49.438Z [INFO]: [User: Guest | ID: NA] GET /show-company - ::1
2025-02-13T05:09:49.454Z [INFO]: [User: Guest | ID: NA] GET /show-company - ::1
2025-02-13T05:10:16.207Z [INFO]: [User: Guest | ID: NA] GET /show-company - ::1
2025-02-13T05:10:16.305Z [INFO]: [User: Guest | ID: NA] GET /show-company - ::1
2025-02-13T05:10:17.028Z [INFO]: [User: Guest | ID: NA] GET /show-company - ::1
2025-02-13T05:10:17.055Z [INFO]: [User: Guest | ID: NA] GET /show-company - ::1
2025-02-13T05:10:20.537Z [INFO]: [User: Guest | ID: NA] POST /update-company - ::1
2025-02-13T05:10:20.610Z [INFO]: [User: Guest | ID: NA] GET /show-company - ::1
2025-02-13T05:10:20.625Z [INFO]: [User: Guest | ID: NA] GET /show-company - ::1
2025-02-13T05:10:21.083Z [INFO]: [User: Guest | ID: NA] GET /show-company - ::1
2025-02-13T05:10:21.114Z [INFO]: [User: Guest | ID: NA] GET /show-company - ::1
2025-02-13T05:10:21.150Z [INFO]: [User: Guest | ID: NA] GET /show-company - ::1
2025-02-13T05:10:21.171Z [INFO]: [User: Guest | ID: NA] GET /show-company - ::1
2025-02-13T05:10:30.167Z [INFO]: [User: Guest | ID: NA] POST /update-company - ::1
2025-02-13T06:56:38.844Z [INFO]: [User: Guest | ID: NA] GET /show-company_profile - ::1
2025-02-13T06:56:38.852Z [INFO]: [User: Guest | ID: NA] GET /show-company - ::1
2025-02-13T06:56:38.958Z [INFO]: [User: Guest | ID: NA] GET /show-company_profile - ::1
2025-02-13T06:56:39.070Z [INFO]: [User: Guest | ID: NA] GET /show-company - ::1
2025-02-13T06:56:44.579Z [INFO]: [User: Guest | ID: NA] GET /show-company - ::1
2025-02-13T06:56:44.586Z [INFO]: [User: Guest | ID: NA] GET /show-company - ::1
2025-02-13T06:56:44.624Z [INFO]: [User: Guest | ID: NA] GET /show-company - ::1
2025-02-13T06:56:44.629Z [INFO]: [User: Guest | ID: NA] GET /show-company - ::1
2025-02-13T06:56:49.202Z [INFO]: [User: Guest | ID: NA] POST /update-company - ::1
2025-02-13T06:57:03.849Z [INFO]: [User: Guest | ID: NA] GET /show-company - ::1
2025-02-13T06:57:03.857Z [INFO]: [User: Guest | ID: NA] GET /show-company - ::1
2025-02-13T07:01:18.412Z [INFO]: [User: Guest | ID: NA] GET /show-company - ::1
2025-02-13T07:01:18.446Z [INFO]: [User: Guest | ID: NA] GET /show-company - ::1
2025-02-13T07:01:18.447Z [INFO]: [User: Guest | ID: NA] GET /show-company - ::1
2025-02-13T07:01:18.448Z [INFO]: [User: Guest | ID: NA] GET /show-company - ::1
2025-02-13T07:01:21.388Z [INFO]: [User: Guest | ID: NA] POST /update-company - ::1
2025-02-13T07:01:21.448Z [INFO]: [User: Guest | ID: NA] GET /show-company - ::1
2025-02-13T07:01:21.931Z [INFO]: [User: Guest | ID: NA] GET /show-company - ::1
2025-02-13T07:01:21.936Z [INFO]: [User: Guest | ID: NA] GET /show-company - ::1
2025-02-13T07:01:21.961Z [INFO]: [User: Guest | ID: NA] GET /show-company - ::1
2025-02-13T07:01:21.974Z [INFO]: [User: Guest | ID: NA] GET /show-company - ::1
2025-02-13T07:01:25.069Z [INFO]: [User: Guest | ID: NA] GET /show-company_profile - ::1
2025-02-13T07:01:25.073Z [INFO]: [User: Guest | ID: NA] GET /show-company - ::1
2025-02-13T07:01:25.084Z [INFO]: [User: Guest | ID: NA] GET /show-company_profile - ::1
2025-02-13T07:01:25.086Z [INFO]: [User: Guest | ID: NA] GET /show-company - ::1
2025-02-13T07:01:29.159Z [INFO]: [User: Guest | ID: NA] GET /show-company - ::1
2025-02-13T07:01:29.170Z [INFO]: [User: Guest | ID: NA] GET /show-company - ::1
2025-02-13T07:01:29.177Z [INFO]: [User: Guest | ID: NA] GET /show-company - ::1
2025-02-13T07:01:29.189Z [INFO]: [User: Guest | ID: NA] GET /show-company - ::1
2025-02-13T07:01:35.454Z [INFO]: [User: Guest | ID: NA] POST /update-company - ::1
2025-02-13T07:01:35.555Z [INFO]: [User: Guest | ID: NA] GET /show-company - ::1
2025-02-13T07:01:35.611Z [INFO]: [User: Guest | ID: NA] GET /show-company - ::1
2025-02-13T07:01:35.956Z [INFO]: [User: Guest | ID: NA] GET /show-company - ::1
2025-02-13T07:01:36.032Z [INFO]: [User: Guest | ID: NA] GET /show-company - ::1
2025-02-13T07:01:36.078Z [INFO]: [User: Guest | ID: NA] GET /show-company - ::1
2025-02-13T07:01:36.090Z [INFO]: [User: Guest | ID: NA] GET /show-company - ::1
2025-02-13T07:01:37.783Z [INFO]: [User: Guest | ID: NA] GET /show-company_profile - ::1
2025-02-13T07:01:37.784Z [INFO]: [User: Guest | ID: NA] GET /show-company - ::1
2025-02-13T07:01:37.788Z [INFO]: [User: Guest | ID: NA] GET /show-company_profile - ::1
2025-02-13T07:01:37.790Z [INFO]: [User: Guest | ID: NA] GET /show-company - ::1
2025-02-13T07:01:39.620Z [INFO]: [User: Guest | ID: NA] GET /show-company - ::1
2025-02-13T07:01:39.623Z [INFO]: [User: Guest | ID: NA] GET /show-company - ::1
2025-02-13T07:01:39.631Z [INFO]: [User: Guest | ID: NA] GET /show-company - ::1
2025-02-13T07:01:39.649Z [INFO]: [User: Guest | ID: NA] GET /show-company - ::1
2025-02-13T07:01:42.313Z [INFO]: [User: Guest | ID: NA] POST /update-company - ::1
2025-02-13T07:01:42.670Z [INFO]: [User: Guest | ID: NA] GET /show-company - ::1
2025-02-13T07:01:42.672Z [INFO]: [User: Guest | ID: NA] GET /show-company - ::1
2025-02-13T07:01:42.685Z [INFO]: [User: Guest | ID: NA] GET /show-company - ::1
2025-02-13T07:01:42.688Z [INFO]: [User: Guest | ID: NA] GET /show-company - ::1
2025-02-13T07:01:45.047Z [INFO]: [User: Guest | ID: NA] GET /show-company_profile - ::1
2025-02-13T07:01:45.048Z [INFO]: [User: Guest | ID: NA] GET /show-company - ::1
2025-02-13T07:01:45.053Z [INFO]: [User: Guest | ID: NA] GET /show-company_profile - ::1
2025-02-13T07:01:45.057Z [INFO]: [User: Guest | ID: NA] GET /show-company - ::1
2025-02-13T07:10:10.048Z [INFO]: [User: Guest | ID: NA] GET /show-company - ::1
2025-02-13T07:10:10.049Z [INFO]: [User: Guest | ID: NA] GET /show-company_profile - ::1
2025-02-13T07:10:10.140Z [INFO]: [User: Guest | ID: NA] GET /show-company - ::1
2025-02-13T07:10:10.141Z [INFO]: [User: Guest | ID: NA] GET /show-company_profile - ::1
2025-02-13T07:10:10.369Z [INFO]: [User: Guest | ID: NA] GET /show-company_profile - ::1
2025-02-13T07:10:10.370Z [INFO]: [User: Guest | ID: NA] GET /show-company - ::1
2025-02-13T07:10:10.980Z [INFO]: [User: Guest | ID: NA] GET /show-company_profile - ::1
2025-02-13T07:10:10.982Z [INFO]: [User: Guest | ID: NA] GET /show-company - ::1
2025-02-13T07:10:12.515Z [INFO]: [User: Guest | ID: NA] GET /show-company_profile - ::1
2025-02-13T07:10:12.516Z [INFO]: [User: Guest | ID: NA] GET /show-company - ::1
2025-02-13T07:10:12.521Z [INFO]: [User: Guest | ID: NA] GET /show-company_profile - ::1
2025-02-13T07:10:12.522Z [INFO]: [User: Guest | ID: NA] GET /show-company - ::1
2025-02-13T07:10:18.501Z [INFO]: [User: Guest | ID: NA] POST /update-company-profile - ::1
2025-02-13T07:10:24.122Z [INFO]: [User: Guest | ID: NA] POST /update-company-profile - ::1
2025-02-13T07:10:32.043Z [INFO]: [User: Guest | ID: NA] GET /show-company_profile - ::1
2025-02-13T07:10:32.044Z [INFO]: [User: Guest | ID: NA] GET /show-company - ::1
2025-02-13T07:10:32.069Z [INFO]: [User: Guest | ID: NA] GET /show-company_profile - ::1
2025-02-13T07:10:32.070Z [INFO]: [User: Guest | ID: NA] GET /show-company - ::1
2025-02-13T07:10:37.441Z [INFO]: [User: Guest | ID: NA] POST /update-company-profile - ::1
2025-02-13T07:10:37.474Z [INFO]: [User: Guest | ID: NA] GET /show-company_profile - ::1
2025-02-13T07:10:37.475Z [INFO]: [User: Guest | ID: NA] GET /show-company - ::1
2025-02-13T07:11:10.511Z [INFO]: [User: Guest | ID: NA] GET /show-company_profile - ::1
2025-02-13T07:11:10.512Z [INFO]: [User: Guest | ID: NA] GET /show-company - ::1
2025-02-13T07:11:12.232Z [INFO]: [User: Guest | ID: NA] GET /show-company_profile - ::1
2025-02-13T07:11:12.232Z [INFO]: [User: Guest | ID: NA] GET /show-company - ::1
2025-02-13T07:11:20.756Z [INFO]: [User: Guest | ID: NA] GET /show-company_profile - ::1
2025-02-13T07:11:20.756Z [INFO]: [User: Guest | ID: NA] GET /show-company - ::1
2025-02-13T07:11:22.601Z [INFO]: [User: Guest | ID: NA] GET /show-company_profile - ::1
2025-02-13T07:11:22.626Z [INFO]: [User: Guest | ID: NA] GET /show-company - ::1
2025-02-13T07:11:25.385Z [INFO]: [User: Guest | ID: NA] GET /show-company_profile - ::1
2025-02-13T07:11:25.386Z [INFO]: [User: Guest | ID: NA] GET /show-company - ::1
2025-02-13T07:11:27.048Z [INFO]: [User: Guest | ID: NA] GET /show-company_profile - ::1
2025-02-13T07:11:27.051Z [INFO]: [User: Guest | ID: NA] GET /show-company - ::1
2025-02-13T07:11:28.251Z [INFO]: [User: Guest | ID: NA] GET /show-company_profile - ::1
2025-02-13T07:11:28.253Z [INFO]: [User: Guest | ID: NA] GET /show-company - ::1
2025-02-13T07:11:29.270Z [INFO]: [User: Guest | ID: NA] GET /show-company_profile - ::1
2025-02-13T07:11:29.271Z [INFO]: [User: Guest | ID: NA] GET /show-company - ::1
2025-02-13T07:11:37.194Z [INFO]: [User: Guest | ID: NA] GET /show-company_profile - ::1
2025-02-13T07:11:37.194Z [INFO]: [User: Guest | ID: NA] GET /show-company - ::1
2025-02-13T07:11:42.814Z [INFO]: [User: Guest | ID: NA] POST /update-company-profile - ::1
2025-02-13T07:11:42.860Z [INFO]: [User: Guest | ID: NA] GET /show-company_profile - ::1
2025-02-13T07:11:42.861Z [INFO]: [User: Guest | ID: NA] GET /show-company - ::1
2025-02-13T07:11:46.662Z [INFO]: [User: Guest | ID: NA] POST /update-company-profile - ::1
2025-02-13T07:11:46.717Z [INFO]: [User: Guest | ID: NA] GET /show-company_profile - ::1
2025-02-13T07:11:46.720Z [INFO]: [User: Guest | ID: NA] GET /show-company - ::1
2025-02-13T07:11:54.968Z [INFO]: [User: Guest | ID: NA] POST /create-company-profile - ::1
2025-02-13T07:12:08.072Z [INFO]: [User: Guest | ID: NA] GET /show-company_profile - ::1
2025-02-13T07:12:08.074Z [INFO]: [User: Guest | ID: NA] GET /show-company - ::1
2025-02-13T07:12:08.080Z [INFO]: [User: Guest | ID: NA] GET /show-company_profile - ::1
2025-02-13T07:12:08.083Z [INFO]: [User: Guest | ID: NA] GET /show-company - ::1
2025-02-13T07:12:13.470Z [INFO]: [User: Guest | ID: NA] DELETE /delete-company-profile/12 - ::1
2025-02-13T07:12:13.508Z [INFO]: [User: Guest | ID: NA] GET /show-company_profile - ::1
2025-02-13T07:12:13.509Z [INFO]: [User: Guest | ID: NA] GET /show-company - ::1
2025-02-13T07:12:23.211Z [INFO]: [User: Guest | ID: NA] POST /create-company-profile - ::1
2025-02-13T07:13:36.779Z [INFO]: [User: Guest | ID: NA] GET /show-users - ::1
2025-02-13T07:13:36.824Z [INFO]: [User: Guest | ID: NA] GET /show-users - ::1
2025-02-13T07:16:48.158Z [INFO]: [User: Guest | ID: NA] GET /show-company_profile - ::1
2025-02-13T07:16:48.159Z [INFO]: [User: Guest | ID: NA] GET /show-company - ::1
2025-02-13T07:16:48.345Z [INFO]: [User: Guest | ID: NA] GET /show-company_profile - ::1
2025-02-13T07:16:48.346Z [INFO]: [User: Guest | ID: NA] GET /show-company - ::1
2025-02-13T07:16:48.485Z [INFO]: [User: Guest | ID: NA] GET /show-company_profile - ::1
2025-02-13T07:16:48.486Z [INFO]: [User: Guest | ID: NA] GET /show-company - ::1
2025-02-13T07:16:48.804Z [INFO]: [User: Guest | ID: NA] GET /show-company_profile - ::1
2025-02-13T07:16:48.805Z [INFO]: [User: Guest | ID: NA] GET /show-company - ::1
2025-02-13T07:16:49.196Z [INFO]: [User: Guest | ID: NA] GET /show-company_profile - ::1
2025-02-13T07:16:49.197Z [INFO]: [User: Guest | ID: NA] GET /show-company - ::1
2025-02-13T07:16:56.756Z [INFO]: [User: Guest | ID: NA] POST /update-company-profile - ::1
2025-02-13T07:17:49.653Z [INFO]: [User: Guest | ID: NA] GET /show-company_profile - ::1
2025-02-13T07:17:49.654Z [INFO]: [User: Guest | ID: NA] GET /show-company - ::1
2025-02-13T07:17:51.457Z [INFO]: [User: Guest | ID: NA] GET /show-company_profile - ::1
2025-02-13T07:17:51.457Z [INFO]: [User: Guest | ID: NA] GET /show-company - ::1
2025-02-13T07:17:52.827Z [INFO]: [User: Guest | ID: NA] GET /show-company_profile - ::1
2025-02-13T07:17:52.827Z [INFO]: [User: Guest | ID: NA] GET /show-company - ::1
2025-02-13T07:17:54.538Z [INFO]: [User: Guest | ID: NA] GET /show-company_profile - ::1
2025-02-13T07:17:54.538Z [INFO]: [User: Guest | ID: NA] GET /show-company - ::1
2025-02-13T07:17:59.561Z [INFO]: [User: Guest | ID: NA] GET /show-company_profile - ::1
2025-02-13T07:17:59.563Z [INFO]: [User: Guest | ID: NA] GET /show-company - ::1
2025-02-13T07:18:01.095Z [INFO]: [User: Guest | ID: NA] GET /show-company_profile - ::1
2025-02-13T07:18:01.098Z [INFO]: [User: Guest | ID: NA] GET /show-company - ::1
2025-02-13T07:18:01.789Z [INFO]: [User: Guest | ID: NA] GET /show-company_profile - ::1
2025-02-13T07:18:01.790Z [INFO]: [User: Guest | ID: NA] GET /show-company - ::1
2025-02-13T07:18:12.363Z [INFO]: [User: Guest | ID: NA] POST /update-company-profile - ::1
2025-02-13T07:19:41.892Z [INFO]: [User: Guest | ID: NA] POST /update-company-profile - ::ffff:127.0.0.1
2025-02-13T07:19:48.800Z [INFO]: [User: Guest | ID: NA] POST /update-company-profile - ::ffff:127.0.0.1
2025-02-13T07:20:24.388Z [INFO]: [User: Guest | ID: NA] POST /update-company-profile - ::ffff:127.0.0.1
2025-02-13T07:20:32.944Z [INFO]: [User: Guest | ID: NA] POST /update-company-profile - ::ffff:127.0.0.1
2025-02-13T07:20:39.101Z [INFO]: [User: Guest | ID: NA] GET /show-company - ::1
2025-02-13T07:20:39.103Z [INFO]: [User: Guest | ID: NA] GET /show-company_profile - ::ffff:127.0.0.1
2025-02-13T07:21:20.553Z [INFO]: [User: Guest | ID: NA] GET /show-company_profile - ::1
2025-02-13T07:21:20.555Z [INFO]: [User: Guest | ID: NA] GET /show-company - ::1
2025-02-13T07:21:23.001Z [INFO]: [User: Guest | ID: NA] GET /show-company_profile - ::1
2025-02-13T07:21:23.004Z [INFO]: [User: Guest | ID: NA] GET /show-company - ::1
2025-02-13T07:21:24.969Z [INFO]: [User: Guest | ID: NA] GET /show-company_profile - ::1
2025-02-13T07:21:24.971Z [INFO]: [User: Guest | ID: NA] GET /show-company - ::1
2025-02-13T07:21:26.445Z [INFO]: [User: Guest | ID: NA] GET /show-company_profile - ::1
2025-02-13T07:21:26.447Z [INFO]: [User: Guest | ID: NA] GET /show-company - ::1
2025-02-13T07:21:28.705Z [INFO]: [User: Guest | ID: NA] GET /show-company_profile - ::1
2025-02-13T07:21:28.707Z [INFO]: [User: Guest | ID: NA] GET /show-company - ::1
2025-02-13T07:21:30.152Z [INFO]: [User: Guest | ID: NA] GET /show-company_profile - ::1
2025-02-13T07:21:30.153Z [INFO]: [User: Guest | ID: NA] GET /show-company - ::1
2025-02-13T07:21:30.918Z [INFO]: [User: Guest | ID: NA] GET /show-company_profile - ::1
2025-02-13T07:21:30.921Z [INFO]: [User: Guest | ID: NA] GET /show-company - ::1
2025-02-13T07:21:37.114Z [INFO]: [User: Guest | ID: NA] GET /show-company_profile - ::1
2025-02-13T07:21:37.117Z [INFO]: [User: Guest | ID: NA] GET /show-company - ::1
2025-02-13T07:21:37.685Z [INFO]: [User: Guest | ID: NA] GET /show-company_profile - ::1
2025-02-13T07:21:37.687Z [INFO]: [User: Guest | ID: NA] GET /show-company - ::1
2025-02-13T07:21:38.380Z [INFO]: [User: Guest | ID: NA] GET /show-company_profile - ::1
2025-02-13T07:21:38.381Z [INFO]: [User: Guest | ID: NA] GET /show-company - ::1
2025-02-13T07:21:45.045Z [INFO]: [User: Guest | ID: NA] POST /update-company-profile - ::1
2025-02-13T07:21:53.799Z [INFO]: [User: Guest | ID: NA] POST /update-company-profile - ::1
2025-02-13T07:22:01.897Z [INFO]: [User: Guest | ID: NA] GET /show-company_profile - ::1
2025-02-13T07:22:01.898Z [INFO]: [User: Guest | ID: NA] GET /show-company - ::1
2025-02-13T07:22:10.177Z [INFO]: [User: Guest | ID: NA] GET /show-company_profile - ::1
2025-02-13T07:22:10.178Z [INFO]: [User: Guest | ID: NA] GET /show-company - ::1
2025-02-13T07:22:12.169Z [INFO]: [User: Guest | ID: NA] GET /show-company_profile - ::1
2025-02-13T07:22:12.171Z [INFO]: [User: Guest | ID: NA] GET /show-company - ::1
2025-02-13T07:22:13.585Z [INFO]: [User: Guest | ID: NA] GET /show-company_profile - ::1
2025-02-13T07:22:13.585Z [INFO]: [User: Guest | ID: NA] GET /show-company - ::1
2025-02-13T07:22:18.417Z [INFO]: [User: Guest | ID: NA] POST /update-company-profile - ::1
2025-02-13T07:22:30.068Z [INFO]: [User: Guest | ID: NA] GET /show-company_profile - ::1
2025-02-13T07:22:30.069Z [INFO]: [User: Guest | ID: NA] GET /show-company - ::1
2025-02-13T07:22:31.454Z [INFO]: [User: Guest | ID: NA] GET /show-company_profile - ::1
2025-02-13T07:22:31.454Z [INFO]: [User: Guest | ID: NA] GET /show-company - ::1
2025-02-13T07:22:31.963Z [INFO]: [User: Guest | ID: NA] GET /show-company_profile - ::1
2025-02-13T07:22:31.964Z [INFO]: [User: Guest | ID: NA] GET /show-company - ::1
2025-02-13T07:22:38.997Z [INFO]: [User: Guest | ID: NA] GET /show-company_profile - ::1
2025-02-13T07:22:39.001Z [INFO]: [User: Guest | ID: NA] GET /show-company - ::1
2025-02-13T07:22:41.557Z [INFO]: [User: Guest | ID: NA] GET /show-company_profile - ::1
2025-02-13T07:22:41.559Z [INFO]: [User: Guest | ID: NA] GET /show-company - ::1
2025-02-13T07:22:41.600Z [INFO]: [User: Guest | ID: NA] GET /show-company_profile - ::1
2025-02-13T07:22:41.601Z [INFO]: [User: Guest | ID: NA] GET /show-company - ::1
2025-02-13T07:22:43.679Z [INFO]: [User: Guest | ID: NA] POST /update-company-profile - ::1
2025-02-13T07:22:43.833Z [INFO]: [User: Guest | ID: NA] GET /show-company_profile - ::1
2025-02-13T07:22:43.834Z [INFO]: [User: Guest | ID: NA] GET /show-company - ::1
2025-02-13T07:24:30.537Z [INFO]: [User: Guest | ID: NA] GET /show-company_profile - ::1
2025-02-13T07:24:30.540Z [INFO]: [User: Guest | ID: NA] GET /show-company - ::1
2025-02-13T07:24:32.289Z [INFO]: [User: Guest | ID: NA] GET /show-company_profile - ::1
2025-02-13T07:24:32.290Z [INFO]: [User: Guest | ID: NA] GET /show-company - ::1
2025-02-13T07:24:33.631Z [INFO]: [User: Guest | ID: NA] GET /show-company_profile - ::1
2025-02-13T07:24:33.633Z [INFO]: [User: Guest | ID: NA] GET /show-company - ::1
2025-02-13T07:24:57.805Z [INFO]: [User: Guest | ID: NA] GET /show-company_profile - ::1
2025-02-13T07:24:57.806Z [INFO]: [User: Guest | ID: NA] GET /show-company - ::1
2025-02-13T07:24:59.938Z [INFO]: [User: Guest | ID: NA] GET /show-company_profile - ::1
2025-02-13T07:24:59.939Z [INFO]: [User: Guest | ID: NA] GET /show-company - ::1
2025-02-13T07:25:10.511Z [INFO]: [User: Guest | ID: NA] GET /show-company_profile - ::1
2025-02-13T07:25:10.513Z [INFO]: [User: Guest | ID: NA] GET /show-company - ::1
2025-02-13T07:25:18.508Z [INFO]: [User: Guest | ID: NA] GET /show-company_profile - ::1
2025-02-13T07:25:18.509Z [INFO]: [User: Guest | ID: NA] GET /show-company - ::1
2025-02-13T07:25:18.707Z [INFO]: [User: Guest | ID: NA] GET /show-company_profile - ::1
2025-02-13T07:25:18.708Z [INFO]: [User: Guest | ID: NA] GET /show-company - ::1
2025-02-13T07:25:31.214Z [INFO]: [User: Guest | ID: NA] GET /show-company_profile - ::1
2025-02-13T07:25:31.215Z [INFO]: [User: Guest | ID: NA] GET /show-company - ::1
2025-02-13T07:25:33.146Z [INFO]: [User: Guest | ID: NA] GET /show-company_profile - ::1
2025-02-13T07:25:33.154Z [INFO]: [User: Guest | ID: NA] GET /show-company - ::1
2025-02-13T07:25:41.069Z [INFO]: [User: Guest | ID: NA] GET /show-company_profile - ::1
2025-02-13T07:25:41.070Z [INFO]: [User: Guest | ID: NA] GET /show-company - ::1
2025-02-13T07:25:48.013Z [INFO]: [User: Guest | ID: NA] GET /show-company_profile - ::1
2025-02-13T07:25:48.014Z [INFO]: [User: Guest | ID: NA] GET /show-company - ::1
2025-02-13T07:25:49.980Z [INFO]: [User: Guest | ID: NA] GET /show-company_profile - ::1
2025-02-13T07:25:49.981Z [INFO]: [User: Guest | ID: NA] GET /show-company - ::1
2025-02-13T07:25:52.347Z [INFO]: [User: Guest | ID: NA] GET /show-company_profile - ::1
2025-02-13T07:25:52.348Z [INFO]: [User: Guest | ID: NA] GET /show-company - ::1
2025-02-13T07:25:58.323Z [INFO]: [User: Guest | ID: NA] GET /show-company_profile - ::1
2025-02-13T07:25:58.324Z [INFO]: [User: Guest | ID: NA] GET /show-company - ::1
2025-02-13T07:25:59.200Z [INFO]: [User: Guest | ID: NA] GET /show-company_profile - ::1
2025-02-13T07:25:59.201Z [INFO]: [User: Guest | ID: NA] GET /show-company - ::1
2025-02-13T07:26:05.220Z [INFO]: [User: Guest | ID: NA] POST /update-company-profile - ::1
2025-02-13T07:26:05.283Z [INFO]: [User: Guest | ID: NA] GET /show-company_profile - ::1
2025-02-13T07:26:05.285Z [INFO]: [User: Guest | ID: NA] GET /show-company - ::1
2025-02-13T07:26:55.391Z [INFO]: [User: Guest | ID: NA] POST /update-company-profile - ::1
2025-02-13T07:26:55.428Z [INFO]: [User: Guest | ID: NA] GET /show-company_profile - ::1
2025-02-13T07:26:55.435Z [INFO]: [User: Guest | ID: NA] GET /show-company - ::1
