2025-02-14T05:45:17.038Z [INFO]: [User: Guest | ID: NA] GET /show-company - ::1
2025-02-14T05:45:17.124Z [INFO]: [User: Guest | ID: NA] GET /show-company - ::1
2025-02-14T05:45:17.131Z [INFO]: [User: Guest | ID: NA] GET /show-company - ::1
2025-02-14T05:45:17.140Z [INFO]: [User: Guest | ID: NA] GET /show-company - ::1
2025-02-14T05:45:18.431Z [INFO]: [User: Guest | ID: NA] GET /show-company_profile - ::1
2025-02-14T05:45:18.433Z [INFO]: [User: Guest | ID: NA] GET /show-company - ::1
2025-02-14T05:45:18.446Z [INFO]: [User: Guest | ID: NA] GET /show-company_profile - ::1
2025-02-14T05:45:18.450Z [INFO]: [User: Guest | ID: NA] GET /show-company - ::1
2025-02-14T05:45:22.021Z [INFO]: [User: Guest | ID: NA] GET /show-company - ::1
2025-02-14T05:45:22.026Z [INFO]: [User: Guest | ID: NA] GET /show-company - ::1
2025-02-14T05:45:22.030Z [INFO]: [User: Guest | ID: NA] GET /show-company - ::1
2025-02-14T05:45:22.039Z [INFO]: [User: Guest | ID: NA] GET /show-company - ::1
2025-02-14T05:45:24.437Z [INFO]: [User: Guest | ID: NA] GET /show-company_profile - ::1
2025-02-14T05:45:24.439Z [INFO]: [User: Guest | ID: NA] GET /show-company - ::1
2025-02-14T05:45:24.444Z [INFO]: [User: Guest | ID: NA] GET /show-company_profile - ::1
2025-02-14T05:45:24.448Z [INFO]: [User: Guest | ID: NA] GET /show-company - ::1
2025-02-14T05:45:30.371Z [INFO]: [User: Guest | ID: NA] GET /show-company - ::1
2025-02-14T05:45:30.375Z [INFO]: [User: Guest | ID: NA] GET /show-company - ::1
2025-02-14T05:45:30.394Z [INFO]: [User: Guest | ID: NA] GET /show-company - ::1
2025-02-14T05:45:30.405Z [INFO]: [User: Guest | ID: NA] GET /show-company - ::1
2025-02-14T05:45:43.461Z [INFO]: [User: Guest | ID: NA] GET /show-company - ::1
2025-02-14T05:45:43.465Z [INFO]: [User: Guest | ID: NA] GET /show-company - ::1
2025-02-14T05:45:43.476Z [INFO]: [User: Guest | ID: NA] GET /show-company - ::1
2025-02-14T05:45:43.489Z [INFO]: [User: Guest | ID: NA] GET /show-company - ::1
2025-02-14T05:45:46.292Z [INFO]: [User: Guest | ID: NA] GET /show-company - ::1
2025-02-14T05:45:46.296Z [INFO]: [User: Guest | ID: NA] GET /show-company - ::1
2025-02-14T05:45:46.311Z [INFO]: [User: Guest | ID: NA] GET /show-company - ::1
2025-02-14T05:45:46.318Z [INFO]: [User: Guest | ID: NA] GET /show-company - ::1
2025-02-14T05:46:03.471Z [INFO]: [User: Guest | ID: NA] GET /show-company_profile - ::1
2025-02-14T05:46:03.477Z [INFO]: [User: Guest | ID: NA] GET /show-company - ::1
2025-02-14T05:46:03.478Z [INFO]: [User: Guest | ID: NA] GET /show-company_profile - ::1
2025-02-14T05:46:03.485Z [INFO]: [User: Guest | ID: NA] GET /show-company - ::1
2025-02-14T05:46:09.182Z [INFO]: [User: Guest | ID: NA] POST /update-company-profile - ::1
2025-02-14T05:46:09.299Z [INFO]: [User: Guest | ID: NA] GET /show-company_profile - ::1
2025-02-14T05:46:09.307Z [INFO]: [User: Guest | ID: NA] GET /show-company - ::1
2025-02-14T05:46:36.924Z [INFO]: [User: Guest | ID: NA] GET /show-users - ::1
2025-02-14T05:46:37.487Z [INFO]: [User: Guest | ID: NA] GET /show-users - ::1
2025-02-14T05:47:52.240Z [INFO]: [User: Guest | ID: NA] GET /show-users - ::1
2025-02-14T05:47:52.260Z [INFO]: [User: Guest | ID: NA] GET /show-users - ::1
2025-02-14T05:48:01.595Z [INFO]: [User: Guest | ID: NA] GET /show-users - ::1
2025-02-14T05:48:01.600Z [INFO]: [User: Guest | ID: NA] GET /show-users - ::1
2025-02-14T05:48:02.963Z [INFO]: [User: Guest | ID: NA] GET /update-show-users?id=2 - ::1
2025-02-14T05:48:02.988Z [INFO]: [User: Guest | ID: NA] GET /update-show-users?id=2 - ::1
2025-02-14T05:48:17.454Z [INFO]: [User: Guest | ID: NA] POST /upload-file - ::1
2025-02-14T05:48:17.487Z [INFO]: [User: Guest | ID: NA] POST /update-user - ::1
2025-02-14T05:48:17.562Z [INFO]: [User: Guest | ID: NA] GET /show-users - ::1
2025-02-14T05:48:17.573Z [INFO]: [User: Guest | ID: NA] GET /show-users - ::1
2025-02-14T05:48:18.946Z [INFO]: [User: Guest | ID: NA] GET /update-show-users?id=3 - ::1
2025-02-14T05:48:18.959Z [INFO]: [User: Guest | ID: NA] GET /update-show-users?id=3 - ::1
2025-02-14T05:48:20.696Z [INFO]: [User: Guest | ID: NA] POST /upload-file - ::1
2025-02-14T05:48:20.716Z [INFO]: [User: Guest | ID: NA] POST /update-user - ::1
2025-02-14T05:48:20.770Z [INFO]: [User: Guest | ID: NA] GET /show-users - ::1
2025-02-14T05:48:20.774Z [INFO]: [User: Guest | ID: NA] GET /show-users - ::1
2025-02-14T05:48:22.282Z [INFO]: [User: Guest | ID: NA] GET /update-show-users?id=4 - ::1
2025-02-14T05:48:22.288Z [INFO]: [User: Guest | ID: NA] GET /update-show-users?id=4 - ::1
2025-02-14T05:48:29.896Z [INFO]: [User: Guest | ID: NA] POST /upload-file - ::1
2025-02-14T05:48:29.928Z [INFO]: [User: Guest | ID: NA] POST /update-user - ::1
2025-02-14T05:48:29.969Z [INFO]: [User: Guest | ID: NA] GET /show-users - ::1
2025-02-14T05:48:29.999Z [INFO]: [User: Guest | ID: NA] GET /show-users - ::1
2025-02-14T05:48:32.132Z [INFO]: [User: Guest | ID: NA] GET /update-show-users?id=5 - ::1
2025-02-14T05:48:32.137Z [INFO]: [User: Guest | ID: NA] GET /update-show-users?id=5 - ::1
2025-02-14T05:48:37.055Z [INFO]: [User: Guest | ID: NA] POST /upload-file - ::1
2025-02-14T05:48:37.086Z [INFO]: [User: Guest | ID: NA] POST /update-user - ::1
2025-02-14T05:48:37.195Z [INFO]: [User: Guest | ID: NA] GET /show-users - ::1
2025-02-14T05:48:37.202Z [INFO]: [User: Guest | ID: NA] GET /show-users - ::1
2025-02-14T05:48:39.833Z [INFO]: [User: Guest | ID: NA] GET /update-show-users?id=6 - ::1
2025-02-14T05:48:39.842Z [INFO]: [User: Guest | ID: NA] GET /update-show-users?id=6 - ::1
2025-02-14T05:48:44.920Z [INFO]: [User: Guest | ID: NA] POST /upload-file - ::1
2025-02-14T05:48:44.954Z [INFO]: [User: Guest | ID: NA] POST /update-user - ::1
2025-02-14T05:48:45.081Z [INFO]: [User: Guest | ID: NA] GET /show-users - ::1
2025-02-14T05:48:45.103Z [INFO]: [User: Guest | ID: NA] GET /show-users - ::1
2025-02-14T05:48:46.607Z [INFO]: [User: Guest | ID: NA] GET /update-show-users?id=8 - ::1
2025-02-14T05:48:46.613Z [INFO]: [User: Guest | ID: NA] GET /update-show-users?id=8 - ::1
2025-02-14T05:48:51.734Z [INFO]: [User: Guest | ID: NA] POST /upload-file - ::1
2025-02-14T05:48:51.780Z [INFO]: [User: Guest | ID: NA] POST /update-user - ::1
2025-02-14T05:48:51.840Z [INFO]: [User: Guest | ID: NA] GET /show-users - ::1
2025-02-14T05:48:51.849Z [INFO]: [User: Guest | ID: NA] GET /show-users - ::1
2025-02-14T05:48:56.533Z [INFO]: [User: Guest | ID: NA] GET /update-show-users?id=8 - ::1
2025-02-14T05:48:56.539Z [INFO]: [User: Guest | ID: NA] GET /update-show-users?id=8 - ::1
2025-02-14T05:48:58.727Z [INFO]: [User: Guest | ID: NA] GET /show-users - ::1
2025-02-14T05:48:58.754Z [INFO]: [User: Guest | ID: NA] GET /show-users - ::1
2025-02-14T05:52:24.246Z [INFO]: [User: Guest | ID: NA] GET /show-company_profile - ::1
2025-02-14T05:52:24.512Z [INFO]: [User: Guest | ID: NA] GET /show-company - ::1
2025-02-14T05:52:37.141Z [INFO]: [User: Guest | ID: NA] GET /show-company_profile - ::1
2025-02-14T05:52:37.142Z [INFO]: [User: Guest | ID: NA] GET /show-company - ::1
2025-02-14T06:08:30.414Z [INFO]: [User: Guest | ID: NA] GET /show-company - ::1
2025-02-14T06:08:30.440Z [INFO]: [User: Guest | ID: NA] GET /show-company - ::1
2025-02-14T06:08:30.446Z [INFO]: [User: Guest | ID: NA] GET /show-company - ::1
2025-02-14T06:08:30.459Z [INFO]: [User: Guest | ID: NA] GET /show-company - ::1
2025-02-14T06:08:34.089Z [INFO]: [User: Guest | ID: NA] GET /show-company_profile - ::1
2025-02-14T06:08:34.091Z [INFO]: [User: Guest | ID: NA] GET /show-company - ::1
2025-02-14T06:08:34.096Z [INFO]: [User: Guest | ID: NA] GET /show-company_profile - ::1
2025-02-14T06:08:34.098Z [INFO]: [User: Guest | ID: NA] GET /show-company - ::1
2025-02-14T06:11:58.763Z [INFO]: [User: Guest | ID: NA] GET /show-company_profile - ::1
2025-02-14T06:11:58.764Z [INFO]: [User: Guest | ID: NA] GET /show-company - ::1
2025-02-14T06:12:10.834Z [INFO]: [User: Guest | ID: NA] GET /show-company_profile - ::1
2025-02-14T06:12:10.836Z [INFO]: [User: Guest | ID: NA] GET /show-company - ::1
2025-02-14T06:12:18.719Z [INFO]: [User: Guest | ID: NA] GET /show-company_profile - ::1
2025-02-14T06:12:18.720Z [INFO]: [User: Guest | ID: NA] GET /show-company - ::1
2025-02-14T06:12:33.418Z [INFO]: [User: Guest | ID: NA] GET /show-company_profile - ::1
2025-02-14T06:12:33.418Z [INFO]: [User: Guest | ID: NA] GET /show-company - ::1
2025-02-14T06:12:39.291Z [INFO]: [User: Guest | ID: NA] GET /show-company_profile - ::1
2025-02-14T06:12:39.294Z [INFO]: [User: Guest | ID: NA] GET /show-company - ::1
2025-02-14T06:12:44.538Z [INFO]: [User: Guest | ID: NA] GET /show-company_profile - ::1
2025-02-14T06:12:44.540Z [INFO]: [User: Guest | ID: NA] GET /show-company - ::1
2025-02-14T06:12:47.363Z [INFO]: [User: Guest | ID: NA] GET /show-company_profile - ::1
2025-02-14T06:12:47.364Z [INFO]: [User: Guest | ID: NA] GET /show-company - ::1
2025-02-14T06:12:54.497Z [INFO]: [User: Guest | ID: NA] GET /show-company_profile - ::1
2025-02-14T06:12:54.500Z [INFO]: [User: Guest | ID: NA] GET /show-company - ::1
2025-02-14T06:13:54.874Z [INFO]: [User: Guest | ID: NA] GET /show-company_profile - ::1
2025-02-14T06:13:54.875Z [INFO]: [User: Guest | ID: NA] GET /show-company - ::1
2025-02-14T06:14:07.824Z [INFO]: [User: Guest | ID: NA] GET /show-company_profile - ::1
2025-02-14T06:14:07.825Z [INFO]: [User: Guest | ID: NA] GET /show-company - ::1
2025-02-14T06:14:35.507Z [INFO]: [User: Guest | ID: NA] GET /show-company_profile - ::1
2025-02-14T06:14:35.508Z [INFO]: [User: Guest | ID: NA] GET /show-company - ::1
2025-02-14T06:14:36.146Z [INFO]: [User: Guest | ID: NA] GET /show-company_profile - ::1
2025-02-14T06:14:36.148Z [INFO]: [User: Guest | ID: NA] GET /show-company - ::1
2025-02-14T06:14:36.331Z [INFO]: [User: Guest | ID: NA] GET /show-company_profile - ::1
2025-02-14T06:14:36.335Z [INFO]: [User: Guest | ID: NA] GET /show-company - ::1
2025-02-14T06:14:37.137Z [INFO]: [User: Guest | ID: NA] GET /show-company_profile - ::1
2025-02-14T06:14:37.138Z [INFO]: [User: Guest | ID: NA] GET /show-company - ::1
2025-02-14T06:14:53.487Z [INFO]: [User: Guest | ID: NA] GET /show-company_profile - ::1
2025-02-14T06:14:53.488Z [INFO]: [User: Guest | ID: NA] GET /show-company - ::1
2025-02-14T06:14:55.877Z [INFO]: [User: Guest | ID: NA] GET /show-company_profile - ::1
2025-02-14T06:14:55.878Z [INFO]: [User: Guest | ID: NA] GET /show-company - ::1
2025-02-14T06:14:56.991Z [INFO]: [User: Guest | ID: NA] GET /show-company_profile - ::1
2025-02-14T06:14:56.991Z [INFO]: [User: Guest | ID: NA] GET /show-company - ::1
2025-02-14T06:14:59.042Z [INFO]: [User: Guest | ID: NA] GET /show-company_profile - ::1
2025-02-14T06:14:59.043Z [INFO]: [User: Guest | ID: NA] GET /show-company - ::1
2025-02-14T06:15:00.267Z [INFO]: [User: Guest | ID: NA] GET /show-company_profile - ::1
2025-02-14T06:15:00.268Z [INFO]: [User: Guest | ID: NA] GET /show-company - ::1
2025-02-14T06:15:05.011Z [INFO]: [User: Guest | ID: NA] GET /show-company_profile - ::1
2025-02-14T06:15:05.011Z [INFO]: [User: Guest | ID: NA] GET /show-company - ::1
2025-02-14T06:15:05.966Z [INFO]: [User: Guest | ID: NA] GET /show-company_profile - ::1
2025-02-14T06:15:05.985Z [INFO]: [User: Guest | ID: NA] GET /show-company - ::1
2025-02-14T06:15:06.641Z [INFO]: [User: Guest | ID: NA] GET /show-company_profile - ::1
2025-02-14T06:15:06.643Z [INFO]: [User: Guest | ID: NA] GET /show-company - ::1
2025-02-14T06:15:29.158Z [INFO]: [User: Guest | ID: NA] GET /show-company_profile - ::1
2025-02-14T06:15:29.159Z [INFO]: [User: Guest | ID: NA] GET /show-company - ::1
2025-02-14T06:15:41.052Z [INFO]: [User: Guest | ID: NA] GET /show-company_profile - ::1
2025-02-14T06:15:41.068Z [INFO]: [User: Guest | ID: NA] GET /show-company - ::1
2025-02-14T06:15:41.195Z [INFO]: [User: Guest | ID: NA] GET /show-company_profile - ::1
2025-02-14T06:15:41.196Z [INFO]: [User: Guest | ID: NA] GET /show-company - ::1
2025-02-14T06:16:10.787Z [INFO]: [User: Guest | ID: NA] GET /show-company_profile - ::1
2025-02-14T06:16:10.788Z [INFO]: [User: Guest | ID: NA] GET /show-company - ::1
2025-02-14T06:16:14.133Z [INFO]: [User: Guest | ID: NA] GET /show-company_profile - ::1
2025-02-14T06:16:14.136Z [INFO]: [User: Guest | ID: NA] GET /show-company - ::1
2025-02-14T06:16:17.527Z [INFO]: [User: Guest | ID: NA] GET /show-company_profile - ::1
2025-02-14T06:16:17.528Z [INFO]: [User: Guest | ID: NA] GET /show-company - ::1
2025-02-14T06:16:59.522Z [INFO]: [User: Guest | ID: NA] GET /show-company_profile - ::1
2025-02-14T06:16:59.523Z [INFO]: [User: Guest | ID: NA] GET /show-company - ::1
2025-02-14T06:16:59.545Z [INFO]: [User: Guest | ID: NA] GET /show-company_profile - ::1
2025-02-14T06:16:59.546Z [INFO]: [User: Guest | ID: NA] GET /show-company - ::1
2025-02-14T06:17:03.903Z [INFO]: [User: Guest | ID: NA] GET /show-company_profile - ::1
2025-02-14T06:17:03.910Z [INFO]: [User: Guest | ID: NA] GET /show-company - ::1
2025-02-14T06:17:03.990Z [INFO]: [User: Guest | ID: NA] GET /show-company_profile - ::1
2025-02-14T06:17:03.995Z [INFO]: [User: Guest | ID: NA] GET /show-company - ::1
2025-02-14T06:17:41.717Z [INFO]: [User: Guest | ID: NA] GET /show-company_profile - ::1
2025-02-14T06:17:41.718Z [INFO]: [User: Guest | ID: NA] GET /show-company - ::1
2025-02-14T06:17:43.356Z [INFO]: [User: Guest | ID: NA] GET /show-company_profile - ::1
2025-02-14T06:17:43.357Z [INFO]: [User: Guest | ID: NA] GET /show-company - ::1
2025-02-14T06:17:46.676Z [INFO]: [User: Guest | ID: NA] GET /show-company_profile - ::1
2025-02-14T06:17:46.679Z [INFO]: [User: Guest | ID: NA] GET /show-company - ::1
2025-02-14T06:17:46.682Z [INFO]: [User: Guest | ID: NA] GET /show-company_profile - ::1
2025-02-14T06:17:46.686Z [INFO]: [User: Guest | ID: NA] GET /show-company - ::1
2025-02-14T06:17:53.316Z [INFO]: [User: Guest | ID: NA] POST /upload-file - ::1
2025-02-14T06:17:53.512Z [INFO]: [User: Guest | ID: NA] POST /update-company-profile - ::1
2025-02-14T06:18:07.843Z [INFO]: [User: Guest | ID: NA] POST /upload-file - ::1
2025-02-14T06:18:07.918Z [INFO]: [User: Guest | ID: NA] POST /update-company-profile - ::1
2025-02-14T06:20:02.611Z [INFO]: [User: Guest | ID: NA] GET /show-company_profile - ::1
2025-02-14T06:20:02.619Z [INFO]: [User: Guest | ID: NA] GET /show-company - ::1
2025-02-14T06:20:02.698Z [INFO]: [User: Guest | ID: NA] GET /show-company_profile - ::1
2025-02-14T06:20:02.724Z [INFO]: [User: Guest | ID: NA] GET /show-company - ::1
2025-02-14T06:20:21.181Z [INFO]: [User: Guest | ID: NA] GET /show-company_profile - ::1
2025-02-14T06:20:21.181Z [INFO]: [User: Guest | ID: NA] GET /show-company - ::1
2025-02-14T06:20:21.210Z [INFO]: [User: Guest | ID: NA] GET /show-company_profile - ::1
2025-02-14T06:20:21.211Z [INFO]: [User: Guest | ID: NA] GET /show-company - ::1
2025-02-14T06:20:25.432Z [INFO]: [User: Guest | ID: NA] GET /show-company_profile - ::1
2025-02-14T06:20:25.433Z [INFO]: [User: Guest | ID: NA] GET /show-company - ::1
2025-02-14T06:22:39.142Z [INFO]: [User: Guest | ID: NA] GET /show-company_profile - ::1
2025-02-14T06:22:39.143Z [INFO]: [User: Guest | ID: NA] GET /show-company - ::1
2025-02-14T06:23:51.343Z [INFO]: [User: Guest | ID: NA] GET /show-company_profile - ::1
2025-02-14T06:23:51.343Z [INFO]: [User: Guest | ID: NA] GET /show-company - ::1
2025-02-14T06:23:54.256Z [INFO]: [User: Guest | ID: NA] GET /show-company_profile - ::1
2025-02-14T06:23:54.257Z [INFO]: [User: Guest | ID: NA] GET /show-company - ::1
2025-02-14T06:23:54.546Z [INFO]: [User: Guest | ID: NA] GET /show-company_profile - ::1
2025-02-14T06:23:54.549Z [INFO]: [User: Guest | ID: NA] GET /show-company - ::1
2025-02-14T06:24:00.906Z [INFO]: [User: Guest | ID: NA] GET /show-company_profile - ::1
2025-02-14T06:24:00.908Z [INFO]: [User: Guest | ID: NA] GET /show-company - ::1
2025-02-14T06:24:09.222Z [INFO]: [User: Guest | ID: NA] GET /show-company_profile - ::1
2025-02-14T06:24:09.223Z [INFO]: [User: Guest | ID: NA] GET /show-company - ::1
2025-02-14T06:24:10.379Z [INFO]: [User: Guest | ID: NA] GET /show-company_profile - ::1
2025-02-14T06:24:10.380Z [INFO]: [User: Guest | ID: NA] GET /show-company - ::1
2025-02-14T06:24:13.429Z [INFO]: [User: Guest | ID: NA] GET /show-company_profile - ::1
2025-02-14T06:24:13.430Z [INFO]: [User: Guest | ID: NA] GET /show-company - ::1
2025-02-14T06:24:47.208Z [INFO]: [User: Guest | ID: NA] GET /show-company_profile - ::1
2025-02-14T06:24:47.212Z [INFO]: [User: Guest | ID: NA] GET /upload/undefined - ::1
2025-02-14T06:24:47.218Z [INFO]: [User: Guest | ID: NA] GET /show-company - ::1
2025-02-14T06:24:50.551Z [INFO]: [User: Guest | ID: NA] GET /show-company_profile - ::1
2025-02-14T06:24:50.553Z [INFO]: [User: Guest | ID: NA] GET /show-company - ::1
2025-02-14T06:24:52.861Z [INFO]: [User: Guest | ID: NA] GET /show-company_profile - ::1
2025-02-14T06:24:52.862Z [INFO]: [User: Guest | ID: NA] GET /show-company - ::1
2025-02-14T06:24:52.951Z [INFO]: [User: Guest | ID: NA] GET /show-company_profile - ::1
2025-02-14T06:24:52.953Z [INFO]: [User: Guest | ID: NA] GET /show-company - ::1
2025-02-14T06:24:53.205Z [INFO]: [User: Guest | ID: NA] GET /upload/undefined - ::1
2025-02-14T06:25:02.582Z [INFO]: [User: Guest | ID: NA] GET /show-company_profile - ::1
2025-02-14T06:25:02.583Z [INFO]: [User: Guest | ID: NA] GET /show-company - ::1
2025-02-14T06:25:03.125Z [INFO]: [User: Guest | ID: NA] GET /show-company_profile - ::1
2025-02-14T06:25:03.127Z [INFO]: [User: Guest | ID: NA] GET /show-company - ::1
2025-02-14T06:25:08.690Z [INFO]: [User: Guest | ID: NA] GET /show-company_profile - ::1
2025-02-14T06:25:08.691Z [INFO]: [User: Guest | ID: NA] GET /show-company - ::1
2025-02-14T06:25:09.503Z [INFO]: [User: Guest | ID: NA] GET /show-company_profile - ::1
2025-02-14T06:25:09.504Z [INFO]: [User: Guest | ID: NA] GET /show-company - ::1
2025-02-14T06:25:13.921Z [INFO]: [User: Guest | ID: NA] GET /show-company_profile - ::1
2025-02-14T06:25:13.922Z [INFO]: [User: Guest | ID: NA] GET /show-company - ::1
2025-02-14T06:26:23.230Z [INFO]: [User: Guest | ID: NA] GET /show-company_profile - ::1
2025-02-14T06:26:23.231Z [INFO]: [User: Guest | ID: NA] GET /show-company - ::1
2025-02-14T06:26:26.009Z [INFO]: [User: Guest | ID: NA] GET /show-company_profile - ::1
2025-02-14T06:26:26.010Z [INFO]: [User: Guest | ID: NA] GET /show-company - ::1
2025-02-14T06:26:26.091Z [INFO]: [User: Guest | ID: NA] GET /show-company_profile - ::1
2025-02-14T06:26:26.093Z [INFO]: [User: Guest | ID: NA] GET /show-company - ::1
2025-02-14T06:26:41.335Z [INFO]: [User: Guest | ID: NA] GET /show-company_profile - ::1
2025-02-14T06:26:41.338Z [INFO]: [User: Guest | ID: NA] GET /show-company - ::1
2025-02-14T06:26:43.422Z [INFO]: [User: Guest | ID: NA] GET /show-company_profile - ::1
2025-02-14T06:26:43.422Z [INFO]: [User: Guest | ID: NA] GET /show-company - ::1
2025-02-14T06:26:55.024Z [INFO]: [User: Guest | ID: NA] GET /show-company_profile - ::1
2025-02-14T06:26:55.024Z [INFO]: [User: Guest | ID: NA] GET /show-company - ::1
2025-02-14T06:26:58.678Z [INFO]: [User: Guest | ID: NA] GET /show-company_profile - ::1
2025-02-14T06:26:58.679Z [INFO]: [User: Guest | ID: NA] GET /show-company - ::1
2025-02-14T06:27:12.045Z [INFO]: [User: Guest | ID: NA] GET /show-company_profile - ::1
2025-02-14T06:27:12.062Z [INFO]: [User: Guest | ID: NA] GET /show-company - ::1
2025-02-14T06:27:13.735Z [INFO]: [User: Guest | ID: NA] GET /show-company_profile - ::1
2025-02-14T06:27:13.736Z [INFO]: [User: Guest | ID: NA] GET /show-company - ::1
2025-02-14T06:27:37.027Z [INFO]: [User: Guest | ID: NA] GET /show-company_profile - ::1
2025-02-14T06:27:37.027Z [INFO]: [User: Guest | ID: NA] GET /show-company - ::1
2025-02-14T06:27:43.377Z [INFO]: [User: Guest | ID: NA] GET /show-company_profile - ::1
2025-02-14T06:27:43.378Z [INFO]: [User: Guest | ID: NA] GET /show-company - ::1
2025-02-14T06:27:44.714Z [INFO]: [User: Guest | ID: NA] GET /show-company_profile - ::1
2025-02-14T06:27:44.715Z [INFO]: [User: Guest | ID: NA] GET /show-company - ::1
2025-02-14T06:27:55.413Z [INFO]: [User: Guest | ID: NA] GET /show-company_profile - ::1
2025-02-14T06:27:55.414Z [INFO]: [User: Guest | ID: NA] GET /show-company - ::1
2025-02-14T06:28:12.175Z [INFO]: [User: Guest | ID: NA] POST /upload-file - ::1
2025-02-14T06:28:12.252Z [INFO]: [User: Guest | ID: NA] POST /update-company-profile - ::1
2025-02-14T06:28:21.582Z [INFO]: [User: Guest | ID: NA] POST /upload-file - ::1
2025-02-14T06:28:21.628Z [INFO]: [User: Guest | ID: NA] POST /update-company-profile - ::1
2025-02-14T06:28:49.758Z [INFO]: [User: Guest | ID: NA] GET /show-company_profile - ::1
2025-02-14T06:28:49.758Z [INFO]: [User: Guest | ID: NA] GET /show-company - ::1
2025-02-14T06:29:04.705Z [INFO]: [User: Guest | ID: NA] POST /upload-file - ::1
2025-02-14T06:29:04.760Z [INFO]: [User: Guest | ID: NA] POST /update-company-profile - ::1
2025-02-14T06:29:04.923Z [INFO]: [User: Guest | ID: NA] GET /show-company_profile - ::1
2025-02-14T06:29:04.926Z [INFO]: [User: Guest | ID: NA] GET /show-company - ::1
2025-02-14T06:29:23.738Z [INFO]: [User: Guest | ID: NA] GET /show-company_profile - ::1
2025-02-14T06:29:23.740Z [INFO]: [User: Guest | ID: NA] GET /show-company - ::1
2025-02-14T06:30:21.493Z [INFO]: [User: Guest | ID: NA] GET /show-company_profile - ::1
2025-02-14T06:30:21.501Z [INFO]: [User: Guest | ID: NA] GET /show-company - ::1
2025-02-14T06:30:31.443Z [INFO]: [User: Guest | ID: NA] GET /show-company_profile - ::1
2025-02-14T06:30:31.445Z [INFO]: [User: Guest | ID: NA] GET /show-company - ::1
2025-02-14T06:30:32.011Z [INFO]: [User: Guest | ID: NA] GET /show-company_profile - ::1
2025-02-14T06:30:32.015Z [INFO]: [User: Guest | ID: NA] GET /show-company - ::1
2025-02-14T06:30:34.282Z [INFO]: [User: Guest | ID: NA] GET /show-company_profile - ::1
2025-02-14T06:30:34.284Z [INFO]: [User: Guest | ID: NA] GET /show-company - ::1
2025-02-14T06:30:35.141Z [INFO]: [User: Guest | ID: NA] GET /show-company_profile - ::1
2025-02-14T06:30:35.143Z [INFO]: [User: Guest | ID: NA] GET /show-company - ::1
2025-02-14T06:30:36.325Z [INFO]: [User: Guest | ID: NA] GET /show-company_profile - ::1
2025-02-14T06:30:36.326Z [INFO]: [User: Guest | ID: NA] GET /show-company - ::1
2025-02-14T06:30:37.673Z [INFO]: [User: Guest | ID: NA] GET /show-company_profile - ::1
2025-02-14T06:30:37.674Z [INFO]: [User: Guest | ID: NA] GET /show-company - ::1
2025-02-14T06:31:50.951Z [INFO]: [User: Guest | ID: NA] POST /upload-file - ::1
2025-02-14T06:31:50.996Z [INFO]: [User: Guest | ID: NA] POST /update-company-profile - ::1
2025-02-14T06:31:51.149Z [INFO]: [User: Guest | ID: NA] GET /show-company_profile - ::1
2025-02-14T06:31:51.152Z [INFO]: [User: Guest | ID: NA] GET /show-company - ::1
2025-02-14T06:31:59.343Z [INFO]: [User: Guest | ID: NA] POST /upload-file - ::1
2025-02-14T06:31:59.373Z [INFO]: [User: Guest | ID: NA] POST /update-company-profile - ::1
2025-02-14T06:31:59.444Z [INFO]: [User: Guest | ID: NA] GET /show-company_profile - ::1
2025-02-14T06:31:59.446Z [INFO]: [User: Guest | ID: NA] GET /show-company - ::1
2025-02-14T06:32:10.489Z [INFO]: [User: Guest | ID: NA] GET /show-company_profile - ::1
2025-02-14T06:32:10.490Z [INFO]: [User: Guest | ID: NA] GET /show-company - ::1
2025-02-14T06:32:11.680Z [INFO]: [User: Guest | ID: NA] GET /show-company_profile - ::1
2025-02-14T06:32:11.681Z [INFO]: [User: Guest | ID: NA] GET /show-company - ::1
2025-02-14T06:32:15.507Z [INFO]: [User: Guest | ID: NA] GET /show-company_profile - ::1
2025-02-14T06:32:15.507Z [INFO]: [User: Guest | ID: NA] GET /show-company - ::1
2025-02-14T06:32:17.099Z [INFO]: [User: Guest | ID: NA] GET /show-company_profile - ::1
2025-02-14T06:32:17.102Z [INFO]: [User: Guest | ID: NA] GET /show-company - ::1
2025-02-14T06:32:18.486Z [INFO]: [User: Guest | ID: NA] GET /show-company_profile - ::1
2025-02-14T06:32:18.487Z [INFO]: [User: Guest | ID: NA] GET /show-company - ::1
2025-02-14T06:32:33.939Z [INFO]: [User: Guest | ID: NA] GET /show-company_profile - ::1
2025-02-14T06:32:33.941Z [INFO]: [User: Guest | ID: NA] GET /show-company - ::1
2025-02-14T06:32:38.853Z [INFO]: [User: Guest | ID: NA] GET /show-company_profile - ::1
2025-02-14T06:32:38.854Z [INFO]: [User: Guest | ID: NA] GET /show-company - ::1
2025-02-14T06:32:49.930Z [INFO]: [User: Guest | ID: NA] GET /show-company_profile - ::1
2025-02-14T06:32:49.932Z [INFO]: [User: Guest | ID: NA] GET /show-company - ::1
2025-02-14T06:32:57.864Z [INFO]: [User: Guest | ID: NA] GET /show-company_profile - ::1
2025-02-14T06:32:57.865Z [INFO]: [User: Guest | ID: NA] GET /show-company - ::1
2025-02-14T06:33:31.864Z [INFO]: [User: Guest | ID: NA] POST /upload-file - ::1
2025-02-14T06:33:31.891Z [INFO]: [User: Guest | ID: NA] POST /update-company-profile - ::1
2025-02-14T06:33:31.967Z [INFO]: [User: Guest | ID: NA] GET /show-company_profile - ::1
2025-02-14T06:33:31.970Z [INFO]: [User: Guest | ID: NA] GET /show-company - ::1
2025-02-14T06:33:57.886Z [INFO]: [User: Guest | ID: NA] POST /upload-file - ::1
2025-02-14T06:33:57.904Z [INFO]: [User: Guest | ID: NA] POST /update-company-profile - ::1
2025-02-14T06:33:57.962Z [INFO]: [User: Guest | ID: NA] GET /show-company_profile - ::1
2025-02-14T06:33:57.963Z [INFO]: [User: Guest | ID: NA] GET /show-company - ::1
2025-02-14T06:34:19.743Z [INFO]: [User: Guest | ID: NA] POST /upload-file - ::1
2025-02-14T06:34:19.802Z [INFO]: [User: Guest | ID: NA] POST /update-company-profile - ::1
2025-02-14T06:34:19.867Z [INFO]: [User: Guest | ID: NA] GET /show-company_profile - ::1
2025-02-14T06:34:19.869Z [INFO]: [User: Guest | ID: NA] GET /show-company - ::1
2025-02-14T06:34:34.693Z [INFO]: [User: Guest | ID: NA] POST /upload-file - ::1
2025-02-14T06:34:34.705Z [INFO]: [User: Guest | ID: NA] POST /update-company-profile - ::1
2025-02-14T06:34:34.782Z [INFO]: [User: Guest | ID: NA] GET /show-company_profile - ::1
2025-02-14T06:34:34.783Z [INFO]: [User: Guest | ID: NA] GET /show-company - ::1
2025-02-14T06:34:45.146Z [INFO]: [User: Guest | ID: NA] POST /upload-file - ::1
2025-02-14T06:34:45.161Z [INFO]: [User: Guest | ID: NA] POST /update-company-profile - ::1
2025-02-14T06:34:45.215Z [INFO]: [User: Guest | ID: NA] GET /show-company_profile - ::1
2025-02-14T06:34:45.217Z [INFO]: [User: Guest | ID: NA] GET /show-company - ::1
2025-02-14T06:34:47.180Z [INFO]: [User: Guest | ID: NA] GET /show-company_profile - ::1
2025-02-14T06:34:47.203Z [INFO]: [User: Guest | ID: NA] GET /show-company - ::1
2025-02-14T06:34:47.218Z [INFO]: [User: Guest | ID: NA] GET /show-company_profile - ::1
2025-02-14T06:34:47.223Z [INFO]: [User: Guest | ID: NA] GET /show-company - ::1
2025-02-14T06:35:15.742Z [INFO]: [User: Guest | ID: NA] GET /show-company_profile - ::1
2025-02-14T06:35:15.743Z [INFO]: [User: Guest | ID: NA] GET /show-company - ::1
2025-02-14T06:35:15.747Z [INFO]: [User: Guest | ID: NA] GET /show-company_profile - ::1
2025-02-14T06:35:15.752Z [INFO]: [User: Guest | ID: NA] GET /show-company - ::1
2025-02-14T06:35:26.947Z [INFO]: [User: Guest | ID: NA] GET /show-company - ::1
2025-02-14T06:35:26.953Z [INFO]: [User: Guest | ID: NA] GET /show-company - ::1
2025-02-14T06:35:26.956Z [INFO]: [User: Guest | ID: NA] GET /show-company - ::1
2025-02-14T06:35:26.961Z [INFO]: [User: Guest | ID: NA] GET /show-company - ::1
2025-02-14T06:35:32.772Z [INFO]: [User: Guest | ID: NA] GET /show-company_profile - ::1
2025-02-14T06:35:32.777Z [INFO]: [User: Guest | ID: NA] GET /show-company - ::1
2025-02-14T06:35:32.806Z [INFO]: [User: Guest | ID: NA] GET /show-company_profile - ::1
2025-02-14T06:35:32.807Z [INFO]: [User: Guest | ID: NA] GET /show-company - ::1
2025-02-14T06:35:38.112Z [INFO]: [User: Guest | ID: NA] DELETE /delete-company-profile/8 - ::1
2025-02-14T06:35:38.162Z [INFO]: [User: Guest | ID: NA] GET /show-company_profile - ::1
2025-02-14T06:35:38.163Z [INFO]: [User: Guest | ID: NA] GET /show-company - ::1
2025-02-14T06:35:49.925Z [INFO]: [User: Guest | ID: NA] POST /upload-file - ::1
2025-02-14T06:35:49.945Z [INFO]: [User: Guest | ID: NA] POST /create-company-profile - ::1
2025-02-14T06:35:50.004Z [INFO]: [User: Guest | ID: NA] GET /show-company_profile - ::1
2025-02-14T06:35:50.007Z [INFO]: [User: Guest | ID: NA] GET /show-company - ::1
2025-02-14 12:13:27 [INFO]: [User: Guest | ID: NA] GET /show-company_profile - ::ffff:127.0.0.1
2025-02-14 12:13:28 [INFO]: [User: Guest | ID: NA] GET /show-company - ::1
2025-02-14 12:13:28 [INFO]: [User: Guest | ID: NA] GET /show-company_profile - ::ffff:127.0.0.1
2025-02-14 12:13:28 [INFO]: [User: Guest | ID: NA] GET /show-company - ::1
2025-02-14 12:19:15 [INFO]: [User: Guest | ID: NA] GET /show-users - ::1
2025-02-14 12:19:15 [INFO]: [User: Guest | ID: NA] GET /show-users - ::1
2025-02-14 12:19:20 [INFO]: [User: Guest | ID: NA] GET /show-company - ::1
2025-02-14 12:19:20 [INFO]: [User: Guest | ID: NA] GET /show-company - ::1
2025-02-14 12:19:20 [INFO]: [User: Guest | ID: NA] GET /show-company - ::1
2025-02-14 12:19:20 [INFO]: [User: Guest | ID: NA] GET /show-company - ::1
2025-02-14 12:19:22 [INFO]: [User: Guest | ID: NA] GET /show-company_profile - ::1
2025-02-14 12:19:22 [INFO]: [User: Guest | ID: NA] GET /show-company - ::1
2025-02-14 12:19:22 [INFO]: [User: Guest | ID: NA] GET /show-company_profile - ::1
2025-02-14 12:19:22 [INFO]: [User: Guest | ID: NA] GET /show-company - ::1
2025-02-14 12:19:41 [INFO]: [User: Guest | ID: NA] GET /show-company - ::1
2025-02-14 12:19:41 [INFO]: [User: Guest | ID: NA] GET /show-company - ::1
2025-02-14 12:19:41 [INFO]: [User: Guest | ID: NA] GET /show-company - ::1
2025-02-14 12:19:41 [INFO]: [User: Guest | ID: NA] GET /show-company - ::1
2025-02-14 12:19:45 [INFO]: [User: Guest | ID: NA] POST /update-company - ::1
2025-02-14 12:19:57 [INFO]: [User: Guest | ID: NA] POST /update-company - ::1
2025-02-14 12:19:57 [INFO]: [User: Guest | ID: NA] GET /show-company - ::1
2025-02-14 12:19:57 [INFO]: [User: Guest | ID: NA] GET /show-company - ::1
2025-02-14 12:19:58 [INFO]: [User: Guest | ID: NA] GET /show-company - ::1
2025-02-14 12:19:58 [INFO]: [User: Guest | ID: NA] GET /show-company - ::1
2025-02-14 12:19:58 [INFO]: [User: Guest | ID: NA] GET /show-company - ::1
2025-02-14 12:19:58 [INFO]: [User: Guest | ID: NA] GET /show-company - ::1
2025-02-14 12:21:24 [INFO]: [User: Guest | ID: NA] GET /show-company - ::1
2025-02-14 12:21:24 [INFO]: [User: Guest | ID: NA] GET /show-company - ::1
2025-02-14 12:21:25 [INFO]: [User: Guest | ID: NA] GET /show-company - ::1
2025-02-14 12:21:25 [INFO]: [User: Guest | ID: NA] GET /show-company - ::1
2025-02-14 12:21:29 [INFO]: [User: Guest | ID: NA] GET /show-company - ::1
2025-02-14 12:21:29 [INFO]: [User: Guest | ID: NA] GET /show-company - ::1
2025-02-14 12:21:32 [INFO]: [User: Guest | ID: NA] GET /show-company - ::1
2025-02-14 12:21:32 [INFO]: [User: Guest | ID: NA] GET /show-company - ::1
2025-02-14 12:28:04 [INFO]: [User: Guest | ID: NA] GET /show-company - ::1
2025-02-14 12:28:04 [INFO]: [User: Guest | ID: NA] GET /show-company - ::1
2025-02-14 12:28:04 [INFO]: [User: Guest | ID: NA] GET /show-company - ::1
2025-02-14 12:28:04 [INFO]: [User: Guest | ID: NA] GET /show-company - ::1
2025-02-14 12:28:13 [INFO]: [User: Guest | ID: NA] GET /show-company - ::1
2025-02-14 12:28:13 [INFO]: [User: Guest | ID: NA] GET /show-company - ::1
2025-02-14 12:34:41 [INFO]: [User: Guest | ID: NA] GET /show-company - ::1
2025-02-14 12:34:41 [INFO]: [User: Guest | ID: NA] GET /show-company - ::1
2025-02-14 12:34:41 [INFO]: [User: Guest | ID: NA] GET /show-company - ::1
2025-02-14 12:34:41 [INFO]: [User: Guest | ID: NA] GET /show-company - ::1
2025-02-14 12:36:21 [INFO]: [User: Guest | ID: NA] GET /show-company - ::1
2025-02-14 12:36:21 [INFO]: [User: Guest | ID: NA] GET /show-company - ::1
2025-02-14 12:39:11 [INFO]: [User: Guest | ID: NA] GET /show-company - ::1
2025-02-14 12:39:11 [INFO]: [User: Guest | ID: NA] GET /show-company - ::1
2025-02-14 12:39:12 [INFO]: [User: Guest | ID: NA] GET /show-company - ::1
2025-02-14 12:39:12 [INFO]: [User: Guest | ID: NA] GET /show-company - ::1
2025-02-14 12:39:13 [INFO]: [User: Guest | ID: NA] GET /show-company - ::1
2025-02-14 12:39:13 [INFO]: [User: Guest | ID: NA] GET /show-company - ::1
2025-02-14 12:39:15 [INFO]: [User: Guest | ID: NA] GET /show-company - ::1
2025-02-14 12:39:15 [INFO]: [User: Guest | ID: NA] GET /show-company - ::1
2025-02-14 12:41:11 [INFO]: [User: Guest | ID: NA] GET /show-company - ::1
2025-02-14 12:41:11 [INFO]: [User: Guest | ID: NA] GET /show-company - ::1
2025-02-14 12:41:11 [INFO]: [User: Guest | ID: NA] GET /show-company - ::1
2025-02-14 12:41:11 [INFO]: [User: Guest | ID: NA] GET /show-company - ::1
2025-02-14 12:45:20 [INFO]: [User: Guest | ID: NA] GET /show-company - ::1
2025-02-14 12:45:20 [INFO]: [User: Guest | ID: NA] GET /show-company - ::1
2025-02-14 12:45:20 [INFO]: [User: Guest | ID: NA] GET /show-company - ::1
2025-02-14 12:45:20 [INFO]: [User: Guest | ID: NA] GET /show-company - ::1
2025-02-14 12:45:38 [INFO]: [User: Guest | ID: NA] GET /show-company - ::1
2025-02-14 12:45:38 [INFO]: [User: Guest | ID: NA] GET /show-company - ::1
2025-02-14 12:45:38 [INFO]: [User: Guest | ID: NA] GET /show-company - ::1
2025-02-14 12:45:38 [INFO]: [User: Guest | ID: NA] GET /show-company - ::1
2025-02-14 12:45:41 [INFO]: [User: Guest | ID: NA] GET /show-company - ::1
2025-02-14 12:45:41 [INFO]: [User: Guest | ID: NA] GET /show-company - ::1
2025-02-14 12:45:42 [INFO]: [User: Guest | ID: NA] GET /show-company - ::1
2025-02-14 12:45:42 [INFO]: [User: Guest | ID: NA] GET /show-company - ::1
2025-02-14 12:45:51 [INFO]: [User: Guest | ID: NA] GET /show-company - ::1
2025-02-14 12:45:51 [INFO]: [User: Guest | ID: NA] GET /show-company - ::1
2025-02-14 12:45:55 [INFO]: [User: Guest | ID: NA] GET /show-company - ::1
2025-02-14 12:45:55 [INFO]: [User: Guest | ID: NA] GET /show-company - ::1
2025-02-14 12:45:56 [INFO]: [User: Guest | ID: NA] GET /show-company - ::1
2025-02-14 12:45:56 [INFO]: [User: Guest | ID: NA] GET /show-company - ::1
2025-02-14 12:45:58 [INFO]: [User: Guest | ID: NA] GET /show-company - ::1
2025-02-14 12:45:58 [INFO]: [User: Guest | ID: NA] GET /show-company - ::1
2025-02-14 12:46:00 [INFO]: [User: Guest | ID: NA] GET /show-company - ::1
2025-02-14 12:46:00 [INFO]: [User: Guest | ID: NA] GET /show-company - ::1
2025-02-14 12:46:06 [INFO]: [User: Guest | ID: NA] GET /show-company - ::1
2025-02-14 12:46:06 [INFO]: [User: Guest | ID: NA] GET /show-company - ::1
2025-02-14 12:46:07 [INFO]: [User: Guest | ID: NA] GET /show-company - ::1
2025-02-14 12:46:07 [INFO]: [User: Guest | ID: NA] GET /show-company - ::1
2025-02-14 12:46:13 [INFO]: [User: Guest | ID: NA] GET /show-company - ::1
2025-02-14 12:46:13 [INFO]: [User: Guest | ID: NA] GET /show-company - ::1
2025-02-14 12:46:18 [INFO]: [User: Guest | ID: NA] GET /show-company - ::1
2025-02-14 12:46:18 [INFO]: [User: Guest | ID: NA] GET /show-company - ::1
2025-02-14 12:51:49 [INFO]: [User: Guest | ID: NA] GET /show-job_position - ::1
2025-02-14 12:51:55 [INFO]: [User: Guest | ID: NA] GET /show-job_position - ::1
2025-02-14 12:52:06 [INFO]: [User: Guest | ID: NA] GET /show-users - ::1
2025-02-14 12:52:15 [INFO]: [User: Guest | ID: NA] GET /show-job_position - ::1
2025-02-14 12:52:31 [INFO]: [User: Guest | ID: NA] GET /show-job_position - ::1
2025-02-14 12:53:15 [INFO]: [User: Guest | ID: NA] GET /show-company - ::1
2025-02-14 12:53:15 [INFO]: [User: Guest | ID: NA] GET /show-company - ::1
2025-02-14 12:53:19 [INFO]: [User: Guest | ID: NA] GET /show-company - ::1
2025-02-14 12:53:19 [INFO]: [User: Guest | ID: NA] GET /show-company - ::1
2025-02-14 12:53:20 [INFO]: [User: Guest | ID: NA] GET /show-company - ::1
2025-02-14 12:53:20 [INFO]: [User: Guest | ID: NA] GET /show-company - ::1
2025-02-14 12:53:21 [INFO]: [User: Guest | ID: NA] GET /show-company - ::1
2025-02-14 12:53:21 [INFO]: [User: Guest | ID: NA] GET /show-company - ::1
2025-02-14 12:53:22 [INFO]: [User: Guest | ID: NA] GET /show-company - ::1
2025-02-14 12:53:22 [INFO]: [User: Guest | ID: NA] GET /show-company - ::1
2025-02-14 12:53:24 [INFO]: [User: Guest | ID: NA] GET /show-company - ::1
2025-02-14 12:53:24 [INFO]: [User: Guest | ID: NA] GET /show-company - ::1
2025-02-14 12:53:28 [INFO]: [User: Guest | ID: NA] GET /show-company - ::1
2025-02-14 12:53:28 [INFO]: [User: Guest | ID: NA] GET /show-company - ::1
2025-02-14 12:53:30 [INFO]: [User: Guest | ID: NA] GET /show-company - ::1
2025-02-14 12:53:30 [INFO]: [User: Guest | ID: NA] GET /show-company - ::1
2025-02-14 12:53:36 [INFO]: [User: Guest | ID: NA] GET /show-company - ::1
2025-02-14 12:53:36 [INFO]: [User: Guest | ID: NA] GET /show-company - ::1
2025-02-14 12:53:38 [INFO]: [User: Guest | ID: NA] GET /show-company - ::1
2025-02-14 12:53:38 [INFO]: [User: Guest | ID: NA] GET /show-company - ::1
2025-02-14 12:53:39 [INFO]: [User: Guest | ID: NA] GET /show-company - ::1
2025-02-14 12:53:39 [INFO]: [User: Guest | ID: NA] GET /show-company - ::1
2025-02-14 12:53:41 [INFO]: [User: Guest | ID: NA] GET /show-company - ::1
2025-02-14 12:53:41 [INFO]: [User: Guest | ID: NA] GET /show-company - ::1
2025-02-14 12:53:44 [INFO]: [User: Guest | ID: NA] GET /show-company - ::1
2025-02-14 12:53:44 [INFO]: [User: Guest | ID: NA] GET /show-company - ::1
2025-02-14 12:53:47 [INFO]: [User: Guest | ID: NA] GET /show-company - ::1
2025-02-14 12:53:47 [INFO]: [User: Guest | ID: NA] GET /show-company - ::1
2025-02-14 12:54:30 [INFO]: [User: Guest | ID: NA] GET /show-company - ::1
2025-02-14 12:54:30 [INFO]: [User: Guest | ID: NA] GET /show-company - ::1
2025-02-14 12:54:34 [INFO]: [User: Guest | ID: NA] GET /show-company - ::1
2025-02-14 12:54:34 [INFO]: [User: Guest | ID: NA] GET /show-company - ::1
2025-02-14 12:54:42 [INFO]: [User: Guest | ID: NA] GET /show-company - ::1
2025-02-14 12:54:42 [INFO]: [User: Guest | ID: NA] GET /show-company - ::1
2025-02-14 12:54:44 [INFO]: [User: Guest | ID: NA] GET /show-company - ::1
2025-02-14 12:54:44 [INFO]: [User: Guest | ID: NA] GET /show-company - ::1
2025-02-14 12:54:46 [INFO]: [User: Guest | ID: NA] GET /show-company - ::1
2025-02-14 12:54:46 [INFO]: [User: Guest | ID: NA] GET /show-company - ::1
2025-02-14 12:54:48 [INFO]: [User: Guest | ID: NA] GET /show-company - ::1
2025-02-14 12:54:48 [INFO]: [User: Guest | ID: NA] GET /show-company - ::1
2025-02-14 12:54:52 [INFO]: [User: Guest | ID: NA] GET /show-company - ::1
2025-02-14 12:54:52 [INFO]: [User: Guest | ID: NA] GET /show-company - ::1
2025-02-14 12:54:57 [INFO]: [User: Guest | ID: NA] GET /show-company - ::1
2025-02-14 12:54:57 [INFO]: [User: Guest | ID: NA] GET /show-company - ::1
2025-02-14 12:54:59 [INFO]: [User: Guest | ID: NA] GET /show-company - ::1
2025-02-14 12:54:59 [INFO]: [User: Guest | ID: NA] GET /show-company - ::1
2025-02-14 12:55:01 [INFO]: [User: Guest | ID: NA] GET /show-company - ::1
2025-02-14 12:55:01 [INFO]: [User: Guest | ID: NA] GET /show-company - ::1
2025-02-14 12:55:20 [INFO]: [User: Guest | ID: NA] GET /show-company - ::1
2025-02-14 12:55:20 [INFO]: [User: Guest | ID: NA] GET /show-company - ::1
2025-02-14 12:55:21 [INFO]: [User: Guest | ID: NA] GET /show-company - ::1
2025-02-14 12:55:21 [INFO]: [User: Guest | ID: NA] GET /show-company - ::1
2025-02-14 12:55:23 [INFO]: [User: Guest | ID: NA] GET /show-company - ::1
2025-02-14 12:55:23 [INFO]: [User: Guest | ID: NA] GET /show-company - ::1
2025-02-14 12:55:26 [INFO]: [User: Guest | ID: NA] GET /show-company - ::1
2025-02-14 12:55:26 [INFO]: [User: Guest | ID: NA] GET /show-company - ::1
2025-02-14 12:55:36 [INFO]: [User: Guest | ID: NA] GET /show-company - ::1
2025-02-14 12:55:36 [INFO]: [User: Guest | ID: NA] GET /show-company - ::1
2025-02-14 12:55:39 [INFO]: [User: Guest | ID: NA] GET /show-company - ::1
2025-02-14 12:55:39 [INFO]: [User: Guest | ID: NA] GET /show-company - ::1
2025-02-14 12:55:44 [INFO]: [User: Guest | ID: NA] GET /show-company - ::1
2025-02-14 12:55:44 [INFO]: [User: Guest | ID: NA] GET /show-company - ::1
2025-02-14 12:55:55 [INFO]: [User: Guest | ID: NA] GET /show-company - ::1
2025-02-14 12:55:55 [INFO]: [User: Guest | ID: NA] GET /show-company - ::1
2025-02-14 12:56:14 [INFO]: [User: Guest | ID: NA] GET /show-company - ::1
2025-02-14 12:56:14 [INFO]: [User: Guest | ID: NA] GET /show-company - ::1
2025-02-14 12:56:20 [INFO]: [User: Guest | ID: NA] GET /show-company - ::1
2025-02-14 12:56:20 [INFO]: [User: Guest | ID: NA] GET /show-company - ::1
2025-02-14 12:56:24 [INFO]: [User: Guest | ID: NA] GET /show-company - ::1
2025-02-14 12:56:24 [INFO]: [User: Guest | ID: NA] GET /show-company - ::1
2025-02-14 12:56:26 [INFO]: [User: Guest | ID: NA] GET /show-company - ::1
2025-02-14 12:56:26 [INFO]: [User: Guest | ID: NA] GET /show-company - ::1
2025-02-14 12:56:29 [INFO]: [User: Guest | ID: NA] GET /show-company - ::1
2025-02-14 12:56:29 [INFO]: [User: Guest | ID: NA] GET /show-company - ::1
2025-02-14 12:56:42 [INFO]: [User: Guest | ID: NA] GET /show-company - ::1
2025-02-14 12:56:42 [INFO]: [User: Guest | ID: NA] GET /show-company - ::1
2025-02-14 12:56:45 [INFO]: [User: Guest | ID: NA] GET /show-company - ::1
2025-02-14 12:56:45 [INFO]: [User: Guest | ID: NA] GET /show-company - ::1
2025-02-14 12:56:49 [INFO]: [User: Guest | ID: NA] GET /show-company - ::1
2025-02-14 12:56:49 [INFO]: [User: Guest | ID: NA] GET /show-company - ::1
2025-02-14 12:56:58 [INFO]: [User: Guest | ID: NA] GET /show-company - ::1
2025-02-14 12:56:58 [INFO]: [User: Guest | ID: NA] GET /show-company - ::1
2025-02-14 12:56:59 [INFO]: [User: Guest | ID: NA] GET /show-company - ::1
2025-02-14 12:56:59 [INFO]: [User: Guest | ID: NA] GET /show-company - ::1
2025-02-14 12:57:03 [INFO]: [User: Guest | ID: NA] GET /show-company - ::1
2025-02-14 12:57:03 [INFO]: [User: Guest | ID: NA] GET /show-company - ::1
2025-02-14 12:57:09 [INFO]: [User: Guest | ID: NA] GET /show-company - ::1
2025-02-14 12:57:09 [INFO]: [User: Guest | ID: NA] GET /show-company - ::1
2025-02-14 12:57:10 [INFO]: [User: Guest | ID: NA] GET /show-company - ::1
2025-02-14 12:57:10 [INFO]: [User: Guest | ID: NA] GET /show-company - ::1
2025-02-14 12:57:19 [INFO]: [User: Guest | ID: NA] GET /show-company - ::1
2025-02-14 12:57:19 [INFO]: [User: Guest | ID: NA] GET /show-company - ::1
2025-02-14 12:57:25 [INFO]: [User: Guest | ID: NA] GET /show-job_position - ::1
2025-02-14 12:57:25 [INFO]: [User: Guest | ID: NA] GET /show-job_position - ::1
2025-02-14 12:57:53 [INFO]: [User: Guest | ID: NA] GET /show-job_position - ::1
2025-02-14 12:57:53 [INFO]: [User: Guest | ID: NA] GET /show-job_position - ::1
2025-02-14 12:58:10 [INFO]: [User: Guest | ID: NA] GET /show-users - ::1
2025-02-14 12:58:10 [INFO]: [User: Guest | ID: NA] GET /show-users - ::1
2025-02-14 12:58:13 [INFO]: [User: Guest | ID: NA] GET /show-job_position - ::1
2025-02-14 12:58:13 [INFO]: [User: Guest | ID: NA] GET /show-job_position - ::1
2025-02-14 12:58:13 [INFO]: [User: Guest | ID: NA] GET /show-job_position - ::1
2025-02-14 12:58:13 [INFO]: [User: Guest | ID: NA] GET /show-job_position - ::1
2025-02-14 12:58:24 [INFO]: [User: Guest | ID: NA] GET /show-job_position - ::1
2025-02-14 12:58:24 [INFO]: [User: Guest | ID: NA] GET /show-job_position - ::1
2025-02-14 12:58:31 [INFO]: [User: Guest | ID: NA] GET /show-job_position - ::1
2025-02-14 12:58:31 [INFO]: [User: Guest | ID: NA] GET /show-job_position - ::1
2025-02-14 12:58:33 [INFO]: [User: Guest | ID: NA] GET /show-job_position - ::1
2025-02-14 12:58:33 [INFO]: [User: Guest | ID: NA] GET /show-job_position - ::1
2025-02-14 12:58:35 [INFO]: [User: Guest | ID: NA] GET /show-job_position - ::1
2025-02-14 12:58:35 [INFO]: [User: Guest | ID: NA] GET /show-job_position - ::1
2025-02-14 12:58:48 [INFO]: [User: Guest | ID: NA] GET /show-job_position - ::1
2025-02-14 12:58:48 [INFO]: [User: Guest | ID: NA] GET /show-job_position - ::1
2025-02-14 12:58:49 [INFO]: [User: Guest | ID: NA] GET /show-job_position - ::1
2025-02-14 12:58:49 [INFO]: [User: Guest | ID: NA] GET /show-job_position - ::1
2025-02-14 12:58:51 [INFO]: [User: Guest | ID: NA] GET /show-job_position - ::1
2025-02-14 12:58:51 [INFO]: [User: Guest | ID: NA] GET /show-job_position - ::1
2025-02-14 12:58:51 [INFO]: [User: Guest | ID: NA] GET /show-job_position - ::1
2025-02-14 12:58:51 [INFO]: [User: Guest | ID: NA] GET /show-job_position - ::1
2025-02-14 12:58:55 [INFO]: [User: Guest | ID: NA] GET /show-job_position - ::1
2025-02-14 12:58:55 [INFO]: [User: Guest | ID: NA] GET /show-job_position - ::1
2025-02-14 12:58:55 [INFO]: [User: Guest | ID: NA] GET /show-job_position - ::1
2025-02-14 12:58:55 [INFO]: [User: Guest | ID: NA] GET /show-job_position - ::1
2025-02-14 12:58:57 [INFO]: [User: Guest | ID: NA] GET /show-job_position - ::1
2025-02-14 12:58:57 [INFO]: [User: Guest | ID: NA] GET /show-job_position - ::1
2025-02-14 12:58:57 [INFO]: [User: Guest | ID: NA] GET /show-job_position - ::1
2025-02-14 12:58:57 [INFO]: [User: Guest | ID: NA] GET /show-job_position - ::1
2025-02-14 12:59:10 [INFO]: [User: Guest | ID: NA] GET /show-job_position - ::1
2025-02-14 12:59:10 [INFO]: [User: Guest | ID: NA] GET /show-job_position - ::1
2025-02-14 12:59:10 [INFO]: [User: Guest | ID: NA] GET /show-job_position - ::1
2025-02-14 12:59:10 [INFO]: [User: Guest | ID: NA] GET /show-job_position - ::1
2025-02-14 12:59:39 [INFO]: [User: Guest | ID: NA] GET /show-job_position - ::1
2025-02-14 12:59:39 [INFO]: [User: Guest | ID: NA] GET /show-job_position - ::1
2025-02-14 12:59:39 [INFO]: [User: Guest | ID: NA] GET /show-job_position - ::1
2025-02-14 12:59:39 [INFO]: [User: Guest | ID: NA] GET /show-job_position - ::1
2025-02-14 12:59:45 [INFO]: [User: Guest | ID: NA] GET /show-job_position - ::1
2025-02-14 12:59:45 [INFO]: [User: Guest | ID: NA] GET /show-job_position - ::1
2025-02-14 12:59:45 [INFO]: [User: Guest | ID: NA] GET /show-job_position - ::1
2025-02-14 12:59:45 [INFO]: [User: Guest | ID: NA] GET /show-job_position - ::1
2025-02-14 12:59:48 [INFO]: [User: Guest | ID: NA] GET /show-job_position - ::1
2025-02-14 12:59:48 [INFO]: [User: Guest | ID: NA] GET /show-job_position - ::1
2025-02-14 12:59:48 [INFO]: [User: Guest | ID: NA] GET /show-job_position - ::1
2025-02-14 12:59:48 [INFO]: [User: Guest | ID: NA] GET /show-job_position - ::1
2025-02-14 12:59:49 [INFO]: [User: Guest | ID: NA] GET /show-job_position - ::1
2025-02-14 12:59:49 [INFO]: [User: Guest | ID: NA] GET /show-job_position - ::1
2025-02-14 12:59:49 [INFO]: [User: Guest | ID: NA] GET /show-job_position - ::1
2025-02-14 12:59:49 [INFO]: [User: Guest | ID: NA] GET /show-job_position - ::1
2025-02-14 14:27:21 [INFO]: [User: Guest | ID: NA] GET /show-job_position - ::ffff:127.0.0.1
2025-02-14 14:27:21 [INFO]: [User: Guest | ID: NA] GET /show-job_position - ::ffff:127.0.0.1
2025-02-14 14:27:21 [INFO]: [User: Guest | ID: NA] GET /show-job_position - ::ffff:127.0.0.1
2025-02-14 14:27:21 [INFO]: [User: Guest | ID: NA] GET /show-job_position - ::ffff:127.0.0.1
2025-02-14 14:30:14 [INFO]: [User: Guest | ID: NA] GET /show-job_position - ::1
2025-02-14 14:30:14 [INFO]: [User: Guest | ID: NA] GET /show-job_position - ::1
2025-02-14 14:30:15 [INFO]: [User: Guest | ID: NA] GET /show-job_position - ::1
2025-02-14 14:30:15 [INFO]: [User: Guest | ID: NA] GET /show-job_position - ::1
2025-02-14 14:30:30 [INFO]: [User: Guest | ID: NA] GET /show-job_position - ::1
2025-02-14 14:30:30 [INFO]: [User: Guest | ID: NA] GET /show-job_position - ::1
2025-02-14 14:30:40 [INFO]: [User: Guest | ID: NA] GET /show-job_position - ::1
2025-02-14 14:30:40 [INFO]: [User: Guest | ID: NA] GET /show-job_position - ::1
2025-02-14 14:30:41 [INFO]: [User: Guest | ID: NA] GET /show-job_position - ::1
2025-02-14 14:30:41 [INFO]: [User: Guest | ID: NA] GET /show-job_position - ::1
2025-02-14 14:30:51 [INFO]: [User: Guest | ID: NA] GET /show-job_position - ::1
2025-02-14 14:30:51 [INFO]: [User: Guest | ID: NA] GET /show-job_position - ::1
2025-02-14 14:31:04 [INFO]: [User: Guest | ID: NA] GET /show-job_position - ::1
2025-02-14 14:31:04 [INFO]: [User: Guest | ID: NA] GET /show-job_position - ::1
2025-02-14 14:31:08 [INFO]: [User: Guest | ID: NA] GET /show-company_profile - ::1
2025-02-14 14:31:08 [INFO]: [User: Guest | ID: NA] GET /show-company - ::1
2025-02-14 14:31:08 [INFO]: [User: Guest | ID: NA] GET /show-company_profile - ::1
2025-02-14 14:31:08 [INFO]: [User: Guest | ID: NA] GET /show-company - ::1
2025-02-14 14:31:11 [INFO]: [User: Guest | ID: NA] GET /show-job_position - ::1
2025-02-14 14:31:11 [INFO]: [User: Guest | ID: NA] GET /show-job_position - ::1
2025-02-14 14:31:11 [INFO]: [User: Guest | ID: NA] GET /show-job_position - ::1
2025-02-14 14:31:11 [INFO]: [User: Guest | ID: NA] GET /show-job_position - ::1
2025-02-14 14:31:16 [INFO]: [User: Guest | ID: NA] DELETE /delete-job-profile/10 - ::1
2025-02-14 14:31:16 [INFO]: [User: Guest | ID: NA] GET /show-job_position - ::1
2025-02-14 14:31:16 [INFO]: [User: Guest | ID: NA] GET /show-job_position - ::1
2025-02-14 14:31:17 [INFO]: [User: Guest | ID: NA] GET /show-job_position - ::1
2025-02-14 14:31:17 [INFO]: [User: Guest | ID: NA] GET /show-job_position - ::1
2025-02-14 14:31:17 [INFO]: [User: Guest | ID: NA] GET /show-job_position - ::1
2025-02-14 14:31:17 [INFO]: [User: Guest | ID: NA] GET /show-job_position - ::1
2025-02-14 14:31:44 [INFO]: [User: Guest | ID: NA] GET /show-job_position - ::1
2025-02-14 14:31:44 [INFO]: [User: Guest | ID: NA] GET /show-job_position - ::1
2025-02-14 14:31:44 [INFO]: [User: Guest | ID: NA] GET /show-job_position - ::1
2025-02-14 14:31:44 [INFO]: [User: Guest | ID: NA] GET /show-job_position - ::1
2025-02-14 14:31:44 [INFO]: [User: Guest | ID: NA] GET /show-job_position - ::1
2025-02-14 14:31:44 [INFO]: [User: Guest | ID: NA] GET /show-job_position - ::1
2025-02-14 14:31:44 [INFO]: [User: Guest | ID: NA] GET /show-job_position - ::1
2025-02-14 14:31:44 [INFO]: [User: Guest | ID: NA] GET /show-job_position - ::1
2025-02-14 14:31:44 [INFO]: [User: Guest | ID: NA] GET /show-job_position - ::1
2025-02-14 14:31:44 [INFO]: [User: Guest | ID: NA] GET /show-job_position - ::1
2025-02-14 14:31:45 [INFO]: [User: Guest | ID: NA] GET /show-job_position - ::1
2025-02-14 14:31:45 [INFO]: [User: Guest | ID: NA] GET /show-job_position - ::1
2025-02-14 14:31:50 [INFO]: [User: Guest | ID: NA] GET /show-job_position - ::1
2025-02-14 14:31:50 [INFO]: [User: Guest | ID: NA] GET /show-job_position - ::1
2025-02-14 14:32:02 [INFO]: [User: Guest | ID: NA] GET /show-job_position - ::1
2025-02-14 14:32:02 [INFO]: [User: Guest | ID: NA] GET /show-job_position - ::1
2025-02-14 14:32:10 [INFO]: [User: Guest | ID: NA] GET /show-job_position - ::1
2025-02-14 14:32:10 [INFO]: [User: Guest | ID: NA] GET /show-job_position - ::1
2025-02-14 14:32:10 [INFO]: [User: Guest | ID: NA] GET /show-job_position - ::1
2025-02-14 14:32:10 [INFO]: [User: Guest | ID: NA] GET /show-job_position - ::1
2025-02-14 14:32:31 [INFO]: [User: Guest | ID: NA] GET /show-job_position - ::1
2025-02-14 14:32:31 [INFO]: [User: Guest | ID: NA] GET /show-job_position - ::1
2025-02-14 14:32:33 [INFO]: [User: Guest | ID: NA] GET /show-job_position - ::1
2025-02-14 14:32:33 [INFO]: [User: Guest | ID: NA] GET /show-job_position - ::1
2025-02-14 14:32:42 [INFO]: [User: Guest | ID: NA] GET /show-job_position - ::1
2025-02-14 14:32:42 [INFO]: [User: Guest | ID: NA] GET /show-job_position - ::1
2025-02-14 14:32:43 [INFO]: [User: Guest | ID: NA] GET /show-job_position - ::1
2025-02-14 14:32:43 [INFO]: [User: Guest | ID: NA] GET /show-job_position - ::1
2025-02-14 14:32:50 [INFO]: [User: Guest | ID: NA] GET /show-job_position - ::1
2025-02-14 14:32:50 [INFO]: [User: Guest | ID: NA] GET /show-job_position - ::1
2025-02-14 14:32:54 [INFO]: [User: Guest | ID: NA] GET /show-job_position - ::1
2025-02-14 14:32:54 [INFO]: [User: Guest | ID: NA] GET /show-job_position - ::1
2025-02-14 14:33:03 [INFO]: [User: Guest | ID: NA] GET /show-job_position - ::1
2025-02-14 14:33:03 [INFO]: [User: Guest | ID: NA] GET /show-job_position - ::1
2025-02-14 14:33:03 [INFO]: [User: Guest | ID: NA] GET /show-job_position - ::1
2025-02-14 14:33:03 [INFO]: [User: Guest | ID: NA] GET /show-job_position - ::1
2025-02-14 14:33:07 [INFO]: [User: Guest | ID: NA] GET /show-job_position - ::1
2025-02-14 14:33:07 [INFO]: [User: Guest | ID: NA] GET /show-job_position - ::1
2025-02-14 14:33:09 [INFO]: [User: Guest | ID: NA] GET /show-job_position - ::1
2025-02-14 14:33:09 [INFO]: [User: Guest | ID: NA] GET /show-job_position - ::1
2025-02-14 14:33:11 [INFO]: [User: Guest | ID: NA] GET /show-job_position - ::1
2025-02-14 14:33:11 [INFO]: [User: Guest | ID: NA] GET /show-job_position - ::1
2025-02-14 14:33:12 [INFO]: [User: Guest | ID: NA] GET /show-job_position - ::1
2025-02-14 14:33:12 [INFO]: [User: Guest | ID: NA] GET /show-job_position - ::1
2025-02-14 14:33:19 [INFO]: [User: Guest | ID: NA] GET /show-job_position - ::1
2025-02-14 14:33:19 [INFO]: [User: Guest | ID: NA] GET /show-job_position - ::1
2025-02-14 14:33:28 [INFO]: [User: Guest | ID: NA] GET /show-company - ::1
2025-02-14 14:33:28 [INFO]: [User: Guest | ID: NA] GET /show-company - ::1
2025-02-14 14:33:28 [INFO]: [User: Guest | ID: NA] GET /show-company - ::1
2025-02-14 14:33:28 [INFO]: [User: Guest | ID: NA] GET /show-company - ::1
2025-02-14 14:33:31 [INFO]: [User: Guest | ID: NA] GET /show-users - ::1
2025-02-14 14:33:31 [INFO]: [User: Guest | ID: NA] GET /show-users - ::1
2025-02-14 14:33:33 [INFO]: [User: Guest | ID: NA] GET /show-company - ::1
2025-02-14 14:33:33 [INFO]: [User: Guest | ID: NA] GET /show-company - ::1
2025-02-14 14:33:33 [INFO]: [User: Guest | ID: NA] GET /show-company - ::1
2025-02-14 14:33:33 [INFO]: [User: Guest | ID: NA] GET /show-company - ::1
2025-02-14 14:33:46 [INFO]: [User: Guest | ID: NA] GET /show-company - ::1
2025-02-14 14:33:46 [INFO]: [User: Guest | ID: NA] GET /show-company - ::1
2025-02-14 14:33:48 [INFO]: [User: Guest | ID: NA] GET /show-company - ::1
2025-02-14 14:33:48 [INFO]: [User: Guest | ID: NA] GET /show-company - ::1
2025-02-14 14:33:49 [INFO]: [User: Guest | ID: NA] GET /show-company - ::1
2025-02-14 14:33:49 [INFO]: [User: Guest | ID: NA] GET /show-company - ::1
2025-02-14 14:34:00 [INFO]: [User: Guest | ID: NA] GET /show-company - ::1
2025-02-14 14:34:00 [INFO]: [User: Guest | ID: NA] GET /show-company - ::1
2025-02-14 14:34:04 [INFO]: [User: Guest | ID: NA] GET /show-company - ::1
2025-02-14 14:34:04 [INFO]: [User: Guest | ID: NA] GET /show-company - ::1
2025-02-14 14:34:15 [INFO]: [User: Guest | ID: NA] GET /show-company - ::1
2025-02-14 14:34:15 [INFO]: [User: Guest | ID: NA] GET /show-company - ::1
2025-02-14 14:34:21 [INFO]: [User: Guest | ID: NA] GET /show-company - ::1
2025-02-14 14:34:21 [INFO]: [User: Guest | ID: NA] GET /show-company - ::1
2025-02-14 14:34:27 [INFO]: [User: Guest | ID: NA] GET /show-company - ::1
2025-02-14 14:34:27 [INFO]: [User: Guest | ID: NA] GET /show-company - ::1
2025-02-14 14:34:33 [INFO]: [User: Guest | ID: NA] GET /show-company - ::1
2025-02-14 14:34:33 [INFO]: [User: Guest | ID: NA] GET /show-company - ::1
2025-02-14 14:34:36 [INFO]: [User: Guest | ID: NA] GET /show-company - ::1
2025-02-14 14:34:36 [INFO]: [User: Guest | ID: NA] GET /show-company - ::1
2025-02-14 14:34:40 [INFO]: [User: Guest | ID: NA] GET /show-company - ::1
2025-02-14 14:34:40 [INFO]: [User: Guest | ID: NA] GET /show-company - ::1
2025-02-14 14:34:42 [INFO]: [User: Guest | ID: NA] GET /show-company - ::1
2025-02-14 14:34:42 [INFO]: [User: Guest | ID: NA] GET /show-company - ::1
2025-02-14 14:34:48 [INFO]: [User: Guest | ID: NA] GET /show-company - ::1
2025-02-14 14:34:48 [INFO]: [User: Guest | ID: NA] GET /show-company - ::1
2025-02-14 14:35:00 [INFO]: [User: Guest | ID: NA] GET /show-company - ::1
2025-02-14 14:35:00 [INFO]: [User: Guest | ID: NA] GET /show-company - ::1
2025-02-14 14:35:27 [INFO]: [User: Guest | ID: NA] GET /show-job_position - ::1
2025-02-14 14:35:28 [INFO]: [User: Guest | ID: NA] GET /show-job_position - ::1
2025-02-14 14:35:28 [INFO]: [User: Guest | ID: NA] GET /show-job_position - ::1
2025-02-14 14:35:28 [INFO]: [User: Guest | ID: NA] GET /show-job_position - ::1
2025-02-14 14:35:38 [INFO]: [User: Guest | ID: NA] GET /show-job_position - ::1
2025-02-14 14:35:38 [INFO]: [User: Guest | ID: NA] GET /show-job_position - ::1
2025-02-14 14:35:41 [INFO]: [User: Guest | ID: NA] GET /show-company_profile - ::1
2025-02-14 14:35:41 [INFO]: [User: Guest | ID: NA] GET /show-company - ::1
2025-02-14 14:35:41 [INFO]: [User: Guest | ID: NA] GET /show-company_profile - ::1
2025-02-14 14:35:41 [INFO]: [User: Guest | ID: NA] GET /show-company - ::1
2025-02-14 14:35:50 [INFO]: [User: Guest | ID: NA] POST /upload-file - ::1
2025-02-14 14:35:50 [INFO]: [User: Guest | ID: NA] POST /update-company-profile - ::1
2025-02-14 14:35:50 [INFO]: [User: Guest | ID: NA] GET /show-company_profile - ::1
2025-02-14 14:35:50 [INFO]: [User: Guest | ID: NA] GET /show-company - ::1
2025-02-14 14:35:52 [INFO]: [User: Guest | ID: NA] GET /show-company - ::1
2025-02-14 14:35:52 [INFO]: [User: Guest | ID: NA] GET /show-company - ::1
2025-02-14 14:35:52 [INFO]: [User: Guest | ID: NA] GET /show-company - ::1
2025-02-14 14:35:52 [INFO]: [User: Guest | ID: NA] GET /show-company - ::1
2025-02-14 14:35:54 [INFO]: [User: Guest | ID: NA] GET /show-job_position - ::1
2025-02-14 14:35:54 [INFO]: [User: Guest | ID: NA] GET /show-job_position - ::1
2025-02-14 14:35:54 [INFO]: [User: Guest | ID: NA] GET /show-job_position - ::1
2025-02-14 14:35:54 [INFO]: [User: Guest | ID: NA] GET /show-job_position - ::1
2025-02-14 14:36:03 [INFO]: [User: Guest | ID: NA] GET /show-job_position - ::1
2025-02-14 14:36:03 [INFO]: [User: Guest | ID: NA] GET /show-job_position - ::1
2025-02-14 14:36:04 [INFO]: [User: Guest | ID: NA] GET /show-job_position - ::1
2025-02-14 14:36:04 [INFO]: [User: Guest | ID: NA] GET /show-job_position - ::1
2025-02-14 14:36:18 [INFO]: [User: Guest | ID: NA] GET /show-job_position - ::1
2025-02-14 14:36:18 [INFO]: [User: Guest | ID: NA] GET /show-job_position - ::1
2025-02-14 14:36:44 [INFO]: [User: Guest | ID: NA] GET /show-job_position - ::1
2025-02-14 14:36:44 [INFO]: [User: Guest | ID: NA] GET /show-job_position - ::1
2025-02-14 14:36:45 [INFO]: [User: Guest | ID: NA] GET /show-job_position - ::1
2025-02-14 14:36:45 [INFO]: [User: Guest | ID: NA] GET /show-job_position - ::1
2025-02-14 14:36:45 [INFO]: [User: Guest | ID: NA] GET /show-job_position - ::1
2025-02-14 14:36:45 [INFO]: [User: Guest | ID: NA] GET /show-job_position - ::1
2025-02-14 14:36:57 [INFO]: [User: Guest | ID: NA] GET /show-job_position - ::1
2025-02-14 14:36:57 [INFO]: [User: Guest | ID: NA] GET /show-job_position - ::1
2025-02-14 14:36:59 [INFO]: [User: Guest | ID: NA] GET /show-job_position - ::1
2025-02-14 14:36:59 [INFO]: [User: Guest | ID: NA] GET /show-job_position - ::1
2025-02-14 14:36:59 [INFO]: [User: Guest | ID: NA] GET /show-job_position - ::1
2025-02-14 14:36:59 [INFO]: [User: Guest | ID: NA] GET /show-job_position - ::1
2025-02-14 14:37:17 [INFO]: [User: Guest | ID: NA] GET /show-job_position - ::1
2025-02-14 14:37:17 [INFO]: [User: Guest | ID: NA] GET /show-job_position - ::1
2025-02-14 14:37:18 [INFO]: [User: Guest | ID: NA] GET /show-job_position - ::1
2025-02-14 14:37:18 [INFO]: [User: Guest | ID: NA] GET /show-job_position - ::1
2025-02-14 14:37:19 [INFO]: [User: Guest | ID: NA] GET /show-job_position - ::1
2025-02-14 14:37:19 [INFO]: [User: Guest | ID: NA] GET /show-job_position - ::1
2025-02-14 14:37:20 [INFO]: [User: Guest | ID: NA] GET /show-job_position - ::1
2025-02-14 14:37:20 [INFO]: [User: Guest | ID: NA] GET /show-job_position - ::1
2025-02-14 14:37:23 [INFO]: [User: Guest | ID: NA] GET /show-job_position - ::1
2025-02-14 14:37:23 [INFO]: [User: Guest | ID: NA] GET /show-job_position - ::1
2025-02-14 14:37:27 [INFO]: [User: Guest | ID: NA] GET /show-job_position - ::1
2025-02-14 14:37:27 [INFO]: [User: Guest | ID: NA] GET /show-job_position - ::1
2025-02-14 14:37:41 [INFO]: [User: Guest | ID: NA] GET /show-job_position - ::1
2025-02-14 14:37:41 [INFO]: [User: Guest | ID: NA] GET /show-job_position - ::1
2025-02-14 14:37:43 [INFO]: [User: Guest | ID: NA] GET /show-company - ::1
2025-02-14 14:37:43 [INFO]: [User: Guest | ID: NA] GET /show-company - ::1
2025-02-14 14:37:43 [INFO]: [User: Guest | ID: NA] GET /show-company - ::1
2025-02-14 14:37:43 [INFO]: [User: Guest | ID: NA] GET /show-company - ::1
2025-02-14 14:37:50 [INFO]: [User: Guest | ID: NA] GET /show-company_profile - ::1
2025-02-14 14:37:50 [INFO]: [User: Guest | ID: NA] GET /show-company - ::1
2025-02-14 14:37:50 [INFO]: [User: Guest | ID: NA] GET /show-company_profile - ::1
2025-02-14 14:37:50 [INFO]: [User: Guest | ID: NA] GET /show-company - ::1
2025-02-14 14:37:51 [INFO]: [User: Guest | ID: NA] GET /show-job_position - ::1
2025-02-14 14:37:51 [INFO]: [User: Guest | ID: NA] GET /show-job_position - ::1
2025-02-14 14:37:51 [INFO]: [User: Guest | ID: NA] GET /show-job_position - ::1
2025-02-14 14:37:51 [INFO]: [User: Guest | ID: NA] GET /show-job_position - ::1
2025-02-14 14:41:36 [INFO]: [User: Guest | ID: NA] GET /show-company - ::1
2025-02-14 14:41:36 [INFO]: [User: Guest | ID: NA] GET /show-company - ::1
2025-02-14 14:41:36 [INFO]: [User: Guest | ID: NA] GET /show-company - ::1
2025-02-14 14:41:36 [INFO]: [User: Guest | ID: NA] GET /show-company - ::1
