2025-02-17 11:37:10 [INFO]: [User: Guest | ID: NA] GET /show-company - ::1
2025-02-17 11:37:10 [INFO]: [User: Guest | ID: NA] GET /show-company_profile - ::1
2025-02-17 11:37:10 [INFO]: [User: Guest | ID: NA] GET /show-company - ::1
2025-02-17 11:37:10 [INFO]: [User: Guest | ID: NA] GET /show-company_profile - ::1
2025-02-17 11:37:11 [INFO]: [User: Guest | ID: NA] GET /show-company - ::1
2025-02-17 11:37:11 [INFO]: [User: Guest | ID: NA] GET /show-company - ::1
2025-02-17 11:37:11 [INFO]: [User: Guest | ID: NA] GET /show-company - ::1
2025-02-17 11:37:11 [INFO]: [User: Guest | ID: NA] GET /show-company - ::1
2025-02-17 11:38:33 [INFO]: [User: Guest | ID: NA] GET /show-job_position - ::1
2025-02-17 11:38:33 [INFO]: [User: Guest | ID: NA] GET /show-job_position - ::1
2025-02-17 11:38:33 [INFO]: [User: Guest | ID: NA] GET /show-job_position - ::1
2025-02-17 11:38:33 [INFO]: [User: Guest | ID: NA] GET /show-job_position - ::1
2025-02-17 11:40:52 [INFO]: [User: Guest | ID: NA] POST /create-job-position - ::1
2025-02-17 11:41:49 [INFO]: [User: Guest | ID: NA] POST /create-job-position - ::1
2025-02-17 11:41:53 [INFO]: [User: Guest | ID: NA] GET /show-job_position - ::1
2025-02-17 11:41:53 [INFO]: [User: Guest | ID: NA] GET /show-job_position - ::1
2025-02-17 11:41:54 [INFO]: [User: Guest | ID: NA] GET /show-job_position - ::1
2025-02-17 11:41:54 [INFO]: [User: Guest | ID: NA] GET /show-job_position - ::1
2025-02-17 11:42:31 [INFO]: [User: Guest | ID: NA] GET /show-users - ::1
2025-02-17 11:42:31 [INFO]: [User: Guest | ID: NA] GET /show-users - ::1
2025-02-17 11:42:45 [INFO]: [User: Guest | ID: NA] GET /show-users - ::1
2025-02-17 11:42:45 [INFO]: [User: Guest | ID: NA] GET /show-users - ::1
2025-02-17 11:42:48 [INFO]: [User: Guest | ID: NA] GET /show-company - ::1
2025-02-17 11:42:48 [INFO]: [User: Guest | ID: NA] GET /show-company - ::1
2025-02-17 11:42:48 [INFO]: [User: Guest | ID: NA] GET /show-company - ::1
2025-02-17 11:42:48 [INFO]: [User: Guest | ID: NA] GET /show-company - ::1
2025-02-17 11:43:29 [INFO]: [User: Guest | ID: NA] GET /show-job_position - ::1
2025-02-17 11:43:29 [INFO]: [User: Guest | ID: NA] GET /show-job_position - ::1
2025-02-17 11:43:29 [INFO]: [User: Guest | ID: NA] GET /show-job_position - ::1
2025-02-17 11:43:29 [INFO]: [User: Guest | ID: NA] GET /show-job_position - ::1
2025-02-17 11:44:06 [INFO]: [User: Guest | ID: NA] GET /show-job_position - ::1
2025-02-17 11:44:06 [INFO]: [User: Guest | ID: NA] GET /show-job_position - ::1
2025-02-17 11:44:07 [INFO]: [User: Guest | ID: NA] GET /show-job_position - ::1
2025-02-17 11:44:07 [INFO]: [User: Guest | ID: NA] GET /show-job_position - ::1
2025-02-17 11:44:14 [INFO]: [User: Guest | ID: NA] GET /show-job_position - ::1
2025-02-17 11:44:15 [INFO]: [User: Guest | ID: NA] GET /show-job_position - ::1
2025-02-17 11:44:20 [INFO]: [User: Guest | ID: NA] DELETE /delete-job-profile/4 - ::1
2025-02-17 11:44:20 [INFO]: [User: Guest | ID: NA] GET /show-job_position - ::1
2025-02-17 11:44:20 [INFO]: [User: Guest | ID: NA] GET /show-job_position - ::1
2025-02-17 11:44:20 [INFO]: [User: Guest | ID: NA] GET /show-job_position - ::1
2025-02-17 11:44:20 [INFO]: [User: Guest | ID: NA] GET /show-job_position - ::1
2025-02-17 11:44:20 [INFO]: [User: Guest | ID: NA] GET /show-job_position - ::1
2025-02-17 11:44:20 [INFO]: [User: Guest | ID: NA] GET /show-job_position - ::1
2025-02-17 11:44:21 [INFO]: [User: Guest | ID: NA] DELETE /delete-job-profile/2 - ::1
2025-02-17 11:44:21 [INFO]: [User: Guest | ID: NA] GET /show-job_position - ::1
2025-02-17 11:44:21 [INFO]: [User: Guest | ID: NA] GET /show-job_position - ::1
2025-02-17 11:44:21 [INFO]: [User: Guest | ID: NA] GET /show-job_position - ::1
2025-02-17 11:44:21 [INFO]: [User: Guest | ID: NA] GET /show-job_position - ::1
2025-02-17 11:44:21 [INFO]: [User: Guest | ID: NA] GET /show-job_position - ::1
2025-02-17 11:44:21 [INFO]: [User: Guest | ID: NA] GET /show-job_position - ::1
2025-02-17 11:44:22 [INFO]: [User: Guest | ID: NA] DELETE /delete-job-profile/3 - ::1
2025-02-17 11:44:22 [INFO]: [User: Guest | ID: NA] GET /show-job_position - ::1
2025-02-17 11:44:22 [INFO]: [User: Guest | ID: NA] GET /show-job_position - ::1
2025-02-17 11:44:22 [INFO]: [User: Guest | ID: NA] GET /show-job_position - ::1
2025-02-17 11:44:22 [INFO]: [User: Guest | ID: NA] GET /show-job_position - ::1
2025-02-17 11:44:22 [INFO]: [User: Guest | ID: NA] GET /show-job_position - ::1
2025-02-17 11:44:22 [INFO]: [User: Guest | ID: NA] GET /show-job_position - ::1
2025-02-17 11:44:22 [INFO]: [User: Guest | ID: NA] DELETE /delete-job-profile/5 - ::1
2025-02-17 11:44:22 [INFO]: [User: Guest | ID: NA] GET /show-job_position - ::1
2025-02-17 11:44:22 [INFO]: [User: Guest | ID: NA] GET /show-job_position - ::1
2025-02-17 11:44:23 [INFO]: [User: Guest | ID: NA] GET /show-job_position - ::1
2025-02-17 11:44:23 [INFO]: [User: Guest | ID: NA] GET /show-job_position - ::1
2025-02-17 11:44:23 [INFO]: [User: Guest | ID: NA] GET /show-job_position - ::1
2025-02-17 11:44:23 [INFO]: [User: Guest | ID: NA] GET /show-job_position - ::1
2025-02-17 11:44:23 [INFO]: [User: Guest | ID: NA] DELETE /delete-job-profile/6 - ::1
2025-02-17 11:44:23 [INFO]: [User: Guest | ID: NA] GET /show-job_position - ::1
2025-02-17 11:44:23 [INFO]: [User: Guest | ID: NA] GET /show-job_position - ::1
2025-02-17 11:44:24 [INFO]: [User: Guest | ID: NA] GET /show-job_position - ::1
2025-02-17 11:44:24 [INFO]: [User: Guest | ID: NA] GET /show-job_position - ::1
2025-02-17 11:44:24 [INFO]: [User: Guest | ID: NA] GET /show-job_position - ::1
2025-02-17 11:44:24 [INFO]: [User: Guest | ID: NA] GET /show-job_position - ::1
2025-02-17 11:44:25 [INFO]: [User: Guest | ID: NA] DELETE /delete-job-profile/7 - ::1
2025-02-17 11:44:25 [INFO]: [User: Guest | ID: NA] GET /show-job_position - ::1
2025-02-17 11:44:25 [INFO]: [User: Guest | ID: NA] GET /show-job_position - ::1
2025-02-17 11:44:26 [INFO]: [User: Guest | ID: NA] GET /show-job_position - ::1
2025-02-17 11:44:26 [INFO]: [User: Guest | ID: NA] GET /show-job_position - ::1
2025-02-17 11:44:26 [INFO]: [User: Guest | ID: NA] GET /show-job_position - ::1
2025-02-17 11:44:26 [INFO]: [User: Guest | ID: NA] GET /show-job_position - ::1
2025-02-17 11:44:26 [INFO]: [User: Guest | ID: NA] DELETE /delete-job-profile/8 - ::1
2025-02-17 11:44:26 [INFO]: [User: Guest | ID: NA] GET /show-job_position - ::1
2025-02-17 11:44:26 [INFO]: [User: Guest | ID: NA] GET /show-job_position - ::1
2025-02-17 11:44:26 [INFO]: [User: Guest | ID: NA] GET /show-job_position - ::1
2025-02-17 11:44:26 [INFO]: [User: Guest | ID: NA] GET /show-job_position - ::1
2025-02-17 11:44:26 [INFO]: [User: Guest | ID: NA] GET /show-job_position - ::1
2025-02-17 11:44:27 [INFO]: [User: Guest | ID: NA] GET /show-job_position - ::1
2025-02-17 11:44:27 [INFO]: [User: Guest | ID: NA] DELETE /delete-job-profile/9 - ::1
2025-02-17 11:44:27 [INFO]: [User: Guest | ID: NA] GET /show-job_position - ::1
2025-02-17 11:44:27 [INFO]: [User: Guest | ID: NA] GET /show-job_position - ::1
2025-02-17 11:44:27 [INFO]: [User: Guest | ID: NA] GET /show-job_position - ::1
2025-02-17 11:44:27 [INFO]: [User: Guest | ID: NA] GET /show-job_position - ::1
2025-02-17 11:44:28 [INFO]: [User: Guest | ID: NA] GET /show-job_position - ::1
2025-02-17 11:44:28 [INFO]: [User: Guest | ID: NA] GET /show-job_position - ::1
2025-02-17 11:44:33 [INFO]: [User: Guest | ID: NA] POST /create-job-position - ::1
2025-02-17 11:44:33 [INFO]: [User: Guest | ID: NA] GET /show-job_position - ::1
2025-02-17 11:44:33 [INFO]: [User: Guest | ID: NA] GET /show-job_position - ::1
2025-02-17 11:44:33 [INFO]: [User: Guest | ID: NA] GET /show-job_position - ::1
2025-02-17 11:44:33 [INFO]: [User: Guest | ID: NA] GET /show-job_position - ::1
2025-02-17 11:44:33 [INFO]: [User: Guest | ID: NA] GET /show-job_position - ::1
2025-02-17 11:44:40 [INFO]: [User: Guest | ID: NA] POST /update-job-position - ::1
2025-02-17 11:46:19 [INFO]: [User: Guest | ID: NA] GET /show-job_position - ::ffff:127.0.0.1
2025-02-17 11:46:19 [INFO]: [User: Guest | ID: NA] GET /show-job_position - ::ffff:127.0.0.1
2025-02-17 11:46:19 [INFO]: [User: Guest | ID: NA] GET /show-job_position - ::ffff:127.0.0.1
2025-02-17 11:46:19 [INFO]: [User: Guest | ID: NA] GET /show-job_position - ::ffff:127.0.0.1
2025-02-17 11:46:25 [INFO]: [User: Guest | ID: NA] POST /update-job-position - ::1
2025-02-17 11:46:40 [INFO]: [User: Guest | ID: NA] POST /update-job-position - ::1
2025-02-17 11:47:14 [INFO]: [User: Guest | ID: NA] POST /update-job-position - ::1
2025-02-17 11:47:35 [INFO]: [User: Guest | ID: NA] POST /update-job-position - ::1
2025-02-17 11:48:25 [INFO]: [User: Guest | ID: NA] POST /update-job-position - ::1
2025-02-17 11:48:25 [INFO]: [User: Guest | ID: NA] GET /show-job_position - ::1
2025-02-17 11:48:26 [INFO]: [User: Guest | ID: NA] GET /show-job_position - ::1
2025-02-17 11:48:26 [INFO]: [User: Guest | ID: NA] GET /show-job_position - ::1
2025-02-17 11:48:26 [INFO]: [User: Guest | ID: NA] GET /show-job_position - ::1
2025-02-17 11:48:26 [INFO]: [User: Guest | ID: NA] GET /show-job_position - ::1
2025-02-17 11:48:58 [INFO]: [User: Guest | ID: NA] GET /show-job_position - ::1
2025-02-17 11:48:58 [INFO]: [User: Guest | ID: NA] GET /show-job_position - ::1
2025-02-17 11:49:06 [INFO]: [User: Guest | ID: NA] GET /show-job_position - ::1
2025-02-17 11:49:06 [INFO]: [User: Guest | ID: NA] GET /show-job_position - ::1
2025-02-17 11:49:09 [INFO]: [User: Guest | ID: NA] GET /show-job_position - ::1
2025-02-17 11:49:09 [INFO]: [User: Guest | ID: NA] GET /show-job_position - ::1
2025-02-17 11:49:13 [INFO]: [User: Guest | ID: NA] GET /show-job_position - ::1
2025-02-17 11:49:13 [INFO]: [User: Guest | ID: NA] GET /show-job_position - ::1
2025-02-17 11:49:13 [INFO]: [User: Guest | ID: NA] GET /show-job_position - ::1
2025-02-17 11:49:13 [INFO]: [User: Guest | ID: NA] GET /show-job_position - ::1
2025-02-17 11:49:15 [INFO]: [User: Guest | ID: NA] GET /show-job_position - ::1
2025-02-17 11:49:15 [INFO]: [User: Guest | ID: NA] GET /show-job_position - ::1
2025-02-17 11:49:21 [INFO]: [User: Guest | ID: NA] GET /show-job_position - ::1
2025-02-17 11:49:21 [INFO]: [User: Guest | ID: NA] GET /show-job_position - ::1
2025-02-17 11:49:22 [INFO]: [User: Guest | ID: NA] GET /show-job_position - ::1
2025-02-17 11:49:22 [INFO]: [User: Guest | ID: NA] GET /show-job_position - ::1
2025-02-17 11:49:23 [INFO]: [User: Guest | ID: NA] GET /show-job_position - ::1
2025-02-17 11:49:23 [INFO]: [User: Guest | ID: NA] GET /show-job_position - ::1
2025-02-17 11:49:24 [INFO]: [User: Guest | ID: NA] GET /show-job_position - ::1
2025-02-17 11:49:24 [INFO]: [User: Guest | ID: NA] GET /show-job_position - ::1
2025-02-17 11:49:26 [INFO]: [User: Guest | ID: NA] GET /show-job_position - ::1
2025-02-17 11:49:26 [INFO]: [User: Guest | ID: NA] GET /show-job_position - ::1
2025-02-17 11:49:27 [INFO]: [User: Guest | ID: NA] GET /show-job_position - ::1
2025-02-17 11:49:27 [INFO]: [User: Guest | ID: NA] GET /show-job_position - ::1
2025-02-17 11:49:28 [INFO]: [User: Guest | ID: NA] GET /show-job_position - ::1
2025-02-17 11:49:28 [INFO]: [User: Guest | ID: NA] GET /show-job_position - ::1
2025-02-17 11:49:31 [INFO]: [User: Guest | ID: NA] GET /show-job_position - ::1
2025-02-17 11:49:31 [INFO]: [User: Guest | ID: NA] GET /show-job_position - ::1
2025-02-17 11:49:34 [INFO]: [User: Guest | ID: NA] GET /show-job_position - ::1
2025-02-17 11:49:34 [INFO]: [User: Guest | ID: NA] GET /show-job_position - ::1
2025-02-17 11:49:37 [INFO]: [User: Guest | ID: NA] GET /show-job_position - ::1
2025-02-17 11:49:37 [INFO]: [User: Guest | ID: NA] GET /show-job_position - ::1
2025-02-17 11:49:42 [INFO]: [User: Guest | ID: NA] GET /show-job_position - ::1
2025-02-17 11:49:42 [INFO]: [User: Guest | ID: NA] GET /show-job_position - ::1
2025-02-17 11:49:51 [INFO]: [User: Guest | ID: NA] GET /show-job_position - ::1
2025-02-17 11:49:51 [INFO]: [User: Guest | ID: NA] GET /show-job_position - ::1
2025-02-17 11:49:56 [INFO]: [User: Guest | ID: NA] GET /show-job_position - ::1
2025-02-17 11:49:56 [INFO]: [User: Guest | ID: NA] GET /show-job_position - ::1
2025-02-17 11:49:58 [INFO]: [User: Guest | ID: NA] GET /show-job_position - ::1
2025-02-17 11:49:58 [INFO]: [User: Guest | ID: NA] GET /show-job_position - ::1
2025-02-17 11:53:02 [INFO]: [User: Guest | ID: NA] GET /show-job_position - ::1
2025-02-17 11:53:02 [INFO]: [User: Guest | ID: NA] GET /show-job_position - ::1
2025-02-17 11:53:08 [INFO]: [User: Guest | ID: NA] GET /show-job_position - ::1
2025-02-17 11:53:08 [INFO]: [User: Guest | ID: NA] GET /show-job_position - ::1
2025-02-17 11:53:11 [INFO]: [User: Guest | ID: NA] GET /show-job_position - ::1
2025-02-17 11:53:11 [INFO]: [User: Guest | ID: NA] GET /show-job_position - ::1
2025-02-17 11:53:21 [INFO]: [User: Guest | ID: NA] GET /show-job_position - ::1
2025-02-17 11:53:21 [INFO]: [User: Guest | ID: NA] GET /show-job_position - ::1
2025-02-17 11:53:55 [INFO]: [User: Guest | ID: NA] GET /show-job_position - ::1
2025-02-17 11:53:56 [INFO]: [User: Guest | ID: NA] GET /show-job_position - ::1
2025-02-17 11:53:57 [INFO]: [User: Guest | ID: NA] GET /show-job_position - ::1
2025-02-17 11:53:57 [INFO]: [User: Guest | ID: NA] GET /show-job_position - ::1
2025-02-17 11:54:00 [INFO]: [User: Guest | ID: NA] GET /show-job_position - ::1
2025-02-17 11:54:00 [INFO]: [User: Guest | ID: NA] GET /show-job_position - ::1
2025-02-17 11:54:03 [INFO]: [User: Guest | ID: NA] GET /show-job_position - ::1
2025-02-17 11:54:03 [INFO]: [User: Guest | ID: NA] GET /show-job_position - ::1
2025-02-17 11:54:03 [INFO]: [User: Guest | ID: NA] GET /show-job_position - ::1
2025-02-17 11:54:03 [INFO]: [User: Guest | ID: NA] GET /show-job_position - ::1
2025-02-17 11:54:05 [INFO]: [User: Guest | ID: NA] GET /show-job_position - ::1
2025-02-17 11:54:05 [INFO]: [User: Guest | ID: NA] GET /show-job_position - ::1
2025-02-17 11:54:08 [INFO]: [User: Guest | ID: NA] GET /show-job_position - ::1
2025-02-17 11:54:08 [INFO]: [User: Guest | ID: NA] GET /show-job_position - ::1
2025-02-17 11:54:13 [INFO]: [User: Guest | ID: NA] GET /show-job_position - ::1
2025-02-17 11:54:13 [INFO]: [User: Guest | ID: NA] GET /show-job_position - ::1
2025-02-17 11:54:16 [INFO]: [User: Guest | ID: NA] GET /show-job_position - ::1
2025-02-17 11:54:16 [INFO]: [User: Guest | ID: NA] GET /show-job_position - ::1
2025-02-17 11:54:16 [INFO]: [User: Guest | ID: NA] GET /show-job_position - ::1
2025-02-17 11:54:16 [INFO]: [User: Guest | ID: NA] GET /show-job_position - ::1
2025-02-17 11:54:17 [INFO]: [User: Guest | ID: NA] DELETE /delete-all-jobs - ::1
2025-02-17 11:54:20 [INFO]: [User: Guest | ID: NA] GET /show-job_position - ::1
2025-02-17 11:54:20 [INFO]: [User: Guest | ID: NA] GET /show-job_position - ::1
2025-02-17 11:54:20 [INFO]: [User: Guest | ID: NA] GET /show-job_position - ::1
2025-02-17 11:54:20 [INFO]: [User: Guest | ID: NA] GET /show-job_position - ::1
2025-02-17 11:54:31 [INFO]: [User: Guest | ID: NA] GET /show-job_position - ::1
2025-02-17 11:54:31 [INFO]: [User: Guest | ID: NA] GET /show-job_position - ::1
2025-02-17 11:54:51 [INFO]: [User: Guest | ID: NA] GET /show-job_position - ::1
2025-02-17 11:54:51 [INFO]: [User: Guest | ID: NA] GET /show-job_position - ::1
2025-02-17 11:54:53 [INFO]: [User: Guest | ID: NA] GET /show-job_position - ::1
2025-02-17 11:54:53 [INFO]: [User: Guest | ID: NA] GET /show-job_position - ::1
2025-02-17 11:54:54 [INFO]: [User: Guest | ID: NA] GET /show-job_position - ::1
2025-02-17 11:54:54 [INFO]: [User: Guest | ID: NA] GET /show-job_position - ::1
2025-02-17 11:54:55 [INFO]: [User: Guest | ID: NA] GET /show-job_position - ::1
2025-02-17 11:54:55 [INFO]: [User: Guest | ID: NA] GET /show-job_position - ::1
2025-02-17 11:54:56 [INFO]: [User: Guest | ID: NA] GET /show-job_position - ::1
2025-02-17 11:54:56 [INFO]: [User: Guest | ID: NA] GET /show-job_position - ::1
2025-02-17 11:54:58 [INFO]: [User: Guest | ID: NA] GET /show-job_position - ::1
2025-02-17 11:54:58 [INFO]: [User: Guest | ID: NA] GET /show-job_position - ::1
2025-02-17 11:55:01 [INFO]: [User: Guest | ID: NA] GET /show-job_position - ::1
2025-02-17 11:55:01 [INFO]: [User: Guest | ID: NA] GET /show-job_position - ::1
2025-02-17 11:55:05 [INFO]: [User: Guest | ID: NA] GET /show-job_position - ::1
2025-02-17 11:55:05 [INFO]: [User: Guest | ID: NA] GET /show-job_position - ::1
2025-02-17 11:55:06 [INFO]: [User: Guest | ID: NA] GET /show-job_position - ::1
2025-02-17 11:55:06 [INFO]: [User: Guest | ID: NA] GET /show-job_position - ::1
2025-02-17 11:55:09 [INFO]: [User: Guest | ID: NA] GET /show-job_position - ::1
2025-02-17 11:55:09 [INFO]: [User: Guest | ID: NA] GET /show-job_position - ::1
2025-02-17 11:55:12 [INFO]: [User: Guest | ID: NA] POST /create-job-position - ::1
2025-02-17 11:55:12 [INFO]: [User: Guest | ID: NA] GET /show-job_position - ::1
2025-02-17 11:55:12 [INFO]: [User: Guest | ID: NA] GET /show-job_position - ::1
2025-02-17 11:55:12 [INFO]: [User: Guest | ID: NA] GET /show-job_position - ::1
2025-02-17 11:55:12 [INFO]: [User: Guest | ID: NA] GET /show-job_position - ::1
2025-02-17 11:55:12 [INFO]: [User: Guest | ID: NA] GET /show-job_position - ::1
2025-02-17 11:55:15 [INFO]: [User: Guest | ID: NA] POST /create-job-position - ::1
2025-02-17 11:55:15 [INFO]: [User: Guest | ID: NA] GET /show-job_position - ::1
2025-02-17 11:55:15 [INFO]: [User: Guest | ID: NA] GET /show-job_position - ::1
2025-02-17 11:55:16 [INFO]: [User: Guest | ID: NA] GET /show-job_position - ::1
2025-02-17 11:55:16 [INFO]: [User: Guest | ID: NA] GET /show-job_position - ::1
2025-02-17 11:55:16 [INFO]: [User: Guest | ID: NA] GET /show-job_position - ::1
2025-02-17 11:55:16 [INFO]: [User: Guest | ID: NA] GET /show-job_position - ::1
2025-02-17 11:55:17 [INFO]: [User: Guest | ID: NA] DELETE /delete-all-jobs - ::1
2025-02-17 11:55:20 [INFO]: [User: Guest | ID: NA] GET /show-job_position - ::1
2025-02-17 11:55:20 [INFO]: [User: Guest | ID: NA] GET /show-job_position - ::1
2025-02-17 11:55:20 [INFO]: [User: Guest | ID: NA] GET /show-job_position - ::1
2025-02-17 11:55:20 [INFO]: [User: Guest | ID: NA] GET /show-job_position - ::1
2025-02-17 11:55:27 [INFO]: [User: Guest | ID: NA] GET /show-job_position - ::1
2025-02-17 11:55:27 [INFO]: [User: Guest | ID: NA] GET /show-job_position - ::1
2025-02-17 11:55:42 [INFO]: [User: Guest | ID: NA] GET /show-users - ::1
2025-02-17 11:55:42 [INFO]: [User: Guest | ID: NA] GET /show-users - ::1
2025-02-17 11:55:45 [INFO]: [User: Guest | ID: NA] GET /show-job_position - ::1
2025-02-17 11:55:45 [INFO]: [User: Guest | ID: NA] GET /show-job_position - ::1
2025-02-17 11:55:45 [INFO]: [User: Guest | ID: NA] GET /show-job_position - ::1
2025-02-17 11:55:45 [INFO]: [User: Guest | ID: NA] GET /show-job_position - ::1
2025-02-17 11:55:52 [INFO]: [User: Guest | ID: NA] POST /create-job-position - ::1
2025-02-17 11:55:52 [INFO]: [User: Guest | ID: NA] GET /show-job_position - ::1
2025-02-17 11:55:52 [INFO]: [User: Guest | ID: NA] GET /show-job_position - ::1
2025-02-17 11:55:52 [INFO]: [User: Guest | ID: NA] GET /show-job_position - ::1
2025-02-17 11:55:52 [INFO]: [User: Guest | ID: NA] GET /show-job_position - ::1
2025-02-17 11:55:52 [INFO]: [User: Guest | ID: NA] GET /show-job_position - ::1
2025-02-17 11:55:52 [INFO]: [User: Guest | ID: NA] GET /show-job_position - ::1
2025-02-17 11:56:01 [INFO]: [User: Guest | ID: NA] POST /create-job-position - ::1
2025-02-17 11:56:01 [INFO]: [User: Guest | ID: NA] GET /show-job_position - ::1
2025-02-17 11:56:01 [INFO]: [User: Guest | ID: NA] GET /show-job_position - ::1
2025-02-17 11:56:02 [INFO]: [User: Guest | ID: NA] GET /show-job_position - ::1
2025-02-17 11:56:02 [INFO]: [User: Guest | ID: NA] GET /show-job_position - ::1
2025-02-17 11:56:02 [INFO]: [User: Guest | ID: NA] GET /show-job_position - ::1
2025-02-17 11:56:02 [INFO]: [User: Guest | ID: NA] GET /show-job_position - ::1
2025-02-17 11:56:08 [INFO]: [User: Guest | ID: NA] POST /create-job-position - ::1
2025-02-17 11:56:08 [INFO]: [User: Guest | ID: NA] GET /show-job_position - ::1
2025-02-17 11:56:08 [INFO]: [User: Guest | ID: NA] GET /show-job_position - ::1
2025-02-17 11:56:08 [INFO]: [User: Guest | ID: NA] GET /show-job_position - ::1
2025-02-17 11:56:08 [INFO]: [User: Guest | ID: NA] GET /show-job_position - ::1
2025-02-17 11:56:08 [INFO]: [User: Guest | ID: NA] GET /show-job_position - ::1
2025-02-17 11:56:08 [INFO]: [User: Guest | ID: NA] GET /show-job_position - ::1
2025-02-17 11:56:10 [INFO]: [User: Guest | ID: NA] POST /create-job-position - ::1
2025-02-17 11:56:12 [INFO]: [User: Guest | ID: NA] POST /create-job-position - ::1
2025-02-17 11:56:12 [INFO]: [User: Guest | ID: NA] POST /create-job-position - ::1
2025-02-17 11:56:12 [INFO]: [User: Guest | ID: NA] POST /create-job-position - ::1
2025-02-17 11:56:12 [INFO]: [User: Guest | ID: NA] POST /create-job-position - ::1
2025-02-17 11:56:17 [INFO]: [User: Guest | ID: NA] GET /show-job_position - ::1
2025-02-17 11:56:17 [INFO]: [User: Guest | ID: NA] GET /show-job_position - ::1
2025-02-17 11:56:17 [INFO]: [User: Guest | ID: NA] GET /show-job_position - ::1
2025-02-17 11:56:17 [INFO]: [User: Guest | ID: NA] GET /show-job_position - ::1
2025-02-17 11:58:56 [INFO]: [User: Guest | ID: NA] GET /show-job_position - ::1
2025-02-17 11:58:56 [INFO]: [User: Guest | ID: NA] GET /show-job_position - ::1
2025-02-17 11:59:01 [INFO]: [User: Guest | ID: NA] GET /show-job_position - ::1
2025-02-17 11:59:01 [INFO]: [User: Guest | ID: NA] GET /show-job_position - ::1
2025-02-17 11:59:09 [INFO]: [User: Guest | ID: NA] GET /show-job_position - ::1
2025-02-17 11:59:09 [INFO]: [User: Guest | ID: NA] GET /show-job_position - ::1
2025-02-17 11:59:11 [INFO]: [User: Guest | ID: NA] GET /show-job_position - ::1
2025-02-17 11:59:11 [INFO]: [User: Guest | ID: NA] GET /show-job_position - ::1
2025-02-17 11:59:12 [INFO]: [User: Guest | ID: NA] GET /show-job_position - ::1
2025-02-17 11:59:12 [INFO]: [User: Guest | ID: NA] GET /show-job_position - ::1
2025-02-17 11:59:12 [INFO]: [User: Guest | ID: NA] GET /show-job_position - ::1
2025-02-17 11:59:12 [INFO]: [User: Guest | ID: NA] GET /show-job_position - ::1
2025-02-17 11:59:13 [INFO]: [User: Guest | ID: NA] DELETE /delete-all-jobs - ::1
2025-02-17 11:59:14 [INFO]: [User: Guest | ID: NA] GET /show-job_position - ::1
2025-02-17 11:59:14 [INFO]: [User: Guest | ID: NA] GET /show-job_position - ::1
2025-02-17 11:59:14 [INFO]: [User: Guest | ID: NA] GET /show-job_position - ::1
2025-02-17 11:59:14 [INFO]: [User: Guest | ID: NA] GET /show-job_position - ::1
2025-02-17 11:59:24 [INFO]: [User: Guest | ID: NA] GET /show-job_position - ::1
2025-02-17 11:59:24 [INFO]: [User: Guest | ID: NA] GET /show-job_position - ::1
2025-02-17 11:59:24 [INFO]: [User: Guest | ID: NA] GET /show-job_position - ::1
2025-02-17 11:59:24 [INFO]: [User: Guest | ID: NA] GET /show-job_position - ::1
2025-02-17 11:59:31 [INFO]: [User: Guest | ID: NA] POST /create-job-position - ::1
2025-02-17 11:59:31 [INFO]: [User: Guest | ID: NA] GET /show-job_position - ::1
2025-02-17 11:59:31 [INFO]: [User: Guest | ID: NA] GET /show-job_position - ::1
2025-02-17 11:59:32 [INFO]: [User: Guest | ID: NA] GET /show-job_position - ::1
2025-02-17 11:59:32 [INFO]: [User: Guest | ID: NA] GET /show-job_position - ::1
2025-02-17 11:59:32 [INFO]: [User: Guest | ID: NA] GET /show-job_position - ::1
2025-02-17 11:59:32 [INFO]: [User: Guest | ID: NA] GET /show-job_position - ::1
2025-02-17 11:59:38 [INFO]: [User: Guest | ID: NA] POST /create-job-position - ::1
2025-02-17 11:59:38 [INFO]: [User: Guest | ID: NA] GET /show-job_position - ::1
2025-02-17 11:59:38 [INFO]: [User: Guest | ID: NA] GET /show-job_position - ::1
2025-02-17 11:59:39 [INFO]: [User: Guest | ID: NA] GET /show-job_position - ::1
2025-02-17 11:59:39 [INFO]: [User: Guest | ID: NA] GET /show-job_position - ::1
2025-02-17 11:59:39 [INFO]: [User: Guest | ID: NA] GET /show-job_position - ::1
2025-02-17 11:59:39 [INFO]: [User: Guest | ID: NA] GET /show-job_position - ::1
2025-02-17 11:59:43 [INFO]: [User: Guest | ID: NA] POST /create-job-position - ::1
2025-02-17 11:59:43 [INFO]: [User: Guest | ID: NA] GET /show-job_position - ::1
2025-02-17 11:59:43 [INFO]: [User: Guest | ID: NA] GET /show-job_position - ::1
2025-02-17 11:59:43 [INFO]: [User: Guest | ID: NA] GET /show-job_position - ::1
2025-02-17 11:59:43 [INFO]: [User: Guest | ID: NA] GET /show-job_position - ::1
2025-02-17 11:59:43 [INFO]: [User: Guest | ID: NA] GET /show-job_position - ::1
2025-02-17 11:59:48 [INFO]: [User: Guest | ID: NA] POST /create-job-position - ::1
2025-02-17 12:00:34 [INFO]: [User: Guest | ID: NA] GET /show-job_position - ::1
2025-02-17 12:00:34 [INFO]: [User: Guest | ID: NA] GET /show-job_position - ::1
2025-02-17 12:00:38 [INFO]: [User: Guest | ID: NA] POST /create-job-position - ::1
2025-02-17 12:00:56 [INFO]: [User: Guest | ID: NA] POST /create-job-position - ::1
2025-02-17 12:00:56 [INFO]: [User: Guest | ID: NA] POST /create-job-position - ::1
2025-02-17 12:01:14 [INFO]: [User: Guest | ID: NA] POST /create-job-position - ::ffff:127.0.0.1
2025-02-17 12:01:51 [INFO]: [User: Guest | ID: NA] GET /show-company - ::ffff:127.0.0.1
2025-02-17 12:01:51 [INFO]: [User: Guest | ID: NA] GET /show-company - ::ffff:127.0.0.1
2025-02-17 12:01:51 [INFO]: [User: Guest | ID: NA] GET /show-company - ::ffff:127.0.0.1
2025-02-17 12:01:51 [INFO]: [User: Guest | ID: NA] GET /show-company - ::ffff:127.0.0.1
2025-02-17 12:02:08 [INFO]: [User: Guest | ID: NA] GET /show-company - ::1
2025-02-17 12:02:08 [INFO]: [User: Guest | ID: NA] GET /show-company - ::1
2025-02-17 12:02:13 [INFO]: [User: Guest | ID: NA] GET /show-company - ::1
2025-02-17 12:02:13 [INFO]: [User: Guest | ID: NA] GET /show-company - ::1
2025-02-17 12:02:13 [INFO]: [User: Guest | ID: NA] GET /show-company - ::1
2025-02-17 12:02:13 [INFO]: [User: Guest | ID: NA] GET /show-company - ::1
2025-02-17 12:02:14 [INFO]: [User: Guest | ID: NA] GET /show-company - ::1
2025-02-17 12:02:14 [INFO]: [User: Guest | ID: NA] GET /show-company - ::1
2025-02-17 12:02:18 [INFO]: [User: Guest | ID: NA] GET /show-company - ::1
2025-02-17 12:02:18 [INFO]: [User: Guest | ID: NA] GET /show-company - ::1
2025-02-17 12:02:20 [INFO]: [User: Guest | ID: NA] GET /show-company - ::1
2025-02-17 12:02:20 [INFO]: [User: Guest | ID: NA] GET /show-company - ::1
2025-02-17 12:02:31 [INFO]: [User: Guest | ID: NA] GET /show-company - ::1
2025-02-17 12:02:31 [INFO]: [User: Guest | ID: NA] GET /show-company - ::1
2025-02-17 12:02:32 [INFO]: [User: Guest | ID: NA] GET /show-company - ::1
2025-02-17 12:02:32 [INFO]: [User: Guest | ID: NA] GET /show-company - ::1
2025-02-17 12:02:32 [INFO]: [User: Guest | ID: NA] GET /show-company - ::1
2025-02-17 12:02:32 [INFO]: [User: Guest | ID: NA] GET /show-company - ::1
2025-02-17 12:02:34 [INFO]: [User: Guest | ID: NA] GET /show-company - ::1
2025-02-17 12:02:34 [INFO]: [User: Guest | ID: NA] GET /show-company - ::1
2025-02-17 12:02:36 [INFO]: [User: Guest | ID: NA] GET /show-company - ::1
2025-02-17 12:02:36 [INFO]: [User: Guest | ID: NA] GET /show-company - ::1
2025-02-17 12:02:37 [INFO]: [User: Guest | ID: NA] GET /show-company - ::1
2025-02-17 12:02:37 [INFO]: [User: Guest | ID: NA] GET /show-company - ::1
2025-02-17 12:02:48 [INFO]: [User: Guest | ID: NA] GET /show-company - ::1
2025-02-17 12:02:48 [INFO]: [User: Guest | ID: NA] GET /show-company - ::1
2025-02-17 12:02:49 [INFO]: [User: Guest | ID: NA] GET /show-company - ::1
2025-02-17 12:02:49 [INFO]: [User: Guest | ID: NA] GET /show-company - ::1
2025-02-17 12:03:15 [INFO]: [User: Guest | ID: NA] GET /show-company - ::1
2025-02-17 12:03:15 [INFO]: [User: Guest | ID: NA] GET /show-company - ::1
2025-02-17 12:03:17 [INFO]: [User: Guest | ID: NA] GET /show-company - ::1
2025-02-17 12:03:17 [INFO]: [User: Guest | ID: NA] GET /show-company - ::1
2025-02-17 12:03:20 [INFO]: [User: Guest | ID: NA] GET /show-company - ::1
2025-02-17 12:03:20 [INFO]: [User: Guest | ID: NA] GET /show-company - ::1
2025-02-17 12:03:24 [INFO]: [User: Guest | ID: NA] GET /show-company - ::1
2025-02-17 12:03:24 [INFO]: [User: Guest | ID: NA] GET /show-company - ::1
2025-02-17 12:03:27 [INFO]: [User: Guest | ID: NA] GET /show-company - ::1
2025-02-17 12:03:27 [INFO]: [User: Guest | ID: NA] GET /show-company - ::1
2025-02-17 12:03:27 [INFO]: [User: Guest | ID: NA] GET /show-company - ::1
2025-02-17 12:03:27 [INFO]: [User: Guest | ID: NA] GET /show-company - ::1
2025-02-17 12:05:13 [INFO]: [User: Guest | ID: NA] GET /show-company - ::1
2025-02-17 12:05:13 [INFO]: [User: Guest | ID: NA] GET /show-company - ::1
2025-02-17 12:05:13 [INFO]: [User: Guest | ID: NA] GET /show-company - ::1
2025-02-17 12:05:13 [INFO]: [User: Guest | ID: NA] GET /show-company - ::1
2025-02-17 12:05:14 [INFO]: [User: Guest | ID: NA] GET /show-company - ::1
2025-02-17 12:05:14 [INFO]: [User: Guest | ID: NA] GET /show-company - ::1
2025-02-17 12:05:14 [INFO]: [User: Guest | ID: NA] GET /show-company - ::1
2025-02-17 12:05:14 [INFO]: [User: Guest | ID: NA] GET /show-company - ::1
2025-02-17 12:05:17 [INFO]: [User: Guest | ID: NA] GET /show-company - ::1
2025-02-17 12:05:17 [INFO]: [User: Guest | ID: NA] GET /show-company - ::1
2025-02-17 12:05:17 [INFO]: [User: Guest | ID: NA] GET /show-company - ::1
2025-02-17 12:05:17 [INFO]: [User: Guest | ID: NA] GET /show-company - ::1
2025-02-17 12:05:17 [INFO]: [User: Guest | ID: NA] GET /show-company - ::1
2025-02-17 12:05:17 [INFO]: [User: Guest | ID: NA] GET /show-company - ::1
2025-02-17 12:05:18 [INFO]: [User: Guest | ID: NA] GET /show-company - ::1
2025-02-17 12:05:18 [INFO]: [User: Guest | ID: NA] GET /show-company - ::1
2025-02-17 12:05:18 [INFO]: [User: Guest | ID: NA] GET /show-company - ::1
2025-02-17 12:05:18 [INFO]: [User: Guest | ID: NA] GET /show-company - ::1
2025-02-17 12:05:21 [INFO]: [User: Guest | ID: NA] GET /show-company - ::1
2025-02-17 12:05:21 [INFO]: [User: Guest | ID: NA] GET /show-company - ::1
2025-02-17 12:05:22 [INFO]: [User: Guest | ID: NA] GET /show-company - ::1
2025-02-17 12:05:22 [INFO]: [User: Guest | ID: NA] GET /show-company - ::1
2025-02-17 12:05:32 [INFO]: [User: Guest | ID: NA] GET /show-company_profile - ::1
2025-02-17 12:05:32 [INFO]: [User: Guest | ID: NA] GET /show-company - ::1
2025-02-17 12:05:32 [INFO]: [User: Guest | ID: NA] GET /show-company_profile - ::1
2025-02-17 12:05:32 [INFO]: [User: Guest | ID: NA] GET /show-company - ::1
2025-02-17 12:05:34 [INFO]: [User: Guest | ID: NA] GET /show-company - ::1
2025-02-17 12:05:34 [INFO]: [User: Guest | ID: NA] GET /show-company - ::1
2025-02-17 12:05:34 [INFO]: [User: Guest | ID: NA] GET /show-company - ::1
2025-02-17 12:05:34 [INFO]: [User: Guest | ID: NA] GET /show-company - ::1
2025-02-17 12:05:36 [INFO]: [User: Guest | ID: NA] DELETE /delete-all-companys/ - ::1
2025-02-17 12:05:36 [INFO]: [User: Guest | ID: NA] GET /show-company - ::1
2025-02-17 12:05:36 [INFO]: [User: Guest | ID: NA] GET /show-company - ::1
2025-02-17 12:05:36 [INFO]: [User: Guest | ID: NA] GET /show-company - ::1
2025-02-17 12:05:36 [INFO]: [User: Guest | ID: NA] GET /show-company - ::1
2025-02-17 12:05:39 [INFO]: [User: Guest | ID: NA] GET /show-company_profile - ::1
2025-02-17 12:05:39 [INFO]: [User: Guest | ID: NA] GET /show-company - ::1
2025-02-17 12:05:39 [INFO]: [User: Guest | ID: NA] GET /show-company_profile - ::1
2025-02-17 12:05:39 [INFO]: [User: Guest | ID: NA] GET /show-company - ::1
2025-02-17 12:05:41 [INFO]: [User: Guest | ID: NA] GET /show-company - ::1
2025-02-17 12:05:41 [INFO]: [User: Guest | ID: NA] GET /show-company - ::1
2025-02-17 12:05:41 [INFO]: [User: Guest | ID: NA] GET /show-company - ::1
2025-02-17 12:05:41 [INFO]: [User: Guest | ID: NA] GET /show-company - ::1
2025-02-17 12:05:45 [INFO]: [User: Guest | ID: NA] POST /create-company - ::1
2025-02-17 12:05:45 [INFO]: [User: Guest | ID: NA] GET /show-company - ::1
2025-02-17 12:05:46 [INFO]: [User: Guest | ID: NA] GET /show-company - ::1
2025-02-17 12:05:46 [INFO]: [User: Guest | ID: NA] GET /show-company - ::1
2025-02-17 12:05:46 [INFO]: [User: Guest | ID: NA] GET /show-company - ::1
2025-02-17 12:05:46 [INFO]: [User: Guest | ID: NA] GET /show-company - ::1
2025-02-17 12:05:52 [INFO]: [User: Guest | ID: NA] POST /create-company - ::1
2025-02-17 12:05:52 [INFO]: [User: Guest | ID: NA] GET /show-company - ::1
2025-02-17 12:05:52 [INFO]: [User: Guest | ID: NA] GET /show-company - ::1
2025-02-17 12:05:52 [INFO]: [User: Guest | ID: NA] GET /show-company - ::1
2025-02-17 12:05:52 [INFO]: [User: Guest | ID: NA] GET /show-company - ::1
2025-02-17 12:05:52 [INFO]: [User: Guest | ID: NA] GET /show-company - ::1
2025-02-17 12:05:52 [INFO]: [User: Guest | ID: NA] GET /show-company - ::1
2025-02-17 12:05:57 [INFO]: [User: Guest | ID: NA] POST /create-company - ::1
2025-02-17 12:05:57 [INFO]: [User: Guest | ID: NA] GET /show-company - ::1
2025-02-17 12:05:57 [INFO]: [User: Guest | ID: NA] GET /show-company - ::1
2025-02-17 12:05:57 [INFO]: [User: Guest | ID: NA] GET /show-company - ::1
2025-02-17 12:05:57 [INFO]: [User: Guest | ID: NA] GET /show-company - ::1
2025-02-17 12:05:57 [INFO]: [User: Guest | ID: NA] GET /show-company - ::1
2025-02-17 12:05:57 [INFO]: [User: Guest | ID: NA] GET /show-company - ::1
2025-02-17 12:06:06 [INFO]: [User: Guest | ID: NA] POST /create-company - ::1
2025-02-17 12:06:06 [INFO]: [User: Guest | ID: NA] GET /show-company - ::1
2025-02-17 12:06:07 [INFO]: [User: Guest | ID: NA] GET /show-company - ::1
2025-02-17 12:06:07 [INFO]: [User: Guest | ID: NA] GET /show-company - ::1
2025-02-17 12:06:07 [INFO]: [User: Guest | ID: NA] GET /show-company - ::1
2025-02-17 12:06:07 [INFO]: [User: Guest | ID: NA] GET /show-company - ::1
2025-02-17 12:06:08 [INFO]: [User: Guest | ID: NA] GET /show-company_profile - ::1
2025-02-17 12:06:08 [INFO]: [User: Guest | ID: NA] GET /show-company - ::1
2025-02-17 12:06:08 [INFO]: [User: Guest | ID: NA] GET /show-company - ::1
2025-02-17 12:06:08 [INFO]: [User: Guest | ID: NA] GET /show-company_profile - ::1
2025-02-17 12:07:10 [INFO]: [User: Guest | ID: NA] POST /upload-file - ::1
2025-02-17 12:07:10 [INFO]: [User: Guest | ID: NA] POST /create-company-profile - ::1
2025-02-17 12:07:10 [INFO]: [User: Guest | ID: NA] GET /show-company_profile - ::1
2025-02-17 12:07:10 [INFO]: [User: Guest | ID: NA] GET /show-company - ::1
2025-02-17 12:07:23 [INFO]: [User: Guest | ID: NA] POST /upload-file - ::1
2025-02-17 12:07:23 [INFO]: [User: Guest | ID: NA] POST /create-company-profile - ::1
2025-02-17 12:07:23 [INFO]: [User: Guest | ID: NA] GET /show-company_profile - ::1
2025-02-17 12:07:23 [INFO]: [User: Guest | ID: NA] GET /show-company - ::1
2025-02-17 12:07:43 [INFO]: [User: Guest | ID: NA] POST /upload-file - ::1
2025-02-17 12:07:43 [INFO]: [User: Guest | ID: NA] POST /create-company-profile - ::1
2025-02-17 12:07:43 [INFO]: [User: Guest | ID: NA] GET /show-company_profile - ::1
2025-02-17 12:07:43 [INFO]: [User: Guest | ID: NA] GET /show-company - ::1
2025-02-17 12:08:37 [INFO]: [User: Guest | ID: NA] GET /show-company_profile - ::1
2025-02-17 12:08:37 [INFO]: [User: Guest | ID: NA] GET /show-company - ::1
2025-02-17 12:08:37 [INFO]: [User: Guest | ID: NA] GET /show-company_profile - ::1
2025-02-17 12:08:37 [INFO]: [User: Guest | ID: NA] GET /show-company - ::1
2025-02-17 12:08:43 [INFO]: [User: Guest | ID: NA] POST /upload-file - ::1
2025-02-17 12:08:43 [INFO]: [User: Guest | ID: NA] POST /update-company-profile - ::1
2025-02-17 12:08:43 [INFO]: [User: Guest | ID: NA] GET /show-company_profile - ::1
2025-02-17 12:08:43 [INFO]: [User: Guest | ID: NA] GET /show-company - ::1
2025-02-17 12:08:49 [INFO]: [User: Guest | ID: NA] POST /upload-file - ::1
2025-02-17 12:08:49 [INFO]: [User: Guest | ID: NA] POST /update-company-profile - ::1
2025-02-17 12:08:49 [INFO]: [User: Guest | ID: NA] GET /show-company_profile - ::1
2025-02-17 12:08:49 [INFO]: [User: Guest | ID: NA] GET /show-company - ::1
2025-02-17 12:09:06 [INFO]: [User: Guest | ID: NA] POST /upload-file - ::1
2025-02-17 12:09:06 [INFO]: [User: Guest | ID: NA] POST /update-company-profile - ::1
2025-02-17 12:09:06 [INFO]: [User: Guest | ID: NA] GET /show-company_profile - ::1
2025-02-17 12:09:06 [INFO]: [User: Guest | ID: NA] GET /show-company - ::1
2025-02-17 12:09:13 [INFO]: [User: Guest | ID: NA] POST /upload-file - ::1
2025-02-17 12:09:13 [INFO]: [User: Guest | ID: NA] POST /update-company-profile - ::1
2025-02-17 12:09:13 [INFO]: [User: Guest | ID: NA] GET /show-company_profile - ::1
2025-02-17 12:09:13 [INFO]: [User: Guest | ID: NA] GET /show-company - ::1
2025-02-17 12:10:08 [INFO]: [User: Guest | ID: NA] GET /show-company_profile - ::1
2025-02-17 12:10:08 [INFO]: [User: Guest | ID: NA] GET /show-company - ::1
2025-02-17 12:10:11 [INFO]: [User: Guest | ID: NA] GET /show-company_profile - ::1
2025-02-17 12:10:11 [INFO]: [User: Guest | ID: NA] GET /show-company - ::1
2025-02-17 12:10:43 [INFO]: [User: Guest | ID: NA] GET /show-company_profile - ::1
2025-02-17 12:10:43 [INFO]: [User: Guest | ID: NA] GET /show-company - ::1
2025-02-17 12:10:52 [INFO]: [User: Guest | ID: NA] GET /show-company_profile - ::1
2025-02-17 12:10:52 [INFO]: [User: Guest | ID: NA] GET /show-company - ::1
2025-02-17 12:11:10 [INFO]: [User: Guest | ID: NA] GET /show-company_profile - ::1
2025-02-17 12:11:10 [INFO]: [User: Guest | ID: NA] GET /show-company - ::1
2025-02-17 12:11:10 [INFO]: [User: Guest | ID: NA] GET /show-company_profile - ::1
2025-02-17 12:11:10 [INFO]: [User: Guest | ID: NA] GET /show-company - ::1
2025-02-17 12:11:24 [INFO]: [User: Guest | ID: NA] GET /show-job_position - ::1
2025-02-17 12:11:24 [INFO]: [User: Guest | ID: NA] GET /show-job_position - ::1
2025-02-17 12:11:24 [INFO]: [User: Guest | ID: NA] GET /show-job_position - ::1
2025-02-17 12:11:24 [INFO]: [User: Guest | ID: NA] GET /show-job_position - ::1
2025-02-17 12:11:31 [INFO]: [User: Guest | ID: NA] GET /show-users - ::1
2025-02-17 12:11:31 [INFO]: [User: Guest | ID: NA] GET /show-users - ::1
2025-02-17 12:11:37 [INFO]: [User: Guest | ID: NA] GET /show-job_position - ::1
2025-02-17 12:11:37 [INFO]: [User: Guest | ID: NA] GET /show-job_position - ::1
2025-02-17 12:11:37 [INFO]: [User: Guest | ID: NA] GET /show-job_position - ::1
2025-02-17 12:11:37 [INFO]: [User: Guest | ID: NA] GET /show-job_position - ::1
2025-02-17 12:12:58 [INFO]: [User: Guest | ID: NA] GET /show-company_profile - ::1
2025-02-17 12:12:58 [INFO]: [User: Guest | ID: NA] GET /show-company - ::1
2025-02-17 12:12:58 [INFO]: [User: Guest | ID: NA] GET /show-company_profile - ::1
2025-02-17 12:12:58 [INFO]: [User: Guest | ID: NA] GET /show-company - ::1
2025-02-17 12:13:00 [INFO]: [User: Guest | ID: NA] GET /show-job_position - ::1
2025-02-17 12:13:00 [INFO]: [User: Guest | ID: NA] GET /show-job_position - ::1
2025-02-17 12:13:00 [INFO]: [User: Guest | ID: NA] GET /show-job_position - ::1
2025-02-17 12:13:00 [INFO]: [User: Guest | ID: NA] GET /show-job_position - ::1
2025-02-17 12:14:08 [INFO]: [User: Guest | ID: NA] GET /show-job_position - ::1
2025-02-17 12:14:08 [INFO]: [User: Guest | ID: NA] GET /show-job_position - ::1
2025-02-17 12:14:09 [INFO]: [User: Guest | ID: NA] GET /show-job_position - ::1
2025-02-17 12:14:09 [INFO]: [User: Guest | ID: NA] GET /show-job_position - ::1
2025-02-17 12:14:11 [INFO]: [User: Guest | ID: NA] GET /show-job_position - ::1
2025-02-17 12:14:11 [INFO]: [User: Guest | ID: NA] GET /show-job_position - ::1
2025-02-17 12:14:12 [INFO]: [User: Guest | ID: NA] GET /show-job_position - ::1
2025-02-17 12:14:12 [INFO]: [User: Guest | ID: NA] GET /show-job_position - ::1
2025-02-17 12:14:16 [INFO]: [User: Guest | ID: NA] GET /show-job_position - ::1
2025-02-17 12:14:16 [INFO]: [User: Guest | ID: NA] GET /show-job_position - ::1
2025-02-17 12:14:28 [INFO]: [User: Guest | ID: NA] GET /show-job_position - ::1
2025-02-17 12:14:28 [INFO]: [User: Guest | ID: NA] GET /show-job_position - ::1
2025-02-17 12:14:31 [INFO]: [User: Guest | ID: NA] GET /show-job_position - ::1
2025-02-17 12:14:31 [INFO]: [User: Guest | ID: NA] GET /show-job_position - ::1
2025-02-17 12:14:32 [INFO]: [User: Guest | ID: NA] GET /show-job_position - ::1
2025-02-17 12:14:32 [INFO]: [User: Guest | ID: NA] GET /show-job_position - ::1
2025-02-17 12:16:58 [INFO]: [User: Guest | ID: NA] GET /show-company_profile - ::1
2025-02-17 12:16:58 [INFO]: [User: Guest | ID: NA] GET /show-company - ::1
2025-02-17 12:16:58 [INFO]: [User: Guest | ID: NA] GET /show-company_profile - ::1
2025-02-17 12:16:58 [INFO]: [User: Guest | ID: NA] GET /show-company - ::1
2025-02-17 12:17:30 [INFO]: [User: Guest | ID: NA] GET /show-company_profile - ::1
2025-02-17 12:17:30 [INFO]: [User: Guest | ID: NA] GET /show-company - ::1
2025-02-17 12:17:30 [INFO]: [User: Guest | ID: NA] GET /show-company_profile - ::1
2025-02-17 12:17:30 [INFO]: [User: Guest | ID: NA] GET /show-company - ::1
2025-02-17 12:17:39 [INFO]: [User: Guest | ID: NA] GET /show-company_profile - ::1
2025-02-17 12:17:39 [INFO]: [User: Guest | ID: NA] GET /show-company - ::1
2025-02-17 12:17:42 [INFO]: [User: Guest | ID: NA] GET /show-company_profile - ::1
2025-02-17 12:17:42 [INFO]: [User: Guest | ID: NA] GET /show-company - ::1
2025-02-17 12:17:43 [INFO]: [User: Guest | ID: NA] GET /show-company_profile - ::1
2025-02-17 12:17:43 [INFO]: [User: Guest | ID: NA] GET /show-company - ::1
2025-02-17 12:17:49 [INFO]: [User: Guest | ID: NA] GET /show-company_profile - ::1
2025-02-17 12:17:49 [INFO]: [User: Guest | ID: NA] GET /show-company - ::1
2025-02-17 12:17:50 [INFO]: [User: Guest | ID: NA] GET /show-company_profile - ::1
2025-02-17 12:17:50 [INFO]: [User: Guest | ID: NA] GET /show-company - ::1
2025-02-17 12:17:53 [INFO]: [User: Guest | ID: NA] GET /show-company_profile - ::1
2025-02-17 12:17:53 [INFO]: [User: Guest | ID: NA] GET /show-company - ::1
2025-02-17 12:17:54 [INFO]: [User: Guest | ID: NA] GET /show-company_profile - ::1
2025-02-17 12:17:54 [INFO]: [User: Guest | ID: NA] GET /show-company - ::1
2025-02-17 12:17:54 [INFO]: [User: Guest | ID: NA] GET /show-company_profile - ::1
2025-02-17 12:17:54 [INFO]: [User: Guest | ID: NA] GET /show-company - ::1
2025-02-17 12:17:55 [INFO]: [User: Guest | ID: NA] GET /show-company_profile - ::1
2025-02-17 12:17:55 [INFO]: [User: Guest | ID: NA] GET /show-company - ::1
2025-02-17 12:17:56 [INFO]: [User: Guest | ID: NA] GET /show-company_profile - ::1
2025-02-17 12:17:56 [INFO]: [User: Guest | ID: NA] GET /show-company - ::1
2025-02-17 12:17:59 [INFO]: [User: Guest | ID: NA] GET /show-company_profile - ::1
2025-02-17 12:17:59 [INFO]: [User: Guest | ID: NA] GET /show-company - ::1
2025-02-17 12:18:00 [INFO]: [User: Guest | ID: NA] GET /show-company_profile - ::1
2025-02-17 12:18:00 [INFO]: [User: Guest | ID: NA] GET /show-company - ::1
2025-02-17 12:18:06 [INFO]: [User: Guest | ID: NA] GET /show-company_profile - ::1
2025-02-17 12:18:06 [INFO]: [User: Guest | ID: NA] GET /show-company - ::1
2025-02-17 12:18:08 [INFO]: [User: Guest | ID: NA] GET /show-company_profile - ::1
2025-02-17 12:18:08 [INFO]: [User: Guest | ID: NA] GET /show-company - ::1
2025-02-17 12:19:24 [INFO]: [User: Guest | ID: NA] GET /show-company_profile - ::1
2025-02-17 12:19:24 [INFO]: [User: Guest | ID: NA] GET /show-company - ::1
2025-02-17 12:19:24 [INFO]: [User: Guest | ID: NA] GET /show-company_profile - ::1
2025-02-17 12:19:24 [INFO]: [User: Guest | ID: NA] GET /show-company - ::1
2025-02-17 12:19:24 [INFO]: [User: Guest | ID: NA] GET /show-company_profile - ::1
2025-02-17 12:19:24 [INFO]: [User: Guest | ID: NA] GET /show-company - ::1
2025-02-17 12:19:30 [INFO]: [User: Guest | ID: NA] GET /show-company_profile - ::1
2025-02-17 12:19:30 [INFO]: [User: Guest | ID: NA] GET /show-company - ::1
2025-02-17 12:20:29 [INFO]: [User: Guest | ID: NA] GET /show-company_profile - ::1
2025-02-17 12:20:29 [INFO]: [User: Guest | ID: NA] GET /show-company - ::1
2025-02-17 12:20:29 [INFO]: [User: Guest | ID: NA] GET /show-company_profile - ::1
2025-02-17 12:20:29 [INFO]: [User: Guest | ID: NA] GET /show-company - ::1
2025-02-17 12:20:47 [INFO]: [User: Guest | ID: NA] GET /show-company_profile - ::1
2025-02-17 12:20:47 [INFO]: [User: Guest | ID: NA] GET /show-company - ::1
2025-02-17 12:20:47 [INFO]: [User: Guest | ID: NA] GET /show-company_profile - ::1
2025-02-17 12:20:47 [INFO]: [User: Guest | ID: NA] GET /show-company - ::1
2025-02-17 12:20:49 [INFO]: [User: Guest | ID: NA] DELETE /delete-all-profiles/ - ::1
2025-02-17 12:20:50 [INFO]: [User: Guest | ID: NA] GET /show-company_profile - ::1
2025-02-17 12:20:50 [INFO]: [User: Guest | ID: NA] GET /show-company - ::1
2025-02-17 12:20:50 [INFO]: [User: Guest | ID: NA] GET /show-company_profile - ::1
2025-02-17 12:20:50 [INFO]: [User: Guest | ID: NA] GET /show-company - ::1
2025-02-17 12:21:18 [INFO]: [User: Guest | ID: NA] POST /upload-file - ::1
2025-02-17 12:21:18 [INFO]: [User: Guest | ID: NA] POST /create-company-profile - ::1
2025-02-17 12:21:18 [INFO]: [User: Guest | ID: NA] GET /show-company_profile - ::1
2025-02-17 12:21:18 [INFO]: [User: Guest | ID: NA] GET /show-company - ::1
2025-02-17 12:21:34 [INFO]: [User: Guest | ID: NA] POST /upload-file - ::1
2025-02-17 12:21:34 [INFO]: [User: Guest | ID: NA] POST /create-company-profile - ::1
2025-02-17 12:21:34 [INFO]: [User: Guest | ID: NA] GET /show-company_profile - ::1
2025-02-17 12:21:34 [INFO]: [User: Guest | ID: NA] GET /show-company - ::1
2025-02-17 12:21:41 [INFO]: [User: Guest | ID: NA] POST /upload-file - ::1
2025-02-17 12:21:41 [INFO]: [User: Guest | ID: NA] POST /update-company-profile - ::1
2025-02-17 12:21:41 [INFO]: [User: Guest | ID: NA] GET /show-company_profile - ::1
2025-02-17 12:21:41 [INFO]: [User: Guest | ID: NA] GET /show-company - ::1
2025-02-17 12:22:06 [INFO]: [User: Guest | ID: NA] POST /upload-file - ::1
2025-02-17 12:22:06 [INFO]: [User: Guest | ID: NA] POST /create-company-profile - ::1
2025-02-17 12:22:06 [INFO]: [User: Guest | ID: NA] GET /show-company_profile - ::1
2025-02-17 12:22:06 [INFO]: [User: Guest | ID: NA] GET /show-company - ::1
2025-02-17 12:22:15 [INFO]: [User: Guest | ID: NA] POST /upload-file - ::1
2025-02-17 12:22:15 [INFO]: [User: Guest | ID: NA] POST /update-company-profile - ::1
2025-02-17 12:22:15 [INFO]: [User: Guest | ID: NA] GET /show-company_profile - ::1
2025-02-17 12:22:15 [INFO]: [User: Guest | ID: NA] GET /show-company - ::1
2025-02-17 12:22:30 [INFO]: [User: Guest | ID: NA] POST /upload-file - ::1
2025-02-17 12:22:30 [INFO]: [User: Guest | ID: NA] POST /update-company-profile - ::1
2025-02-17 12:22:30 [INFO]: [User: Guest | ID: NA] GET /show-company_profile - ::1
2025-02-17 12:22:30 [INFO]: [User: Guest | ID: NA] GET /show-company - ::1
2025-02-17 12:22:55 [INFO]: [User: Guest | ID: NA] GET /show-company_profile - ::1
2025-02-17 12:22:55 [INFO]: [User: Guest | ID: NA] GET /show-company - ::1
2025-02-17 12:22:56 [INFO]: [User: Guest | ID: NA] GET /show-company_profile - ::1
2025-02-17 12:22:56 [INFO]: [User: Guest | ID: NA] GET /show-company - ::1
2025-02-17 12:22:59 [INFO]: [User: Guest | ID: NA] GET /show-company_profile - ::1
2025-02-17 12:22:59 [INFO]: [User: Guest | ID: NA] GET /show-company - ::1
2025-02-17 12:23:29 [INFO]: [User: Guest | ID: NA] GET /show-company - ::1
2025-02-17 12:23:29 [INFO]: [User: Guest | ID: NA] GET /show-company - ::1
2025-02-17 12:23:29 [INFO]: [User: Guest | ID: NA] GET /show-company - ::1
2025-02-17 12:23:29 [INFO]: [User: Guest | ID: NA] GET /show-company - ::1
2025-02-17 12:23:31 [INFO]: [User: Guest | ID: NA] GET /show-job_position - ::1
2025-02-17 12:23:31 [INFO]: [User: Guest | ID: NA] GET /show-job_position - ::1
2025-02-17 12:23:31 [INFO]: [User: Guest | ID: NA] GET /show-job_position - ::1
2025-02-17 12:23:31 [INFO]: [User: Guest | ID: NA] GET /show-job_position - ::1
2025-02-17 12:23:36 [INFO]: [User: Guest | ID: NA] POST /update-job-position - ::1
2025-02-17 12:23:36 [INFO]: [User: Guest | ID: NA] GET /show-job_position - ::1
2025-02-17 12:23:36 [INFO]: [User: Guest | ID: NA] GET /show-job_position - ::1
2025-02-17 12:23:36 [INFO]: [User: Guest | ID: NA] GET /show-job_position - ::1
2025-02-17 12:23:36 [INFO]: [User: Guest | ID: NA] GET /show-job_position - ::1
2025-02-17 12:23:36 [INFO]: [User: Guest | ID: NA] GET /show-job_position - ::1
2025-02-17 12:23:36 [INFO]: [User: Guest | ID: NA] GET /show-job_position - ::1
2025-02-17 12:23:42 [INFO]: [User: Guest | ID: NA] POST /update-job-position - ::1
2025-02-17 12:23:42 [INFO]: [User: Guest | ID: NA] GET /show-job_position - ::1
2025-02-17 12:23:42 [INFO]: [User: Guest | ID: NA] GET /show-job_position - ::1
2025-02-17 12:23:42 [INFO]: [User: Guest | ID: NA] GET /show-job_position - ::1
2025-02-17 12:23:42 [INFO]: [User: Guest | ID: NA] GET /show-job_position - ::1
2025-02-17 12:23:42 [INFO]: [User: Guest | ID: NA] GET /show-job_position - ::1
2025-02-17 12:23:42 [INFO]: [User: Guest | ID: NA] GET /show-job_position - ::1
2025-02-17 12:23:46 [INFO]: [User: Guest | ID: NA] POST /update-job-position - ::1
2025-02-17 12:23:46 [INFO]: [User: Guest | ID: NA] GET /show-job_position - ::1
2025-02-17 12:23:46 [INFO]: [User: Guest | ID: NA] GET /show-job_position - ::1
2025-02-17 12:23:46 [INFO]: [User: Guest | ID: NA] GET /show-job_position - ::1
2025-02-17 12:23:46 [INFO]: [User: Guest | ID: NA] GET /show-job_position - ::1
2025-02-17 12:23:46 [INFO]: [User: Guest | ID: NA] GET /show-job_position - ::1
2025-02-17 12:23:46 [INFO]: [User: Guest | ID: NA] GET /show-job_position - ::1
2025-02-17 12:23:51 [INFO]: [User: Guest | ID: NA] GET /show-company - ::1
2025-02-17 12:23:51 [INFO]: [User: Guest | ID: NA] GET /show-company - ::1
2025-02-17 12:23:51 [INFO]: [User: Guest | ID: NA] GET /show-company - ::1
2025-02-17 12:23:51 [INFO]: [User: Guest | ID: NA] GET /show-company - ::1
2025-02-17 12:23:56 [INFO]: [User: Guest | ID: NA] POST /update-company - ::1
2025-02-17 12:24:01 [INFO]: [User: Guest | ID: NA] GET /show-company - ::1
2025-02-17 12:24:01 [INFO]: [User: Guest | ID: NA] GET /show-company - ::1
2025-02-17 12:24:01 [INFO]: [User: Guest | ID: NA] GET /show-company - ::1
2025-02-17 12:24:01 [INFO]: [User: Guest | ID: NA] GET /show-company - ::1
2025-02-17 12:24:29 [INFO]: [User: Guest | ID: NA] GET /show-company_profile - ::1
2025-02-17 12:24:29 [INFO]: [User: Guest | ID: NA] GET /show-company - ::1
2025-02-17 12:24:29 [INFO]: [User: Guest | ID: NA] GET /show-company_profile - ::1
2025-02-17 12:24:29 [INFO]: [User: Guest | ID: NA] GET /show-company - ::1
2025-02-17 12:24:32 [INFO]: [User: Guest | ID: NA] GET /show-job_position - ::1
2025-02-17 12:24:32 [INFO]: [User: Guest | ID: NA] GET /show-job_position - ::1
2025-02-17 12:24:32 [INFO]: [User: Guest | ID: NA] GET /show-job_position - ::1
2025-02-17 12:24:32 [INFO]: [User: Guest | ID: NA] GET /show-job_position - ::1
2025-02-17 12:24:33 [INFO]: [User: Guest | ID: NA] GET /show-company_profile - ::1
2025-02-17 12:24:33 [INFO]: [User: Guest | ID: NA] GET /show-company - ::1
2025-02-17 12:24:33 [INFO]: [User: Guest | ID: NA] GET /show-company_profile - ::1
2025-02-17 12:24:33 [INFO]: [User: Guest | ID: NA] GET /show-company - ::1
2025-02-17 12:24:44 [INFO]: [User: Guest | ID: NA] POST /upload-file - ::1
2025-02-17 12:24:44 [INFO]: [User: Guest | ID: NA] POST /update-company-profile - ::1
2025-02-17 12:24:44 [INFO]: [User: Guest | ID: NA] GET /show-company_profile - ::1
2025-02-17 12:24:44 [INFO]: [User: Guest | ID: NA] GET /show-company - ::1
2025-02-17 12:25:49 [INFO]: [User: Guest | ID: NA] POST /upload-file - ::1
2025-02-17 12:25:49 [INFO]: [User: Guest | ID: NA] POST /update-company-profile - ::1
2025-02-17 12:25:58 [INFO]: [User: Guest | ID: NA] DELETE /delete-company-profile/19 - ::1
2025-02-17 12:25:58 [INFO]: [User: Guest | ID: NA] GET /show-company - ::1
2025-02-17 12:25:58 [INFO]: [User: Guest | ID: NA] GET /show-company_profile - ::1
2025-02-17 12:26:10 [INFO]: [User: Guest | ID: NA] POST /upload-file - ::1
2025-02-17 12:26:10 [INFO]: [User: Guest | ID: NA] POST /create-company-profile - ::1
2025-02-17 12:26:10 [INFO]: [User: Guest | ID: NA] GET /show-company_profile - ::1
2025-02-17 12:26:10 [INFO]: [User: Guest | ID: NA] GET /show-company - ::1
2025-02-17 12:26:18 [INFO]: [User: Guest | ID: NA] POST /upload-file - ::1
2025-02-17 12:26:18 [INFO]: [User: Guest | ID: NA] POST /update-company-profile - ::1
2025-02-17 12:26:29 [INFO]: [User: Guest | ID: NA] POST /upload-file - ::ffff:127.0.0.1
2025-02-17 12:26:29 [INFO]: [User: Guest | ID: NA] POST /upload-file - ::1
2025-02-17 12:26:29 [INFO]: [User: Guest | ID: NA] POST /update-company-profile - ::ffff:127.0.0.1
2025-02-17 12:26:29 [INFO]: [User: Guest | ID: NA] POST /update-company-profile - ::1
2025-02-17 12:26:38 [INFO]: [User: Guest | ID: NA] POST /upload-file - ::ffff:127.0.0.1
2025-02-17 12:26:38 [INFO]: [User: Guest | ID: NA] POST /update-company-profile - ::ffff:127.0.0.1
2025-02-17 12:26:38 [INFO]: [User: Guest | ID: NA] GET /show-company_profile - ::ffff:127.0.0.1
2025-02-17 12:26:38 [INFO]: [User: Guest | ID: NA] GET /show-company - ::1
2025-02-17 12:27:35 [INFO]: [User: Guest | ID: NA] POST /upload-file - ::1
2025-02-17 12:27:35 [INFO]: [User: Guest | ID: NA] POST /update-company-profile - ::1
2025-02-17 12:27:35 [INFO]: [User: Guest | ID: NA] GET /show-company_profile - ::1
2025-02-17 12:27:35 [INFO]: [User: Guest | ID: NA] GET /show-company - ::1
2025-02-17 12:27:36 [INFO]: [User: Guest | ID: NA] GET /show-company - ::1
2025-02-17 12:27:36 [INFO]: [User: Guest | ID: NA] GET /show-company - ::1
2025-02-17 12:27:36 [INFO]: [User: Guest | ID: NA] GET /show-company - ::1
2025-02-17 12:27:36 [INFO]: [User: Guest | ID: NA] GET /show-company - ::1
2025-02-17 12:27:41 [INFO]: [User: Guest | ID: NA] POST /update-company - ::1
2025-02-17 12:30:35 [INFO]: [User: Guest | ID: NA] POST /update-company - ::1
2025-02-17 12:30:42 [INFO]: [User: Guest | ID: NA] GET /show-company_profile - ::1
2025-02-17 12:30:42 [INFO]: [User: Guest | ID: NA] GET /show-company - ::1
2025-02-17 12:30:42 [INFO]: [User: Guest | ID: NA] GET /show-company_profile - ::1
2025-02-17 12:30:42 [INFO]: [User: Guest | ID: NA] GET /show-company - ::1
2025-02-17 12:30:52 [INFO]: [User: Guest | ID: NA] POST /upload-file - ::1
2025-02-17 12:30:52 [INFO]: [User: Guest | ID: NA] POST /update-company-profile - ::1
2025-02-17 12:31:39 [INFO]: [User: Guest | ID: NA] POST /upload-file - ::1
2025-02-17 12:31:39 [INFO]: [User: Guest | ID: NA] POST /update-company-profile - ::1
2025-02-17 12:31:39 [INFO]: [User: Guest | ID: NA] GET /show-company_profile - ::1
2025-02-17 12:31:39 [INFO]: [User: Guest | ID: NA] GET /show-company - ::1
2025-02-17 12:32:02 [INFO]: [User: Guest | ID: NA] POST /upload-file - ::1
2025-02-17 12:32:02 [INFO]: [User: Guest | ID: NA] POST /update-company-profile - ::1
2025-02-17 12:32:02 [INFO]: [User: Guest | ID: NA] GET /show-company_profile - ::1
2025-02-17 12:32:02 [INFO]: [User: Guest | ID: NA] GET /show-company - ::1
2025-02-17 12:32:17 [INFO]: [User: Guest | ID: NA] POST /upload-file - ::1
2025-02-17 12:32:17 [INFO]: [User: Guest | ID: NA] POST /update-company-profile - ::1
2025-02-17 12:32:17 [INFO]: [User: Guest | ID: NA] GET /show-company_profile - ::1
2025-02-17 12:32:17 [INFO]: [User: Guest | ID: NA] GET /show-company - ::1
2025-02-17 12:33:30 [INFO]: [User: Guest | ID: NA] GET /show-company_profile - ::1
2025-02-17 12:33:30 [INFO]: [User: Guest | ID: NA] GET /show-company - ::1
2025-02-17 12:33:38 [INFO]: [User: Guest | ID: NA] POST /upload-file - ::1
2025-02-17 12:33:38 [INFO]: [User: Guest | ID: NA] POST /update-company-profile - ::1
2025-02-17 12:34:10 [INFO]: [User: Guest | ID: NA] POST /upload-file - ::1
2025-02-17 12:34:10 [INFO]: [User: Guest | ID: NA] POST /update-company-profile - ::1
2025-02-17 12:34:45 [INFO]: [User: Guest | ID: NA] POST /upload-file - ::1
2025-02-17 12:34:45 [INFO]: [User: Guest | ID: NA] POST /update-company-profile - ::1
2025-02-17 12:34:51 [INFO]: [User: Guest | ID: NA] GET /show-job_position - ::1
2025-02-17 12:34:51 [INFO]: [User: Guest | ID: NA] GET /show-job_position - ::1
2025-02-17 12:34:51 [INFO]: [User: Guest | ID: NA] GET /show-job_position - ::1
2025-02-17 12:34:51 [INFO]: [User: Guest | ID: NA] GET /show-job_position - ::1
2025-02-17 12:34:56 [INFO]: [User: Guest | ID: NA] POST /update-job-position - ::1
2025-02-17 12:34:56 [INFO]: [User: Guest | ID: NA] GET /show-job_position - ::1
2025-02-17 12:34:56 [INFO]: [User: Guest | ID: NA] GET /show-job_position - ::1
2025-02-17 12:34:57 [INFO]: [User: Guest | ID: NA] GET /show-job_position - ::1
2025-02-17 12:34:57 [INFO]: [User: Guest | ID: NA] GET /show-job_position - ::1
2025-02-17 12:34:57 [INFO]: [User: Guest | ID: NA] GET /show-job_position - ::1
2025-02-17 12:34:57 [INFO]: [User: Guest | ID: NA] GET /show-job_position - ::1
2025-02-17 12:35:01 [INFO]: [User: Guest | ID: NA] POST /update-job-position - ::1
2025-02-17 12:35:01 [INFO]: [User: Guest | ID: NA] GET /show-job_position - ::1
2025-02-17 12:35:01 [INFO]: [User: Guest | ID: NA] GET /show-job_position - ::1
2025-02-17 12:35:01 [INFO]: [User: Guest | ID: NA] GET /show-job_position - ::1
2025-02-17 12:35:01 [INFO]: [User: Guest | ID: NA] GET /show-job_position - ::1
2025-02-17 12:35:01 [INFO]: [User: Guest | ID: NA] GET /show-job_position - ::1
2025-02-17 12:35:01 [INFO]: [User: Guest | ID: NA] GET /show-job_position - ::1
2025-02-17 12:36:14 [INFO]: [User: Guest | ID: NA] POST /update-job-position - ::1
2025-02-17 12:36:18 [INFO]: [User: Guest | ID: NA] POST /update-job-position - ::1
