2025-02-18 09:54:03 [INFO]: [User: Guest | ID: NA] GET /show-job_create_list - ::1
2025-02-18 09:54:03 [INFO]: [User: Guest | ID: NA] GET /show-job_create_list - ::1
2025-02-18 09:54:03 [INFO]: [User: Guest | ID: NA] GET /show-job_create_list - ::1
2025-02-18 09:54:03 [INFO]: [User: Guest | ID: NA] GET /show-job_create_list - ::1
2025-02-18 12:53:45 [INFO]: [User: Guest | ID: NA] GET /show-job_create_list - ::1
2025-02-18 12:53:46 [INFO]: [User: Guest | ID: NA] GET /show-job_create_list - ::1
2025-02-18 12:53:46 [INFO]: [User: Guest | ID: NA] GET /show-job_create_list - ::1
2025-02-18 12:53:46 [INFO]: [User: Guest | ID: NA] GET /show-job_create_list - ::1
2025-02-18 12:55:11 [INFO]: [User: Guest | ID: NA] GET /show-job_create_list - ::1
2025-02-18 12:55:11 [INFO]: [User: Guest | ID: NA] GET /show-job_create_list - ::1
2025-02-18 12:55:13 [INFO]: [User: Guest | ID: NA] GET /show-job_create_list - ::1
2025-02-18 12:55:13 [INFO]: [User: Guest | ID: NA] GET /show-job_create_list - ::1
2025-02-18 12:55:28 [INFO]: [User: Guest | ID: NA] GET /show-job_create_list - ::1
2025-02-18 12:55:29 [INFO]: [User: Guest | ID: NA] GET /show-job_create_list - ::1
2025-02-18 12:55:29 [INFO]: [User: Guest | ID: NA] GET /show-job_create_list - ::1
2025-02-18 12:55:29 [INFO]: [User: Guest | ID: NA] GET /show-job_create_list - ::1
2025-02-18 12:55:58 [INFO]: [User: Guest | ID: NA] GET /show-job_create_list - ::1
2025-02-18 12:55:58 [INFO]: [User: Guest | ID: NA] GET /show-job_create_list - ::1
2025-02-18 12:56:01 [INFO]: [User: Guest | ID: NA] GET /show-job_create_list - ::1
2025-02-18 12:56:01 [INFO]: [User: Guest | ID: NA] GET /show-job_create_list - ::1
2025-02-18 12:56:39 [INFO]: [User: Guest | ID: NA] GET /show-job_create_list - ::1
2025-02-18 12:56:39 [INFO]: [User: Guest | ID: NA] GET /show-job_create_list - ::1
2025-02-18 12:56:39 [INFO]: [User: Guest | ID: NA] GET /show-job_create_list - ::1
2025-02-18 12:56:39 [INFO]: [User: Guest | ID: NA] GET /show-job_create_list - ::1
2025-02-18 12:57:36 [INFO]: [User: Guest | ID: NA] GET /show-job_create_list - ::1
2025-02-18 12:57:36 [INFO]: [User: Guest | ID: NA] GET /show-job_create_list - ::1
2025-02-18 12:57:37 [INFO]: [User: Guest | ID: NA] GET /show-job_create_list - ::1
2025-02-18 12:57:37 [INFO]: [User: Guest | ID: NA] GET /show-job_create_list - ::1
2025-02-18 12:57:37 [INFO]: [User: Guest | ID: NA] GET /show-job_create_list - ::1
2025-02-18 12:57:37 [INFO]: [User: Guest | ID: NA] GET /show-job_create_list - ::1
2025-02-18 12:58:15 [INFO]: [User: Guest | ID: NA] GET /show-job_create_list - ::1
2025-02-18 12:58:15 [INFO]: [User: Guest | ID: NA] GET /show-job_create_list - ::1
2025-02-18 12:58:16 [INFO]: [User: Guest | ID: NA] GET /show-job_create_list - ::1
2025-02-18 12:58:16 [INFO]: [User: Guest | ID: NA] GET /show-job_create_list - ::1
2025-02-18 12:58:17 [INFO]: [User: Guest | ID: NA] GET /show-job_create_list - ::1
2025-02-18 12:58:17 [INFO]: [User: Guest | ID: NA] GET /show-job_create_list - ::1
2025-02-18 12:58:43 [INFO]: [User: Guest | ID: NA] GET /show-job_create_list - ::1
2025-02-18 12:58:43 [INFO]: [User: Guest | ID: NA] GET /show-job_create_list - ::1
2025-02-18 12:58:43 [INFO]: [User: Guest | ID: NA] GET /show-job_create_list - ::1
2025-02-18 12:58:43 [INFO]: [User: Guest | ID: NA] GET /show-job_create_list - ::1
2025-02-18 12:58:57 [INFO]: [User: Guest | ID: NA] GET /show-job_create_list - ::1
2025-02-18 12:58:57 [INFO]: [User: Guest | ID: NA] GET /show-job_create_list - ::1
2025-02-18 12:59:01 [INFO]: [User: Guest | ID: NA] GET /show-job_create_list - ::1
2025-02-18 12:59:01 [INFO]: [User: Guest | ID: NA] GET /show-job_create_list - ::1
2025-02-18 12:59:08 [INFO]: [User: Guest | ID: NA] GET /show-job_create_list - ::1
2025-02-18 12:59:08 [INFO]: [User: Guest | ID: NA] GET /show-job_create_list - ::1
2025-02-18 12:59:08 [INFO]: [User: Guest | ID: NA] GET /show-job_create_list - ::1
2025-02-18 12:59:08 [INFO]: [User: Guest | ID: NA] GET /show-job_create_list - ::1
2025-02-18 15:01:21 [INFO]: [User: Guest | ID: NA] GET /show-job_create_list - ::1
2025-02-18 15:01:21 [INFO]: [User: Guest | ID: NA] GET /show-job_create_list - ::1
2025-02-18 15:01:22 [INFO]: [User: Guest | ID: NA] GET /show-job_create_list - ::1
2025-02-18 15:01:22 [INFO]: [User: Guest | ID: NA] GET /show-job_create_list - ::1
2025-02-18 15:02:13 [INFO]: [User: Guest | ID: NA] GET /show-job_create_list - ::ffff:127.0.0.1
2025-02-18 15:02:13 [INFO]: [User: Guest | ID: NA] GET /show-job_create_list - ::ffff:127.0.0.1
2025-02-18 15:02:15 [INFO]: [User: Guest | ID: NA] GET /show-job_create_list - ::ffff:127.0.0.1
2025-02-18 15:02:15 [INFO]: [User: Guest | ID: NA] GET /show-job_create_list - ::ffff:127.0.0.1
2025-02-18 15:02:16 [INFO]: [User: Guest | ID: NA] GET /show-job_create_list - ::ffff:127.0.0.1
2025-02-18 15:02:16 [INFO]: [User: Guest | ID: NA] GET /show-job_create_list - ::ffff:127.0.0.1
2025-02-18 15:09:13 [INFO]: [User: Guest | ID: NA] GET /show-job_create_list - ::1
2025-02-18 15:09:13 [INFO]: [User: Guest | ID: NA] GET /show-job_create_list - ::1
2025-02-18 15:09:21 [INFO]: [User: Guest | ID: NA] GET /show-job_create_list - ::1
2025-02-18 15:09:21 [INFO]: [User: Guest | ID: NA] GET /show-job_create_list - ::1
2025-02-18 15:09:24 [INFO]: [User: Guest | ID: NA] GET /show-job_create_list - ::1
2025-02-18 15:09:24 [INFO]: [User: Guest | ID: NA] GET /show-job_create_list - ::1
2025-02-18 15:09:25 [INFO]: [User: Guest | ID: NA] GET /show-job_create_list - ::1
2025-02-18 15:09:25 [INFO]: [User: Guest | ID: NA] GET /show-job_create_list - ::1
2025-02-18 15:09:29 [INFO]: [User: Guest | ID: NA] GET /show-job_create_list - ::1
2025-02-18 15:09:29 [INFO]: [User: Guest | ID: NA] GET /show-job_create_list - ::1
2025-02-18 15:09:29 [INFO]: [User: Guest | ID: NA] GET /show-job_create_list - ::1
2025-02-18 15:09:29 [INFO]: [User: Guest | ID: NA] GET /show-job_create_list - ::1
2025-02-18 15:10:36 [INFO]: [User: Guest | ID: NA] GET /show-job_create_list - ::1
2025-02-18 15:10:36 [INFO]: [User: Guest | ID: NA] GET /show-job_create_list - ::1
2025-02-18 15:10:37 [INFO]: [User: Guest | ID: NA] GET /show-job_create_list - ::1
2025-02-18 15:10:37 [INFO]: [User: Guest | ID: NA] GET /show-job_create_list - ::1
2025-02-18 15:13:10 [INFO]: [User: Guest | ID: NA] GET /show-job_create_list - ::1
2025-02-18 15:13:10 [INFO]: [User: Guest | ID: NA] GET /show-job_create_list - ::1
2025-02-18 15:13:27 [INFO]: [User: Guest | ID: NA] GET /show-job_create_list - ::1
2025-02-18 15:13:27 [INFO]: [User: Guest | ID: NA] GET /show-job_create_list - ::1
2025-02-18 15:13:31 [INFO]: [User: Guest | ID: NA] GET /show-job_create_list - ::1
2025-02-18 15:13:31 [INFO]: [User: Guest | ID: NA] GET /show-job_create_list - ::1
2025-02-18 15:13:32 [INFO]: [User: Guest | ID: NA] GET /show-job_create_list - ::1
2025-02-18 15:13:32 [INFO]: [User: Guest | ID: NA] GET /show-job_create_list - ::1
2025-02-18 15:13:32 [INFO]: [User: Guest | ID: NA] GET /show-job_create_list - ::1
2025-02-18 15:13:32 [INFO]: [User: Guest | ID: NA] GET /show-job_create_list - ::1
2025-02-18 15:13:32 [INFO]: [User: Guest | ID: NA] GET /show-job_create_list - ::1
2025-02-18 15:13:32 [INFO]: [User: Guest | ID: NA] GET /show-job_create_list - ::1
2025-02-18 15:13:33 [INFO]: [User: Guest | ID: NA] GET /show-job_create_list - ::1
2025-02-18 15:13:33 [INFO]: [User: Guest | ID: NA] GET /show-job_create_list - ::1
2025-02-18 15:14:19 [INFO]: [User: Guest | ID: NA] GET /show-job_create_list - ::1
2025-02-18 15:14:19 [INFO]: [User: Guest | ID: NA] GET /show-job_create_list - ::1
2025-02-18 15:14:20 [INFO]: [User: Guest | ID: NA] GET /show-job_create_list - ::1
2025-02-18 15:14:20 [INFO]: [User: Guest | ID: NA] GET /show-job_create_list - ::1
2025-02-18 15:14:23 [INFO]: [User: Guest | ID: NA] GET /show-job_create_list - ::1
2025-02-18 15:14:23 [INFO]: [User: Guest | ID: NA] GET /show-job_create_list - ::1
2025-02-18 15:14:23 [INFO]: [User: Guest | ID: NA] GET /show-job_create_list - ::1
2025-02-18 15:14:23 [INFO]: [User: Guest | ID: NA] GET /show-job_create_list - ::1
2025-02-18 15:14:25 [INFO]: [User: Guest | ID: NA] GET /show-job_create_list - ::1
2025-02-18 15:14:25 [INFO]: [User: Guest | ID: NA] GET /show-job_create_list - ::1
2025-02-18 15:14:40 [INFO]: [User: Guest | ID: NA] GET /show-job_create_list - ::1
2025-02-18 15:14:40 [INFO]: [User: Guest | ID: NA] GET /show-job_create_list - ::1
2025-02-18 15:15:16 [INFO]: [User: Guest | ID: NA] GET /show-job_create_list - ::1
2025-02-18 15:15:16 [INFO]: [User: Guest | ID: NA] GET /show-job_create_list - ::1
2025-02-18 15:15:24 [INFO]: [User: Guest | ID: NA] GET /show-job_create_list - ::1
2025-02-18 15:15:24 [INFO]: [User: Guest | ID: NA] GET /show-job_create_list - ::1
2025-02-18 15:15:26 [INFO]: [User: Guest | ID: NA] GET /show-job_create_list - ::1
2025-02-18 15:15:26 [INFO]: [User: Guest | ID: NA] GET /show-job_create_list - ::1
2025-02-18 15:15:28 [INFO]: [User: Guest | ID: NA] GET /show-job_create_list - ::1
2025-02-18 15:15:28 [INFO]: [User: Guest | ID: NA] GET /show-job_create_list - ::1
2025-02-18 15:15:30 [INFO]: [User: Guest | ID: NA] GET /show-job_create_list - ::1
2025-02-18 15:15:30 [INFO]: [User: Guest | ID: NA] GET /show-job_create_list - ::1
2025-02-18 15:15:32 [INFO]: [User: Guest | ID: NA] GET /show-job_create_list - ::1
2025-02-18 15:15:32 [INFO]: [User: Guest | ID: NA] GET /show-job_create_list - ::1
2025-02-18 15:17:20 [INFO]: [User: Guest | ID: NA] GET /show-job_create_list - ::1
2025-02-18 15:17:20 [INFO]: [User: Guest | ID: NA] GET /show-job_create_list - ::1
2025-02-18 15:17:22 [INFO]: [User: Guest | ID: NA] GET /show-job_create_list - ::1
2025-02-18 15:17:22 [INFO]: [User: Guest | ID: NA] GET /show-job_create_list - ::1
2025-02-18 15:18:19 [INFO]: [User: Guest | ID: NA] GET /show-job_create_list - ::1
2025-02-18 15:18:19 [INFO]: [User: Guest | ID: NA] GET /show-job_create_list - ::1
2025-02-18 15:18:21 [INFO]: [User: Guest | ID: NA] GET /show-job_create_list - ::1
2025-02-18 15:18:21 [INFO]: [User: Guest | ID: NA] GET /show-job_create_list - ::1
2025-02-18 15:18:48 [INFO]: [User: Guest | ID: NA] GET /show-job_create_list - ::1
2025-02-18 15:18:48 [INFO]: [User: Guest | ID: NA] GET /show-job_create_list - ::1
2025-02-18 15:18:49 [INFO]: [User: Guest | ID: NA] GET /show-job_create_list - ::1
2025-02-18 15:18:49 [INFO]: [User: Guest | ID: NA] GET /show-job_create_list - ::1
2025-02-18 15:19:35 [INFO]: [User: Guest | ID: NA] GET /show-job_create_list - ::1
2025-02-18 15:19:35 [INFO]: [User: Guest | ID: NA] GET /show-job_create_list - ::1
2025-02-18 15:19:39 [INFO]: [User: Guest | ID: NA] GET /show-job_create_list - ::1
2025-02-18 15:19:39 [INFO]: [User: Guest | ID: NA] GET /show-job_create_list - ::1
2025-02-18 15:19:45 [INFO]: [User: Guest | ID: NA] GET /show-job_create_list - ::1
2025-02-18 15:19:45 [INFO]: [User: Guest | ID: NA] GET /show-job_create_list - ::1
2025-02-18 15:19:46 [INFO]: [User: Guest | ID: NA] GET /show-job_create_list - ::1
2025-02-18 15:19:46 [INFO]: [User: Guest | ID: NA] GET /show-job_create_list - ::1
2025-02-18 15:20:05 [INFO]: [User: Guest | ID: NA] GET /show-job_create_list - ::1
2025-02-18 15:20:05 [INFO]: [User: Guest | ID: NA] GET /show-job_create_list - ::1
2025-02-18 15:20:07 [INFO]: [User: Guest | ID: NA] GET /show-job_create_list - ::1
2025-02-18 15:20:07 [INFO]: [User: Guest | ID: NA] GET /show-job_create_list - ::1
2025-02-18 15:20:10 [INFO]: [User: Guest | ID: NA] GET /show-job_create_list - ::1
2025-02-18 15:20:10 [INFO]: [User: Guest | ID: NA] GET /show-job_create_list - ::1
2025-02-18 15:20:20 [INFO]: [User: Guest | ID: NA] GET /show-job_create_list - ::1
2025-02-18 15:20:21 [INFO]: [User: Guest | ID: NA] GET /show-job_create_list - ::1
2025-02-18 15:20:21 [INFO]: [User: Guest | ID: NA] GET /show-job_create_list - ::1
2025-02-18 15:20:21 [INFO]: [User: Guest | ID: NA] GET /show-job_create_list - ::1
2025-02-18 15:20:27 [INFO]: [User: Guest | ID: NA] GET /show-job_create_list - ::1
2025-02-18 15:20:27 [INFO]: [User: Guest | ID: NA] GET /show-job_create_list - ::1
2025-02-18 15:21:35 [INFO]: [User: Guest | ID: NA] GET /show-job_create_list - ::1
2025-02-18 15:21:35 [INFO]: [User: Guest | ID: NA] GET /show-job_create_list - ::1
2025-02-18 15:21:35 [INFO]: [User: Guest | ID: NA] GET /show-job_create_list - ::1
2025-02-18 15:21:35 [INFO]: [User: Guest | ID: NA] GET /show-job_create_list - ::1
2025-02-18 15:21:46 [INFO]: [User: Guest | ID: NA] GET /show-job_create_list - ::1
2025-02-18 15:21:46 [INFO]: [User: Guest | ID: NA] GET /show-job_create_list - ::1
2025-02-18 15:21:56 [INFO]: [User: Guest | ID: NA] GET /show-job_create_list - ::1
2025-02-18 15:21:56 [INFO]: [User: Guest | ID: NA] GET /show-job_create_list - ::1
2025-02-18 15:22:01 [INFO]: [User: Guest | ID: NA] GET /show-job_create_list - ::1
2025-02-18 15:22:06 [INFO]: [User: Guest | ID: NA] GET /show-job_create_list - ::1
2025-02-18 15:22:16 [INFO]: [User: Guest | ID: NA] GET /show-job_create_list - ::1
2025-02-18 15:22:21 [INFO]: [User: Guest | ID: NA] GET /show-job_create_list - ::1
2025-02-18 15:22:24 [INFO]: [User: Guest | ID: NA] GET /show-job_create_list - ::1
2025-02-18 15:22:26 [INFO]: [User: Guest | ID: NA] GET /show-job_create_list - ::1
2025-02-18 15:22:26 [INFO]: [User: Guest | ID: NA] GET /show-job_create_list - ::1
2025-02-18 15:22:43 [INFO]: [User: Guest | ID: NA] GET /show-job_create_list - ::1
2025-02-18 15:22:43 [INFO]: [User: Guest | ID: NA] GET /show-job_create_list - ::1
2025-02-18 15:22:45 [INFO]: [User: Guest | ID: NA] GET /show-job_create_list - ::1
2025-02-18 15:22:45 [INFO]: [User: Guest | ID: NA] GET /show-job_create_list - ::1
2025-02-18 15:22:51 [INFO]: [User: Guest | ID: NA] GET /show-job_create_list - ::1
2025-02-18 15:22:51 [INFO]: [User: Guest | ID: NA] GET /show-job_create_list - ::1
2025-02-18 15:22:57 [INFO]: [User: Guest | ID: NA] GET /show-job_create_list - ::1
2025-02-18 15:22:58 [INFO]: [User: Guest | ID: NA] GET /show-job_create_list - ::1
2025-02-18 15:22:59 [INFO]: [User: Guest | ID: NA] GET /show-job_create_list - ::1
2025-02-18 15:22:59 [INFO]: [User: Guest | ID: NA] GET /show-job_create_list - ::1
2025-02-18 15:23:03 [INFO]: [User: Guest | ID: NA] GET /show-job_create_list - ::1
2025-02-18 15:23:03 [INFO]: [User: Guest | ID: NA] GET /show-job_create_list - ::1
2025-02-18 15:23:03 [INFO]: [User: Guest | ID: NA] GET /show-job_create_list - ::1
2025-02-18 15:23:03 [INFO]: [User: Guest | ID: NA] GET /show-job_create_list - ::1
2025-02-18 15:27:49 [INFO]: [User: Guest | ID: NA] GET /show-job_create_list - ::1
2025-02-18 15:45:04 [INFO]: [User: Guest | ID: NA] GET /show-job_create_list - ::1
2025-02-18 15:45:11 [INFO]: [User: Guest | ID: NA] GET /show-job_create_list - ::1
2025-02-18 15:45:14 [INFO]: [User: Guest | ID: NA] GET /show-job_create_list - ::1
2025-02-18 15:45:15 [INFO]: [User: Guest | ID: NA] GET /show-job_create_list - ::1
2025-02-18 15:45:19 [INFO]: [User: Guest | ID: NA] GET /show-job_create_list - ::1
2025-02-18 15:45:20 [INFO]: [User: Guest | ID: NA] GET /show-job_create_list - ::1
2025-02-18 15:45:21 [INFO]: [User: Guest | ID: NA] GET /show-job_create_list - ::1
2025-02-18 15:50:51 [INFO]: [User: Guest | ID: NA] GET /show-job_create_list - ::1
2025-02-18 15:51:16 [INFO]: [User: Guest | ID: NA] GET /show-job_create_list - ::1
2025-02-18 15:51:16 [INFO]: [User: Guest | ID: NA] GET /show-job_create_list - ::1
2025-02-18 15:53:17 [INFO]: [User: Guest | ID: NA] GET /show-job_create_list - ::1
2025-02-18 15:53:17 [INFO]: [User: Guest | ID: NA] GET /show-job_create_list - ::1
2025-02-18 15:53:27 [INFO]: [User: Guest | ID: NA] GET /show-job_create_list - ::1
2025-02-18 15:53:28 [INFO]: [User: Guest | ID: NA] GET /show-job_create_list - ::1
2025-02-18 15:54:23 [INFO]: [User: Guest | ID: NA] GET /show-job_create_list - ::1
2025-02-18 15:54:23 [INFO]: [User: Guest | ID: NA] GET /show-job_create_list - ::1
2025-02-18 15:54:54 [INFO]: [User: Guest | ID: NA] POST /create-new-job - ::1
2025-02-18 15:55:31 [INFO]: [User: Guest | ID: NA] POST /create-new-job - ::1
2025-02-18 15:56:18 [INFO]: [User: Guest | ID: NA] POST /create-new-job - ::1
2025-02-18 15:57:38 [INFO]: [User: Guest | ID: NA] POST /create-new-job - ::1
2025-02-18 15:58:52 [INFO]: [User: Guest | ID: NA] POST /create-new-job - ::1
2025-02-18 15:58:53 [INFO]: [User: Guest | ID: NA] GET /show-job_create_list - ::1
2025-02-18 15:58:54 [INFO]: [User: Guest | ID: NA] GET /show-job_create_list - ::1
2025-02-18 15:58:54 [INFO]: [User: Guest | ID: NA] GET /show-job_create_list - ::1
2025-02-18 15:59:39 [INFO]: [User: Guest | ID: NA] POST /create-new-job - ::1
2025-02-18 15:59:39 [INFO]: [User: Guest | ID: NA] GET /show-job_create_list - ::1
2025-02-18 15:59:40 [INFO]: [User: Guest | ID: NA] GET /show-job_create_list - ::1
2025-02-18 15:59:40 [INFO]: [User: Guest | ID: NA] GET /show-job_create_list - ::1
2025-02-18 15:59:54 [INFO]: [User: Guest | ID: NA] GET /show-job_create_list - ::1
2025-02-18 15:59:56 [INFO]: [User: Guest | ID: NA] GET /show-job_create_list - ::1
2025-02-18 15:59:58 [INFO]: [User: Guest | ID: NA] GET /show-job_create_list - ::1
2025-02-18 16:01:49 [INFO]: [User: Guest | ID: NA] GET /show-job_create_list - ::1
2025-02-18 17:17:38 [INFO]: [User: Guest | ID: NA] GET /show-job_create_list - ::1
2025-02-18 17:17:38 [INFO]: [User: Guest | ID: NA] GET /show-job_create_list - ::1
2025-02-18 17:21:09 [INFO]: [User: Guest | ID: NA] POST /update-new-job - ::1
2025-02-18 17:21:35 [INFO]: [User: Guest | ID: NA] POST /update-new-job - ::1
2025-02-18 17:22:01 [INFO]: [User: Guest | ID: NA] POST /update-new-job - ::ffff:127.0.0.1
2025-02-18 17:22:07 [INFO]: [User: Guest | ID: NA] POST /update-new-job - ::1
2025-02-18 17:22:34 [INFO]: [User: Guest | ID: NA] GET /show-job_create_list - ::1
2025-02-18 17:22:37 [INFO]: [User: Guest | ID: NA] GET /show-job_create_list - ::1
2025-02-18 17:22:42 [INFO]: [User: Guest | ID: NA] POST /update-new-job - ::1
2025-02-18 17:22:42 [INFO]: [User: Guest | ID: NA] GET /show-job_create_list - ::1
2025-02-18 17:22:44 [INFO]: [User: Guest | ID: NA] GET /show-job_create_list - ::1
2025-02-18 17:22:44 [INFO]: [User: Guest | ID: NA] GET /show-job_create_list - ::1
2025-02-18 17:23:26 [INFO]: [User: Guest | ID: NA] GET /show-job_create_list - ::1
2025-02-18 17:23:26 [INFO]: [User: Guest | ID: NA] GET /show-job_create_list - ::1
2025-02-18 17:23:32 [INFO]: [User: Guest | ID: NA] POST /update-new-job - ::1
2025-02-18 17:23:52 [INFO]: [User: Guest | ID: NA] POST /update-new-job - ::1
2025-02-18 17:24:55 [INFO]: [User: Guest | ID: NA] POST /update-new-job - ::1
2025-02-18 17:24:55 [INFO]: [User: Guest | ID: NA] GET /show-job_create_list - ::1
2025-02-18 17:24:57 [INFO]: [User: Guest | ID: NA] GET /show-job_create_list - ::1
2025-02-18 17:24:57 [INFO]: [User: Guest | ID: NA] GET /show-job_create_list - ::1
2025-02-18 17:26:10 [INFO]: [User: Guest | ID: NA] GET /show-job_create_list - ::1
2025-02-18 17:26:12 [INFO]: [User: Guest | ID: NA] GET /show-job_create_list - ::1
2025-02-18 17:26:41 [INFO]: [User: Guest | ID: NA] GET /show-job_create_list - ::1
2025-02-18 17:26:47 [INFO]: [User: Guest | ID: NA] GET /show-job_create_list - ::1
2025-02-18 17:26:49 [INFO]: [User: Guest | ID: NA] GET /show-job_create_list - ::1
2025-02-18 17:26:49 [INFO]: [User: Guest | ID: NA] GET /show-company - ::1
2025-02-18 17:26:49 [INFO]: [User: Guest | ID: NA] GET /show-job_create_list - ::1
2025-02-18 17:26:49 [INFO]: [User: Guest | ID: NA] GET /show-company - ::1
2025-02-18 17:26:50 [INFO]: [User: Guest | ID: NA] GET /show-job_create_list - ::1
2025-02-18 17:26:50 [INFO]: [User: Guest | ID: NA] GET /show-company - ::1
2025-02-18 17:26:50 [INFO]: [User: Guest | ID: NA] GET /show-job_create_list - ::1
2025-02-18 17:26:50 [INFO]: [User: Guest | ID: NA] GET /show-company - ::1
2025-02-18 17:26:57 [INFO]: [User: Guest | ID: NA] GET /show-job_create_list - ::1
2025-02-18 17:26:57 [INFO]: [User: Guest | ID: NA] GET /show-company - ::1
2025-02-18 17:26:57 [INFO]: [User: Guest | ID: NA] GET /show-job_create_list - ::1
2025-02-18 17:26:57 [INFO]: [User: Guest | ID: NA] GET /show-company - ::1
2025-02-18 17:27:02 [INFO]: [User: Guest | ID: NA] GET /show-job_create_list - ::1
2025-02-18 17:27:02 [INFO]: [User: Guest | ID: NA] GET /show-company - ::1
2025-02-18 17:27:02 [INFO]: [User: Guest | ID: NA] GET /show-job_create_list - ::1
2025-02-18 17:27:02 [INFO]: [User: Guest | ID: NA] GET /show-company - ::1
2025-02-18 17:27:03 [INFO]: [User: Guest | ID: NA] GET /show-job_create_list - ::1
2025-02-18 17:27:03 [INFO]: [User: Guest | ID: NA] GET /show-company - ::1
2025-02-18 17:27:03 [INFO]: [User: Guest | ID: NA] GET /show-job_create_list - ::1
2025-02-18 17:27:03 [INFO]: [User: Guest | ID: NA] GET /show-company - ::1
2025-02-18 17:28:21 [INFO]: [User: Guest | ID: NA] GET /show-job_create_list - ::1
2025-02-18 17:28:21 [INFO]: [User: Guest | ID: NA] GET /show-company - ::1
2025-02-18 17:28:21 [INFO]: [User: Guest | ID: NA] GET /show-job_create_list - ::1
2025-02-18 17:28:21 [INFO]: [User: Guest | ID: NA] GET /show-company - ::1
2025-02-18 17:28:21 [INFO]: [User: Guest | ID: NA] GET /show-company - ::1
2025-02-18 17:28:21 [INFO]: [User: Guest | ID: NA] GET /show-company - ::1
2025-02-18 17:28:24 [INFO]: [User: Guest | ID: NA] GET /show-job_create_list - ::1
2025-02-18 17:28:24 [INFO]: [User: Guest | ID: NA] GET /show-company - ::1
2025-02-18 17:28:24 [INFO]: [User: Guest | ID: NA] GET /show-job_create_list - ::1
2025-02-18 17:28:24 [INFO]: [User: Guest | ID: NA] GET /show-company - ::1
2025-02-18 17:28:24 [INFO]: [User: Guest | ID: NA] GET /show-company - ::1
2025-02-18 17:28:24 [INFO]: [User: Guest | ID: NA] GET /show-company - ::1
2025-02-18 17:28:42 [INFO]: [User: Guest | ID: NA] GET /show-job_create_list - ::1
2025-02-18 17:28:42 [INFO]: [User: Guest | ID: NA] GET /show-company - ::1
2025-02-18 17:28:42 [INFO]: [User: Guest | ID: NA] GET /show-job_create_list - ::1
2025-02-18 17:28:42 [INFO]: [User: Guest | ID: NA] GET /show-company - ::1
2025-02-18 17:28:52 [INFO]: [User: Guest | ID: NA] GET /show-job_create_list - ::1
2025-02-18 17:28:52 [INFO]: [User: Guest | ID: NA] GET /show-company - ::1
2025-02-18 17:28:52 [INFO]: [User: Guest | ID: NA] GET /show-job_create_list - ::1
2025-02-18 17:28:52 [INFO]: [User: Guest | ID: NA] GET /show-company - ::1
2025-02-18 17:28:59 [INFO]: [User: Guest | ID: NA] GET /show-job_create_list - ::1
2025-02-18 17:28:59 [INFO]: [User: Guest | ID: NA] GET /show-company - ::1
2025-02-18 17:29:04 [INFO]: [User: Guest | ID: NA] GET /show-company - ::1
2025-02-18 17:29:04 [INFO]: [User: Guest | ID: NA] GET /show-job_create_list - ::1
2025-02-18 17:29:04 [INFO]: [User: Guest | ID: NA] GET /show-company - ::1
2025-02-18 17:29:04 [INFO]: [User: Guest | ID: NA] GET /show-job_create_list - ::1
2025-02-18 17:29:11 [INFO]: [User: Guest | ID: NA] GET /show-job_create_list - ::1
2025-02-18 17:29:11 [INFO]: [User: Guest | ID: NA] GET /show-company - ::1
2025-02-18 17:29:11 [INFO]: [User: Guest | ID: NA] GET /show-job_create_list - ::1
2025-02-18 17:29:11 [INFO]: [User: Guest | ID: NA] GET /show-company - ::1
2025-02-18 17:31:13 [INFO]: [User: Guest | ID: NA] GET /show-job_create_list - ::1
2025-02-18 17:31:29 [INFO]: [User: Guest | ID: NA] GET /show-company - ::1
2025-02-18 17:31:29 [INFO]: [User: Guest | ID: NA] GET /show-company - ::1
2025-02-18 17:31:37 [INFO]: [User: Guest | ID: NA] GET /show-company - ::1
2025-02-18 17:31:49 [INFO]: [User: Guest | ID: NA] GET /show-company - ::1
2025-02-18 17:31:49 [INFO]: [User: Guest | ID: NA] GET /show-company - ::1
2025-02-18 17:32:11 [INFO]: [User: Guest | ID: NA] GET /show-company - ::1
2025-02-18 17:32:12 [INFO]: [User: Guest | ID: NA] GET /show-company - ::1
2025-02-18 17:32:51 [INFO]: [User: Guest | ID: NA] GET /show-company - ::1
2025-02-18 17:32:51 [INFO]: [User: Guest | ID: NA] GET /show-company - ::1
2025-02-18 17:33:36 [INFO]: [User: Guest | ID: NA] GET /show-company - ::1
2025-02-18 17:35:36 [INFO]: [User: Guest | ID: NA] GET /show-company - ::1
2025-02-18 17:35:39 [INFO]: [User: Guest | ID: NA] GET /show-company - ::1
2025-02-18 17:35:47 [INFO]: [User: Guest | ID: NA] GET /show-company - ::1
2025-02-18 17:36:15 [INFO]: [User: Guest | ID: NA] GET /show-job_create_list - ::1
2025-02-18 17:36:15 [INFO]: [User: Guest | ID: NA] GET /show-job_create_list - ::1
2025-02-18 17:38:47 [INFO]: [User: Guest | ID: NA] GET /show-company - ::1
2025-02-18 17:38:47 [INFO]: [User: Guest | ID: NA] GET /show-company - ::1
2025-02-18 17:38:57 [INFO]: [User: Guest | ID: NA] GET /show-job_create_list - ::1
2025-02-18 17:38:57 [INFO]: [User: Guest | ID: NA] GET /show-job_create_list - ::1
2025-02-18 17:39:00 [INFO]: [User: Guest | ID: NA] GET /show-job_position - ::1
2025-02-18 17:39:00 [INFO]: [User: Guest | ID: NA] GET /show-job_position - ::1
2025-02-18 17:39:00 [INFO]: [User: Guest | ID: NA] GET /show-job_position - ::1
2025-02-18 17:39:00 [INFO]: [User: Guest | ID: NA] GET /show-job_position - ::1
2025-02-18 17:39:23 [INFO]: [User: Guest | ID: NA] GET /show-company - ::1
2025-02-18 17:39:23 [INFO]: [User: Guest | ID: NA] GET /show-company - ::1
2025-02-18 17:39:29 [INFO]: [User: Guest | ID: NA] GET /show-company - ::1
2025-02-18 17:39:32 [INFO]: [User: Guest | ID: NA] GET /show-company - ::1
2025-02-18 17:39:34 [INFO]: [User: Guest | ID: NA] GET /show-company - ::1
2025-02-18 17:39:39 [INFO]: [User: Guest | ID: NA] GET /show-company - ::1
2025-02-18 17:39:53 [INFO]: [User: Guest | ID: NA] GET /show-company - ::1
2025-02-18 17:39:53 [INFO]: [User: Guest | ID: NA] GET /show-company - ::1
2025-02-18 17:39:56 [INFO]: [User: Guest | ID: NA] GET /show-company - ::1
2025-02-18 17:39:56 [INFO]: [User: Guest | ID: NA] GET /show-company - ::1
2025-02-18 17:40:03 [INFO]: [User: Guest | ID: NA] GET /show-company - ::1
2025-02-18 17:40:06 [INFO]: [User: Guest | ID: NA] GET /show-company - ::1
2025-02-18 17:40:12 [INFO]: [User: Guest | ID: NA] GET /show-company - ::1
2025-02-18 17:40:28 [INFO]: [User: Guest | ID: NA] GET /show-job_create_list - ::1
2025-02-18 17:40:28 [INFO]: [User: Guest | ID: NA] GET /show-job_create_list - ::1
2025-02-18 17:40:38 [INFO]: [User: Guest | ID: NA] GET /show-company - ::1
2025-02-18 17:40:38 [INFO]: [User: Guest | ID: NA] GET /show-job_position - ::1
2025-02-18 17:40:38 [INFO]: [User: Guest | ID: NA] GET /show-company - ::1
2025-02-18 17:40:38 [INFO]: [User: Guest | ID: NA] GET /show-job_position - ::1
2025-02-18 17:40:53 [INFO]: [User: Guest | ID: NA] GET /show-company - ::1
2025-02-18 17:40:53 [INFO]: [User: Guest | ID: NA] GET /show-job_position - ::1
2025-02-18 17:40:55 [INFO]: [User: Guest | ID: NA] GET /show-company - ::1
2025-02-18 17:40:55 [INFO]: [User: Guest | ID: NA] GET /show-job_position - ::1
2025-02-18 17:40:58 [INFO]: [User: Guest | ID: NA] GET /show-company - ::1
2025-02-18 17:40:58 [INFO]: [User: Guest | ID: NA] GET /show-job_position - ::1
2025-02-18 17:41:03 [INFO]: [User: Guest | ID: NA] GET /show-company - ::1
2025-02-18 17:41:03 [INFO]: [User: Guest | ID: NA] GET /show-job_position - ::1
2025-02-18 17:41:13 [INFO]: [User: Guest | ID: NA] GET /show-company - ::1
2025-02-18 17:41:13 [INFO]: [User: Guest | ID: NA] GET /show-job_position - ::1
2025-02-18 17:41:16 [INFO]: [User: Guest | ID: NA] GET /show-company - ::1
2025-02-18 17:41:16 [INFO]: [User: Guest | ID: NA] GET /show-job_position - ::1
2025-02-18 17:41:17 [INFO]: [User: Guest | ID: NA] GET /show-company - ::1
2025-02-18 17:41:17 [INFO]: [User: Guest | ID: NA] GET /show-job_position - ::1
2025-02-18 17:41:32 [INFO]: [User: Guest | ID: NA] GET /show-company - ::1
2025-02-18 17:41:32 [INFO]: [User: Guest | ID: NA] GET /show-job_position - ::1
2025-02-18 17:41:34 [INFO]: [User: Guest | ID: NA] GET /show-company - ::1
2025-02-18 17:41:34 [INFO]: [User: Guest | ID: NA] GET /show-job_position - ::1
2025-02-18 17:41:39 [INFO]: [User: Guest | ID: NA] GET /show-job_create_list - ::1
2025-02-18 17:41:39 [INFO]: [User: Guest | ID: NA] GET /show-job_create_list - ::1
2025-02-18 17:42:47 [INFO]: [User: Guest | ID: NA] GET /show-company - ::1
2025-02-18 17:42:47 [INFO]: [User: Guest | ID: NA] GET /show-job_position - ::1
2025-02-18 17:42:47 [INFO]: [User: Guest | ID: NA] GET /show-company - ::1
2025-02-18 17:42:47 [INFO]: [User: Guest | ID: NA] GET /show-job_position - ::1
2025-02-18 17:43:08 [INFO]: [User: Guest | ID: NA] GET /show-company - ::1
2025-02-18 17:43:08 [INFO]: [User: Guest | ID: NA] GET /show-job_position - ::1
2025-02-18 17:43:08 [INFO]: [User: Guest | ID: NA] GET /show-company - ::1
2025-02-18 17:43:08 [INFO]: [User: Guest | ID: NA] GET /show-job_position - ::1
2025-02-18 17:43:22 [INFO]: [User: Guest | ID: NA] GET /show-company - ::1
2025-02-18 17:43:22 [INFO]: [User: Guest | ID: NA] GET /show-job_position - ::1
2025-02-18 17:43:30 [INFO]: [User: Guest | ID: NA] GET /show-company - ::1
2025-02-18 17:43:30 [INFO]: [User: Guest | ID: NA] GET /show-job_position - ::1
2025-02-18 17:43:30 [INFO]: [User: Guest | ID: NA] GET /show-company - ::1
2025-02-18 17:43:30 [INFO]: [User: Guest | ID: NA] GET /show-job_position - ::1
2025-02-18 17:43:32 [INFO]: [User: Guest | ID: NA] GET /show-company - ::1
2025-02-18 17:43:32 [INFO]: [User: Guest | ID: NA] GET /show-job_position - ::1
2025-02-18 17:43:36 [INFO]: [User: Guest | ID: NA] GET /show-company - ::1
2025-02-18 17:43:36 [INFO]: [User: Guest | ID: NA] GET /show-job_position - ::1
2025-02-18 17:43:38 [INFO]: [User: Guest | ID: NA] GET /show-company - ::1
2025-02-18 17:43:38 [INFO]: [User: Guest | ID: NA] GET /show-job_position - ::1
2025-02-18 17:43:40 [INFO]: [User: Guest | ID: NA] GET /show-company - ::1
2025-02-18 17:43:40 [INFO]: [User: Guest | ID: NA] GET /show-job_position - ::1
2025-02-18 17:43:43 [INFO]: [User: Guest | ID: NA] GET /show-company - ::1
2025-02-18 17:43:43 [INFO]: [User: Guest | ID: NA] GET /show-job_position - ::1
2025-02-18 17:43:44 [INFO]: [User: Guest | ID: NA] GET /show-company - ::1
2025-02-18 17:43:44 [INFO]: [User: Guest | ID: NA] GET /show-job_position - ::1
2025-02-18 17:43:47 [INFO]: [User: Guest | ID: NA] GET /show-company - ::1
2025-02-18 17:43:47 [INFO]: [User: Guest | ID: NA] GET /show-job_position - ::1
2025-02-18 17:43:49 [INFO]: [User: Guest | ID: NA] GET /show-company - ::1
2025-02-18 17:43:49 [INFO]: [User: Guest | ID: NA] GET /show-job_position - ::1
2025-02-18 17:43:50 [INFO]: [User: Guest | ID: NA] GET /show-company - ::1
2025-02-18 17:43:50 [INFO]: [User: Guest | ID: NA] GET /show-job_position - ::1
2025-02-18 17:44:00 [INFO]: [User: Guest | ID: NA] GET /show-company - ::1
2025-02-18 17:44:00 [INFO]: [User: Guest | ID: NA] GET /show-job_position - ::1
2025-02-18 17:46:37 [INFO]: [User: Guest | ID: NA] GET /show-company - ::1
2025-02-18 17:46:37 [INFO]: [User: Guest | ID: NA] GET /show-job_position - ::1
2025-02-18 17:46:37 [INFO]: [User: Guest | ID: NA] GET /show-company - ::1
2025-02-18 17:46:37 [INFO]: [User: Guest | ID: NA] GET /show-job_position - ::1
2025-02-18 17:46:42 [INFO]: [User: Guest | ID: NA] GET /show-company - ::1
2025-02-18 17:46:42 [INFO]: [User: Guest | ID: NA] GET /show-job_position - ::1
2025-02-18 17:46:42 [INFO]: [User: Guest | ID: NA] GET /show-company - ::1
2025-02-18 17:46:42 [INFO]: [User: Guest | ID: NA] GET /show-job_position - ::1
2025-02-18 17:46:46 [INFO]: [User: Guest | ID: NA] POST /update-new-job - ::1
2025-02-18 17:47:06 [INFO]: [User: Guest | ID: NA] POST /update-new-job - ::1
2025-02-18 17:47:06 [INFO]: [User: Guest | ID: NA] GET /show-job_create_list - ::1
2025-02-18 17:47:07 [INFO]: [User: Guest | ID: NA] GET /show-job_create_list - ::1
2025-02-18 17:47:07 [INFO]: [User: Guest | ID: NA] GET /show-job_create_list - ::1
2025-02-18 17:47:39 [INFO]: [User: Guest | ID: NA] GET /show-job_position - ::ffff:127.0.0.1
2025-02-18 17:47:39 [INFO]: [User: Guest | ID: NA] GET /show-company - ::ffff:127.0.0.1
2025-02-18 17:47:39 [INFO]: [User: Guest | ID: NA] GET /show-job_position - ::1
2025-02-18 17:47:39 [INFO]: [User: Guest | ID: NA] GET /show-company - ::ffff:127.0.0.1
2025-02-18 17:47:39 [INFO]: [User: Guest | ID: NA] GET /show-job_position - ::1
2025-02-18 17:47:51 [INFO]: [User: Guest | ID: NA] POST /update-new-job - ::ffff:127.0.0.1
2025-02-18 17:48:30 [INFO]: [User: Guest | ID: NA] GET /show-company - ::1
2025-02-18 17:48:30 [INFO]: [User: Guest | ID: NA] GET /show-job_position - ::1
2025-02-18 17:48:35 [INFO]: [User: Guest | ID: NA] POST /update-new-job - ::ffff:127.0.0.1
2025-02-18 17:48:36 [INFO]: [User: Guest | ID: NA] GET /show-job_create_list - ::ffff:127.0.0.1
2025-02-18 17:48:37 [INFO]: [User: Guest | ID: NA] GET /show-job_create_list - ::ffff:127.0.0.1
2025-02-18 17:48:37 [INFO]: [User: Guest | ID: NA] GET /show-job_create_list - ::1
2025-02-18 17:48:43 [INFO]: [User: Guest | ID: NA] GET /show-company - ::1
2025-02-18 17:48:43 [INFO]: [User: Guest | ID: NA] GET /show-job_position - ::1
2025-02-18 17:48:43 [INFO]: [User: Guest | ID: NA] GET /show-company - ::1
2025-02-18 17:48:43 [INFO]: [User: Guest | ID: NA] GET /show-job_position - ::1
2025-02-18 17:48:49 [INFO]: [User: Guest | ID: NA] POST /update-new-job - ::1
2025-02-18 17:48:50 [INFO]: [User: Guest | ID: NA] GET /show-job_create_list - ::1
2025-02-18 17:48:50 [INFO]: [User: Guest | ID: NA] GET /show-job_create_list - ::1
2025-02-18 17:49:34 [INFO]: [User: Guest | ID: NA] GET /show-company - ::1
2025-02-18 17:49:34 [INFO]: [User: Guest | ID: NA] GET /show-company - ::1
2025-02-18 17:49:34 [INFO]: [User: Guest | ID: NA] GET /show-job_position - ::ffff:127.0.0.1
2025-02-18 17:49:34 [INFO]: [User: Guest | ID: NA] GET /show-job_position - ::ffff:127.0.0.1
2025-02-18 17:49:41 [INFO]: [User: Guest | ID: NA] POST /update-new-job - ::1
2025-02-18 17:50:38 [INFO]: [User: Guest | ID: NA] POST /update-new-job - ::1
2025-02-18 17:50:45 [INFO]: [User: Guest | ID: NA] POST /update-new-job - ::1
2025-02-18 17:51:06 [INFO]: [User: Guest | ID: NA] POST /update-new-job - ::1
2025-02-18 17:51:19 [INFO]: [User: Guest | ID: NA] POST /update-new-job - ::1
2025-02-18 18:10:56 [INFO]: [User: Guest | ID: NA] GET /show-job_create_list - ::ffff:127.0.0.1
2025-02-18 18:10:56 [INFO]: [User: Guest | ID: NA] GET /show-job_create_list - ::ffff:127.0.0.1
2025-02-18 18:11:00 [INFO]: [User: Guest | ID: NA] GET /show-company - ::ffff:127.0.0.1
2025-02-18 18:11:00 [INFO]: [User: Guest | ID: NA] GET /show-job_position - ::ffff:127.0.0.1
2025-02-18 18:11:00 [INFO]: [User: Guest | ID: NA] GET /show-company - ::ffff:127.0.0.1
2025-02-18 18:11:00 [INFO]: [User: Guest | ID: NA] GET /show-job_position - ::ffff:127.0.0.1
2025-02-18 18:11:04 [INFO]: [User: Guest | ID: NA] POST /update-new-job - ::ffff:127.0.0.1
2025-02-18 18:11:08 [INFO]: [User: Guest | ID: NA] POST /update-new-job - ::ffff:127.0.0.1
2025-02-18 18:11:12 [INFO]: [User: Guest | ID: NA] POST /update-new-job - ::ffff:127.0.0.1
2025-02-18 18:11:18 [INFO]: [User: Guest | ID: NA] POST /update-new-job - ::1
2025-02-18 18:12:28 [INFO]: [User: Guest | ID: NA] POST /update-new-job - ::1
2025-02-18 18:12:37 [INFO]: [User: Guest | ID: NA] POST /update-new-job - ::1
2025-02-18 18:13:01 [INFO]: [User: Guest | ID: NA] POST /update-new-job - ::1
2025-02-18 18:13:10 [INFO]: [User: Guest | ID: NA] GET /show-company - ::1
2025-02-18 18:13:10 [INFO]: [User: Guest | ID: NA] GET /show-job_position - ::1
2025-02-18 18:13:27 [INFO]: [User: Guest | ID: NA] GET /show-company - ::1
2025-02-18 18:13:27 [INFO]: [User: Guest | ID: NA] GET /show-job_position - ::1
2025-02-18 18:13:50 [INFO]: [User: Guest | ID: NA] GET /show-company - ::ffff:127.0.0.1
2025-02-18 18:13:50 [INFO]: [User: Guest | ID: NA] GET /show-company - ::ffff:127.0.0.1
2025-02-18 18:13:50 [INFO]: [User: Guest | ID: NA] GET /show-job_create_list - ::ffff:127.0.0.1
2025-02-18 18:13:50 [INFO]: [User: Guest | ID: NA] GET /show-job_create_list - ::ffff:127.0.0.1
2025-02-18 18:13:52 [INFO]: [User: Guest | ID: NA] GET /show-job_position - ::1
2025-02-18 18:13:52 [INFO]: [User: Guest | ID: NA] GET /show-company - ::ffff:127.0.0.1
2025-02-18 18:13:52 [INFO]: [User: Guest | ID: NA] GET /show-job_position - ::1
2025-02-18 18:13:52 [INFO]: [User: Guest | ID: NA] GET /show-company - ::ffff:127.0.0.1
2025-02-18 18:13:58 [INFO]: [User: Guest | ID: NA] POST /update-new-job - ::1
2025-02-18 18:13:58 [INFO]: [User: Guest | ID: NA] GET /show-job_create_list - ::1
2025-02-18 18:13:59 [INFO]: [User: Guest | ID: NA] GET /show-job_create_list - ::1
2025-02-18 18:13:59 [INFO]: [User: Guest | ID: NA] GET /show-job_create_list - ::1
2025-02-18 18:14:01 [INFO]: [User: Guest | ID: NA] GET /show-company - ::1
2025-02-18 18:14:01 [INFO]: [User: Guest | ID: NA] GET /show-job_position - ::1
2025-02-18 18:14:01 [INFO]: [User: Guest | ID: NA] GET /show-company - ::1
2025-02-18 18:14:01 [INFO]: [User: Guest | ID: NA] GET /show-job_position - ::1
2025-02-18 18:14:26 [INFO]: [User: Guest | ID: NA] POST /update-new-job - ::1
2025-02-18 18:14:26 [INFO]: [User: Guest | ID: NA] GET /show-job_create_list - ::1
2025-02-18 18:14:27 [INFO]: [User: Guest | ID: NA] GET /show-job_create_list - ::1
2025-02-18 18:14:27 [INFO]: [User: Guest | ID: NA] GET /show-job_create_list - ::1
2025-02-18 18:14:29 [INFO]: [User: Guest | ID: NA] GET /show-company - ::1
2025-02-18 18:14:29 [INFO]: [User: Guest | ID: NA] GET /show-job_position - ::1
2025-02-18 18:14:29 [INFO]: [User: Guest | ID: NA] GET /show-company - ::1
2025-02-18 18:14:29 [INFO]: [User: Guest | ID: NA] GET /show-job_position - ::1
2025-02-18 18:15:43 [INFO]: [User: Guest | ID: NA] DELETE /delete-create-job-profile/5 - ::1
2025-02-18 18:15:43 [INFO]: [User: Guest | ID: NA] GET /show-job_create_list - ::1
2025-02-18 18:15:44 [INFO]: [User: Guest | ID: NA] GET /show-job_create_list - ::1
2025-02-18 18:15:44 [INFO]: [User: Guest | ID: NA] GET /show-job_create_list - ::1
2025-02-18 18:15:45 [INFO]: [User: Guest | ID: NA] DELETE /delete-create-job-profile/6 - ::1
2025-02-18 18:15:45 [INFO]: [User: Guest | ID: NA] GET /show-job_create_list - ::1
2025-02-18 18:15:46 [INFO]: [User: Guest | ID: NA] GET /show-job_create_list - ::1
2025-02-18 18:15:46 [INFO]: [User: Guest | ID: NA] GET /show-job_create_list - ::1
2025-02-18 18:15:48 [INFO]: [User: Guest | ID: NA] DELETE /delete-create-job-profile/15 - ::1
2025-02-18 18:15:48 [INFO]: [User: Guest | ID: NA] GET /show-job_create_list - ::1
2025-02-18 18:15:49 [INFO]: [User: Guest | ID: NA] GET /show-job_create_list - ::1
2025-02-18 18:15:49 [INFO]: [User: Guest | ID: NA] GET /show-job_create_list - ::1
2025-02-18 18:15:51 [INFO]: [User: Guest | ID: NA] DELETE /delete-create-job-profile/16 - ::1
2025-02-18 18:15:51 [INFO]: [User: Guest | ID: NA] GET /show-job_create_list - ::1
2025-02-18 18:15:52 [INFO]: [User: Guest | ID: NA] GET /show-job_create_list - ::1
2025-02-18 18:15:52 [INFO]: [User: Guest | ID: NA] GET /show-job_create_list - ::1
2025-02-18 18:16:04 [INFO]: [User: Guest | ID: NA] GET /show-job_create_list - ::1
2025-02-18 18:16:05 [INFO]: [User: Guest | ID: NA] GET /show-job_create_list - ::1
2025-02-18 18:16:09 [INFO]: [User: Guest | ID: NA] DELETE /delete-create-job-profile/14 - ::1
2025-02-18 18:16:09 [INFO]: [User: Guest | ID: NA] GET /show-job_create_list - ::1
2025-02-18 18:16:10 [INFO]: [User: Guest | ID: NA] GET /show-job_create_list - ::1
2025-02-18 18:16:10 [INFO]: [User: Guest | ID: NA] GET /show-job_create_list - ::1
2025-02-18 18:16:11 [INFO]: [User: Guest | ID: NA] GET /show-company - ::1
2025-02-18 18:16:11 [INFO]: [User: Guest | ID: NA] GET /show-job_position - ::1
2025-02-18 18:16:11 [INFO]: [User: Guest | ID: NA] GET /show-company - ::1
2025-02-18 18:16:11 [INFO]: [User: Guest | ID: NA] GET /show-job_position - ::1
2025-02-18 18:16:38 [INFO]: [User: Guest | ID: NA] POST /create-new-job - ::1
2025-02-18 18:16:38 [INFO]: [User: Guest | ID: NA] GET /show-job_create_list - ::1
2025-02-18 18:16:39 [INFO]: [User: Guest | ID: NA] GET /show-job_create_list - ::1
2025-02-18 18:16:39 [INFO]: [User: Guest | ID: NA] GET /show-job_create_list - ::1
2025-02-18 18:17:05 [INFO]: [User: Guest | ID: NA] POST /login - ::1
2025-02-18 18:17:05 [INFO]: [User: Guest | ID: NA] POST /log-login - ::1
2025-02-18 18:17:05 [INFO]: [LOGIN] User: harsh (ID: 6, Email: harsh@gmail.com) logged in successfully.
2025-02-18 18:17:05 [INFO]: [User: Guest | ID: NA] GET /show-users - ::1
2025-02-18 18:17:05 [INFO]: [User: Guest | ID: NA] GET /show-users - ::1
2025-02-18 18:19:14 [INFO]: [User: Guest | ID: NA] GET /show-job_create_list - ::1
2025-02-18 18:19:14 [INFO]: [User: Guest | ID: NA] GET /show-job_create_list - ::1
2025-02-18 18:19:21 [INFO]: [User: Guest | ID: NA] GET /show-job_create_list - ::1
2025-02-18 18:19:21 [INFO]: [User: Guest | ID: NA] GET /show-job_create_list - ::1
2025-02-18 18:22:10 [INFO]: [User: Guest | ID: NA] GET /show-job_create_list - ::1
2025-02-18 18:22:23 [INFO]: [User: Guest | ID: NA] GET /show-job_create_list - ::1
2025-02-18 18:22:47 [INFO]: [User: Guest | ID: NA] GET /show-job_create_list - ::1
2025-02-18 18:22:47 [INFO]: [User: Guest | ID: NA] GET /show-job_create_list - ::1
2025-02-18 18:22:50 [INFO]: [User: Guest | ID: NA] GET /show-job_create_list - ::1
2025-02-18 18:22:53 [INFO]: [User: Guest | ID: NA] GET /show-job_create_list - ::1
2025-02-18 18:22:54 [INFO]: [User: Guest | ID: NA] GET /show-job_create_list - ::1
2025-02-18 18:23:27 [INFO]: [User: Guest | ID: NA] GET /show-job_position - ::ffff:127.0.0.1
2025-02-18 18:23:28 [INFO]: [User: Guest | ID: NA] GET /show-company - ::ffff:127.0.0.1
2025-02-18 18:23:28 [INFO]: [User: Guest | ID: NA] GET /show-job_position - ::ffff:127.0.0.1
2025-02-18 18:23:28 [INFO]: [User: Guest | ID: NA] GET /show-company - ::ffff:127.0.0.1
2025-02-18 18:23:28 [INFO]: [User: Guest | ID: NA] GET /show-job_position - ::ffff:127.0.0.1
2025-02-18 18:23:43 [INFO]: [User: Guest | ID: NA] POST /create-new-job - ::1
2025-02-18 18:23:43 [INFO]: [User: Guest | ID: NA] GET /show-job_create_list - ::1
2025-02-18 18:23:44 [INFO]: [User: Guest | ID: NA] GET /show-job_create_list - ::1
2025-02-18 18:23:44 [INFO]: [User: Guest | ID: NA] GET /show-job_create_list - ::1
2025-02-18 18:24:03 [INFO]: [User: Guest | ID: NA] GET /show-job_create_list - ::1
2025-02-18 18:25:07 [INFO]: [User: Guest | ID: NA] GET /show-company - ::1
2025-02-18 18:25:07 [INFO]: [User: Guest | ID: NA] GET /show-job_position - ::1
2025-02-18 18:25:07 [INFO]: [User: Guest | ID: NA] GET /show-company - ::1
2025-02-18 18:25:07 [INFO]: [User: Guest | ID: NA] GET /show-job_position - ::1
2025-02-18 18:25:13 [INFO]: [User: Guest | ID: NA] POST /update-new-job - ::1
2025-02-18 18:25:29 [INFO]: [User: Guest | ID: NA] POST /update-new-job - ::1
2025-02-18 18:26:16 [INFO]: [User: Guest | ID: NA] POST /update-new-job - ::1
2025-02-18 18:26:23 [INFO]: [User: Guest | ID: NA] POST /update-new-job - ::1
2025-02-18 18:26:36 [INFO]: [User: Guest | ID: NA] POST /update-new-job - ::1
2025-02-18 18:27:39 [INFO]: [User: Guest | ID: NA] GET /show-job_create_list - ::1
2025-02-18 18:27:39 [INFO]: [User: Guest | ID: NA] GET /show-job_create_list - ::1
2025-02-18 18:27:40 [INFO]: [User: Guest | ID: NA] GET /show-company - ::1
2025-02-18 18:27:40 [INFO]: [User: Guest | ID: NA] GET /show-job_position - ::1
2025-02-18 18:27:40 [INFO]: [User: Guest | ID: NA] GET /show-company - ::1
2025-02-18 18:27:40 [INFO]: [User: Guest | ID: NA] GET /show-job_position - ::1
2025-02-18 18:27:47 [INFO]: [User: Guest | ID: NA] POST /update-new-job - ::1
2025-02-18 18:30:43 [INFO]: [User: Guest | ID: NA] GET /show-company - ::1
2025-02-18 18:30:43 [INFO]: [User: Guest | ID: NA] GET /show-job_position - ::ffff:127.0.0.1
2025-02-18 18:30:43 [INFO]: [User: Guest | ID: NA] GET /show-company - ::1
2025-02-18 18:30:43 [INFO]: [User: Guest | ID: NA] GET /show-job_position - ::ffff:127.0.0.1
2025-02-18 18:30:46 [INFO]: [User: Guest | ID: NA] GET /show-company - ::ffff:127.0.0.1
2025-02-18 18:30:46 [INFO]: [User: Guest | ID: NA] GET /show-job_position - ::1
2025-02-18 18:30:46 [INFO]: [User: Guest | ID: NA] GET /show-company - ::1
2025-02-18 18:30:46 [INFO]: [User: Guest | ID: NA] GET /show-job_position - ::ffff:127.0.0.1
2025-02-18 18:30:54 [INFO]: [User: Guest | ID: NA] GET /show-job_position - ::1
2025-02-18 18:30:54 [INFO]: [User: Guest | ID: NA] GET /show-company - ::ffff:127.0.0.1
2025-02-18 18:30:54 [INFO]: [User: Guest | ID: NA] GET /show-job_position - ::1
2025-02-18 18:30:54 [INFO]: [User: Guest | ID: NA] GET /show-company - ::ffff:127.0.0.1
2025-02-18 18:31:00 [INFO]: [User: Guest | ID: NA] POST /update-new-job - ::1
2025-02-18 18:31:01 [INFO]: [User: Guest | ID: NA] GET /show-job_create_list - ::1
2025-02-18 18:31:01 [INFO]: [User: Guest | ID: NA] GET /show-job_create_list - ::1
2025-02-18 18:32:15 [INFO]: [User: Guest | ID: NA] GET /show-company - ::1
2025-02-18 18:32:15 [INFO]: [User: Guest | ID: NA] GET /show-company - ::1
2025-02-18 18:32:15 [INFO]: [User: Guest | ID: NA] GET /show-job_position - ::ffff:127.0.0.1
2025-02-18 18:32:15 [INFO]: [User: Guest | ID: NA] GET /show-job_position - ::ffff:127.0.0.1
2025-02-18 18:32:20 [INFO]: [User: Guest | ID: NA] POST /update-new-job - ::ffff:127.0.0.1
2025-02-18 18:32:20 [INFO]: [User: Guest | ID: NA] GET /show-job_create_list - ::ffff:127.0.0.1
2025-02-18 18:32:21 [INFO]: [User: Guest | ID: NA] GET /show-job_create_list - ::ffff:127.0.0.1
2025-02-18 18:32:21 [INFO]: [User: Guest | ID: NA] GET /show-job_create_list - ::ffff:127.0.0.1
2025-02-18 18:37:52 [INFO]: [User: Guest | ID: NA] GET /show-job_create_list - ::1
2025-02-18 18:37:52 [INFO]: [User: Guest | ID: NA] GET /show-job_create_list - ::1
2025-02-18 18:37:53 [INFO]: [User: Guest | ID: NA] GET /show-company - ::1
2025-02-18 18:37:54 [INFO]: [User: Guest | ID: NA] GET /show-job_position - ::1
2025-02-18 18:37:54 [INFO]: [User: Guest | ID: NA] GET /show-company - ::1
2025-02-18 18:37:54 [INFO]: [User: Guest | ID: NA] GET /show-job_position - ::1
2025-02-18 18:38:07 [INFO]: [User: Guest | ID: NA] GET /show-company - ::1
2025-02-18 18:38:07 [INFO]: [User: Guest | ID: NA] GET /show-job_position - ::1
2025-02-18 18:38:07 [INFO]: [User: Guest | ID: NA] GET /show-company - ::1
2025-02-18 18:38:07 [INFO]: [User: Guest | ID: NA] GET /show-job_position - ::1
