2025-02-19 14:38:49 [INFO]: [User: Guest | ID: NA] GET /show-company - ::1
2025-02-19 14:38:49 [INFO]: [User: Guest | ID: NA] GET /show-job_position - ::1
2025-02-19 14:38:51 [INFO]: [User: Guest | ID: NA] GET /show-company - ::1
2025-02-19 14:38:51 [INFO]: [User: Guest | ID: NA] GET /show-job_position - ::1
2025-02-19 14:38:52 [INFO]: [User: Guest | ID: NA] GET /show-company - ::1
2025-02-19 14:38:52 [INFO]: [User: Guest | ID: NA] GET /show-job_position - ::1
2025-02-19 14:38:56 [INFO]: [User: Guest | ID: NA] GET /show-company - ::1
2025-02-19 14:38:56 [INFO]: [User: Guest | ID: NA] GET /show-job_position - ::1
2025-02-19 14:38:56 [INFO]: [User: Guest | ID: NA] GET /show-company - ::1
2025-02-19 14:38:56 [INFO]: [User: Guest | ID: NA] GET /show-job_position - ::1
2025-02-19 14:39:21 [INFO]: [User: Guest | ID: NA] GET /show-job_create_list - ::1
2025-02-19 14:39:22 [INFO]: [User: Guest | ID: NA] GET /show-job_create_list - ::1
2025-02-19 14:39:30 [INFO]: [User: Guest | ID: NA] GET /show-job_create_list - ::1
2025-02-19 14:39:30 [INFO]: [User: Guest | ID: NA] GET /show-job_create_list - ::1
2025-02-19 14:39:42 [INFO]: [User: Guest | ID: NA] GET /show-company - ::1
2025-02-19 14:39:42 [INFO]: [User: Guest | ID: NA] GET /show-job_position - ::1
2025-02-19 14:39:42 [INFO]: [User: Guest | ID: NA] GET /show-company - ::1
2025-02-19 14:39:42 [INFO]: [User: Guest | ID: NA] GET /show-job_position - ::1
2025-02-19 14:39:45 [INFO]: [User: Guest | ID: NA] GET /show-company - ::1
2025-02-19 14:39:45 [INFO]: [User: Guest | ID: NA] GET /show-job_position - ::1
2025-02-19 14:39:45 [INFO]: [User: Guest | ID: NA] GET /show-company - ::1
2025-02-19 14:39:45 [INFO]: [User: Guest | ID: NA] GET /show-job_position - ::1
2025-02-19 14:40:01 [INFO]: [User: Guest | ID: NA] GET /show-company - ::1
2025-02-19 14:40:01 [INFO]: [User: Guest | ID: NA] GET /show-job_position - ::1
2025-02-19 14:40:01 [INFO]: [User: Guest | ID: NA] GET /show-company - ::1
2025-02-19 14:40:01 [INFO]: [User: Guest | ID: NA] GET /show-job_position - ::1
2025-02-19 14:40:06 [INFO]: [User: Guest | ID: NA] GET /show-company - ::1
2025-02-19 14:40:06 [INFO]: [User: Guest | ID: NA] GET /show-job_position - ::1
2025-02-19 14:40:06 [INFO]: [User: Guest | ID: NA] GET /show-company - ::1
2025-02-19 14:40:06 [INFO]: [User: Guest | ID: NA] GET /show-job_position - ::1
2025-02-19 14:40:22 [INFO]: [User: Guest | ID: NA] GET /show-company - ::1
2025-02-19 14:40:22 [INFO]: [User: Guest | ID: NA] GET /show-job_position - ::1
2025-02-19 14:40:22 [INFO]: [User: Guest | ID: NA] GET /show-company - ::1
2025-02-19 14:40:22 [INFO]: [User: Guest | ID: NA] GET /show-job_position - ::1
2025-02-19 14:40:38 [INFO]: [User: Guest | ID: NA] GET /show-company - ::1
2025-02-19 14:40:38 [INFO]: [User: Guest | ID: NA] GET /show-job_position - ::1
2025-02-19 14:40:38 [INFO]: [User: Guest | ID: NA] GET /show-company - ::1
2025-02-19 14:40:38 [INFO]: [User: Guest | ID: NA] GET /show-job_position - ::1
2025-02-19 14:40:53 [INFO]: [User: Guest | ID: NA] GET /show-company - ::1
2025-02-19 14:40:53 [INFO]: [User: Guest | ID: NA] GET /show-job_position - ::1
2025-02-19 14:40:53 [INFO]: [User: Guest | ID: NA] GET /show-company - ::1
2025-02-19 14:40:53 [INFO]: [User: Guest | ID: NA] GET /show-job_position - ::1
2025-02-19 14:44:31 [INFO]: [User: Guest | ID: NA] GET /show-company - ::1
2025-02-19 14:44:31 [INFO]: [User: Guest | ID: NA] GET /show-job_position - ::1
2025-02-19 14:44:31 [INFO]: [User: Guest | ID: NA] GET /show-company - ::1
2025-02-19 14:44:31 [INFO]: [User: Guest | ID: NA] GET /show-job_position - ::1
2025-02-19 14:44:37 [INFO]: [User: Guest | ID: NA] POST /update-new-job - ::1
2025-02-19 14:44:37 [INFO]: [User: Guest | ID: NA] GET /show-job_create_list - ::1
2025-02-19 14:44:38 [INFO]: [User: Guest | ID: NA] GET /show-job_create_list - ::1
2025-02-19 14:44:38 [INFO]: [User: Guest | ID: NA] GET /show-job_create_list - ::1
2025-02-19 14:44:39 [INFO]: [User: Guest | ID: NA] GET /show-company - ::1
2025-02-19 14:44:39 [INFO]: [User: Guest | ID: NA] GET /show-job_position - ::1
2025-02-19 14:44:39 [INFO]: [User: Guest | ID: NA] GET /show-company - ::1
2025-02-19 14:44:39 [INFO]: [User: Guest | ID: NA] GET /show-job_position - ::1
2025-02-19 14:44:48 [INFO]: [User: Guest | ID: NA] POST /update-new-job - ::1
2025-02-19 14:44:48 [INFO]: [User: Guest | ID: NA] GET /show-job_create_list - ::1
2025-02-19 14:44:49 [INFO]: [User: Guest | ID: NA] GET /show-job_create_list - ::1
2025-02-19 14:44:49 [INFO]: [User: Guest | ID: NA] GET /show-job_create_list - ::1
2025-02-19 14:45:00 [INFO]: [User: Guest | ID: NA] GET /show-users - ::1
2025-02-19 14:45:00 [INFO]: [User: Guest | ID: NA] GET /show-users - ::1
2025-02-19 14:45:03 [INFO]: [User: Guest | ID: NA] GET /update-show-users?id=5 - ::1
2025-02-19 14:45:03 [INFO]: [User: Guest | ID: NA] GET /update-show-users?id=5 - ::1
2025-02-19 14:45:05 [INFO]: [User: Guest | ID: NA] POST /update-user - ::1
2025-02-19 14:45:06 [INFO]: [User: Guest | ID: NA] GET /show-users - ::1
2025-02-19 14:45:06 [INFO]: [User: Guest | ID: NA] GET /show-users - ::1
2025-02-19 14:45:13 [INFO]: [User: Guest | ID: NA] POST /login - ::1
2025-02-19 14:45:13 [INFO]: [User: Guest | ID: NA] POST /log-login - ::1
2025-02-19 14:45:13 [INFO]: [LOGIN] User: Bob Martin (ID: 5, Email: bob@example.com) logged in successfully.
2025-02-19 14:45:15 [INFO]: [User: Guest | ID: NA] GET /show-job_create_list - ::1
2025-02-19 14:45:15 [INFO]: [User: Guest | ID: NA] GET /show-job_create_list - ::1
2025-02-19 14:45:16 [INFO]: [User: Guest | ID: NA] GET /show-job_create_list - ::1
2025-02-19 14:45:16 [INFO]: [User: Guest | ID: NA] GET /show-job_create_list - ::1
2025-02-19 14:45:18 [INFO]: [User: Guest | ID: NA] GET /show-company - ::1
2025-02-19 14:45:18 [INFO]: [User: Guest | ID: NA] GET /show-job_position - ::1
2025-02-19 14:45:18 [INFO]: [User: Guest | ID: NA] GET /show-company - ::1
2025-02-19 14:45:18 [INFO]: [User: Guest | ID: NA] GET /show-job_position - ::1
2025-02-19 14:45:52 [INFO]: [User: Guest | ID: NA] POST /create-new-job - ::1
2025-02-19 14:45:52 [INFO]: [User: Guest | ID: NA] GET /show-job_create_list - ::1
2025-02-19 14:45:52 [INFO]: [User: Guest | ID: NA] GET /show-job_create_list - ::1
2025-02-19 14:45:52 [INFO]: [User: Guest | ID: NA] GET /show-job_create_list - ::1
2025-02-19 14:46:04 [INFO]: [User: Guest | ID: NA] GET /show-company - ::1
2025-02-19 14:46:04 [INFO]: [User: Guest | ID: NA] GET /show-job_position - ::1
2025-02-19 14:46:04 [INFO]: [User: Guest | ID: NA] GET /show-company - ::1
2025-02-19 14:46:04 [INFO]: [User: Guest | ID: NA] GET /show-job_position - ::1
2025-02-19 14:46:09 [INFO]: [User: Guest | ID: NA] POST /update-new-job - ::1
2025-02-19 14:46:09 [INFO]: [User: Guest | ID: NA] GET /show-job_create_list - ::1
2025-02-19 14:46:09 [INFO]: [User: Guest | ID: NA] GET /show-job_create_list - ::1
2025-02-19 14:46:09 [INFO]: [User: Guest | ID: NA] GET /show-job_create_list - ::1
2025-02-19 14:46:12 [INFO]: [User: Guest | ID: NA] GET /show-company - ::1
2025-02-19 14:46:12 [INFO]: [User: Guest | ID: NA] GET /show-job_position - ::1
2025-02-19 14:46:12 [INFO]: [User: Guest | ID: NA] GET /show-company - ::1
2025-02-19 14:46:12 [INFO]: [User: Guest | ID: NA] GET /show-job_position - ::1
2025-02-19 14:46:15 [INFO]: [User: Guest | ID: NA] POST /update-new-job - ::1
2025-02-19 14:46:16 [INFO]: [User: Guest | ID: NA] GET /show-job_create_list - ::1
2025-02-19 14:46:16 [INFO]: [User: Guest | ID: NA] GET /show-job_create_list - ::1
2025-02-19 14:46:16 [INFO]: [User: Guest | ID: NA] GET /show-job_create_list - ::1
2025-02-19 14:48:25 [INFO]: [User: Guest | ID: NA] GET /show-company - ::1
2025-02-19 14:48:25 [INFO]: [User: Guest | ID: NA] GET /show-job_position - ::1
2025-02-19 14:48:25 [INFO]: [User: Guest | ID: NA] GET /show-company - ::1
2025-02-19 14:48:25 [INFO]: [User: Guest | ID: NA] GET /show-job_position - ::1
2025-02-19 14:48:29 [INFO]: [User: Guest | ID: NA] POST /update-new-job - ::1
2025-02-19 14:48:29 [INFO]: [User: Guest | ID: NA] GET /show-job_create_list - ::1
2025-02-19 14:48:29 [INFO]: [User: Guest | ID: NA] GET /show-job_create_list - ::1
2025-02-19 14:48:29 [INFO]: [User: Guest | ID: NA] GET /show-job_create_list - ::1
2025-02-19 14:48:32 [INFO]: [User: Guest | ID: NA] GET /show-company - ::1
2025-02-19 14:48:32 [INFO]: [User: Guest | ID: NA] GET /show-job_position - ::1
2025-02-19 14:48:32 [INFO]: [User: Guest | ID: NA] GET /show-company - ::1
2025-02-19 14:48:32 [INFO]: [User: Guest | ID: NA] GET /show-job_position - ::1
2025-02-19 15:01:04 [INFO]: [User: Guest | ID: NA] GET /show-job_create_list - ::1
2025-02-19 15:01:20 [INFO]: [User: Guest | ID: NA] GET /show-job_create_list - ::1
2025-02-19 15:01:25 [INFO]: [User: Guest | ID: NA] GET /show-job-users - ::1
2025-02-19 15:01:35 [INFO]: [User: Guest | ID: NA] GET /show-job-users - ::1
2025-02-19 15:01:35 [INFO]: [User: Guest | ID: NA] GET /show-job-users - ::1
2025-02-19 15:01:38 [INFO]: [User: Guest | ID: NA] GET /show-job_create_list - ::1
2025-02-19 15:01:40 [INFO]: [User: Guest | ID: NA] GET /show-job_create_list - ::1
2025-02-19 15:01:40 [INFO]: [User: Guest | ID: NA] GET /show-job_create_list - ::1
2025-02-19 15:01:41 [INFO]: [User: Guest | ID: NA] GET /show-job_create_list - ::1
2025-02-19 15:01:41 [INFO]: [User: Guest | ID: NA] GET /show-job-users - ::1
2025-02-19 15:01:42 [INFO]: [User: Guest | ID: NA] GET /show-job_create_list - ::1
2025-02-19 15:01:42 [INFO]: [User: Guest | ID: NA] GET /show-job-users - ::1
2025-02-19 15:01:54 [INFO]: [User: Guest | ID: NA] GET /show-job_create_list - ::1
2025-02-19 15:01:54 [INFO]: [User: Guest | ID: NA] GET /show-job-users - ::1
2025-02-19 15:01:55 [INFO]: [User: Guest | ID: NA] GET /show-job_create_list - ::1
2025-02-19 15:01:55 [INFO]: [User: Guest | ID: NA] GET /show-job-users - ::1
2025-02-19 15:01:56 [INFO]: [User: Guest | ID: NA] GET /show-job_create_list - ::1
2025-02-19 15:01:56 [INFO]: [User: Guest | ID: NA] GET /show-job-users - ::1
2025-02-19 15:01:57 [INFO]: [User: Guest | ID: NA] GET /show-job_create_list - ::1
2025-02-19 15:01:57 [INFO]: [User: Guest | ID: NA] GET /show-job-users - ::1
2025-02-19 15:01:59 [INFO]: [User: Guest | ID: NA] GET /show-job_create_list - ::1
2025-02-19 15:01:59 [INFO]: [User: Guest | ID: NA] GET /show-job-users - ::1
2025-02-19 15:02:02 [INFO]: [User: Guest | ID: NA] GET /show-job_create_list - ::1
2025-02-19 15:02:02 [INFO]: [User: Guest | ID: NA] GET /show-job-users - ::1
2025-02-19 15:02:03 [INFO]: [User: Guest | ID: NA] GET /show-job_create_list - ::1
2025-02-19 15:02:03 [INFO]: [User: Guest | ID: NA] GET /show-job-users - ::1
2025-02-19 15:02:27 [INFO]: [User: Guest | ID: NA] GET /show-job_create_list - ::1
2025-02-19 15:02:27 [INFO]: [User: Guest | ID: NA] GET /show-job-users - ::1
2025-02-19 15:02:27 [INFO]: [User: Guest | ID: NA] GET /show-job_create_list - ::1
2025-02-19 15:02:27 [INFO]: [User: Guest | ID: NA] GET /show-job-users - ::1
2025-02-19 15:03:34 [INFO]: [User: Guest | ID: NA] GET /show-job_create_list - ::1
2025-02-19 15:03:34 [INFO]: [User: Guest | ID: NA] GET /show-all-jobs - ::1
2025-02-19 15:03:36 [INFO]: [User: Guest | ID: NA] GET /show-job_create_list - ::1
2025-02-19 15:03:36 [INFO]: [User: Guest | ID: NA] GET /show-all-jobs - ::1
2025-02-19 15:04:20 [INFO]: [User: Guest | ID: NA] GET /show-all-jobs - ::1
2025-02-19 15:04:24 [INFO]: [User: Guest | ID: NA] GET /show-job_create_list - ::1
2025-02-19 15:04:24 [INFO]: [User: Guest | ID: NA] GET /show-all-jobs - ::ffff:127.0.0.1
2025-02-19 15:04:24 [INFO]: [User: Guest | ID: NA] GET /show-job_create_list - ::1
2025-02-19 15:04:24 [INFO]: [User: Guest | ID: NA] GET /show-all-jobs - ::ffff:127.0.0.1
2025-02-19 15:05:13 [INFO]: [User: Guest | ID: NA] GET /show-all-jobs - ::1
2025-02-19 15:06:34 [INFO]: [User: Guest | ID: NA] GET /show-all-jobs - ::1
2025-02-19 15:06:45 [INFO]: [User: Guest | ID: NA] GET /show-all-jobs - ::1
2025-02-19 15:07:59 [INFO]: [User: Guest | ID: NA] GET /show-all-jobs - ::1
2025-02-19 15:08:22 [INFO]: [User: Guest | ID: NA] GET /all-jobs - ::1
2025-02-19 15:08:44 [INFO]: [User: Guest | ID: NA] GET /all-jobs-display - ::1
2025-02-19 15:08:53 [INFO]: [User: Guest | ID: NA] GET /show-job_create_list - ::1
2025-02-19 15:08:53 [INFO]: [User: Guest | ID: NA] GET /all-jobs-display - ::1
2025-02-19 15:08:57 [INFO]: [User: Guest | ID: NA] GET /all-jobs-display - ::1
2025-02-19 15:08:57 [INFO]: [User: Guest | ID: NA] GET /all-jobs-display - ::1
2025-02-19 15:09:01 [INFO]: [User: Guest | ID: NA] GET /all-jobs-display - ::1
2025-02-19 15:09:01 [INFO]: [User: Guest | ID: NA] GET /all-jobs-display - ::1
2025-02-19 15:09:37 [INFO]: [User: Guest | ID: NA] GET /all-jobs-display - ::1
2025-02-19 15:09:37 [INFO]: [User: Guest | ID: NA] GET /all-jobs-display - ::1
2025-02-19 15:09:37 [INFO]: [User: Guest | ID: NA] GET /all-jobs-display - ::1
2025-02-19 15:09:37 [INFO]: [User: Guest | ID: NA] GET /all-jobs-display - ::1
2025-02-19 15:09:39 [INFO]: [User: Guest | ID: NA] GET /all-jobs-display - ::1
2025-02-19 15:09:39 [INFO]: [User: Guest | ID: NA] GET /all-jobs-display - ::1
2025-02-19 15:09:40 [INFO]: [User: Guest | ID: NA] GET /all-jobs-display - ::1
2025-02-19 15:09:40 [INFO]: [User: Guest | ID: NA] GET /all-jobs-display - ::1
2025-02-19 15:09:44 [INFO]: [User: Guest | ID: NA] GET /all-jobs-display - ::1
2025-02-19 15:09:44 [INFO]: [User: Guest | ID: NA] GET /all-jobs-display - ::1
2025-02-19 15:11:04 [INFO]: [User: Guest | ID: NA] GET /all-jobs-display - ::1
2025-02-19 15:11:04 [INFO]: [User: Guest | ID: NA] GET /all-jobs-display - ::1
2025-02-19 15:11:47 [INFO]: [User: Guest | ID: NA] GET /all-jobs-display - ::1
2025-02-19 15:11:47 [INFO]: [User: Guest | ID: NA] GET /all-jobs-display - ::1
2025-02-19 15:11:49 [INFO]: [User: Guest | ID: NA] GET /all-jobs-display - ::1
2025-02-19 15:11:49 [INFO]: [User: Guest | ID: NA] GET /all-jobs-display - ::1
2025-02-19 15:11:51 [INFO]: [User: Guest | ID: NA] GET /all-jobs-display - ::1
2025-02-19 15:11:51 [INFO]: [User: Guest | ID: NA] GET /all-jobs-display - ::1
2025-02-19 15:11:53 [INFO]: [User: Guest | ID: NA] GET /all-jobs-display - ::1
2025-02-19 15:11:53 [INFO]: [User: Guest | ID: NA] GET /all-jobs-display - ::1
2025-02-19 15:11:53 [INFO]: [User: Guest | ID: NA] GET /all-jobs-display - ::1
2025-02-19 15:11:53 [INFO]: [User: Guest | ID: NA] GET /all-jobs-display - ::1
2025-02-19 15:11:54 [INFO]: [User: Guest | ID: NA] GET /all-jobs-display - ::1
2025-02-19 15:11:54 [INFO]: [User: Guest | ID: NA] GET /all-jobs-display - ::1
2025-02-19 15:12:00 [INFO]: [User: Guest | ID: NA] GET /all-jobs-display - ::1
2025-02-19 15:12:00 [INFO]: [User: Guest | ID: NA] GET /all-jobs-display - ::1
2025-02-19 15:12:03 [INFO]: [User: Guest | ID: NA] GET /all-jobs-display - ::1
2025-02-19 15:12:03 [INFO]: [User: Guest | ID: NA] GET /all-jobs-display - ::1
2025-02-19 15:12:03 [INFO]: [User: Guest | ID: NA] GET /all-jobs-display - ::1
2025-02-19 15:12:03 [INFO]: [User: Guest | ID: NA] GET /all-jobs-display - ::1
2025-02-19 15:12:05 [INFO]: [User: Guest | ID: NA] GET /all-jobs-display - ::1
2025-02-19 15:12:05 [INFO]: [User: Guest | ID: NA] GET /all-jobs-display - ::1
2025-02-19 15:12:05 [INFO]: [User: Guest | ID: NA] GET /all-jobs-display - ::1
2025-02-19 15:12:05 [INFO]: [User: Guest | ID: NA] GET /all-jobs-display - ::1
2025-02-19 15:12:06 [INFO]: [User: Guest | ID: NA] GET /all-jobs-display - ::1
2025-02-19 15:12:06 [INFO]: [User: Guest | ID: NA] GET /all-jobs-display - ::1
2025-02-19 15:12:06 [INFO]: [User: Guest | ID: NA] GET /all-jobs-display - ::1
2025-02-19 15:12:06 [INFO]: [User: Guest | ID: NA] GET /all-jobs-display - ::1
2025-02-19 15:12:07 [INFO]: [User: Guest | ID: NA] GET /all-jobs-display - ::1
2025-02-19 15:12:07 [INFO]: [User: Guest | ID: NA] GET /all-jobs-display - ::1
2025-02-19 15:12:07 [INFO]: [User: Guest | ID: NA] GET /all-jobs-display - ::1
2025-02-19 15:12:07 [INFO]: [User: Guest | ID: NA] GET /all-jobs-display - ::1
2025-02-19 15:12:14 [INFO]: [User: Guest | ID: NA] GET /all-jobs-display - ::1
2025-02-19 15:12:14 [INFO]: [User: Guest | ID: NA] GET /all-jobs-display - ::1
2025-02-19 15:12:14 [INFO]: [User: Guest | ID: NA] GET /all-jobs-display - ::1
2025-02-19 15:12:14 [INFO]: [User: Guest | ID: NA] GET /all-jobs-display - ::1
2025-02-19 15:12:25 [INFO]: [User: Guest | ID: NA] GET /all-jobs-display - ::1
2025-02-19 15:12:25 [INFO]: [User: Guest | ID: NA] GET /all-jobs-display - ::1
2025-02-19 15:12:25 [INFO]: [User: Guest | ID: NA] GET /all-jobs-display - ::1
2025-02-19 15:12:25 [INFO]: [User: Guest | ID: NA] GET /all-jobs-display - ::1
2025-02-19 15:12:35 [INFO]: [User: Guest | ID: NA] GET /all-jobs-display - ::1
2025-02-19 15:12:35 [INFO]: [User: Guest | ID: NA] GET /all-jobs-display - ::1
2025-02-19 15:12:35 [INFO]: [User: Guest | ID: NA] GET /all-jobs-display - ::1
2025-02-19 15:12:35 [INFO]: [User: Guest | ID: NA] GET /all-jobs-display - ::1
2025-02-19 15:12:39 [INFO]: [User: Guest | ID: NA] GET /all-jobs-display - ::1
2025-02-19 15:12:39 [INFO]: [User: Guest | ID: NA] GET /all-jobs-display - ::1
2025-02-19 15:12:39 [INFO]: [User: Guest | ID: NA] GET /all-jobs-display - ::1
2025-02-19 15:12:39 [INFO]: [User: Guest | ID: NA] GET /all-jobs-display - ::1
2025-02-19 15:12:49 [INFO]: [User: Guest | ID: NA] GET /all-jobs-display - ::1
2025-02-19 15:12:49 [INFO]: [User: Guest | ID: NA] GET /all-jobs-display - ::1
2025-02-19 15:12:49 [INFO]: [User: Guest | ID: NA] GET /all-jobs-display - ::1
2025-02-19 15:12:49 [INFO]: [User: Guest | ID: NA] GET /all-jobs-display - ::1
2025-02-19 15:12:50 [INFO]: [User: Guest | ID: NA] GET /all-jobs-display - ::1
2025-02-19 15:12:50 [INFO]: [User: Guest | ID: NA] GET /all-jobs-display - ::1
2025-02-19 15:12:50 [INFO]: [User: Guest | ID: NA] GET /all-jobs-display - ::1
2025-02-19 15:12:50 [INFO]: [User: Guest | ID: NA] GET /all-jobs-display - ::1
2025-02-19 15:13:01 [INFO]: [User: Guest | ID: NA] GET /all-jobs-display - ::1
2025-02-19 15:13:01 [INFO]: [User: Guest | ID: NA] GET /all-jobs-display - ::1
2025-02-19 15:13:02 [INFO]: [User: Guest | ID: NA] GET /all-jobs-display - ::1
2025-02-19 15:13:02 [INFO]: [User: Guest | ID: NA] GET /all-jobs-display - ::1
2025-02-19 15:13:11 [INFO]: [User: Guest | ID: NA] GET /all-jobs-display - ::1
2025-02-19 15:13:11 [INFO]: [User: Guest | ID: NA] GET /all-jobs-display - ::1
2025-02-19 15:13:25 [INFO]: [User: Guest | ID: NA] GET /all-jobs-display - ::1
2025-02-19 15:13:25 [INFO]: [User: Guest | ID: NA] GET /all-jobs-display - ::1
2025-02-19 15:13:28 [INFO]: [User: Guest | ID: NA] GET /all-jobs-display - ::1
2025-02-19 15:13:28 [INFO]: [User: Guest | ID: NA] GET /all-jobs-display - ::1
2025-02-19 15:13:33 [INFO]: [User: Guest | ID: NA] GET /all-jobs-display - ::1
2025-02-19 15:13:33 [INFO]: [User: Guest | ID: NA] GET /all-jobs-display - ::1
2025-02-19 15:14:01 [INFO]: [User: Guest | ID: NA] GET /all-jobs-display - ::1
2025-02-19 15:14:01 [INFO]: [User: Guest | ID: NA] GET /all-jobs-display - ::1
2025-02-19 15:14:01 [INFO]: [User: Guest | ID: NA] GET /all-jobs-display - ::1
2025-02-19 15:14:05 [INFO]: [User: Guest | ID: NA] GET /all-jobs-display - ::1
2025-02-19 15:14:07 [INFO]: [User: Guest | ID: NA] GET /all-jobs-display - ::1
2025-02-19 15:14:07 [INFO]: [User: Guest | ID: NA] GET /all-jobs-display - ::1
2025-02-19 15:14:11 [INFO]: [User: Guest | ID: NA] GET /all-jobs-display - ::1
2025-02-19 15:14:14 [INFO]: [User: Guest | ID: NA] GET /all-jobs-display - ::1
2025-02-19 15:14:21 [INFO]: [User: Guest | ID: NA] GET /all-jobs-display - ::1
2025-02-19 15:14:27 [INFO]: [User: Guest | ID: NA] GET /all-jobs-display - ::1
2025-02-19 15:14:27 [INFO]: [User: Guest | ID: NA] GET /all-jobs-display - ::1
2025-02-19 15:14:30 [INFO]: [User: Guest | ID: NA] GET /all-jobs-display - ::1
2025-02-19 15:14:30 [INFO]: [User: Guest | ID: NA] GET /all-jobs-display - ::1
2025-02-19 15:14:31 [INFO]: [User: Guest | ID: NA] GET /all-jobs-display - ::1
2025-02-19 15:14:31 [INFO]: [User: Guest | ID: NA] GET /all-jobs-display - ::1
2025-02-19 15:14:44 [INFO]: [User: Guest | ID: NA] GET /all-jobs-display - ::1
2025-02-19 15:14:44 [INFO]: [User: Guest | ID: NA] GET /all-jobs-display - ::1
2025-02-19 15:14:49 [INFO]: [User: Guest | ID: NA] GET /all-jobs-display - ::1
2025-02-19 15:14:49 [INFO]: [User: Guest | ID: NA] GET /all-jobs-display - ::1
2025-02-19 15:14:52 [INFO]: [User: Guest | ID: NA] GET /all-jobs-display - ::1
2025-02-19 15:14:52 [INFO]: [User: Guest | ID: NA] GET /all-jobs-display - ::1
2025-02-19 15:14:58 [INFO]: [User: Guest | ID: NA] GET /all-jobs-display - ::1
2025-02-19 15:14:58 [INFO]: [User: Guest | ID: NA] GET /all-jobs-display - ::1
2025-02-19 15:15:03 [INFO]: [User: Guest | ID: NA] GET /all-jobs-display - ::1
2025-02-19 15:15:03 [INFO]: [User: Guest | ID: NA] GET /all-jobs-display - ::1
2025-02-19 15:15:13 [INFO]: [User: Guest | ID: NA] GET /all-jobs-display - ::1
2025-02-19 15:15:13 [INFO]: [User: Guest | ID: NA] GET /all-jobs-display - ::1
2025-02-19 15:15:21 [INFO]: [User: Guest | ID: NA] GET /all-jobs-display - ::1
2025-02-19 15:15:21 [INFO]: [User: Guest | ID: NA] GET /all-jobs-display - ::1
2025-02-19 15:15:26 [INFO]: [User: Guest | ID: NA] GET /all-jobs-display - ::1
2025-02-19 15:15:26 [INFO]: [User: Guest | ID: NA] GET /all-jobs-display - ::1
2025-02-19 15:15:28 [INFO]: [User: Guest | ID: NA] GET /all-jobs-display - ::1
2025-02-19 15:15:28 [INFO]: [User: Guest | ID: NA] GET /all-jobs-display - ::1
2025-02-19 15:15:35 [INFO]: [User: Guest | ID: NA] GET /all-jobs-display - ::1
2025-02-19 15:15:35 [INFO]: [User: Guest | ID: NA] GET /all-jobs-display - ::1
2025-02-19 15:15:39 [INFO]: [User: Guest | ID: NA] GET /show-job_create_list - ::1
2025-02-19 15:15:52 [INFO]: [User: Guest | ID: NA] GET /show-job_create_list - ::1
2025-02-19 15:15:52 [INFO]: [User: Guest | ID: NA] GET /all-jobs-display - ::1
2025-02-19 15:16:07 [INFO]: [User: Guest | ID: NA] GET /all-jobs-display - ::1
2025-02-19 15:16:07 [INFO]: [User: Guest | ID: NA] GET /all-jobs-display - ::1
2025-02-19 15:16:14 [INFO]: [User: Guest | ID: NA] GET /all-jobs-display - ::1
2025-02-19 15:16:17 [INFO]: [User: Guest | ID: NA] GET /all-jobs-display - ::1
2025-02-19 15:16:17 [INFO]: [User: Guest | ID: NA] GET /all-jobs-display - ::1
2025-02-19 15:16:34 [INFO]: [User: Guest | ID: NA] GET /all-jobs-display - ::1
2025-02-19 15:16:34 [INFO]: [User: Guest | ID: NA] GET /all-jobs-display - ::1
2025-02-19 15:16:49 [INFO]: [User: Guest | ID: NA] GET /all-jobs-display - ::1
2025-02-19 15:17:07 [INFO]: [User: Guest | ID: NA] GET /all-jobs-display - ::1
2025-02-19 15:17:20 [INFO]: [User: Guest | ID: NA] GET /all-jobs-display - ::1
2025-02-19 15:17:56 [INFO]: [User: Guest | ID: NA] GET /all-jobs-display - ::1
2025-02-19 15:17:58 [INFO]: [User: Guest | ID: NA] GET /all-jobs-display - ::1
2025-02-19 15:18:05 [INFO]: [User: Guest | ID: NA] GET /all-jobs-display - ::1
2025-02-19 15:18:11 [INFO]: [User: Guest | ID: NA] GET /all-jobs-display - ::1
2025-02-19 15:18:17 [INFO]: [User: Guest | ID: NA] GET /all-jobs-display - ::1
2025-02-19 15:18:19 [INFO]: [User: Guest | ID: NA] GET /all-jobs-display - ::1
2025-02-19 15:18:21 [INFO]: [User: Guest | ID: NA] GET /all-jobs-display - ::1
2025-02-19 15:18:25 [INFO]: [User: Guest | ID: NA] GET /show-company - ::1
2025-02-19 15:18:25 [INFO]: [User: Guest | ID: NA] GET /show-job_position - ::1
2025-02-19 15:18:25 [INFO]: [User: Guest | ID: NA] GET /show-company - ::1
2025-02-19 15:18:25 [INFO]: [User: Guest | ID: NA] GET /show-job_position - ::1
2025-02-19 15:23:28 [INFO]: [User: Guest | ID: NA] GET /all-jobs-display - ::1
2025-02-19 15:23:28 [INFO]: [User: Guest | ID: NA] GET /all-jobs-display - ::1
2025-02-19 15:23:45 [INFO]: [User: Guest | ID: NA] GET /all-jobs-display - ::ffff:127.0.0.1
2025-02-19 15:23:45 [INFO]: [User: Guest | ID: NA] GET /all-jobs-display - ::1
2025-02-19 15:25:15 [INFO]: [User: Guest | ID: NA] GET /all-jobs-display - ::ffff:127.0.0.1
2025-02-19 15:25:15 [INFO]: [User: Guest | ID: NA] GET /all-jobs-display - ::1
2025-02-19 15:25:36 [INFO]: [User: Guest | ID: NA] GET /all-jobs-display - ::ffff:127.0.0.1
2025-02-19 15:25:36 [INFO]: [User: Guest | ID: NA] GET /all-jobs-display - ::ffff:127.0.0.1
2025-02-19 15:25:56 [INFO]: [User: Guest | ID: NA] GET /all-jobs-display - ::1
2025-02-19 15:25:56 [INFO]: [User: Guest | ID: NA] GET /all-jobs-display - ::1
2025-02-19 15:26:03 [INFO]: [User: Guest | ID: NA] GET /all-jobs-display - ::1
2025-02-19 15:26:03 [INFO]: [User: Guest | ID: NA] GET /all-jobs-display - ::1
2025-02-19 15:26:04 [INFO]: [User: Guest | ID: NA] GET /all-jobs-display - ::1
2025-02-19 15:26:04 [INFO]: [User: Guest | ID: NA] GET /all-jobs-display - ::1
2025-02-19 15:26:16 [INFO]: [User: Guest | ID: NA] GET /all-jobs-display - ::1
2025-02-19 15:26:52 [INFO]: [User: Guest | ID: NA] GET /all-jobs-display - ::1
2025-02-19 15:26:56 [INFO]: [User: Guest | ID: NA] GET /all-jobs-display - ::1
2025-02-19 15:26:58 [INFO]: [User: Guest | ID: NA] GET /all-jobs-display - ::1
2025-02-19 15:27:01 [INFO]: [User: Guest | ID: NA] GET /all-jobs-display - ::1
2025-02-19 15:27:03 [INFO]: [User: Guest | ID: NA] GET /all-jobs-display - ::1
2025-02-19 15:27:03 [INFO]: [User: Guest | ID: NA] GET /all-jobs-display - ::1
2025-02-19 15:27:04 [INFO]: [User: Guest | ID: NA] GET /all-jobs-display - ::1
2025-02-19 15:27:08 [INFO]: [User: Guest | ID: NA] GET /all-jobs-display - ::1
2025-02-19 15:27:08 [INFO]: [User: Guest | ID: NA] GET /all-jobs-display - ::1
2025-02-19 15:27:08 [INFO]: [User: Guest | ID: NA] GET /all-jobs-display - ::1
2025-02-19 15:27:08 [INFO]: [User: Guest | ID: NA] GET /all-jobs-display - ::1
2025-02-19 15:27:09 [INFO]: [User: Guest | ID: NA] GET /all-jobs-display - ::1
2025-02-19 15:27:09 [INFO]: [User: Guest | ID: NA] GET /all-jobs-display - ::1
2025-02-19 15:27:11 [INFO]: [User: Guest | ID: NA] GET /all-jobs-display - ::1
2025-02-19 15:27:11 [INFO]: [User: Guest | ID: NA] GET /all-jobs-display - ::1
2025-02-19 15:27:12 [INFO]: [User: Guest | ID: NA] GET /all-jobs-display - ::1
2025-02-19 15:27:12 [INFO]: [User: Guest | ID: NA] GET /all-jobs-display - ::1
2025-02-19 15:27:14 [INFO]: [User: Guest | ID: NA] GET /all-jobs-display - ::1
2025-02-19 15:27:14 [INFO]: [User: Guest | ID: NA] GET /all-jobs-display - ::1
2025-02-19 15:27:17 [INFO]: [User: Guest | ID: NA] GET /all-jobs-display - ::1
2025-02-19 15:27:17 [INFO]: [User: Guest | ID: NA] GET /all-jobs-display - ::1
2025-02-19 15:27:20 [INFO]: [User: Guest | ID: NA] GET /all-jobs-display - ::1
2025-02-19 15:27:20 [INFO]: [User: Guest | ID: NA] GET /all-jobs-display - ::1
2025-02-19 15:27:26 [INFO]: [User: Guest | ID: NA] GET /all-jobs-display - ::1
2025-02-19 15:27:26 [INFO]: [User: Guest | ID: NA] GET /all-jobs-display - ::1
2025-02-19 15:27:26 [INFO]: [User: Guest | ID: NA] GET /all-jobs-display - ::1
2025-02-19 15:27:26 [INFO]: [User: Guest | ID: NA] GET /all-jobs-display - ::1
2025-02-19 15:27:35 [INFO]: [User: Guest | ID: NA] GET /all-jobs-display - ::1
2025-02-19 15:27:41 [INFO]: [User: Guest | ID: NA] GET /all-jobs-display - ::1
2025-02-19 15:28:22 [INFO]: [User: Guest | ID: NA] GET /all-jobs-display - ::1
2025-02-19 15:28:22 [INFO]: [User: Guest | ID: NA] GET /all-jobs-display - ::1
2025-02-19 15:29:31 [INFO]: [User: Guest | ID: NA] GET /all-jobs-display - ::1
2025-02-19 15:29:31 [INFO]: [User: Guest | ID: NA] GET /all-jobs-display - ::1
2025-02-19 15:29:44 [INFO]: [User: Guest | ID: NA] GET /all-jobs-display - ::1
2025-02-19 15:29:44 [INFO]: [User: Guest | ID: NA] GET /all-jobs-display - ::1
2025-02-19 15:29:48 [INFO]: [User: Guest | ID: NA] GET /all-jobs-display - ::1
2025-02-19 15:29:48 [INFO]: [User: Guest | ID: NA] GET /all-jobs-display - ::1
2025-02-19 15:30:01 [INFO]: [User: Guest | ID: NA] GET /all-jobs-display - ::1
2025-02-19 15:30:01 [INFO]: [User: Guest | ID: NA] GET /all-jobs-display - ::1
2025-02-19 15:30:44 [INFO]: [User: Guest | ID: NA] GET /all-jobs-display - ::1
2025-02-19 15:30:45 [INFO]: [User: Guest | ID: NA] GET /all-jobs-display - ::1
2025-02-19 15:30:59 [INFO]: [User: Guest | ID: NA] GET /all-jobs-display - ::1
2025-02-19 15:30:59 [INFO]: [User: Guest | ID: NA] GET /all-jobs-display - ::1
2025-02-19 15:31:14 [INFO]: [User: Guest | ID: NA] GET /all-jobs-display - ::1
2025-02-19 15:31:14 [INFO]: [User: Guest | ID: NA] GET /all-jobs-display - ::1
2025-02-19 15:31:29 [INFO]: [User: Guest | ID: NA] GET /all-jobs-display - ::1
2025-02-19 15:31:32 [INFO]: [User: Guest | ID: NA] GET /all-jobs-display - ::1
2025-02-19 15:31:37 [INFO]: [User: Guest | ID: NA] GET /all-jobs-display - ::1
2025-02-19 15:31:40 [INFO]: [User: Guest | ID: NA] GET /all-jobs-display - ::1
2025-02-19 15:31:42 [INFO]: [User: Guest | ID: NA] GET /all-jobs-display - ::1
2025-02-19 15:31:45 [INFO]: [User: Guest | ID: NA] GET /all-jobs-display - ::1
2025-02-19 15:31:45 [INFO]: [User: Guest | ID: NA] GET /all-jobs-display - ::1
2025-02-19 15:33:42 [INFO]: [User: Guest | ID: NA] GET /all-jobs-display - ::1
2025-02-19 15:33:42 [INFO]: [User: Guest | ID: NA] GET /all-jobs-display - ::1
2025-02-19 15:34:19 [INFO]: [User: Guest | ID: NA] GET /all-jobs-display - ::1
2025-02-19 15:34:21 [INFO]: [User: Guest | ID: NA] GET /all-jobs-display - ::1
2025-02-19 15:43:08 [INFO]: [User: Guest | ID: NA] GET /all-jobs-display - ::1
2025-02-19 15:43:08 [INFO]: [User: Guest | ID: NA] GET /all-jobs-display - ::1
2025-02-19 15:43:18 [INFO]: [User: Guest | ID: NA] GET /show-job_position - ::1
2025-02-19 15:43:18 [INFO]: [User: Guest | ID: NA] GET /show-job_position - ::1
2025-02-19 15:43:18 [INFO]: [User: Guest | ID: NA] GET /show-job_position - ::1
2025-02-19 15:43:18 [INFO]: [User: Guest | ID: NA] GET /show-job_position - ::1
2025-02-19 15:45:51 [INFO]: [User: Guest | ID: NA] GET /all-jobs-display - ::1
2025-02-19 15:45:51 [INFO]: [User: Guest | ID: NA] GET /all-jobs-display - ::1
2025-02-19 17:04:51 [INFO]: [User: Guest | ID: NA] GET /all-jobs-display - ::1
2025-02-19 17:04:51 [INFO]: [User: Guest | ID: NA] GET /all-jobs-display - ::1
2025-02-19 17:04:52 [INFO]: [User: Guest | ID: NA] GET /all-jobs-display - ::1
2025-02-19 17:04:52 [INFO]: [User: Guest | ID: NA] GET /all-jobs-display - ::1
2025-02-19 17:05:00 [INFO]: [User: Guest | ID: NA] GET /all-jobs-display - ::1
2025-02-19 17:05:00 [INFO]: [User: Guest | ID: NA] GET /all-jobs-display - ::1
2025-02-19 17:05:02 [INFO]: [User: Guest | ID: NA] GET /all-jobs-display - ::1
2025-02-19 17:05:02 [INFO]: [User: Guest | ID: NA] GET /all-jobs-display - ::1
2025-02-19 17:05:06 [INFO]: [User: Guest | ID: NA] GET /all-jobs-display - ::1
2025-02-19 17:05:06 [INFO]: [User: Guest | ID: NA] GET /all-jobs-display - ::1
2025-02-19 17:09:07 [INFO]: [User: Guest | ID: NA] GET /all-jobs-display - ::1
2025-02-19 17:09:08 [INFO]: [User: Guest | ID: NA] GET /all-jobs-display - ::1
2025-02-19 17:12:22 [INFO]: [User: Guest | ID: NA] GET /show-job_position - ::1
2025-02-19 17:12:22 [INFO]: [User: Guest | ID: NA] GET /show-job_position - ::1
2025-02-19 17:12:22 [INFO]: [User: Guest | ID: NA] GET /show-job_position - ::1
2025-02-19 17:12:22 [INFO]: [User: Guest | ID: NA] GET /show-job_position - ::1
2025-02-19 17:12:24 [INFO]: [User: Guest | ID: NA] GET /show-company - ::1
2025-02-19 17:12:24 [INFO]: [User: Guest | ID: NA] GET /show-company_profile - ::1
2025-02-19 17:12:24 [INFO]: [User: Guest | ID: NA] GET /show-company - ::1
2025-02-19 17:12:24 [INFO]: [User: Guest | ID: NA] GET /show-company_profile - ::1
2025-02-19 17:12:24 [INFO]: [User: Guest | ID: NA] GET /show-company - ::1
2025-02-19 17:12:24 [INFO]: [User: Guest | ID: NA] GET /show-company - ::1
2025-02-19 17:12:25 [INFO]: [User: Guest | ID: NA] GET /show-company_profile - ::1
2025-02-19 17:12:25 [INFO]: [User: Guest | ID: NA] GET /show-company - ::1
2025-02-19 17:12:25 [INFO]: [User: Guest | ID: NA] GET /show-company_profile - ::1
2025-02-19 17:12:25 [INFO]: [User: Guest | ID: NA] GET /show-company - ::1
2025-02-19 17:12:26 [INFO]: [User: Guest | ID: NA] GET /show-company_profile - ::1
2025-02-19 17:12:26 [INFO]: [User: Guest | ID: NA] GET /show-company - ::1
2025-02-19 17:12:26 [INFO]: [User: Guest | ID: NA] GET /show-company_profile - ::1
2025-02-19 17:12:26 [INFO]: [User: Guest | ID: NA] GET /show-company - ::1
2025-02-19 17:12:26 [INFO]: [User: Guest | ID: NA] GET /show-company_profile - ::1
2025-02-19 17:12:26 [INFO]: [User: Guest | ID: NA] GET /show-company - ::1
2025-02-19 17:12:26 [INFO]: [User: Guest | ID: NA] GET /show-company_profile - ::1
2025-02-19 17:12:26 [INFO]: [User: Guest | ID: NA] GET /show-company - ::1
2025-02-19 17:12:26 [INFO]: [User: Guest | ID: NA] GET /show-company_profile - ::1
2025-02-19 17:12:26 [INFO]: [User: Guest | ID: NA] GET /show-company - ::1
2025-02-19 17:12:26 [INFO]: [User: Guest | ID: NA] GET /show-company_profile - ::1
2025-02-19 17:12:26 [INFO]: [User: Guest | ID: NA] GET /show-company - ::1
2025-02-19 17:12:27 [INFO]: [User: Guest | ID: NA] GET /show-company_profile - ::1
2025-02-19 17:12:27 [INFO]: [User: Guest | ID: NA] GET /show-company - ::1
2025-02-19 17:12:27 [INFO]: [User: Guest | ID: NA] GET /show-company_profile - ::1
2025-02-19 17:12:27 [INFO]: [User: Guest | ID: NA] GET /show-company - ::1
2025-02-19 17:12:33 [INFO]: [User: Guest | ID: NA] POST /login - ::1
2025-02-19 17:12:33 [INFO]: [User: Guest | ID: NA] POST /log-login - ::1
2025-02-19 17:12:33 [INFO]: [LOGIN] User: Harsh Patel (ID: 6, Email: harsh@gmail.com) logged in successfully.
2025-02-19 17:12:33 [INFO]: [User: Guest | ID: NA] GET /show-users - ::1
2025-02-19 17:12:33 [INFO]: [User: Guest | ID: NA] GET /show-users - ::1
2025-02-19 17:12:46 [INFO]: [User: Guest | ID: NA] GET /show-company - ::1
2025-02-19 17:12:46 [INFO]: [User: Guest | ID: NA] GET /show-company - ::1
2025-02-19 17:12:47 [INFO]: [User: Guest | ID: NA] GET /show-company - ::1
2025-02-19 17:12:47 [INFO]: [User: Guest | ID: NA] GET /show-company - ::1
2025-02-19 17:12:47 [INFO]: [User: Guest | ID: NA] GET /show-company - ::1
2025-02-19 17:12:47 [INFO]: [User: Guest | ID: NA] GET /show-company - ::1
2025-02-19 17:12:47 [INFO]: [User: Guest | ID: NA] GET /show-company - ::1
2025-02-19 17:12:47 [INFO]: [User: Guest | ID: NA] GET /show-company - ::1
2025-02-19 17:12:48 [INFO]: [User: Guest | ID: NA] GET /show-job_position - ::1
2025-02-19 17:12:48 [INFO]: [User: Guest | ID: NA] GET /show-job_position - ::1
2025-02-19 17:12:48 [INFO]: [User: Guest | ID: NA] GET /show-job_position - ::1
2025-02-19 17:12:48 [INFO]: [User: Guest | ID: NA] GET /show-job_position - ::1
2025-02-19 17:12:49 [INFO]: [User: Guest | ID: NA] GET /show-company - ::1
2025-02-19 17:12:49 [INFO]: [User: Guest | ID: NA] GET /show-company - ::1
2025-02-19 17:13:37 [INFO]: [User: Guest | ID: NA] GET /show-company - ::1
2025-02-19 17:13:37 [INFO]: [User: Guest | ID: NA] GET /show-company - ::1
2025-02-19 17:14:21 [INFO]: [User: Guest | ID: NA] GET /show-company - ::1
2025-02-19 17:14:21 [INFO]: [User: Guest | ID: NA] GET /show-company - ::1
2025-02-19 17:14:24 [INFO]: [User: Guest | ID: NA] GET /show-company_profile - ::1
2025-02-19 17:14:24 [INFO]: [User: Guest | ID: NA] GET /show-company - ::1
2025-02-19 17:14:24 [INFO]: [User: Guest | ID: NA] GET /show-company_profile - ::1
2025-02-19 17:14:24 [INFO]: [User: Guest | ID: NA] GET /show-company - ::1
2025-02-19 17:14:25 [INFO]: [User: Guest | ID: NA] GET /show-job_position - ::1
2025-02-19 17:14:25 [INFO]: [User: Guest | ID: NA] GET /show-job_position - ::1
2025-02-19 17:14:25 [INFO]: [User: Guest | ID: NA] GET /show-job_position - ::1
2025-02-19 17:14:25 [INFO]: [User: Guest | ID: NA] GET /show-job_position - ::1
2025-02-19 17:14:27 [INFO]: [User: Guest | ID: NA] GET /show-company_profile - ::1
2025-02-19 17:14:27 [INFO]: [User: Guest | ID: NA] GET /show-company - ::1
2025-02-19 17:14:27 [INFO]: [User: Guest | ID: NA] GET /show-company_profile - ::1
2025-02-19 17:14:27 [INFO]: [User: Guest | ID: NA] GET /show-company - ::1
2025-02-19 17:14:28 [INFO]: [User: Guest | ID: NA] GET /show-company - ::1
2025-02-19 17:14:28 [INFO]: [User: Guest | ID: NA] GET /show-company - ::1
2025-02-19 17:14:36 [INFO]: [User: Guest | ID: NA] GET /show-company - ::1
2025-02-19 17:14:36 [INFO]: [User: Guest | ID: NA] GET /show-company - ::1
2025-02-19 17:14:54 [INFO]: [User: Guest | ID: NA] GET /show-company_profile - ::1
2025-02-19 17:14:54 [INFO]: [User: Guest | ID: NA] GET /show-company - ::1
2025-02-19 17:14:54 [INFO]: [User: Guest | ID: NA] GET /show-company_profile - ::1
2025-02-19 17:14:54 [INFO]: [User: Guest | ID: NA] GET /show-company - ::1
2025-02-19 17:14:55 [INFO]: [User: Guest | ID: NA] GET /show-job_position - ::1
2025-02-19 17:14:55 [INFO]: [User: Guest | ID: NA] GET /show-job_position - ::1
2025-02-19 17:14:55 [INFO]: [User: Guest | ID: NA] GET /show-job_position - ::1
2025-02-19 17:14:55 [INFO]: [User: Guest | ID: NA] GET /show-job_position - ::1
2025-02-19 17:16:29 [INFO]: [User: Guest | ID: NA] GET /show-users - ::1
2025-02-19 17:16:29 [INFO]: [User: Guest | ID: NA] GET /show-users - ::1
2025-02-19 17:16:53 [INFO]: [User: Guest | ID: NA] GET /show-users - ::1
2025-02-19 17:16:53 [INFO]: [User: Guest | ID: NA] GET /show-users - ::1
2025-02-19 17:17:04 [INFO]: [User: Guest | ID: NA] GET /all-jobs-display - ::1
2025-02-19 17:17:04 [INFO]: [User: Guest | ID: NA] GET /all-jobs-display - ::1
2025-02-19 17:17:21 [INFO]: [User: Guest | ID: NA] GET /show-company - ::1
2025-02-19 17:17:21 [INFO]: [User: Guest | ID: NA] GET /show-company - ::1
2025-02-19 17:17:35 [INFO]: [User: Guest | ID: NA] GET /show-company_profile - ::1
2025-02-19 17:17:35 [INFO]: [User: Guest | ID: NA] GET /show-company - ::1
2025-02-19 17:17:35 [INFO]: [User: Guest | ID: NA] GET /show-company_profile - ::1
2025-02-19 17:17:35 [INFO]: [User: Guest | ID: NA] GET /show-company - ::1
2025-02-19 17:17:49 [INFO]: [User: Guest | ID: NA] GET /show-job_position - ::1
2025-02-19 17:17:49 [INFO]: [User: Guest | ID: NA] GET /show-job_position - ::1
2025-02-19 17:17:49 [INFO]: [User: Guest | ID: NA] GET /show-job_position - ::1
2025-02-19 17:17:49 [INFO]: [User: Guest | ID: NA] GET /show-job_position - ::1
2025-02-19 17:18:30 [INFO]: [User: Guest | ID: NA] GET /all-jobs-display - ::1
2025-02-19 17:18:30 [INFO]: [User: Guest | ID: NA] GET /all-jobs-display - ::1
2025-02-19 17:18:32 [INFO]: [User: Guest | ID: NA] GET /show-company - ::1
2025-02-19 17:18:32 [INFO]: [User: Guest | ID: NA] GET /show-job_position - ::1
2025-02-19 17:18:32 [INFO]: [User: Guest | ID: NA] GET /show-company - ::1
2025-02-19 17:18:32 [INFO]: [User: Guest | ID: NA] GET /show-job_position - ::1
2025-02-19 17:18:47 [INFO]: [User: Guest | ID: NA] GET /show-company - ::1
2025-02-19 17:18:47 [INFO]: [User: Guest | ID: NA] GET /show-job_position - ::1
2025-02-19 17:18:47 [INFO]: [User: Guest | ID: NA] GET /show-company - ::1
2025-02-19 17:18:47 [INFO]: [User: Guest | ID: NA] GET /show-job_position - ::1
2025-02-19 17:19:27 [INFO]: [User: Guest | ID: NA] GET /all-jobs-display - ::1
2025-02-19 17:19:29 [INFO]: [User: Guest | ID: NA] GET /show-company - ::1
2025-02-19 17:19:29 [INFO]: [User: Guest | ID: NA] GET /show-job_position - ::1
2025-02-19 17:19:29 [INFO]: [User: Guest | ID: NA] GET /show-company - ::1
2025-02-19 17:19:29 [INFO]: [User: Guest | ID: NA] GET /show-job_position - ::1
2025-02-19 17:30:18 [INFO]: [User: Guest | ID: NA] GET /all-jobs-display - ::1
2025-02-19 17:41:59 [INFO]: [User: Guest | ID: NA] GET /all-jobs-display - ::1
2025-02-19 17:42:00 [INFO]: [User: Guest | ID: NA] GET /favicon.ico - ::1
