2025-02-20 09:23:43 [INFO]: [User: Guest | ID: NA] POST /login - ::1
2025-02-20 09:23:43 [INFO]: [User: Guest | ID: NA] POST /log-login - ::1
2025-02-20 09:23:43 [INFO]: [LOGIN] User: Harsh Patel (ID: 6, Email: harsh@gmail.com) logged in successfully.
2025-02-20 09:23:43 [INFO]: [User: Guest | ID: NA] GET /show-users - ::1
2025-02-20 09:23:43 [INFO]: [User: Guest | ID: NA] GET /show-users - ::1
2025-02-20 09:23:55 [INFO]: [User: Guest | ID: NA] POST /login - ::1
2025-02-20 09:23:55 [INFO]: [User: Guest | ID: NA] POST /log-login - ::1
2025-02-20 09:23:55 [INFO]: [LOGIN] User: deep (ID: 9, Email: deep@gmail.com) logged in successfully.
2025-02-20 09:23:59 [INFO]: [User: Guest | ID: NA] GET /all-jobs-display - ::1
2025-02-20 09:23:59 [INFO]: [User: Guest | ID: NA] GET /all-jobs-display - ::1
2025-02-20 09:24:01 [INFO]: [User: Guest | ID: NA] GET /show-job_position - ::1
2025-02-20 09:24:01 [INFO]: [User: Guest | ID: NA] GET /show-company - ::1
2025-02-20 09:24:01 [INFO]: [User: Guest | ID: NA] GET /show-job_position - ::1
2025-02-20 09:24:01 [INFO]: [User: Guest | ID: NA] GET /show-company - ::1
2025-02-20 09:24:12 [INFO]: [User: Guest | ID: NA] POST /login - ::1
2025-02-20 09:24:12 [INFO]: [User: Guest | ID: NA] POST /log-login - ::1
2025-02-20 09:24:12 [INFO]: [LOGIN] User: Neha (ID: 13, Email: neha@gmail.com) logged in successfully.
2025-02-20 09:24:21 [INFO]: [User: Guest | ID: NA] GET /show-company_profile - ::1
2025-02-20 09:24:21 [INFO]: [User: Guest | ID: NA] GET /show-company - ::1
2025-02-20 09:24:21 [INFO]: [User: Guest | ID: NA] GET /show-company_profile - ::1
2025-02-20 09:24:21 [INFO]: [User: Guest | ID: NA] GET /show-company - ::1
2025-02-20 09:24:21 [INFO]: [User: Guest | ID: NA] GET /show-company - ::1
2025-02-20 09:24:21 [INFO]: [User: Guest | ID: NA] GET /show-company - ::1
2025-02-20 09:25:11 [INFO]: [User: Guest | ID: NA] GET /all-jobs-display - ::1
2025-02-20 09:25:11 [INFO]: [User: Guest | ID: NA] GET /all-jobs-display - ::1
2025-02-20 09:40:59 [INFO]: [User: Guest | ID: NA] GET /all-jobs-display - ::1
2025-02-20 09:40:59 [INFO]: [User: Guest | ID: NA] GET /all-jobs-display - ::1
2025-02-20 09:42:35 [INFO]: [User: Guest | ID: NA] GET /all-jobs-display - ::1
2025-02-20 09:42:35 [INFO]: [User: Guest | ID: NA] GET /all-jobs-display - ::1
2025-02-20 09:44:29 [INFO]: [User: Guest | ID: NA] GET /all-jobs-display - ::1
2025-02-20 09:44:30 [INFO]: [User: Guest | ID: NA] GET /all-jobs-display - ::1
2025-02-20 09:44:35 [INFO]: [User: Guest | ID: NA] GET /all-jobs-display - ::1
2025-02-20 09:44:38 [INFO]: [User: Guest | ID: NA] GET /all-jobs-display - ::1
2025-02-20 09:45:01 [INFO]: [User: Guest | ID: NA] GET /all-jobs-display - ::1
2025-02-20 09:45:14 [INFO]: [User: Guest | ID: NA] GET /show-company - ::1
2025-02-20 09:45:14 [INFO]: [User: Guest | ID: NA] GET /show-company - ::1
2025-02-20 09:45:20 [INFO]: [User: Guest | ID: NA] POST /create-company - ::1
2025-02-20 09:45:20 [INFO]: [User: Guest | ID: NA] GET /show-company - ::1
2025-02-20 09:45:21 [INFO]: [User: Guest | ID: NA] GET /show-company - ::1
2025-02-20 09:45:21 [INFO]: [User: Guest | ID: NA] GET /show-company - ::1
2025-02-20 09:45:26 [INFO]: [User: Guest | ID: NA] GET /show-job_position - ::1
2025-02-20 09:45:26 [INFO]: [User: Guest | ID: NA] GET /show-job_position - ::1
2025-02-20 09:45:26 [INFO]: [User: Guest | ID: NA] GET /show-job_position - ::1
2025-02-20 09:45:26 [INFO]: [User: Guest | ID: NA] GET /show-job_position - ::1
2025-02-20 09:45:38 [INFO]: [User: Guest | ID: NA] POST /create-job-position - ::1
2025-02-20 09:45:38 [INFO]: [User: Guest | ID: NA] GET /show-job_position - ::1
2025-02-20 09:45:38 [INFO]: [User: Guest | ID: NA] GET /show-job_position - ::1
2025-02-20 09:45:38 [INFO]: [User: Guest | ID: NA] GET /show-job_position - ::1
2025-02-20 09:45:38 [INFO]: [User: Guest | ID: NA] GET /show-job_position - ::1
2025-02-20 09:45:38 [INFO]: [User: Guest | ID: NA] GET /show-job_position - ::1
2025-02-20 09:45:55 [INFO]: [User: Guest | ID: NA] GET /show-company_profile - ::1
2025-02-20 09:45:55 [INFO]: [User: Guest | ID: NA] GET /show-company - ::1
2025-02-20 09:45:55 [INFO]: [User: Guest | ID: NA] GET /show-company_profile - ::1
2025-02-20 09:45:55 [INFO]: [User: Guest | ID: NA] GET /show-company - ::1
2025-02-20 09:45:56 [INFO]: [User: Guest | ID: NA] GET /show-job_position - ::1
2025-02-20 09:45:56 [INFO]: [User: Guest | ID: NA] GET /show-job_position - ::1
2025-02-20 09:45:56 [INFO]: [User: Guest | ID: NA] GET /show-job_position - ::1
2025-02-20 09:45:56 [INFO]: [User: Guest | ID: NA] GET /show-job_position - ::1
2025-02-20 09:45:57 [INFO]: [User: Guest | ID: NA] GET /all-jobs-display - ::1
2025-02-20 09:45:57 [INFO]: [User: Guest | ID: NA] GET /all-jobs-display - ::1
2025-02-20 09:45:59 [INFO]: [User: Guest | ID: NA] GET /show-company - ::1
2025-02-20 09:45:59 [INFO]: [User: Guest | ID: NA] GET /show-company - ::1
2025-02-20 09:46:01 [INFO]: [User: Guest | ID: NA] GET /show-company_profile - ::1
2025-02-20 09:46:01 [INFO]: [User: Guest | ID: NA] GET /show-company - ::1
2025-02-20 09:46:01 [INFO]: [User: Guest | ID: NA] GET /show-company_profile - ::1
2025-02-20 09:46:01 [INFO]: [User: Guest | ID: NA] GET /show-company - ::1
2025-02-20 09:46:07 [INFO]: [User: Guest | ID: NA] GET /show-company_profile - ::1
2025-02-20 09:46:07 [INFO]: [User: Guest | ID: NA] GET /show-company - ::1
2025-02-20 09:46:16 [INFO]: [User: Guest | ID: NA] POST /upload-file - ::1
2025-02-20 09:46:16 [INFO]: [User: Guest | ID: NA] POST /update-company-profile - ::1
2025-02-20 09:46:21 [INFO]: [User: Guest | ID: NA] DELETE /delete-company-profile/20 - ::1
2025-02-20 09:46:21 [INFO]: [User: Guest | ID: NA] GET /show-company_profile - ::1
2025-02-20 09:46:21 [INFO]: [User: Guest | ID: NA] GET /show-company - ::1
2025-02-20 09:46:39 [INFO]: [User: Guest | ID: NA] POST /upload-file - ::1
2025-02-20 09:46:39 [INFO]: [User: Guest | ID: NA] POST /create-company-profile - ::1
2025-02-20 09:46:39 [INFO]: [User: Guest | ID: NA] GET /show-company_profile - ::1
2025-02-20 09:46:39 [INFO]: [User: Guest | ID: NA] GET /show-company - ::1
2025-02-20 09:46:46 [INFO]: [User: Guest | ID: NA] POST /upload-file - ::1
2025-02-20 09:46:46 [INFO]: [User: Guest | ID: NA] POST /update-company-profile - ::1
2025-02-20 09:47:09 [INFO]: [User: Guest | ID: NA] POST /upload-file - ::1
2025-02-20 09:47:09 [INFO]: [User: Guest | ID: NA] POST /update-company-profile - ::1
2025-02-20 09:47:09 [INFO]: [User: Guest | ID: NA] GET /show-company_profile - ::1
2025-02-20 09:47:09 [INFO]: [User: Guest | ID: NA] GET /show-company - ::1
2025-02-20 09:49:45 [INFO]: [User: Guest | ID: NA] POST /upload-file - ::1
2025-02-20 09:49:45 [INFO]: [User: Guest | ID: NA] POST /update-company-profile - ::1
2025-02-20 09:49:49 [INFO]: [User: Guest | ID: NA] POST /upload-file - ::1
2025-02-20 09:49:49 [INFO]: [User: Guest | ID: NA] POST /update-company-profile - ::1
2025-02-20 09:49:49 [INFO]: [User: Guest | ID: NA] GET /show-company_profile - ::1
2025-02-20 09:49:49 [INFO]: [User: Guest | ID: NA] GET /show-company - ::1
2025-02-20 09:53:36 [INFO]: [User: Guest | ID: NA] GET /show-company_profile - ::1
2025-02-20 09:53:36 [INFO]: [User: Guest | ID: NA] GET /show-company - ::1
2025-02-20 09:53:59 [INFO]: [User: Guest | ID: NA] GET /show-company_profile - ::1
2025-02-20 09:53:59 [INFO]: [User: Guest | ID: NA] GET /show-company - ::1
2025-02-20 09:54:20 [INFO]: [User: Guest | ID: NA] GET /show-company_profile - ::1
2025-02-20 09:54:20 [INFO]: [User: Guest | ID: NA] GET /show-company - ::1
2025-02-20 09:54:35 [INFO]: [User: Guest | ID: NA] GET /show-company_profile - ::1
2025-02-20 09:54:35 [INFO]: [User: Guest | ID: NA] GET /show-company - ::1
2025-02-20 09:54:53 [INFO]: [User: Guest | ID: NA] GET /show-company_profile - ::1
2025-02-20 09:54:53 [INFO]: [User: Guest | ID: NA] GET /show-company - ::1
2025-02-20 09:55:12 [INFO]: [User: Guest | ID: NA] GET /show-company_profile - ::1
2025-02-20 09:55:12 [INFO]: [User: Guest | ID: NA] GET /show-company - ::1
2025-02-20 09:55:39 [INFO]: [User: Guest | ID: NA] GET /show-company_profile - ::1
2025-02-20 09:55:39 [INFO]: [User: Guest | ID: NA] GET /show-company - ::1
2025-02-20 09:55:52 [INFO]: [User: Guest | ID: NA] GET /show-company_profile - ::1
2025-02-20 09:55:52 [INFO]: [User: Guest | ID: NA] GET /show-company - ::1
2025-02-20 09:56:20 [INFO]: [User: Guest | ID: NA] GET /show-company_profile - ::1
2025-02-20 09:56:20 [INFO]: [User: Guest | ID: NA] GET /show-company - ::1
2025-02-20 09:56:43 [INFO]: [User: Guest | ID: NA] GET /show-company_profile - ::1
2025-02-20 09:56:43 [INFO]: [User: Guest | ID: NA] GET /show-company - ::1
2025-02-20 09:56:58 [INFO]: [User: Guest | ID: NA] GET /show-company_profile - ::1
2025-02-20 09:56:58 [INFO]: [User: Guest | ID: NA] GET /show-company - ::1
2025-02-20 09:57:23 [INFO]: [User: Guest | ID: NA] GET /show-company_profile - ::1
2025-02-20 09:57:23 [INFO]: [User: Guest | ID: NA] GET /show-company - ::1
2025-02-20 09:57:38 [INFO]: [User: Guest | ID: NA] GET /show-company_profile - ::1
2025-02-20 09:57:38 [INFO]: [User: Guest | ID: NA] GET /show-company - ::1
2025-02-20 09:58:05 [INFO]: [User: Guest | ID: NA] GET /show-company_profile - ::1
2025-02-20 09:58:05 [INFO]: [User: Guest | ID: NA] GET /show-company - ::1
2025-02-20 09:58:26 [INFO]: [User: Guest | ID: NA] GET /show-company_profile - ::1
2025-02-20 09:58:26 [INFO]: [User: Guest | ID: NA] GET /show-company - ::1
2025-02-20 10:01:00 [INFO]: [User: Guest | ID: NA] GET /show-company_profile - ::1
2025-02-20 10:01:00 [INFO]: [User: Guest | ID: NA] GET /show-company - ::1
2025-02-20 10:01:05 [INFO]: [User: Guest | ID: NA] GET /show-company_profile - ::1
2025-02-20 10:01:05 [INFO]: [User: Guest | ID: NA] GET /show-company - ::1
2025-02-20 10:01:07 [INFO]: [User: Guest | ID: NA] GET /show-company_profile - ::1
2025-02-20 10:01:07 [INFO]: [User: Guest | ID: NA] GET /show-company - ::1
2025-02-20 10:01:13 [INFO]: [User: Guest | ID: NA] GET /show-company_profile - ::1
2025-02-20 10:01:13 [INFO]: [User: Guest | ID: NA] GET /show-company - ::1
2025-02-20 10:01:15 [INFO]: [User: Guest | ID: NA] GET /show-company_profile - ::1
2025-02-20 10:01:15 [INFO]: [User: Guest | ID: NA] GET /show-company - ::1
2025-02-20 10:01:18 [INFO]: [User: Guest | ID: NA] GET /show-company_profile - ::1
2025-02-20 10:01:18 [INFO]: [User: Guest | ID: NA] GET /show-company - ::1
2025-02-20 10:01:26 [INFO]: [User: Guest | ID: NA] GET /show-company_profile - ::1
2025-02-20 10:01:26 [INFO]: [User: Guest | ID: NA] GET /show-company - ::1
2025-02-20 10:02:17 [INFO]: [User: Guest | ID: NA] GET /show-company_profile - ::1
2025-02-20 10:02:17 [INFO]: [User: Guest | ID: NA] GET /show-company - ::1
2025-02-20 10:02:19 [INFO]: [User: Guest | ID: NA] GET /show-company_profile - ::1
2025-02-20 10:02:19 [INFO]: [User: Guest | ID: NA] GET /show-company - ::1
2025-02-20 10:02:31 [INFO]: [User: Guest | ID: NA] GET /show-company_profile - ::1
2025-02-20 10:02:33 [INFO]: [User: Guest | ID: NA] GET /show-company - ::1
2025-02-20 10:02:33 [INFO]: [User: Guest | ID: NA] GET /show-company_profile - ::1
2025-02-20 10:02:33 [INFO]: [User: Guest | ID: NA] GET /show-company - ::1
2025-02-20 10:03:17 [INFO]: [User: Guest | ID: NA] GET /show-company_profile - ::1
2025-02-20 10:03:17 [INFO]: [User: Guest | ID: NA] GET /show-company - ::1
