2025-02-27 11:39:42 [INFO]: Deleted old log file: 19022025-api.log
2025-02-27 11:39:42 [INFO]: Deleted old log file: 20022025-api.log
2025-02-27 11:40:10 [INFO]: [User: Guest | ID: NA] POST /login - ::1
2025-02-27 11:40:10 [INFO]: [User: Guest | ID: NA] POST /log-login - ::1
2025-02-27 11:40:10 [INFO]: [LOGIN] User: Harsh Patel (ID: 6, Email: harsh@gmail.com) logged in successfully.
2025-02-27 11:40:10 [INFO]: [User: Guest | ID: NA] GET /show-users - ::1
2025-02-27 11:40:10 [INFO]: [User: Guest | ID: NA] GET /show-users - ::1
2025-02-27 11:40:12 [INFO]: [User: Guest | ID: NA] GET /show-users - ::1
2025-02-27 11:40:12 [INFO]: [User: Guest | ID: NA] GET /show-users - ::1
2025-02-27 11:40:16 [INFO]: [User: Guest | ID: NA] GET /update-show-users?id=5 - ::1
2025-02-27 11:40:16 [INFO]: [User: Guest | ID: NA] GET /update-show-users?id=5 - ::1
2025-02-27 11:40:23 [INFO]: [User: Guest | ID: NA] POST /upload-file - ::1
2025-02-27 11:40:23 [INFO]: [User: Guest | ID: NA] POST /update-user - ::1
2025-02-27 11:40:23 [INFO]: [User: Guest | ID: NA] GET /show-users - ::1
2025-02-27 11:40:23 [INFO]: [User: Guest | ID: NA] GET /show-users - ::1
2025-02-27 11:40:47 [INFO]: [User: Guest | ID: NA] GET /all-jobs-display - ::1
2025-02-27 11:40:47 [INFO]: [User: Guest | ID: NA] GET /all-jobs-display - ::1
2025-02-27 11:40:49 [INFO]: [User: Guest | ID: NA] GET /show-job_position - ::1
2025-02-27 11:40:49 [INFO]: [User: Guest | ID: NA] GET /show-company - ::1
2025-02-27 11:40:49 [INFO]: [User: Guest | ID: NA] GET /show-job_position - ::1
2025-02-27 11:40:49 [INFO]: [User: Guest | ID: NA] GET /show-company - ::1
2025-02-27 11:41:14 [INFO]: [User: Guest | ID: NA] POST /login - ::1
2025-02-27 11:41:14 [INFO]: [User: Guest | ID: NA] POST /log-login - ::1
2025-02-27 11:41:14 [INFO]: [LOGIN] User: Neha (ID: 13, Email: neha@gmail.com) logged in successfully.
2025-02-27 11:41:17 [INFO]: [User: Guest | ID: NA] GET /all-jobs-display - ::1
2025-02-27 11:41:17 [INFO]: [User: Guest | ID: NA] GET /all-jobs-display - ::1
2025-02-27 11:41:28 [INFO]: [User: Guest | ID: NA] POST /login - ::1
2025-02-27 11:41:28 [INFO]: [User: Guest | ID: NA] POST /log-login - ::1
2025-02-27 11:41:28 [INFO]: [LOGIN] User: deep (ID: 9, Email: deep@gmail.com) logged in successfully.
2025-02-27 11:41:34 [INFO]: [User: Guest | ID: NA] GET /all-jobs-display - ::1
2025-02-27 11:41:34 [INFO]: [User: Guest | ID: NA] GET /all-jobs-display - ::1
2025-02-27 11:42:05 [INFO]: [User: Guest | ID: NA] GET /show-company - ::1
2025-02-27 11:42:05 [INFO]: [User: Guest | ID: NA] GET /show-job_position - ::1
2025-02-27 11:42:05 [INFO]: [User: Guest | ID: NA] GET /show-company - ::1
2025-02-27 11:42:05 [INFO]: [User: Guest | ID: NA] GET /show-job_position - ::1
2025-02-27 12:04:08 [INFO]: [User: Guest | ID: NA] POST /apply-for-job - ::1
2025-02-27 12:04:52 [INFO]: [User: Guest | ID: NA] POST /apply-for-job - ::1
2025-02-27 12:05:12 [INFO]: [User: Guest | ID: NA] POST /apply-for-job - ::1
2025-02-27 12:07:09 [INFO]: [User: Guest | ID: NA] POST /login - ::1
2025-02-27 12:07:09 [INFO]: [User: Guest | ID: NA] POST /log-login - ::1
2025-02-27 12:07:09 [INFO]: [LOGIN] User: Ritika (ID: 12, Email: ritika@gmail.com) logged in successfully.
2025-02-27 12:07:09 [INFO]: [User: Guest | ID: NA] GET /show-users - ::1
2025-02-27 12:07:09 [INFO]: [User: Guest | ID: NA] GET /show-users - ::1
2025-02-27 12:07:11 [INFO]: [User: Guest | ID: NA] GET /show-users - ::1
2025-02-27 12:07:11 [INFO]: [User: Guest | ID: NA] GET /show-users - ::1
2025-02-27 12:07:20 [INFO]: [User: Guest | ID: NA] GET /all-jobs-display - ::1
2025-02-27 12:07:20 [INFO]: [User: Guest | ID: NA] GET /all-jobs-display - ::1
2025-02-27 12:07:31 [INFO]: [User: Guest | ID: NA] POST /apply-for-job - ::1
2025-02-27 12:08:52 [INFO]: [User: Guest | ID: NA] POST /apply-for-job - ::1
2025-02-27 12:09:26 [INFO]: [User: Guest | ID: NA] POST /apply-for-job - ::1
2025-02-27 12:10:41 [INFO]: [User: Guest | ID: NA] GET /show-job_apply_list - ::1
2025-02-27 12:11:07 [INFO]: [User: Guest | ID: NA] POST /apply-for-job - ::1
2025-02-27 12:12:02 [INFO]: [User: Guest | ID: NA] POST /apply-for-job - ::1
2025-02-27 12:12:58 [INFO]: [User: Guest | ID: NA] POST /apply-for-job - ::1
2025-02-27 12:13:26 [INFO]: [User: Guest | ID: NA] POST /apply-for-job - ::1
2025-02-27 12:13:41 [INFO]: [User: Guest | ID: NA] POST /apply-for-job - ::1
2025-02-27 12:14:08 [INFO]: [User: Guest | ID: NA] POST /apply-for-job - ::1
2025-02-27 12:14:37 [INFO]: [User: Guest | ID: NA] POST /apply-for-job - ::1
2025-02-27 12:15:29 [INFO]: [User: Guest | ID: NA] POST /apply-for-job - ::1
2025-02-27 12:15:42 [INFO]: [User: Guest | ID: NA] POST /apply-for-job - ::1
2025-02-27 12:16:13 [INFO]: [User: Guest | ID: NA] POST /apply-for-job - ::1
2025-02-27 12:16:42 [INFO]: [User: Guest | ID: NA] POST /apply-for-job - ::1
2025-02-27 12:16:58 [INFO]: [User: Guest | ID: NA] POST /apply-for-job - ::1
2025-02-27 12:17:25 [INFO]: [User: Guest | ID: NA] POST /apply-for-job - ::1
2025-02-27 12:18:03 [INFO]: [User: Guest | ID: NA] GET /show-job_apply_list - ::1
2025-02-27 12:18:07 [INFO]: [User: Guest | ID: NA] GET /all-jobs-display - ::1
2025-02-27 12:18:07 [INFO]: [User: Guest | ID: NA] GET /all-jobs-display - ::1
2025-02-27 12:36:26 [INFO]: [User: Guest | ID: NA] GET /all-jobs-display - ::1
2025-02-27 12:36:26 [INFO]: [User: Guest | ID: NA] GET /all-jobs-display - ::1
2025-02-27 12:37:14 [INFO]: [User: Guest | ID: NA] GET /all-jobs-display - ::1
2025-02-27 12:37:14 [INFO]: [User: Guest | ID: NA] GET /all-jobs-display - ::1
2025-02-27 12:38:12 [INFO]: [User: Guest | ID: NA] GET /show-company - ::1
2025-02-27 12:38:12 [INFO]: [User: Guest | ID: NA] GET /show-company - ::1
2025-02-27 12:38:13 [INFO]: [User: Guest | ID: NA] GET /show-company_profile - ::1
2025-02-27 12:38:13 [INFO]: [User: Guest | ID: NA] GET /show-company - ::1
2025-02-27 12:38:13 [INFO]: [User: Guest | ID: NA] GET /show-company_profile - ::1
2025-02-27 12:38:13 [INFO]: [User: Guest | ID: NA] GET /show-company - ::1
2025-02-27 12:38:25 [INFO]: [User: Guest | ID: NA] GET /all-jobs-display - ::1
2025-02-27 12:38:25 [INFO]: [User: Guest | ID: NA] GET /all-jobs-display - ::1
2025-02-27 12:38:29 [INFO]: [User: Guest | ID: NA] GET /show-users - ::1
2025-02-27 12:38:29 [INFO]: [User: Guest | ID: NA] GET /show-users - ::1
2025-02-27 12:38:33 [INFO]: [User: Guest | ID: NA] GET /all-jobs-display - ::1
2025-02-27 12:38:33 [INFO]: [User: Guest | ID: NA] GET /all-jobs-display - ::1
2025-02-27 12:38:35 [INFO]: [User: Guest | ID: NA] GET /show-company - ::1
2025-02-27 12:38:35 [INFO]: [User: Guest | ID: NA] GET /show-company - ::1
2025-02-27 12:41:38 [INFO]: [User: Guest | ID: NA] GET /show-company - ::1
2025-02-27 12:41:38 [INFO]: [User: Guest | ID: NA] GET /show-company - ::1
2025-02-27 12:41:43 [INFO]: [User: Guest | ID: NA] GET /show-company_profile - ::1
2025-02-27 12:41:43 [INFO]: [User: Guest | ID: NA] GET /show-company - ::1
2025-02-27 12:41:43 [INFO]: [User: Guest | ID: NA] GET /show-company_profile - ::1
2025-02-27 12:41:43 [INFO]: [User: Guest | ID: NA] GET /show-company - ::1
2025-02-27 12:41:44 [INFO]: [User: Guest | ID: NA] GET /show-job_position - ::1
2025-02-27 12:41:44 [INFO]: [User: Guest | ID: NA] GET /show-job_position - ::1
2025-02-27 12:41:44 [INFO]: [User: Guest | ID: NA] GET /show-job_position - ::1
2025-02-27 12:41:44 [INFO]: [User: Guest | ID: NA] GET /show-job_position - ::1
2025-02-27 12:41:45 [INFO]: [User: Guest | ID: NA] GET /show-company_profile - ::1
2025-02-27 12:41:45 [INFO]: [User: Guest | ID: NA] GET /show-company - ::1
2025-02-27 12:41:45 [INFO]: [User: Guest | ID: NA] GET /show-company_profile - ::1
2025-02-27 12:41:45 [INFO]: [User: Guest | ID: NA] GET /show-company - ::1
2025-02-27 12:41:56 [INFO]: [User: Guest | ID: NA] GET /show-company - ::1
2025-02-27 12:41:56 [INFO]: [User: Guest | ID: NA] GET /show-company - ::1
2025-02-27 12:41:58 [INFO]: [User: Guest | ID: NA] GET /all-jobs-display - ::1
2025-02-27 12:41:58 [INFO]: [User: Guest | ID: NA] GET /all-jobs-display - ::1
2025-02-27 12:41:58 [INFO]: [User: Guest | ID: NA] GET /show-users - ::1
2025-02-27 12:41:58 [INFO]: [User: Guest | ID: NA] GET /show-users - ::1
2025-02-27 12:42:02 [INFO]: [User: Guest | ID: NA] GET /all-jobs-display - ::1
2025-02-27 12:42:02 [INFO]: [User: Guest | ID: NA] GET /all-jobs-display - ::1
2025-02-27 12:42:09 [INFO]: [User: Guest | ID: NA] GET /show-company - ::1
2025-02-27 12:42:09 [INFO]: [User: Guest | ID: NA] GET /show-company - ::1
2025-02-27 12:42:32 [INFO]: [User: Guest | ID: NA] GET /show-company - ::1
2025-02-27 12:42:44 [INFO]: [User: Guest | ID: NA] GET /show-company - ::1
2025-02-27 12:42:45 [INFO]: [User: Guest | ID: NA] GET /show-company - ::1
2025-02-27 12:42:48 [INFO]: [User: Guest | ID: NA] GET /show-company - ::1
2025-02-27 12:43:45 [INFO]: [User: Guest | ID: NA] GET /show-company - ::1
2025-02-27 12:43:45 [INFO]: [User: Guest | ID: NA] GET /show-company - ::1
2025-02-27 12:43:47 [INFO]: [User: Guest | ID: NA] GET /show-company - ::1
2025-02-27 12:43:48 [INFO]: [User: Guest | ID: NA] GET /show-company - ::1
2025-02-27 12:43:49 [INFO]: [User: Guest | ID: NA] GET /show-company - ::1
2025-02-27 12:43:54 [INFO]: [User: Guest | ID: NA] GET /show-company - ::1
2025-02-27 12:43:56 [INFO]: [User: Guest | ID: NA] GET /show-company - ::1
2025-02-27 12:44:07 [INFO]: [User: Guest | ID: NA] GET /show-company - ::1
2025-02-27 12:44:07 [INFO]: [User: Guest | ID: NA] GET /show-company - ::1
2025-02-27 12:44:10 [INFO]: [User: Guest | ID: NA] GET /show-company - ::1
2025-02-27 12:44:10 [INFO]: [User: Guest | ID: NA] GET /show-company - ::1
2025-02-27 12:44:11 [INFO]: [User: Guest | ID: NA] GET /show-company - ::1
2025-02-27 12:44:13 [INFO]: [User: Guest | ID: NA] GET /show-company - ::1
2025-02-27 12:44:13 [INFO]: [User: Guest | ID: NA] GET /show-company - ::1
2025-02-27 12:44:16 [INFO]: [User: Guest | ID: NA] GET /show-company - ::1
2025-02-27 12:44:16 [INFO]: [User: Guest | ID: NA] GET /show-company - ::1
2025-02-27 12:44:19 [INFO]: [User: Guest | ID: NA] GET /show-company - ::1
2025-02-27 12:44:32 [INFO]: [User: Guest | ID: NA] GET /show-company - ::1
2025-02-27 12:44:37 [INFO]: [User: Guest | ID: NA] GET /show-job_apply_list - ::1
2025-02-27 12:44:48 [INFO]: [User: Guest | ID: NA] GET /show-job_apply_list - ::1
2025-02-27 12:44:58 [INFO]: [User: Guest | ID: NA] GET /show-job_apply_list - ::1
2025-02-27 12:45:03 [INFO]: [User: Guest | ID: NA] GET /show-job_apply_list - ::1
2025-02-27 12:45:06 [INFO]: [User: Guest | ID: NA] GET /show-job_apply_list - ::1
2025-02-27 12:45:09 [INFO]: [User: Guest | ID: NA] GET /show-job_apply_list - ::1
2025-02-27 12:45:09 [INFO]: [User: Guest | ID: NA] GET /show-job_apply_list - ::1
2025-02-27 12:45:18 [INFO]: [User: Guest | ID: NA] GET /show-job_apply_list - ::1
2025-02-27 12:45:22 [INFO]: [User: Guest | ID: NA] GET /show-job_apply_list - ::1
2025-02-27 12:45:26 [INFO]: [User: Guest | ID: NA] GET /show-job_apply_list - ::1
2025-02-27 12:45:30 [INFO]: [User: Guest | ID: NA] GET /show-job_apply_list - ::1
2025-02-27 12:45:32 [INFO]: [User: Guest | ID: NA] GET /show-job_apply_list - ::1
2025-02-27 12:45:34 [INFO]: [User: Guest | ID: NA] GET /show-job_apply_list - ::1
2025-02-27 12:45:36 [INFO]: [User: Guest | ID: NA] GET /show-job_apply_list - ::1
2025-02-27 12:45:41 [INFO]: [User: Guest | ID: NA] GET /show-job_apply_list - ::1
2025-02-27 12:45:42 [INFO]: [User: Guest | ID: NA] GET /show-job_apply_list - ::1
2025-02-27 12:45:43 [INFO]: [User: Guest | ID: NA] GET /show-job_apply_list - ::1
2025-02-27 12:45:48 [INFO]: [User: Guest | ID: NA] GET /show-job_apply_list - ::1
2025-02-27 12:45:57 [INFO]: [User: Guest | ID: NA] GET /show-job_apply_list - ::1
2025-02-27 12:46:00 [INFO]: [User: Guest | ID: NA] GET /show-job_apply_list - ::1
2025-02-27 12:46:02 [INFO]: [User: Guest | ID: NA] GET /show-job_apply_list - ::1
2025-02-27 12:46:03 [INFO]: [User: Guest | ID: NA] GET /show-job_apply_list - ::1
2025-02-27 12:46:11 [INFO]: [User: Guest | ID: NA] GET /show-job_apply_list - ::1
2025-02-27 12:46:11 [INFO]: [User: Guest | ID: NA] GET /show-job_apply_list - ::1
2025-02-27 12:46:13 [INFO]: [User: Guest | ID: NA] GET /show-job_apply_list - ::1
2025-02-27 12:46:26 [INFO]: [User: Guest | ID: NA] GET /all-jobs-display - ::1
2025-02-27 12:46:26 [INFO]: [User: Guest | ID: NA] GET /all-jobs-display - ::1
2025-02-27 12:46:28 [INFO]: [User: Guest | ID: NA] GET /show-job_apply_list - ::1
2025-02-27 12:46:28 [INFO]: [User: Guest | ID: NA] GET /show-job_apply_list - ::1
2025-02-27 12:46:40 [INFO]: [User: Guest | ID: NA] GET /show-company - ::1
2025-02-27 12:46:40 [INFO]: [User: Guest | ID: NA] GET /show-company - ::1
2025-02-27 12:46:41 [INFO]: [User: Guest | ID: NA] GET /show-job_apply_list - ::1
2025-02-27 12:46:41 [INFO]: [User: Guest | ID: NA] GET /show-job_apply_list - ::1
2025-02-27 12:46:50 [INFO]: [User: Guest | ID: NA] GET /show-company - ::1
2025-02-27 12:46:50 [INFO]: [User: Guest | ID: NA] GET /show-company - ::1
2025-02-27 12:46:51 [INFO]: [User: Guest | ID: NA] GET /show-company_profile - ::1
2025-02-27 12:46:51 [INFO]: [User: Guest | ID: NA] GET /show-company - ::1
2025-02-27 12:46:51 [INFO]: [User: Guest | ID: NA] GET /show-company_profile - ::1
2025-02-27 12:46:51 [INFO]: [User: Guest | ID: NA] GET /show-company - ::1
2025-02-27 12:46:52 [INFO]: [User: Guest | ID: NA] GET /show-job_position - ::1
2025-02-27 12:46:52 [INFO]: [User: Guest | ID: NA] GET /show-job_position - ::1
2025-02-27 12:46:52 [INFO]: [User: Guest | ID: NA] GET /show-job_position - ::1
2025-02-27 12:46:52 [INFO]: [User: Guest | ID: NA] GET /show-job_position - ::1
2025-02-27 12:46:53 [INFO]: [User: Guest | ID: NA] GET /show-company_profile - ::1
2025-02-27 12:46:53 [INFO]: [User: Guest | ID: NA] GET /show-company - ::1
2025-02-27 12:46:53 [INFO]: [User: Guest | ID: NA] GET /show-company_profile - ::1
2025-02-27 12:46:53 [INFO]: [User: Guest | ID: NA] GET /show-company - ::1
2025-02-27 12:46:53 [INFO]: [User: Guest | ID: NA] GET /show-job_position - ::1
2025-02-27 12:46:53 [INFO]: [User: Guest | ID: NA] GET /show-job_position - ::1
2025-02-27 12:46:53 [INFO]: [User: Guest | ID: NA] GET /show-job_position - ::1
2025-02-27 12:46:53 [INFO]: [User: Guest | ID: NA] GET /show-job_position - ::1
2025-02-27 12:46:56 [INFO]: [User: Guest | ID: NA] GET /show-job_apply_list - ::1
2025-02-27 12:46:56 [INFO]: [User: Guest | ID: NA] GET /show-job_apply_list - ::1
2025-02-27 12:47:44 [INFO]: [User: Guest | ID: NA] GET /show-job_apply_list - ::1
2025-02-27 12:47:44 [INFO]: [User: Guest | ID: NA] GET /show-job_apply_list - ::1
2025-02-27 12:47:53 [INFO]: [User: Guest | ID: NA] GET /show-job_apply_list - ::1
2025-02-27 12:47:53 [INFO]: [User: Guest | ID: NA] GET /show-job_apply_list - ::1
2025-02-27 12:48:03 [INFO]: [User: Guest | ID: NA] GET /show-job_apply_list - ::1
2025-02-27 12:48:31 [INFO]: [User: Guest | ID: NA] GET /show-job_apply_list - ::1
2025-02-27 12:48:45 [INFO]: [User: Guest | ID: NA] GET /show-job_apply_list - ::1
2025-02-27 12:48:48 [INFO]: [User: Guest | ID: NA] GET /show-job_apply_list - ::1
2025-02-27 12:48:54 [INFO]: [User: Guest | ID: NA] GET /show-job_apply_list - ::1
2025-02-27 12:48:55 [INFO]: [User: Guest | ID: NA] GET /show-job_apply_list - ::1
2025-02-27 12:48:56 [INFO]: [User: Guest | ID: NA] GET /show-job_apply_list - ::1
2025-02-27 12:48:57 [INFO]: [User: Guest | ID: NA] GET /show-job_apply_list - ::1
2025-02-27 12:49:58 [INFO]: [User: Guest | ID: NA] GET /show-job_apply_list - ::1
2025-02-27 12:50:16 [INFO]: [User: Guest | ID: NA] GET /show-job_apply_list - ::1
2025-02-27 13:00:26 [INFO]: [User: Guest | ID: NA] GET /show-job_apply_list - ::1
2025-02-27 13:00:32 [INFO]: [User: Guest | ID: NA] GET /show-job_apply_list - ::1
2025-02-27 13:00:33 [INFO]: [User: Guest | ID: NA] GET /show-job_apply_list - ::1
2025-02-27 13:00:46 [INFO]: [User: Guest | ID: NA] GET /show-job_apply_list - ::1
2025-02-27 13:00:46 [INFO]: [User: Guest | ID: NA] GET /show-job_apply_list - ::1
2025-02-27 13:00:48 [INFO]: [User: Guest | ID: NA] GET /show-job_apply_list - ::1
2025-02-27 13:00:48 [INFO]: [User: Guest | ID: NA] GET /show-job_apply_list - ::1
2025-02-27 13:00:50 [INFO]: [User: Guest | ID: NA] DELETE /delete-apply-for-job/4 - ::1
2025-02-27 13:00:51 [INFO]: [User: Guest | ID: NA] GET /show-job_apply_list - ::1
2025-02-27 13:00:52 [INFO]: [User: Guest | ID: NA] GET /show-job_apply_list - ::1
2025-02-27 13:00:54 [INFO]: [User: Guest | ID: NA] GET /show-job_apply_list - ::1
2025-02-27 13:00:54 [INFO]: [User: Guest | ID: NA] GET /show-job_apply_list - ::1
2025-02-27 13:02:01 [INFO]: [User: Guest | ID: NA] GET /show-job_apply_list - ::1
2025-02-27 13:02:13 [INFO]: [User: Guest | ID: NA] GET /show-job_apply_list - ::1
2025-02-27 13:02:15 [INFO]: [User: Guest | ID: NA] GET /show-job_apply_list - ::1
2025-02-27 13:02:16 [INFO]: [User: Guest | ID: NA] GET /show-job_apply_list - ::1
2025-02-27 13:02:19 [INFO]: [User: Guest | ID: NA] GET /show-job_apply_list - ::1
2025-02-27 13:02:19 [INFO]: [User: Guest | ID: NA] GET /show-job_apply_list - ::1
2025-02-27 13:02:22 [INFO]: [User: Guest | ID: NA] DELETE /delete-apply-for-job/4 - ::1
2025-02-27 13:02:22 [INFO]: [User: Guest | ID: NA] GET /show-job_apply_list - ::1
2025-02-27 13:02:23 [INFO]: [User: Guest | ID: NA] GET /show-job_apply_list - ::1
2025-02-27 13:02:23 [INFO]: [User: Guest | ID: NA] GET /show-job_apply_list - ::1
2025-02-27 13:02:25 [INFO]: [User: Guest | ID: NA] DELETE /delete-apply-for-job/4 - ::1
2025-02-27 13:02:25 [INFO]: [User: Guest | ID: NA] GET /show-job_apply_list - ::1
2025-02-27 13:02:26 [INFO]: [User: Guest | ID: NA] GET /show-job_apply_list - ::1
2025-02-27 13:02:26 [INFO]: [User: Guest | ID: NA] GET /show-job_apply_list - ::1
2025-02-27 13:02:29 [INFO]: [User: Guest | ID: NA] GET /show-job_apply_list - ::1
2025-02-27 13:02:29 [INFO]: [User: Guest | ID: NA] GET /show-job_apply_list - ::1
2025-02-27 13:06:28 [INFO]: [User: Guest | ID: NA] GET /show-job_apply_list - ::1
2025-02-27 14:52:58 [INFO]: [User: Guest | ID: NA] GET /show-job_apply_list - ::1
2025-02-27 14:52:58 [INFO]: [User: Guest | ID: NA] GET /show-job_apply_list - ::1
2025-02-27 17:29:17 [INFO]: [User: Guest | ID: NA] GET /show-job_apply_list - ::1
2025-02-27 17:29:17 [INFO]: [User: Guest | ID: NA] GET /show-job_apply_list - ::1
2025-02-27 17:29:27 [INFO]: [User: Guest | ID: NA] GET /show-job_apply_list - ::1
2025-02-27 17:29:28 [INFO]: [User: Guest | ID: NA] GET /show-job_apply_list - ::1
2025-02-27 17:29:28 [INFO]: [User: Guest | ID: NA] GET /show-job_apply_list - ::1
2025-02-27 17:31:24 [INFO]: [User: Guest | ID: NA] DELETE /delete-apply-for-job/4 - ::1
2025-02-27 17:32:00 [INFO]: [User: Guest | ID: NA] DELETE /delete-apply-for-job/4 - ::1
2025-02-27 17:33:50 [INFO]: [User: Guest | ID: NA] GET /show-job_apply_list - ::1
2025-02-27 17:33:50 [INFO]: [User: Guest | ID: NA] GET /show-job_apply_list - ::1
2025-02-27 17:33:53 [INFO]: [User: Guest | ID: NA] POST /apply-for-job - ::1
2025-02-27 17:33:59 [INFO]: [User: Guest | ID: NA] GET /show-job_apply_list - ::1
2025-02-27 17:33:59 [INFO]: [User: Guest | ID: NA] GET /show-job_apply_list - ::1
2025-02-27 17:34:13 [INFO]: [User: Guest | ID: NA] DELETE /delete-apply-for-job/3 - ::1
2025-02-27 17:34:23 [INFO]: [User: Guest | ID: NA] DELETE /delete-apply-for-job/3 - ::1
2025-02-27 17:34:38 [INFO]: [User: Guest | ID: NA] DELETE /delete-apply-for-job/3 - ::1
2025-02-27 17:34:42 [INFO]: [User: Guest | ID: NA] DELETE /delete-apply-for-job/3 - ::1
2025-02-27 17:35:19 [INFO]: [User: Guest | ID: NA] DELETE /delete-apply-job/4 - ::1
2025-02-27 17:35:39 [INFO]: [User: Guest | ID: NA] DELETE /delete-apply-job/3 - ::1
2025-02-27 17:35:55 [INFO]: [User: Guest | ID: NA] DELETE /delete-apply-for-job/3 - ::1
2025-02-27 17:36:29 [INFO]: [User: Guest | ID: NA] DELETE /delete-apply-for-job/3 - ::1
2025-02-27 17:39:31 [INFO]: [User: Guest | ID: NA] GET /show-job_apply_list - ::1
2025-02-27 17:39:55 [INFO]: [User: Guest | ID: NA] GET /show-job_apply_list - ::1
2025-02-27 17:40:50 [INFO]: [User: Guest | ID: NA] GET /show-job_apply_list - ::1
2025-02-27 17:40:53 [INFO]: [User: Guest | ID: NA] GET /show-job_apply_list - ::1
2025-02-27 17:40:54 [INFO]: [User: Guest | ID: NA] GET /show-job_apply_list - ::1
2025-02-27 17:40:55 [INFO]: [User: Guest | ID: NA] GET /show-job_apply_list - ::1
2025-02-27 17:40:58 [INFO]: [User: Guest | ID: NA] GET /show-job_apply_list - ::1
2025-02-27 17:40:58 [INFO]: [User: Guest | ID: NA] GET /show-job_apply_list - ::1
2025-02-27 17:41:00 [INFO]: [User: Guest | ID: NA] DELETE /delete-apply-for-job/3 - ::1
2025-02-27 17:41:00 [INFO]: [User: Guest | ID: NA] GET /show-job_apply_list - ::1
2025-02-27 17:41:01 [INFO]: [User: Guest | ID: NA] GET /show-job_apply_list - ::1
2025-02-27 17:41:01 [INFO]: [User: Guest | ID: NA] GET /show-job_apply_list - ::1
2025-02-27 17:41:29 [INFO]: [User: Guest | ID: NA] GET /show-job_apply_list - ::1
2025-02-27 17:42:09 [INFO]: [User: Guest | ID: NA] GET /show-job_apply_list - ::1
2025-02-27 17:42:13 [INFO]: [User: Guest | ID: NA] GET /show-job_apply_list - ::1
2025-02-27 17:42:14 [INFO]: [User: Guest | ID: NA] GET /show-job_apply_list - ::1
2025-02-27 17:45:24 [INFO]: [User: Guest | ID: NA] GET /show-job_apply_list - ::1
2025-02-27 17:45:29 [INFO]: [User: Guest | ID: NA] GET /show-job_apply_list - ::1
2025-02-27 17:45:35 [INFO]: [User: Guest | ID: NA] GET /show-job_apply_list - ::1
2025-02-27 17:45:38 [INFO]: [User: Guest | ID: NA] GET /show-job_apply_list - ::1
2025-02-27 17:45:42 [INFO]: [User: Guest | ID: NA] GET /show-job_apply_list - ::1
2025-02-27 17:45:49 [INFO]: [User: Guest | ID: NA] DELETE /delete-all-apply-for-job - ::1
2025-02-27 17:45:49 [INFO]: [User: Guest | ID: NA] GET /show-job_apply_list - ::1
2025-02-27 17:45:50 [INFO]: [User: Guest | ID: NA] GET /show-job_apply_list - ::1
2025-02-27 17:46:00 [INFO]: [User: Guest | ID: NA] POST /apply-for-job - ::1
2025-02-27 17:46:05 [INFO]: [User: Guest | ID: NA] GET /show-job_apply_list - ::1
2025-02-27 17:46:05 [INFO]: [User: Guest | ID: NA] GET /show-job_apply_list - ::1
2025-02-27 17:47:16 [INFO]: [User: Guest | ID: NA] GET /show-job_apply_list - ::1
2025-02-27 17:47:16 [INFO]: [User: Guest | ID: NA] GET /show-job_apply_list - ::1
2025-02-27 17:47:44 [INFO]: [User: Guest | ID: NA] GET /all-jobs-display - ::1
2025-02-27 17:47:44 [INFO]: [User: Guest | ID: NA] GET /all-jobs-display - ::1
2025-02-27 17:47:45 [INFO]: [User: Guest | ID: NA] GET /show-company - ::1
2025-02-27 17:47:45 [INFO]: [User: Guest | ID: NA] GET /show-company - ::1
2025-02-27 17:47:59 [INFO]: [User: Guest | ID: NA] GET /show-users - ::1
2025-02-27 17:47:59 [INFO]: [User: Guest | ID: NA] GET /show-users - ::1
2025-02-27 17:48:29 [INFO]: [User: Guest | ID: NA] POST /apply-for-job - ::1
2025-02-27 17:48:35 [INFO]: [User: Guest | ID: NA] POST /apply-for-job - ::1
2025-02-27 17:48:38 [INFO]: [User: Guest | ID: NA] POST /apply-for-job - ::1
2025-02-27 17:48:41 [INFO]: [User: Guest | ID: NA] POST /apply-for-job - ::1
2025-02-27 17:48:44 [INFO]: [User: Guest | ID: NA] POST /apply-for-job - ::1
2025-02-27 17:48:47 [INFO]: [User: Guest | ID: NA] POST /apply-for-job - ::1
2025-02-27 17:48:51 [INFO]: [User: Guest | ID: NA] GET /all-jobs-display - ::1
2025-02-27 17:48:51 [INFO]: [User: Guest | ID: NA] GET /all-jobs-display - ::1
2025-02-27 17:48:53 [INFO]: [User: Guest | ID: NA] GET /show-job_apply_list - ::1
2025-02-27 17:48:53 [INFO]: [User: Guest | ID: NA] GET /show-job_apply_list - ::1
2025-02-27 17:48:59 [INFO]: [User: Guest | ID: NA] GET /show-job_apply_list - ::1
2025-02-27 17:48:59 [INFO]: [User: Guest | ID: NA] GET /show-job_apply_list - ::1
2025-02-27 17:49:05 [INFO]: [User: Guest | ID: NA] GET /show-job_apply_list - ::1
2025-02-27 17:49:15 [INFO]: [User: Guest | ID: NA] POST /apply-for-job - ::1
2025-02-27 17:49:21 [INFO]: [User: Guest | ID: NA] POST /apply-for-job - ::1
2025-02-27 17:49:27 [INFO]: [User: Guest | ID: NA] GET /show-job_apply_list - ::1
2025-02-27 17:49:27 [INFO]: [User: Guest | ID: NA] GET /show-job_apply_list - ::1
2025-02-27 17:50:26 [INFO]: [User: Guest | ID: NA] POST /apply-for-job - ::1
2025-02-27 17:51:25 [INFO]: [User: Guest | ID: NA] GET /show-job_apply_list - ::1
2025-02-27 17:51:33 [INFO]: [User: Guest | ID: NA] GET /show-job_apply_list - ::1
2025-02-27 17:51:36 [INFO]: [User: Guest | ID: NA] GET /show-job_apply_list - ::1
2025-02-27 17:52:04 [INFO]: [User: Guest | ID: NA] GET /show-job_apply_list - ::1
2025-02-27 17:52:06 [INFO]: [User: Guest | ID: NA] GET /show-job_apply_list - ::1
2025-02-27 17:52:07 [INFO]: [User: Guest | ID: NA] GET /show-job_apply_list - ::1
2025-02-27 18:08:49 [INFO]: [User: Guest | ID: NA] GET /show-job_apply_list - ::1
2025-02-27 18:08:49 [INFO]: [User: Guest | ID: NA] GET /show-job_apply_list - ::1
2025-02-27 18:09:08 [INFO]: [User: Guest | ID: NA] GET /show-job_apply_list - ::1
2025-02-27 18:09:11 [INFO]: [User: Guest | ID: NA] GET /show-job_apply_list - ::1
2025-02-27 18:09:15 [INFO]: [User: Guest | ID: NA] GET /show-job_apply_list - ::1
2025-02-27 18:09:15 [INFO]: [User: Guest | ID: NA] GET /show-job_apply_list - ::1
2025-02-27 18:09:17 [INFO]: [User: Guest | ID: NA] GET /show-job_apply_list - ::1
2025-02-27 18:09:17 [INFO]: [User: Guest | ID: NA] GET /show-job_apply_list - ::1
2025-02-27 18:10:12 [INFO]: [User: Guest | ID: NA] GET /show-job_apply_list - ::1
2025-02-27 18:10:12 [INFO]: [User: Guest | ID: NA] GET /show-job_apply_list - ::1
2025-02-27 18:10:15 [INFO]: [User: Guest | ID: NA] GET /show-job_apply_list - ::1
2025-02-27 18:10:15 [INFO]: [User: Guest | ID: NA] GET /show-job_apply_list - ::1
2025-02-27 18:10:27 [INFO]: [User: Guest | ID: NA] GET /show-job_apply_list - ::1
2025-02-27 18:10:27 [INFO]: [User: Guest | ID: NA] GET /show-job_apply_list - ::1
2025-02-27 18:10:38 [INFO]: [User: Guest | ID: NA] GET /show-job_apply_list - ::1
2025-02-27 18:10:38 [INFO]: [User: Guest | ID: NA] GET /show-job_apply_list - ::1
2025-02-27 18:10:39 [INFO]: [User: Guest | ID: NA] GET /show-job_apply_list - ::1
2025-02-27 18:10:39 [INFO]: [User: Guest | ID: NA] GET /show-job_apply_list - ::1
2025-02-27 18:10:44 [INFO]: [User: Guest | ID: NA] GET /show-job_apply_list - ::1
2025-02-27 18:10:44 [INFO]: [User: Guest | ID: NA] GET /show-job_apply_list - ::1
2025-02-27 18:10:47 [INFO]: [User: Guest | ID: NA] GET /show-job_apply_list - ::1
2025-02-27 18:10:47 [INFO]: [User: Guest | ID: NA] GET /show-job_apply_list - ::1
2025-02-27 18:10:50 [INFO]: [User: Guest | ID: NA] GET /show-job_apply_list - ::1
2025-02-27 18:10:50 [INFO]: [User: Guest | ID: NA] GET /show-job_apply_list - ::1
2025-02-27 18:11:04 [INFO]: [User: Guest | ID: NA] GET /show-job_apply_list - ::1
2025-02-27 18:11:22 [INFO]: [User: Guest | ID: NA] GET /all-jobs-display - ::1
2025-02-27 18:11:22 [INFO]: [User: Guest | ID: NA] GET /all-jobs-display - ::1
2025-02-27 18:11:23 [INFO]: [User: Guest | ID: NA] GET /show-company - ::1
2025-02-27 18:11:23 [INFO]: [User: Guest | ID: NA] GET /show-company - ::1
2025-02-27 18:11:31 [INFO]: [User: Guest | ID: NA] GET /show-job_position - ::1
2025-02-27 18:11:31 [INFO]: [User: Guest | ID: NA] GET /show-job_position - ::1
2025-02-27 18:11:31 [INFO]: [User: Guest | ID: NA] GET /show-job_position - ::1
2025-02-27 18:11:31 [INFO]: [User: Guest | ID: NA] GET /show-job_position - ::1
2025-02-27 18:11:34 [INFO]: [User: Guest | ID: NA] GET /show-company_profile - ::1
2025-02-27 18:11:34 [INFO]: [User: Guest | ID: NA] GET /show-company - ::1
2025-02-27 18:11:34 [INFO]: [User: Guest | ID: NA] GET /show-company_profile - ::1
2025-02-27 18:11:34 [INFO]: [User: Guest | ID: NA] GET /show-company - ::1
2025-02-27 18:12:33 [INFO]: [User: Guest | ID: NA] GET /all-jobs-display - ::1
2025-02-27 18:12:33 [INFO]: [User: Guest | ID: NA] GET /all-jobs-display - ::1
2025-02-27 18:12:34 [INFO]: [User: Guest | ID: NA] GET /show-job_apply_list - ::1
2025-02-27 18:12:34 [INFO]: [User: Guest | ID: NA] GET /show-job_apply_list - ::1
2025-02-27 18:13:33 [INFO]: [User: Guest | ID: NA] GET /show-job_apply_list - ::1
2025-02-27 18:13:35 [INFO]: [User: Guest | ID: NA] GET /show-job_apply_list - ::1
2025-02-27 18:13:35 [INFO]: [User: Guest | ID: NA] GET /show-job_apply_list - ::1
2025-02-27 18:14:24 [INFO]: [User: Guest | ID: NA] GET /show-company - ::1
2025-02-27 18:14:24 [INFO]: [User: Guest | ID: NA] GET /show-job_apply_list - ::1
2025-02-27 18:14:24 [INFO]: [User: Guest | ID: NA] GET /show-company - ::1
2025-02-27 18:14:24 [INFO]: [User: Guest | ID: NA] GET /show-job_apply_list - ::1
2025-02-27 18:14:28 [INFO]: [User: Guest | ID: NA] GET /show-company - ::1
2025-02-27 18:14:28 [INFO]: [User: Guest | ID: NA] GET /show-job_apply_list - ::1
2025-02-27 18:14:35 [INFO]: [User: Guest | ID: NA] GET /show-company - ::1
2025-02-27 18:14:35 [INFO]: [User: Guest | ID: NA] GET /show-job_apply_list - ::1
2025-02-27 18:14:44 [INFO]: [User: Guest | ID: NA] GET /show-company_profile - ::1
2025-02-27 18:14:44 [INFO]: [User: Guest | ID: NA] GET /show-company - ::1
2025-02-27 18:14:44 [INFO]: [User: Guest | ID: NA] GET /show-company_profile - ::1
2025-02-27 18:14:44 [INFO]: [User: Guest | ID: NA] GET /show-company - ::1
2025-02-27 18:15:26 [INFO]: [User: Guest | ID: NA] GET /show-company - ::1
2025-02-27 18:15:26 [INFO]: [User: Guest | ID: NA] GET /show-job_apply_list - ::1
2025-02-27 18:15:42 [INFO]: [User: Guest | ID: NA] GET /show-company - ::1
2025-02-27 18:15:42 [INFO]: [User: Guest | ID: NA] GET /show-job_apply_list - ::1
2025-02-27 18:16:05 [INFO]: [User: Guest | ID: NA] GET /show-company - ::1
2025-02-27 18:16:05 [INFO]: [User: Guest | ID: NA] GET /show-job_apply_list - ::1
2025-02-27 18:16:17 [INFO]: [User: Guest | ID: NA] GET /show-company - ::1
2025-02-27 18:16:17 [INFO]: [User: Guest | ID: NA] GET /show-job_apply_list - ::1
2025-02-27 18:16:17 [INFO]: [User: Guest | ID: NA] GET /show-company - ::1
2025-02-27 18:16:17 [INFO]: [User: Guest | ID: NA] GET /show-job_apply_list - ::1
2025-02-27 18:16:18 [INFO]: [User: Guest | ID: NA] GET /show-company - ::1
2025-02-27 18:16:18 [INFO]: [User: Guest | ID: NA] GET /show-job_apply_list - ::1
2025-02-27 18:16:18 [INFO]: [User: Guest | ID: NA] GET /show-company - ::1
2025-02-27 18:16:19 [INFO]: [User: Guest | ID: NA] GET /show-job_apply_list - ::1
2025-02-27 18:16:21 [INFO]: [User: Guest | ID: NA] GET /show-company - ::1
2025-02-27 18:16:21 [INFO]: [User: Guest | ID: NA] GET /show-job_apply_list - ::1
2025-02-27 18:16:21 [INFO]: [User: Guest | ID: NA] GET /show-company - ::1
2025-02-27 18:16:21 [INFO]: [User: Guest | ID: NA] GET /show-job_apply_list - ::1
2025-02-27 18:16:24 [INFO]: [User: Guest | ID: NA] GET /show-company - ::1
2025-02-27 18:16:24 [INFO]: [User: Guest | ID: NA] GET /show-job_apply_list - ::1
2025-02-27 18:16:24 [INFO]: [User: Guest | ID: NA] GET /show-company - ::1
2025-02-27 18:16:29 [INFO]: [User: Guest | ID: NA] GET /show-company - ::1
2025-02-27 18:16:29 [INFO]: [User: Guest | ID: NA] GET /show-job_position - ::1
2025-02-27 18:16:29 [INFO]: [User: Guest | ID: NA] GET /show-job_apply_list - ::1
2025-02-27 18:16:33 [INFO]: [User: Guest | ID: NA] GET /show-company - ::1
2025-02-27 18:16:33 [INFO]: [User: Guest | ID: NA] GET /show-job_position - ::1
2025-02-27 18:16:33 [INFO]: [User: Guest | ID: NA] GET /show-job_apply_list - ::1
2025-02-27 18:16:33 [INFO]: [User: Guest | ID: NA] GET /show-company - ::1
2025-02-27 18:16:33 [INFO]: [User: Guest | ID: NA] GET /show-job_position - ::1
2025-02-27 18:16:33 [INFO]: [User: Guest | ID: NA] GET /show-job_apply_list - ::1
2025-02-27 18:16:34 [INFO]: [User: Guest | ID: NA] GET /show-company - ::1
2025-02-27 18:16:34 [INFO]: [User: Guest | ID: NA] GET /show-job_position - ::1
2025-02-27 18:16:34 [INFO]: [User: Guest | ID: NA] GET /show-job_apply_list - ::1
2025-02-27 18:16:47 [INFO]: [User: Guest | ID: NA] GET /show-company - ::1
2025-02-27 18:16:47 [INFO]: [User: Guest | ID: NA] GET /show-job_position - ::1
2025-02-27 18:16:47 [INFO]: [User: Guest | ID: NA] GET /show-job_apply_list - ::1
2025-02-27 18:17:03 [INFO]: [User: Guest | ID: NA] GET /show-company - ::1
2025-02-27 18:17:03 [INFO]: [User: Guest | ID: NA] GET /show-job_position - ::1
2025-02-27 18:17:03 [INFO]: [User: Guest | ID: NA] GET /show-job_apply_list - ::1
2025-02-27 18:17:06 [INFO]: [User: Guest | ID: NA] GET /show-company - ::1
2025-02-27 18:17:06 [INFO]: [User: Guest | ID: NA] GET /show-job_position - ::1
2025-02-27 18:17:06 [INFO]: [User: Guest | ID: NA] GET /show-job_apply_list - ::1
2025-02-27 18:17:08 [INFO]: [User: Guest | ID: NA] GET /show-company - ::1
2025-02-27 18:17:08 [INFO]: [User: Guest | ID: NA] GET /show-job_position - ::1
2025-02-27 18:17:08 [INFO]: [User: Guest | ID: NA] GET /show-job_apply_list - ::1
2025-02-27 18:17:18 [INFO]: [User: Guest | ID: NA] GET /show-company - ::1
2025-02-27 18:17:18 [INFO]: [User: Guest | ID: NA] GET /show-job_position - ::1
2025-02-27 18:17:18 [INFO]: [User: Guest | ID: NA] GET /show-job_apply_list - ::1
2025-02-27 18:17:18 [INFO]: [User: Guest | ID: NA] GET /show-company - ::1
2025-02-27 18:17:18 [INFO]: [User: Guest | ID: NA] GET /show-job_position - ::1
2025-02-27 18:17:18 [INFO]: [User: Guest | ID: NA] GET /show-job_apply_list - ::1
2025-02-27 18:17:26 [INFO]: [User: Guest | ID: NA] GET /show-company - ::1
2025-02-27 18:17:26 [INFO]: [User: Guest | ID: NA] GET /show-job_position - ::1
2025-02-27 18:17:26 [INFO]: [User: Guest | ID: NA] GET /show-job_apply_list - ::1
2025-02-27 18:17:28 [INFO]: [User: Guest | ID: NA] GET /show-company - ::1
2025-02-27 18:17:28 [INFO]: [User: Guest | ID: NA] GET /show-job_position - ::1
2025-02-27 18:17:28 [INFO]: [User: Guest | ID: NA] GET /show-job_apply_list - ::1
2025-02-27 18:17:35 [INFO]: [User: Guest | ID: NA] GET /show-company - ::1
2025-02-27 18:17:35 [INFO]: [User: Guest | ID: NA] GET /show-job_position - ::1
2025-02-27 18:17:35 [INFO]: [User: Guest | ID: NA] GET /show-job_apply_list - ::1
2025-02-27 18:17:45 [INFO]: [User: Guest | ID: NA] GET /show-company - ::1
2025-02-27 18:17:45 [INFO]: [User: Guest | ID: NA] GET /show-job_position - ::1
2025-02-27 18:17:45 [INFO]: [User: Guest | ID: NA] GET /show-job_apply_list - ::1
2025-02-27 18:18:12 [INFO]: [User: Guest | ID: NA] GET /show-company - ::1
2025-02-27 18:18:12 [INFO]: [User: Guest | ID: NA] GET /show-company - ::1
2025-02-27 18:18:14 [INFO]: [User: Guest | ID: NA] GET /show-job_position - ::1
2025-02-27 18:18:14 [INFO]: [User: Guest | ID: NA] GET /show-job_position - ::1
2025-02-27 18:18:14 [INFO]: [User: Guest | ID: NA] GET /show-job_position - ::1
2025-02-27 18:18:14 [INFO]: [User: Guest | ID: NA] GET /show-job_position - ::1
2025-02-27 18:18:16 [INFO]: [User: Guest | ID: NA] GET /show-company - ::1
2025-02-27 18:18:16 [INFO]: [User: Guest | ID: NA] GET /show-company - ::1
2025-02-27 18:18:19 [INFO]: [User: Guest | ID: NA] GET /show-company_profile - ::1
2025-02-27 18:18:19 [INFO]: [User: Guest | ID: NA] GET /show-company - ::1
2025-02-27 18:18:19 [INFO]: [User: Guest | ID: NA] GET /show-company_profile - ::1
2025-02-27 18:18:19 [INFO]: [User: Guest | ID: NA] GET /show-company - ::1
2025-02-27 18:18:19 [INFO]: [User: Guest | ID: NA] GET /show-job_position - ::1
2025-02-27 18:18:19 [INFO]: [User: Guest | ID: NA] GET /show-job_position - ::1
2025-02-27 18:18:19 [INFO]: [User: Guest | ID: NA] GET /show-job_position - ::1
2025-02-27 18:18:19 [INFO]: [User: Guest | ID: NA] GET /show-job_position - ::1
2025-02-27 18:18:20 [INFO]: [User: Guest | ID: NA] GET /show-company_profile - ::1
2025-02-27 18:18:20 [INFO]: [User: Guest | ID: NA] GET /show-company - ::1
2025-02-27 18:18:20 [INFO]: [User: Guest | ID: NA] GET /show-company_profile - ::1
2025-02-27 18:18:20 [INFO]: [User: Guest | ID: NA] GET /show-company - ::1
2025-02-27 18:18:36 [INFO]: [User: Guest | ID: NA] POST /login - ::1
2025-02-27 18:18:36 [INFO]: [User: Guest | ID: NA] POST /log-login - ::1
2025-02-27 18:18:36 [INFO]: [LOGIN] User: deep (ID: 9, Email: deep@gmail.com) logged in successfully.
2025-02-27 18:18:38 [INFO]: [User: Guest | ID: NA] GET /all-jobs-display - ::1
2025-02-27 18:18:38 [INFO]: [User: Guest | ID: NA] GET /all-jobs-display - ::1
2025-02-27 18:19:20 [INFO]: [User: Guest | ID: NA] GET /show-company - ::1
2025-02-27 18:19:20 [INFO]: [User: Guest | ID: NA] GET /show-job_position - ::1
2025-02-27 18:19:20 [INFO]: [User: Guest | ID: NA] GET /show-company - ::1
2025-02-27 18:19:20 [INFO]: [User: Guest | ID: NA] GET /show-job_position - ::1
2025-02-27 18:19:37 [INFO]: [User: Guest | ID: NA] GET /show-company - ::1
2025-02-27 18:19:37 [INFO]: [User: Guest | ID: NA] GET /show-job_position - ::1
2025-02-27 18:19:37 [INFO]: [User: Guest | ID: NA] GET /show-company - ::1
2025-02-27 18:19:37 [INFO]: [User: Guest | ID: NA] GET /show-job_position - ::1
2025-02-27 18:19:38 [INFO]: [User: Guest | ID: NA] POST /update-new-job - ::1
2025-02-27 18:19:38 [INFO]: [User: Guest | ID: NA] GET /all-jobs-display - ::1
2025-02-27 18:19:39 [INFO]: [User: Guest | ID: NA] GET /all-jobs-display - ::1
2025-02-27 18:19:39 [INFO]: [User: Guest | ID: NA] GET /all-jobs-display - ::1
2025-02-27 18:19:41 [INFO]: [User: Guest | ID: NA] GET /all-jobs-display - ::1
2025-02-27 18:19:41 [INFO]: [User: Guest | ID: NA] GET /all-jobs-display - ::1
