2025-02-28 11:14:56 [INFO]: Deleted old log file: 21022025-api.log
2025-02-28 11:16:34 [INFO]: [User: Guest | ID: NA] POST /login - ::1
2025-02-28 11:16:34 [INFO]: [User: Guest | ID: NA] POST /log-login - ::1
2025-02-28 11:16:34 [INFO]: [LOGIN] User: deep (ID: 9, Email: deep@gmail.com) logged in successfully.
2025-02-28 11:16:38 [INFO]: [User: Guest | ID: NA] GET /all-jobs-display - ::1
2025-02-28 11:16:38 [INFO]: [User: Guest | ID: NA] GET /all-jobs-display - ::1
2025-02-28 11:17:11 [INFO]: [User: Guest | ID: NA] GET /all-jobs-display - ::1
2025-02-28 11:17:11 [INFO]: [User: Guest | ID: NA] GET /all-jobs-display - ::1
2025-02-28 11:17:22 [INFO]: [User: Guest | ID: NA] POST /login - ::1
2025-02-28 11:17:22 [INFO]: [User: Guest | ID: NA] POST /log-login - ::1
2025-02-28 11:17:22 [INFO]: [LOGIN] User: Harsh Patel (ID: 6, Email: harsh@gmail.com) logged in successfully.
2025-02-28 11:17:22 [INFO]: [User: Guest | ID: NA] GET /show-users - ::1
2025-02-28 11:17:22 [INFO]: [User: Guest | ID: NA] GET /show-users - ::1
2025-02-28 11:19:55 [INFO]: [User: Guest | ID: NA] GET /all-jobs-display - ::1
2025-02-28 11:19:55 [INFO]: [User: Guest | ID: NA] GET /all-jobs-display - ::1
2025-02-28 11:19:58 [INFO]: [User: Guest | ID: NA] GET /show-company - ::1
2025-02-28 11:19:58 [INFO]: [User: Guest | ID: NA] GET /show-job_position - ::1
2025-02-28 11:19:58 [INFO]: [User: Guest | ID: NA] GET /show-company - ::1
2025-02-28 11:19:58 [INFO]: [User: Guest | ID: NA] GET /show-job_position - ::1
2025-02-28 11:20:02 [INFO]: [User: Guest | ID: NA] GET /show-company - ::1
2025-02-28 11:20:02 [INFO]: [User: Guest | ID: NA] GET /show-job_position - ::1
2025-02-28 11:20:02 [INFO]: [User: Guest | ID: NA] GET /show-company - ::1
2025-02-28 11:20:02 [INFO]: [User: Guest | ID: NA] GET /show-job_position - ::1
2025-02-28 11:44:36 [INFO]: [User: Guest | ID: NA] GET /show-users - ::1
2025-02-28 11:44:36 [INFO]: [User: Guest | ID: NA] GET /show-users - ::1
2025-02-28 11:44:41 [INFO]: [User: Guest | ID: NA] GET /all-jobs-display - ::1
2025-02-28 11:44:41 [INFO]: [User: Guest | ID: NA] GET /all-jobs-display - ::1
2025-02-28 11:44:43 [INFO]: [User: Guest | ID: NA] GET /show-job_position - ::1
2025-02-28 11:44:43 [INFO]: [User: Guest | ID: NA] GET /show-company - ::1
2025-02-28 11:44:43 [INFO]: [User: Guest | ID: NA] GET /show-job_position - ::1
2025-02-28 11:44:43 [INFO]: [User: Guest | ID: NA] GET /show-company - ::1
2025-02-28 11:44:46 [INFO]: [User: Guest | ID: NA] GET /show-company - ::1
2025-02-28 11:44:46 [INFO]: [User: Guest | ID: NA] GET /show-company - ::1
2025-02-28 11:46:15 [INFO]: [User: Guest | ID: NA] GET /show-company - ::1
2025-02-28 11:46:23 [INFO]: [User: Guest | ID: NA] GET /show-company - ::1
2025-02-28 11:46:58 [INFO]: [User: Guest | ID: NA] GET /show-company - ::1
2025-02-28 11:47:54 [INFO]: [User: Guest | ID: NA] GET /show-company - ::1
2025-02-28 11:47:59 [INFO]: [User: Guest | ID: NA] GET /show-company - ::1
2025-02-28 11:48:20 [INFO]: [User: Guest | ID: NA] GET /show-company - ::1
2025-02-28 11:48:23 [INFO]: [User: Guest | ID: NA] GET /show-company - ::1
2025-02-28 11:48:26 [INFO]: [User: Guest | ID: NA] GET /show-company - ::1
2025-02-28 11:49:09 [INFO]: [User: Guest | ID: NA] GET /show-company - ::1
2025-02-28 11:49:11 [INFO]: [User: Guest | ID: NA] GET /show-company - ::1
2025-02-28 11:49:20 [INFO]: [User: Guest | ID: NA] GET /show-company - ::1
2025-02-28 11:49:30 [INFO]: [User: Guest | ID: NA] GET /show-company - ::1
2025-02-28 11:50:16 [INFO]: [User: Guest | ID: NA] GET /show-company - ::1
2025-02-28 11:50:27 [INFO]: [User: Guest | ID: NA] GET /show-company - ::1
2025-02-28 11:50:28 [INFO]: [User: Guest | ID: NA] GET /show-company - ::1
2025-02-28 11:50:33 [INFO]: [User: Guest | ID: NA] GET /show-company - ::1
2025-02-28 11:50:36 [INFO]: [User: Guest | ID: NA] GET /show-company - ::1
2025-02-28 11:50:44 [INFO]: [User: Guest | ID: NA] GET /show-company - ::1
2025-02-28 11:50:45 [INFO]: [User: Guest | ID: NA] GET /show-company - ::1
2025-02-28 11:50:46 [INFO]: [User: Guest | ID: NA] GET /show-company - ::1
2025-02-28 11:50:50 [INFO]: [User: Guest | ID: NA] GET /show-company - ::1
2025-02-28 11:51:06 [INFO]: [User: Guest | ID: NA] GET /show-company - ::1
2025-02-28 11:51:15 [INFO]: [User: Guest | ID: NA] GET /show-company - ::1
2025-02-28 11:51:27 [INFO]: [User: Guest | ID: NA] GET /show-company - ::1
2025-02-28 11:51:29 [INFO]: [User: Guest | ID: NA] GET /show-company - ::1
2025-02-28 11:51:29 [INFO]: [User: Guest | ID: NA] GET /show-company - ::1
2025-02-28 11:51:37 [INFO]: [User: Guest | ID: NA] GET /show-company - ::1
2025-02-28 11:51:38 [INFO]: [User: Guest | ID: NA] GET /show-company - ::1
2025-02-28 11:51:45 [INFO]: [User: Guest | ID: NA] GET /show-company - ::1
2025-02-28 11:51:47 [INFO]: [User: Guest | ID: NA] GET /show-company - ::1
2025-02-28 11:53:32 [INFO]: [User: Guest | ID: NA] GET /show-company - ::1
2025-02-28 11:53:32 [INFO]: [User: Guest | ID: NA] GET /show-company - ::1
2025-02-28 11:55:04 [INFO]: [User: Guest | ID: NA] GET /show-company - ::1
2025-02-28 11:55:07 [INFO]: [User: Guest | ID: NA] GET /show-company - ::1
2025-02-28 11:55:10 [INFO]: [User: Guest | ID: NA] GET /show-company - ::1
2025-02-28 12:04:22 [INFO]: [User: Guest | ID: NA] POST /login - ::1
2025-02-28 12:04:22 [INFO]: [User: Guest | ID: NA] POST /log-login - ::1
2025-02-28 12:04:22 [INFO]: [LOGIN] User: Harsh Patel (ID: 6, Email: harsh@gmail.com) logged in successfully.
2025-02-28 12:04:22 [INFO]: [User: Guest | ID: NA] GET /show-users - ::1
2025-02-28 12:04:22 [INFO]: [User: Guest | ID: NA] GET /show-users - ::1
2025-02-28 12:04:49 [INFO]: [User: Guest | ID: NA] GET /show-company - ::1
2025-02-28 12:04:49 [INFO]: [User: Guest | ID: NA] GET /show-job_position - ::1
2025-02-28 12:04:49 [INFO]: [User: Guest | ID: NA] GET /show-job_apply_list - ::1
2025-02-28 12:04:49 [INFO]: [User: Guest | ID: NA] GET /show-company - ::1
2025-02-28 12:04:49 [INFO]: [User: Guest | ID: NA] GET /show-job_position - ::1
2025-02-28 12:04:49 [INFO]: [User: Guest | ID: NA] GET /show-job_apply_list - ::1
2025-02-28 12:05:18 [INFO]: [User: Guest | ID: NA] GET /show-company - ::1
2025-02-28 12:05:18 [INFO]: [User: Guest | ID: NA] GET /show-company - ::1
2025-02-28 12:05:28 [INFO]: [User: Guest | ID: NA] POST /login - ::1
2025-02-28 12:05:28 [INFO]: [User: Guest | ID: NA] POST /log-login - ::1
2025-02-28 12:05:28 [INFO]: [LOGIN] User: deep (ID: 9, Email: deep@gmail.com) logged in successfully.
2025-02-28 12:05:35 [INFO]: [User: Guest | ID: NA] GET /all-jobs-display - ::1
2025-02-28 12:05:35 [INFO]: [User: Guest | ID: NA] GET /all-jobs-display - ::1
2025-02-28 12:05:37 [INFO]: [User: Guest | ID: NA] GET /show-company - ::1
2025-02-28 12:05:37 [INFO]: [User: Guest | ID: NA] GET /show-job_position - ::1
2025-02-28 12:05:37 [INFO]: [User: Guest | ID: NA] GET /show-company - ::1
2025-02-28 12:05:37 [INFO]: [User: Guest | ID: NA] GET /show-job_position - ::1
2025-02-28 12:18:11 [INFO]: [User: Guest | ID: NA] GET /show-company - ::1
2025-02-28 12:18:11 [INFO]: [User: Guest | ID: NA] GET /show-job_position - ::1
2025-02-28 12:18:11 [INFO]: [User: Guest | ID: NA] GET /show-company - ::1
2025-02-28 12:18:11 [INFO]: [User: Guest | ID: NA] GET /show-job_position - ::1
2025-02-28 12:18:32 [INFO]: [User: Guest | ID: NA] GET /all-jobs-display - ::1
2025-02-28 12:18:32 [INFO]: [User: Guest | ID: NA] GET /all-jobs-display - ::1
2025-02-28 12:19:41 [INFO]: [User: Guest | ID: NA] POST /login - ::1
2025-02-28 12:19:42 [INFO]: [User: Guest | ID: NA] POST /log-login - ::1
2025-02-28 12:19:42 [INFO]: [LOGIN] User: Harsh Patel (ID: 6, Email: harsh@gmail.com) logged in successfully.
2025-02-28 12:19:42 [INFO]: [User: Guest | ID: NA] GET /show-users - ::1
2025-02-28 12:19:42 [INFO]: [User: Guest | ID: NA] GET /show-users - ::1
2025-02-28 12:19:44 [INFO]: [User: Guest | ID: NA] GET /all-jobs-display - ::1
2025-02-28 12:19:44 [INFO]: [User: Guest | ID: NA] GET /all-jobs-display - ::1
2025-02-28 12:19:56 [INFO]: [User: Guest | ID: NA] GET /show-company - ::1
2025-02-28 12:19:56 [INFO]: [User: Guest | ID: NA] GET /show-job_position - ::1
2025-02-28 12:19:56 [INFO]: [User: Guest | ID: NA] GET /show-job_apply_list - ::1
2025-02-28 12:19:56 [INFO]: [User: Guest | ID: NA] GET /show-company - ::1
2025-02-28 12:19:56 [INFO]: [User: Guest | ID: NA] GET /show-job_position - ::1
2025-02-28 12:19:56 [INFO]: [User: Guest | ID: NA] GET /show-job_apply_list - ::1
2025-02-28 12:21:40 [INFO]: [User: Guest | ID: NA] GET /show-company - ::1
2025-02-28 12:21:40 [INFO]: [User: Guest | ID: NA] GET /show-job_position - ::1
2025-02-28 12:21:40 [INFO]: [User: Guest | ID: NA] GET /show-job_apply_list - ::1
2025-02-28 12:21:49 [INFO]: [User: Guest | ID: NA] GET /show-company - ::1
2025-02-28 12:21:49 [INFO]: [User: Guest | ID: NA] GET /show-job_position - ::1
2025-02-28 12:21:49 [INFO]: [User: Guest | ID: NA] GET /show-job_apply_list - ::1
2025-02-28 12:21:49 [INFO]: [User: Guest | ID: NA] GET /show-company - ::1
2025-02-28 12:21:49 [INFO]: [User: Guest | ID: NA] GET /show-job_position - ::1
2025-02-28 12:21:49 [INFO]: [User: Guest | ID: NA] GET /show-job_apply_list - ::1
2025-02-28 12:21:49 [INFO]: [User: Guest | ID: NA] GET /show-company - ::1
2025-02-28 12:21:49 [INFO]: [User: Guest | ID: NA] GET /show-job_position - ::1
2025-02-28 12:21:49 [INFO]: [User: Guest | ID: NA] GET /show-job_apply_list - ::1
2025-02-28 12:21:50 [INFO]: [User: Guest | ID: NA] GET /show-company - ::1
2025-02-28 12:21:50 [INFO]: [User: Guest | ID: NA] GET /show-job_position - ::1
2025-02-28 12:21:50 [INFO]: [User: Guest | ID: NA] GET /show-job_apply_list - ::1
2025-02-28 12:22:07 [INFO]: [User: Guest | ID: NA] GET /show-company - ::1
2025-02-28 12:22:07 [INFO]: [User: Guest | ID: NA] GET /show-job_position - ::1
2025-02-28 12:22:07 [INFO]: [User: Guest | ID: NA] GET /show-company - ::1
2025-02-28 12:22:07 [INFO]: [User: Guest | ID: NA] GET /show-job_position - ::1
2025-02-28 12:23:37 [INFO]: [User: Guest | ID: NA] GET /all-jobs-display - ::1
2025-02-28 12:23:37 [INFO]: [User: Guest | ID: NA] GET /all-jobs-display - ::1
2025-02-28 12:24:00 [INFO]: [User: Guest | ID: NA] GET /show-company - ::1
2025-02-28 12:24:00 [INFO]: [User: Guest | ID: NA] GET /show-job_position - ::1
2025-02-28 12:24:00 [INFO]: [User: Guest | ID: NA] GET /show-company - ::1
2025-02-28 12:24:00 [INFO]: [User: Guest | ID: NA] GET /show-job_position - ::1
2025-02-28 12:24:04 [INFO]: [User: Guest | ID: NA] GET /show-company - ::1
2025-02-28 12:24:04 [INFO]: [User: Guest | ID: NA] GET /show-job_position - ::1
2025-02-28 12:24:16 [INFO]: [User: Guest | ID: NA] GET /show-company - ::1
2025-02-28 12:24:16 [INFO]: [User: Guest | ID: NA] GET /show-job_position - ::1
2025-02-28 12:24:16 [INFO]: [User: Guest | ID: NA] GET /show-company - ::1
2025-02-28 12:24:16 [INFO]: [User: Guest | ID: NA] GET /show-job_position - ::1
2025-02-28 12:24:19 [INFO]: [User: Guest | ID: NA] GET /show-company - ::1
2025-02-28 12:24:19 [INFO]: [User: Guest | ID: NA] GET /show-job_position - ::1
2025-02-28 12:24:23 [INFO]: [User: Guest | ID: NA] GET /show-company - ::1
2025-02-28 12:24:23 [INFO]: [User: Guest | ID: NA] GET /show-job_position - ::1
2025-02-28 12:24:29 [INFO]: [User: Guest | ID: NA] GET /show-company - ::1
2025-02-28 12:24:29 [INFO]: [User: Guest | ID: NA] GET /show-job_position - ::1
2025-02-28 12:24:29 [INFO]: [User: Guest | ID: NA] GET /show-company - ::1
2025-02-28 12:24:29 [INFO]: [User: Guest | ID: NA] GET /show-job_position - ::1
2025-02-28 12:24:30 [INFO]: [User: Guest | ID: NA] GET /show-company - ::1
2025-02-28 12:24:30 [INFO]: [User: Guest | ID: NA] GET /show-job_position - ::1
2025-02-28 12:24:30 [INFO]: [User: Guest | ID: NA] GET /show-company - ::1
2025-02-28 12:24:30 [INFO]: [User: Guest | ID: NA] GET /show-job_position - ::1
2025-02-28 12:24:31 [INFO]: [User: Guest | ID: NA] GET /show-company - ::1
2025-02-28 12:24:31 [INFO]: [User: Guest | ID: NA] GET /show-job_position - ::1
2025-02-28 12:24:31 [INFO]: [User: Guest | ID: NA] GET /show-company - ::1
2025-02-28 12:24:31 [INFO]: [User: Guest | ID: NA] GET /show-job_position - ::1
2025-02-28 12:24:31 [INFO]: [User: Guest | ID: NA] GET /show-company - ::1
2025-02-28 12:24:31 [INFO]: [User: Guest | ID: NA] GET /show-job_position - ::1
2025-02-28 12:24:31 [INFO]: [User: Guest | ID: NA] GET /show-company - ::1
2025-02-28 12:24:31 [INFO]: [User: Guest | ID: NA] GET /show-job_position - ::1
2025-02-28 12:24:32 [INFO]: [User: Guest | ID: NA] GET /show-company - ::1
2025-02-28 12:24:32 [INFO]: [User: Guest | ID: NA] GET /show-job_position - ::1
2025-02-28 12:25:00 [INFO]: [User: Guest | ID: NA] GET /show-company - ::1
2025-02-28 12:25:00 [INFO]: [User: Guest | ID: NA] GET /show-job_position - ::1
2025-02-28 12:25:00 [INFO]: [User: Guest | ID: NA] GET /show-job_apply_list - ::1
2025-02-28 12:25:01 [INFO]: [User: Guest | ID: NA] GET /show-company - ::1
2025-02-28 12:25:01 [INFO]: [User: Guest | ID: NA] GET /show-job_position - ::1
2025-02-28 12:25:01 [INFO]: [User: Guest | ID: NA] GET /show-job_apply_list - ::1
2025-02-28 12:25:08 [INFO]: [User: Guest | ID: NA] GET /show-company - ::1
2025-02-28 12:25:08 [INFO]: [User: Guest | ID: NA] GET /show-job_position - ::1
2025-02-28 12:25:08 [INFO]: [User: Guest | ID: NA] GET /show-job_apply_list - ::1
2025-02-28 12:25:12 [INFO]: [User: Guest | ID: NA] GET /show-company - ::1
2025-02-28 12:25:12 [INFO]: [User: Guest | ID: NA] GET /show-job_position - ::1
2025-02-28 12:25:12 [INFO]: [User: Guest | ID: NA] GET /show-job_apply_list - ::1
2025-02-28 12:25:15 [INFO]: [User: Guest | ID: NA] GET /show-company - ::1
2025-02-28 12:25:15 [INFO]: [User: Guest | ID: NA] GET /show-job_position - ::1
2025-02-28 12:25:15 [INFO]: [User: Guest | ID: NA] GET /show-job_apply_list - ::1
2025-02-28 12:25:27 [INFO]: [User: Guest | ID: NA] GET /show-company - ::1
2025-02-28 12:25:27 [INFO]: [User: Guest | ID: NA] GET /show-company - ::1
2025-02-28 12:25:30 [INFO]: [User: Guest | ID: NA] GET /show-company - ::1
2025-02-28 12:25:30 [INFO]: [User: Guest | ID: NA] GET /show-job_position - ::1
2025-02-28 12:25:30 [INFO]: [User: Guest | ID: NA] GET /show-company - ::1
2025-02-28 12:25:30 [INFO]: [User: Guest | ID: NA] GET /show-job_position - ::1
2025-02-28 12:25:44 [INFO]: [User: Guest | ID: NA] GET /all-jobs-display - ::1
2025-02-28 12:25:44 [INFO]: [User: Guest | ID: NA] GET /all-jobs-display - ::1
2025-02-28 12:25:46 [INFO]: [User: Guest | ID: NA] GET /show-company - ::1
2025-02-28 12:25:46 [INFO]: [User: Guest | ID: NA] GET /show-job_position - ::1
2025-02-28 12:25:46 [INFO]: [User: Guest | ID: NA] GET /show-company - ::1
2025-02-28 12:25:46 [INFO]: [User: Guest | ID: NA] GET /show-job_position - ::1
2025-02-28 12:25:55 [INFO]: [User: Guest | ID: NA] POST /login - ::1
2025-02-28 12:25:55 [INFO]: [User: Guest | ID: NA] POST /log-login - ::1
2025-02-28 12:25:55 [INFO]: [LOGIN] User: deep (ID: 9, Email: deep@gmail.com) logged in successfully.
2025-02-28 12:25:58 [INFO]: [User: Guest | ID: NA] GET /all-jobs-display - ::1
2025-02-28 12:25:58 [INFO]: [User: Guest | ID: NA] GET /all-jobs-display - ::1
2025-02-28 12:25:59 [INFO]: [User: Guest | ID: NA] GET /show-company - ::1
2025-02-28 12:25:59 [INFO]: [User: Guest | ID: NA] GET /show-job_position - ::1
2025-02-28 12:25:59 [INFO]: [User: Guest | ID: NA] GET /show-company - ::1
2025-02-28 12:25:59 [INFO]: [User: Guest | ID: NA] GET /show-job_position - ::1
2025-02-28 12:26:02 [INFO]: [User: Guest | ID: NA] GET /show-company - ::1
2025-02-28 12:26:02 [INFO]: [User: Guest | ID: NA] GET /show-job_position - ::1
2025-02-28 12:26:02 [INFO]: [User: Guest | ID: NA] GET /show-company - ::1
2025-02-28 12:26:02 [INFO]: [User: Guest | ID: NA] GET /show-job_position - ::1
2025-02-28 12:26:38 [INFO]: [User: Guest | ID: NA] GET /show-company - ::1
2025-02-28 12:26:38 [INFO]: [User: Guest | ID: NA] GET /show-job_position - ::1
2025-02-28 12:26:38 [INFO]: [User: Guest | ID: NA] GET /show-company - ::1
2025-02-28 12:26:38 [INFO]: [User: Guest | ID: NA] GET /show-job_position - ::1
2025-02-28 12:26:46 [INFO]: [User: Guest | ID: NA] GET /all-jobs-display - ::1
2025-02-28 12:26:46 [INFO]: [User: Guest | ID: NA] GET /all-jobs-display - ::1
2025-02-28 12:26:47 [INFO]: [User: Guest | ID: NA] GET /all-jobs-display - ::1
2025-02-28 12:26:47 [INFO]: [User: Guest | ID: NA] GET /all-jobs-display - ::1
2025-02-28 12:26:54 [INFO]: [User: Guest | ID: NA] POST /login - ::1
2025-02-28 12:26:55 [INFO]: [User: Guest | ID: NA] POST /log-login - ::1
2025-02-28 12:26:55 [INFO]: [LOGIN] User: Ritika (ID: 12, Email: ritika@gmail.com) logged in successfully.
2025-02-28 12:26:55 [INFO]: [User: Guest | ID: NA] GET /show-users - ::1
2025-02-28 12:26:55 [INFO]: [User: Guest | ID: NA] GET /show-users - ::1
2025-02-28 12:26:57 [INFO]: [User: Guest | ID: NA] GET /show-users - ::1
2025-02-28 12:26:57 [INFO]: [User: Guest | ID: NA] GET /show-users - ::1
2025-02-28 12:26:58 [INFO]: [User: Guest | ID: NA] GET /all-jobs-display - ::1
2025-02-28 12:26:58 [INFO]: [User: Guest | ID: NA] GET /all-jobs-display - ::1
2025-02-28 12:27:04 [INFO]: [User: Guest | ID: NA] GET /show-company - ::1
2025-02-28 12:27:04 [INFO]: [User: Guest | ID: NA] GET /show-job_position - ::1
2025-02-28 12:27:04 [INFO]: [User: Guest | ID: NA] GET /show-company - ::1
2025-02-28 12:27:04 [INFO]: [User: Guest | ID: NA] GET /show-job_position - ::1
2025-02-28 12:27:13 [INFO]: [User: Guest | ID: NA] GET /show-company_profile - ::1
2025-02-28 12:27:13 [INFO]: [User: Guest | ID: NA] GET /show-company - ::1
2025-02-28 12:27:13 [INFO]: [User: Guest | ID: NA] GET /show-company_profile - ::1
2025-02-28 12:27:13 [INFO]: [User: Guest | ID: NA] GET /show-company - ::1
2025-02-28 12:27:13 [INFO]: [User: Guest | ID: NA] GET /show-company - ::1
2025-02-28 12:27:13 [INFO]: [User: Guest | ID: NA] GET /show-company - ::1
2025-02-28 12:27:14 [INFO]: [User: Guest | ID: NA] GET /show-company_profile - ::1
2025-02-28 12:27:14 [INFO]: [User: Guest | ID: NA] GET /show-company - ::1
2025-02-28 12:27:14 [INFO]: [User: Guest | ID: NA] GET /show-company_profile - ::1
2025-02-28 12:27:14 [INFO]: [User: Guest | ID: NA] GET /show-company - ::1
2025-02-28 12:27:52 [INFO]: [User: Guest | ID: NA] GET /all-jobs-display - ::1
2025-02-28 12:27:52 [INFO]: [User: Guest | ID: NA] GET /all-jobs-display - ::1
2025-02-28 12:27:53 [INFO]: [User: Guest | ID: NA] GET /show-company - ::1
2025-02-28 12:27:53 [INFO]: [User: Guest | ID: NA] GET /show-job_position - ::1
2025-02-28 12:27:53 [INFO]: [User: Guest | ID: NA] GET /show-company - ::1
2025-02-28 12:27:53 [INFO]: [User: Guest | ID: NA] GET /show-job_position - ::1
2025-02-28 12:28:49 [INFO]: [User: Guest | ID: NA] GET /show-company - ::1
2025-02-28 12:28:49 [INFO]: [User: Guest | ID: NA] GET /show-job_position - ::1
2025-02-28 12:28:51 [INFO]: [User: Guest | ID: NA] GET /show-company - ::1
2025-02-28 12:28:51 [INFO]: [User: Guest | ID: NA] GET /show-job_position - ::1
2025-02-28 12:28:53 [INFO]: [User: Guest | ID: NA] GET /show-company - ::1
2025-02-28 12:28:53 [INFO]: [User: Guest | ID: NA] GET /show-job_position - ::1
2025-02-28 12:28:55 [INFO]: [User: Guest | ID: NA] GET /show-company - ::1
2025-02-28 12:28:55 [INFO]: [User: Guest | ID: NA] GET /show-job_position - ::1
2025-02-28 12:29:01 [INFO]: [User: Guest | ID: NA] GET /show-company - ::1
2025-02-28 12:29:01 [INFO]: [User: Guest | ID: NA] GET /show-job_position - ::1
2025-02-28 12:29:01 [INFO]: [User: Guest | ID: NA] GET /show-company - ::1
2025-02-28 12:29:01 [INFO]: [User: Guest | ID: NA] GET /show-job_position - ::1
2025-02-28 12:29:17 [INFO]: [User: Guest | ID: NA] GET /show-company - ::1
2025-02-28 12:29:17 [INFO]: [User: Guest | ID: NA] GET /show-job_position - ::1
2025-02-28 12:29:19 [INFO]: [User: Guest | ID: NA] GET /show-company - ::1
2025-02-28 12:29:19 [INFO]: [User: Guest | ID: NA] GET /show-job_position - ::1
2025-02-28 12:29:19 [INFO]: [User: Guest | ID: NA] GET /show-company - ::1
2025-02-28 12:29:19 [INFO]: [User: Guest | ID: NA] GET /show-job_position - ::1
2025-02-28 12:29:21 [INFO]: [User: Guest | ID: NA] GET /show-company - ::1
2025-02-28 12:29:21 [INFO]: [User: Guest | ID: NA] GET /show-job_position - ::1
2025-02-28 12:29:25 [INFO]: [User: Guest | ID: NA] GET /show-company - ::1
2025-02-28 12:29:25 [INFO]: [User: Guest | ID: NA] GET /show-job_position - ::1
2025-02-28 12:29:25 [INFO]: [User: Guest | ID: NA] GET /show-company - ::1
2025-02-28 12:29:25 [INFO]: [User: Guest | ID: NA] GET /show-job_position - ::1
2025-02-28 12:29:40 [INFO]: [User: Guest | ID: NA] GET /show-company - ::1
2025-02-28 12:29:40 [INFO]: [User: Guest | ID: NA] GET /show-job_position - ::1
2025-02-28 12:29:40 [INFO]: [User: Guest | ID: NA] GET /show-company - ::1
2025-02-28 12:29:40 [INFO]: [User: Guest | ID: NA] GET /show-job_position - ::1
2025-02-28 12:30:15 [INFO]: [User: Guest | ID: NA] GET /show-company - ::1
2025-02-28 12:30:15 [INFO]: [User: Guest | ID: NA] GET /show-job_position - ::1
2025-02-28 12:30:15 [INFO]: [User: Guest | ID: NA] GET /show-company - ::1
2025-02-28 12:30:15 [INFO]: [User: Guest | ID: NA] GET /show-job_position - ::1
2025-02-28 12:30:38 [INFO]: [User: Guest | ID: NA] GET /show-company - ::1
2025-02-28 12:30:38 [INFO]: [User: Guest | ID: NA] GET /show-job_position - ::1
2025-02-28 12:30:39 [INFO]: [User: Guest | ID: NA] GET /show-company - ::1
2025-02-28 12:30:39 [INFO]: [User: Guest | ID: NA] GET /show-job_position - ::1
2025-02-28 12:30:39 [INFO]: [User: Guest | ID: NA] GET /show-company - ::1
2025-02-28 12:30:39 [INFO]: [User: Guest | ID: NA] GET /show-job_position - ::1
2025-02-28 12:30:46 [INFO]: [User: Guest | ID: NA] GET /show-company - ::1
2025-02-28 12:30:46 [INFO]: [User: Guest | ID: NA] GET /show-job_position - ::1
2025-02-28 12:30:46 [INFO]: [User: Guest | ID: NA] GET /show-company - ::1
2025-02-28 12:30:46 [INFO]: [User: Guest | ID: NA] GET /show-job_position - ::1
2025-02-28 12:31:02 [INFO]: [User: Guest | ID: NA] GET /show-company_profile - ::1
2025-02-28 12:31:02 [INFO]: [User: Guest | ID: NA] GET /show-company - ::1
2025-02-28 12:31:02 [INFO]: [User: Guest | ID: NA] GET /show-company_profile - ::1
2025-02-28 12:31:02 [INFO]: [User: Guest | ID: NA] GET /show-company - ::1
2025-02-28 12:31:05 [INFO]: [User: Guest | ID: NA] GET /show-company_profile - ::1
2025-02-28 12:31:05 [INFO]: [User: Guest | ID: NA] GET /show-company - ::1
2025-02-28 12:31:08 [INFO]: [User: Guest | ID: NA] GET /show-company_profile - ::1
2025-02-28 12:31:08 [INFO]: [User: Guest | ID: NA] GET /show-company - ::1
2025-02-28 12:31:12 [INFO]: [User: Guest | ID: NA] GET /show-company_profile - ::1
2025-02-28 12:31:12 [INFO]: [User: Guest | ID: NA] GET /show-company - ::1
2025-02-28 12:31:35 [INFO]: [User: Guest | ID: NA] GET /show-company - ::1
2025-02-28 12:31:35 [INFO]: [User: Guest | ID: NA] GET /show-job_position - ::1
2025-02-28 12:31:35 [INFO]: [User: Guest | ID: NA] GET /show-company - ::1
2025-02-28 12:31:35 [INFO]: [User: Guest | ID: NA] GET /show-job_position - ::1
2025-02-28 12:31:53 [INFO]: [User: Guest | ID: NA] GET /show-company - ::1
2025-02-28 12:31:53 [INFO]: [User: Guest | ID: NA] GET /show-job_position - ::1
2025-02-28 12:31:53 [INFO]: [User: Guest | ID: NA] GET /show-company - ::1
2025-02-28 12:31:53 [INFO]: [User: Guest | ID: NA] GET /show-job_position - ::1
2025-02-28 12:31:58 [INFO]: [User: Guest | ID: NA] GET /show-company - ::1
2025-02-28 12:31:58 [INFO]: [User: Guest | ID: NA] GET /show-job_position - ::1
2025-02-28 12:31:58 [INFO]: [User: Guest | ID: NA] GET /show-company - ::1
2025-02-28 12:31:58 [INFO]: [User: Guest | ID: NA] GET /show-job_position - ::1
2025-02-28 12:32:11 [INFO]: [User: Guest | ID: NA] GET /all-jobs-display - ::1
2025-02-28 12:32:12 [INFO]: [User: Guest | ID: NA] GET /show-company - ::1
2025-02-28 12:32:12 [INFO]: [User: Guest | ID: NA] GET /show-job_position - ::1
2025-02-28 12:32:12 [INFO]: [User: Guest | ID: NA] GET /show-company - ::1
2025-02-28 12:32:12 [INFO]: [User: Guest | ID: NA] GET /show-job_position - ::1
2025-02-28 12:32:22 [INFO]: [User: Guest | ID: NA] GET /all-jobs-display - ::1
2025-02-28 12:32:41 [INFO]: [User: Guest | ID: NA] GET /show-company - ::1
2025-02-28 12:32:41 [INFO]: [User: Guest | ID: NA] GET /show-job_position - ::1
2025-02-28 12:32:41 [INFO]: [User: Guest | ID: NA] GET /show-company - ::1
2025-02-28 12:32:41 [INFO]: [User: Guest | ID: NA] GET /show-job_position - ::1
2025-02-28 12:37:33 [INFO]: [User: Guest | ID: NA] GET /show-company - ::1
2025-02-28 12:37:33 [INFO]: [User: Guest | ID: NA] GET /show-job_position - ::1
2025-02-28 12:37:33 [INFO]: [User: Guest | ID: NA] GET /show-company - ::1
2025-02-28 12:37:33 [INFO]: [User: Guest | ID: NA] GET /show-job_position - ::1
2025-02-28 12:37:57 [INFO]: [User: Guest | ID: NA] GET /show-company - ::1
2025-02-28 12:37:57 [INFO]: [User: Guest | ID: NA] GET /show-job_position - ::1
2025-02-28 12:39:26 [INFO]: [User: Guest | ID: NA] GET /show-company - ::1
2025-02-28 12:39:26 [INFO]: [User: Guest | ID: NA] GET /show-job_apply_list - ::1
2025-02-28 12:39:26 [INFO]: [User: Guest | ID: NA] GET /show-job_position - ::1
2025-02-28 12:39:26 [INFO]: [User: Guest | ID: NA] GET /show-company - ::1
2025-02-28 12:39:26 [INFO]: [User: Guest | ID: NA] GET /show-job_apply_list - ::1
2025-02-28 12:39:26 [INFO]: [User: Guest | ID: NA] GET /show-job_position - ::1
2025-02-28 12:40:31 [INFO]: [User: Guest | ID: NA] POST /login - ::1
2025-02-28 12:40:31 [INFO]: [User: Guest | ID: NA] POST /log-login - ::1
2025-02-28 12:40:31 [INFO]: [LOGIN] User: deep (ID: 9, Email: deep@gmail.com) logged in successfully.
2025-02-28 12:40:33 [INFO]: [User: Guest | ID: NA] GET /all-jobs-display - ::1
2025-02-28 12:40:33 [INFO]: [User: Guest | ID: NA] GET /all-jobs-display - ::1
2025-02-28 12:40:34 [INFO]: [User: Guest | ID: NA] GET /show-company - ::1
2025-02-28 12:40:34 [INFO]: [User: Guest | ID: NA] GET /show-job_position - ::1
2025-02-28 12:40:34 [INFO]: [User: Guest | ID: NA] GET /show-company - ::1
2025-02-28 12:40:34 [INFO]: [User: Guest | ID: NA] GET /show-job_position - ::1
2025-02-28 12:40:38 [INFO]: [User: Guest | ID: NA] GET /show-company - ::1
2025-02-28 12:40:38 [INFO]: [User: Guest | ID: NA] GET /show-job_position - ::1
2025-02-28 12:40:38 [INFO]: [User: Guest | ID: NA] GET /show-company - ::1
2025-02-28 12:40:38 [INFO]: [User: Guest | ID: NA] GET /show-job_position - ::1
2025-02-28 12:41:28 [INFO]: [User: Guest | ID: NA] GET /show-company - ::1
2025-02-28 12:41:28 [INFO]: [User: Guest | ID: NA] GET /show-job_position - ::1
2025-02-28 12:41:28 [INFO]: [User: Guest | ID: NA] GET /show-company - ::1
2025-02-28 12:41:28 [INFO]: [User: Guest | ID: NA] GET /show-job_position - ::1
2025-02-28 12:41:47 [INFO]: [User: Guest | ID: NA] POST /login - ::1
2025-02-28 12:41:52 [INFO]: [User: Guest | ID: NA] POST /login - ::1
2025-02-28 12:41:53 [INFO]: [User: Guest | ID: NA] POST /log-login - ::1
2025-02-28 12:41:53 [INFO]: [LOGIN] User: deep (ID: 9, Email: deep@gmail.com) logged in successfully.
2025-02-28 12:41:56 [INFO]: [User: Guest | ID: NA] GET /all-jobs-display - ::1
2025-02-28 12:41:56 [INFO]: [User: Guest | ID: NA] GET /all-jobs-display - ::1
2025-02-28 12:41:57 [INFO]: [User: Guest | ID: NA] GET /show-company - ::1
2025-02-28 12:41:57 [INFO]: [User: Guest | ID: NA] GET /show-job_position - ::1
2025-02-28 12:41:57 [INFO]: [User: Guest | ID: NA] GET /show-company - ::1
2025-02-28 12:41:57 [INFO]: [User: Guest | ID: NA] GET /show-job_position - ::1
2025-02-28 12:44:20 [INFO]: [User: Guest | ID: NA] GET /show-company - ::1
2025-02-28 12:44:20 [INFO]: [User: Guest | ID: NA] GET /show-job_position - ::1
2025-02-28 12:44:20 [INFO]: [User: Guest | ID: NA] GET /show-company - ::1
2025-02-28 12:44:20 [INFO]: [User: Guest | ID: NA] GET /show-job_position - ::1
2025-02-28 12:44:39 [INFO]: [User: Guest | ID: NA] GET /show-company - ::1
2025-02-28 12:44:39 [INFO]: [User: Guest | ID: NA] GET /show-job_position - ::1
2025-02-28 12:44:39 [INFO]: [User: Guest | ID: NA] GET /show-company - ::1
2025-02-28 12:44:39 [INFO]: [User: Guest | ID: NA] GET /show-job_position - ::1
2025-02-28 12:44:57 [INFO]: [User: Guest | ID: NA] GET /show-company - ::1
2025-02-28 12:44:57 [INFO]: [User: Guest | ID: NA] GET /show-job_position - ::1
2025-02-28 12:44:57 [INFO]: [User: Guest | ID: NA] GET /show-company - ::1
2025-02-28 12:44:57 [INFO]: [User: Guest | ID: NA] GET /show-job_position - ::1
2025-02-28 12:45:48 [INFO]: [User: Guest | ID: NA] GET /show-company - ::1
2025-02-28 12:45:48 [INFO]: [User: Guest | ID: NA] GET /show-job_position - ::1
2025-02-28 12:45:48 [INFO]: [User: Guest | ID: NA] GET /show-company - ::1
2025-02-28 12:45:48 [INFO]: [User: Guest | ID: NA] GET /show-job_position - ::1
2025-02-28 12:46:05 [INFO]: [User: Guest | ID: NA] GET /all-jobs-display - ::1
2025-02-28 12:46:05 [INFO]: [User: Guest | ID: NA] GET /all-jobs-display - ::1
2025-02-28 12:46:06 [INFO]: [User: Guest | ID: NA] GET /all-jobs-display - ::1
2025-02-28 12:46:06 [INFO]: [User: Guest | ID: NA] GET /all-jobs-display - ::1
2025-02-28 12:46:08 [INFO]: [User: Guest | ID: NA] GET /all-jobs-display - ::1
2025-02-28 12:46:51 [INFO]: [User: Guest | ID: NA] GET /all-jobs-display - ::1
2025-02-28 12:46:51 [INFO]: [User: Guest | ID: NA] GET /all-jobs-display - ::1
2025-02-28 12:46:52 [INFO]: [User: Guest | ID: NA] GET /all-jobs-display - ::1
2025-02-28 12:46:52 [INFO]: [User: Guest | ID: NA] GET /all-jobs-display - ::1
2025-02-28 12:47:02 [INFO]: [User: Guest | ID: NA] GET /all-jobs-display - ::1
2025-02-28 12:47:02 [INFO]: [User: Guest | ID: NA] GET /all-jobs-display - ::1
2025-02-28 12:47:02 [INFO]: [User: Guest | ID: NA] GET /all-jobs-display - ::1
2025-02-28 12:47:02 [INFO]: [User: Guest | ID: NA] GET /all-jobs-display - ::1
2025-02-28 12:47:03 [INFO]: [User: Guest | ID: NA] GET /all-jobs-display - ::1
2025-02-28 12:47:03 [INFO]: [User: Guest | ID: NA] GET /all-jobs-display - ::1
2025-02-28 12:47:07 [INFO]: [User: Guest | ID: NA] GET /all-jobs-display - ::1
2025-02-28 12:47:07 [INFO]: [User: Guest | ID: NA] GET /all-jobs-display - ::1
2025-02-28 12:47:08 [INFO]: [User: Guest | ID: NA] GET /all-jobs-display - ::1
2025-02-28 12:47:08 [INFO]: [User: Guest | ID: NA] GET /all-jobs-display - ::1
2025-02-28 12:47:10 [INFO]: [User: Guest | ID: NA] GET /all-jobs-display - ::1
2025-02-28 12:47:10 [INFO]: [User: Guest | ID: NA] GET /all-jobs-display - ::1
2025-02-28 12:47:11 [INFO]: [User: Guest | ID: NA] GET /all-jobs-display - ::1
2025-02-28 12:47:11 [INFO]: [User: Guest | ID: NA] GET /all-jobs-display - ::1
2025-02-28 12:47:16 [INFO]: [User: Guest | ID: NA] GET /all-jobs-display - ::1
2025-02-28 12:47:16 [INFO]: [User: Guest | ID: NA] GET /all-jobs-display - ::1
2025-02-28 12:47:17 [INFO]: [User: Guest | ID: NA] GET /all-jobs-display - ::1
2025-02-28 12:47:17 [INFO]: [User: Guest | ID: NA] GET /all-jobs-display - ::1
2025-02-28 12:47:17 [INFO]: [User: Guest | ID: NA] GET /all-jobs-display - ::1
2025-02-28 12:47:17 [INFO]: [User: Guest | ID: NA] GET /all-jobs-display - ::1
2025-02-28 12:47:18 [INFO]: [User: Guest | ID: NA] GET /all-jobs-display - ::1
2025-02-28 12:47:18 [INFO]: [User: Guest | ID: NA] GET /all-jobs-display - ::1
2025-02-28 12:47:34 [INFO]: [User: Guest | ID: NA] GET /all-jobs-display - ::1
2025-02-28 12:47:36 [INFO]: [User: Guest | ID: NA] GET /all-jobs-display - ::1
2025-02-28 12:47:36 [INFO]: [User: Guest | ID: NA] GET /all-jobs-display - ::1
2025-02-28 12:47:36 [INFO]: [User: Guest | ID: NA] GET /all-jobs-display - ::1
2025-02-28 12:47:37 [INFO]: [User: Guest | ID: NA] GET /all-jobs-display - ::1
2025-02-28 12:47:38 [INFO]: [User: Guest | ID: NA] GET /all-jobs-display - ::1
2025-02-28 12:48:14 [INFO]: [User: Guest | ID: NA] GET /all-jobs-display - ::1
2025-02-28 12:48:15 [INFO]: [User: Guest | ID: NA] GET /all-jobs-display - ::1
2025-02-28 12:48:17 [INFO]: [User: Guest | ID: NA] GET /all-jobs-display - ::1
2025-02-28 12:48:17 [INFO]: [User: Guest | ID: NA] GET /all-jobs-display - ::1
2025-02-28 12:48:18 [INFO]: [User: Guest | ID: NA] GET /all-jobs-display - ::1
2025-02-28 12:48:20 [INFO]: [User: Guest | ID: NA] GET /all-jobs-display - ::1
2025-02-28 12:48:27 [INFO]: [User: Guest | ID: NA] GET /all-jobs-display - ::1
2025-02-28 12:48:28 [INFO]: [User: Guest | ID: NA] GET /all-jobs-display - ::1
2025-02-28 12:48:31 [INFO]: [User: Guest | ID: NA] GET /all-jobs-display - ::1
2025-02-28 12:48:33 [INFO]: [User: Guest | ID: NA] GET /all-jobs-display - ::1
2025-02-28 12:48:33 [INFO]: [User: Guest | ID: NA] GET /all-jobs-display - ::1
2025-02-28 12:48:33 [INFO]: [User: Guest | ID: NA] GET /all-jobs-display - ::1
2025-02-28 12:48:33 [INFO]: [User: Guest | ID: NA] GET /all-jobs-display - ::1
2025-02-28 12:48:35 [INFO]: [User: Guest | ID: NA] GET /all-jobs-display - ::1
2025-02-28 12:48:41 [INFO]: [User: Guest | ID: NA] GET /all-jobs-display - ::1
2025-02-28 12:48:42 [INFO]: [User: Guest | ID: NA] GET /all-jobs-display - ::1
2025-02-28 12:48:52 [INFO]: [User: Guest | ID: NA] GET /all-jobs-display - ::1
2025-02-28 12:48:53 [INFO]: [User: Guest | ID: NA] GET /all-jobs-display - ::1
2025-02-28 12:49:11 [INFO]: [User: Guest | ID: NA] GET /all-jobs-display - ::1
2025-02-28 12:49:11 [INFO]: [User: Guest | ID: NA] GET /all-jobs-display - ::1
2025-02-28 12:49:11 [INFO]: [User: Guest | ID: NA] GET /all-jobs-display - ::1
2025-02-28 12:49:12 [INFO]: [User: Guest | ID: NA] GET /show-company - ::1
2025-02-28 12:49:12 [INFO]: [User: Guest | ID: NA] GET /show-job_position - ::1
2025-02-28 12:49:12 [INFO]: [User: Guest | ID: NA] GET /show-company - ::1
2025-02-28 12:49:12 [INFO]: [User: Guest | ID: NA] GET /show-job_position - ::1
2025-02-28 12:49:12 [INFO]: [User: Guest | ID: NA] GET /all-jobs-display - ::1
2025-02-28 12:49:21 [INFO]: [User: Guest | ID: NA] GET /all-jobs-display - ::1
2025-02-28 12:49:21 [INFO]: [User: Guest | ID: NA] GET /all-jobs-display - ::1
2025-02-28 12:49:23 [INFO]: [User: Guest | ID: NA] GET /all-jobs-display - ::1
2025-02-28 12:49:24 [INFO]: [User: Guest | ID: NA] GET /all-jobs-display - ::1
2025-02-28 12:49:47 [INFO]: [User: Guest | ID: NA] GET /all-jobs-display - ::1
2025-02-28 12:49:47 [INFO]: [User: Guest | ID: NA] GET /all-jobs-display - ::1
2025-02-28 12:50:00 [INFO]: [User: Guest | ID: NA] GET /all-jobs-display - ::1
2025-02-28 12:50:00 [INFO]: [User: Guest | ID: NA] GET /all-jobs-display - ::1
2025-02-28 12:50:01 [INFO]: [User: Guest | ID: NA] GET /show-company - ::1
2025-02-28 12:50:01 [INFO]: [User: Guest | ID: NA] GET /show-job_position - ::1
2025-02-28 12:50:01 [INFO]: [User: Guest | ID: NA] GET /show-company - ::1
2025-02-28 12:50:01 [INFO]: [User: Guest | ID: NA] GET /show-job_position - ::1
2025-02-28 12:50:32 [INFO]: [User: Guest | ID: NA] GET /all-jobs-display - ::1
2025-02-28 12:50:33 [INFO]: [User: Guest | ID: NA] GET /all-jobs-display - ::1
2025-02-28 12:50:34 [INFO]: [User: Guest | ID: NA] GET /all-jobs-display - ::1
2025-02-28 12:50:35 [INFO]: [User: Guest | ID: NA] GET /all-jobs-display - ::1
2025-02-28 12:50:37 [INFO]: [User: Guest | ID: NA] GET /show-company - ::1
2025-02-28 12:50:37 [INFO]: [User: Guest | ID: NA] GET /show-job_position - ::1
2025-02-28 12:50:37 [INFO]: [User: Guest | ID: NA] GET /show-company - ::1
2025-02-28 12:50:37 [INFO]: [User: Guest | ID: NA] GET /show-job_position - ::1
2025-02-28 12:50:46 [INFO]: [User: Guest | ID: NA] GET /all-jobs-display - ::1
2025-02-28 12:50:46 [INFO]: [User: Guest | ID: NA] GET /all-jobs-display - ::1
2025-02-28 13:03:54 [INFO]: [User: Guest | ID: NA] POST /login - ::1
2025-02-28 13:03:54 [INFO]: [User: Guest | ID: NA] POST /log-login - ::1
2025-02-28 13:03:54 [INFO]: [LOGIN] User: deep (ID: 9, Email: deep@gmail.com) logged in successfully.
2025-02-28 13:04:53 [INFO]: [User: Guest | ID: NA] GET /all-jobs-display - ::1
2025-02-28 13:04:53 [INFO]: [User: Guest | ID: NA] GET /all-jobs-display - ::1
2025-02-28 13:05:18 [INFO]: [User: Guest | ID: NA] GET /all-jobs-display - ::1
2025-02-28 13:05:18 [INFO]: [User: Guest | ID: NA] GET /all-jobs-display - ::1
2025-02-28 13:06:46 [INFO]: [User: Guest | ID: NA] GET /all-jobs-display - ::1
2025-02-28 13:06:46 [INFO]: [User: Guest | ID: NA] GET /all-jobs-display - ::1
2025-02-28 13:06:49 [INFO]: [User: Guest | ID: NA] GET /all-jobs-display - ::1
2025-02-28 13:06:49 [INFO]: [User: Guest | ID: NA] GET /all-jobs-display - ::1
2025-02-28 13:07:26 [INFO]: [User: Guest | ID: NA] POST /login - ::1
2025-02-28 13:07:26 [INFO]: [User: Guest | ID: NA] POST /log-login - ::1
2025-02-28 13:07:26 [INFO]: [LOGIN] User: Harsh Patel (ID: 6, Email: harsh@gmail.com) logged in successfully.
2025-02-28 13:07:26 [INFO]: [User: Guest | ID: NA] GET /show-users - ::1
2025-02-28 13:07:26 [INFO]: [User: Guest | ID: NA] GET /show-users - ::1
2025-02-28 13:07:33 [INFO]: [User: Guest | ID: NA] GET /show-users - ::1
2025-02-28 13:07:33 [INFO]: [User: Guest | ID: NA] GET /show-users - ::1
2025-02-28 13:07:41 [INFO]: [User: Guest | ID: NA] POST /login - ::1
2025-02-28 13:07:41 [INFO]: [User: Guest | ID: NA] POST /log-login - ::1
2025-02-28 13:07:41 [INFO]: [LOGIN] User: Neha (ID: 13, Email: neha@gmail.com) logged in successfully.
2025-02-28 14:22:35 [INFO]: [User: Guest | ID: NA] POST /login - ::1
2025-02-28 14:22:35 [INFO]: [User: Guest | ID: NA] POST /log-login - ::1
2025-02-28 14:22:35 [INFO]: [LOGIN] User: deep (ID: 9, Email: deep@gmail.com) logged in successfully.
2025-02-28 14:22:38 [INFO]: [User: Guest | ID: NA] GET /all-jobs-display - ::1
2025-02-28 14:22:38 [INFO]: [User: Guest | ID: NA] GET /all-jobs-display - ::1
2025-02-28 14:22:40 [INFO]: [User: Guest | ID: NA] GET /show-company - ::1
2025-02-28 14:22:40 [INFO]: [User: Guest | ID: NA] GET /show-job_position - ::1
2025-02-28 14:22:40 [INFO]: [User: Guest | ID: NA] GET /show-company - ::1
2025-02-28 14:22:40 [INFO]: [User: Guest | ID: NA] GET /show-job_position - ::1
2025-02-28 14:24:31 [INFO]: [User: Guest | ID: NA] GET /show-company - ::1
2025-02-28 14:24:31 [INFO]: [User: Guest | ID: NA] GET /show-job_position - ::1
2025-02-28 14:24:31 [INFO]: [User: Guest | ID: NA] GET /show-company - ::1
2025-02-28 14:24:31 [INFO]: [User: Guest | ID: NA] GET /show-job_position - ::1
2025-02-28 14:25:28 [INFO]: [User: Guest | ID: NA] GET /show-company - ::1
2025-02-28 14:25:28 [INFO]: [User: Guest | ID: NA] GET /show-job_position - ::1
2025-02-28 14:25:28 [INFO]: [User: Guest | ID: NA] GET /show-company - ::1
2025-02-28 14:25:28 [INFO]: [User: Guest | ID: NA] GET /show-job_position - ::1
2025-02-28 14:26:42 [INFO]: [User: Guest | ID: NA] GET /show-company - ::1
2025-02-28 14:26:42 [INFO]: [User: Guest | ID: NA] GET /show-job_position - ::1
2025-02-28 14:26:44 [INFO]: [User: Guest | ID: NA] GET /show-company - ::1
2025-02-28 14:26:44 [INFO]: [User: Guest | ID: NA] GET /show-job_position - ::1
2025-02-28 14:30:12 [INFO]: [User: Guest | ID: NA] GET /all-jobs-display - ::1
2025-02-28 14:30:12 [INFO]: [User: Guest | ID: NA] GET /all-jobs-display - ::1
2025-02-28 14:30:58 [INFO]: [User: Guest | ID: NA] GET /all-jobs-display - ::1
2025-02-28 14:30:59 [INFO]: [User: Guest | ID: NA] GET /show-company - ::1
2025-02-28 14:30:59 [INFO]: [User: Guest | ID: NA] GET /show-job_position - ::1
2025-02-28 14:30:59 [INFO]: [User: Guest | ID: NA] GET /show-company - ::1
2025-02-28 14:30:59 [INFO]: [User: Guest | ID: NA] GET /show-job_position - ::1
2025-02-28 14:31:03 [INFO]: [User: Guest | ID: NA] GET /all-jobs-display - ::1
2025-02-28 14:31:18 [INFO]: [User: Guest | ID: NA] GET /all-jobs-display - ::1
2025-02-28 14:31:20 [INFO]: [User: Guest | ID: NA] GET /all-jobs-display - ::1
2025-02-28 14:31:23 [INFO]: [User: Guest | ID: NA] GET /all-jobs-display - ::1
2025-02-28 14:31:25 [INFO]: [User: Guest | ID: NA] GET /all-jobs-display - ::1
2025-02-28 14:31:28 [INFO]: [User: Guest | ID: NA] GET /all-jobs-display - ::1
2025-02-28 14:31:33 [INFO]: [User: Guest | ID: NA] GET /all-jobs-display - ::1
2025-02-28 14:31:37 [INFO]: [User: Guest | ID: NA] GET /all-jobs-display - ::1
2025-02-28 14:31:39 [INFO]: [User: Guest | ID: NA] GET /show-company - ::1
2025-02-28 14:31:39 [INFO]: [User: Guest | ID: NA] GET /show-job_position - ::1
2025-02-28 14:31:39 [INFO]: [User: Guest | ID: NA] GET /show-company - ::1
2025-02-28 14:31:39 [INFO]: [User: Guest | ID: NA] GET /show-job_position - ::1
2025-02-28 14:32:00 [INFO]: [User: Guest | ID: NA] GET /all-jobs-display - ::1
2025-02-28 14:32:03 [INFO]: [User: Guest | ID: NA] GET /all-jobs-display - ::1
2025-02-28 14:32:05 [INFO]: [User: Guest | ID: NA] GET /show-company - ::1
2025-02-28 14:32:05 [INFO]: [User: Guest | ID: NA] GET /show-job_position - ::1
2025-02-28 14:32:05 [INFO]: [User: Guest | ID: NA] GET /show-company - ::1
2025-02-28 14:32:05 [INFO]: [User: Guest | ID: NA] GET /show-job_position - ::1
2025-02-28 14:32:16 [INFO]: [User: Guest | ID: NA] GET /all-jobs-display - ::1
2025-02-28 14:32:20 [INFO]: [User: Guest | ID: NA] GET /all-jobs-display - ::1
2025-02-28 14:32:40 [INFO]: [User: Guest | ID: NA] GET /all-jobs-display - ::1
2025-02-28 14:32:40 [INFO]: [User: Guest | ID: NA] GET /all-jobs-display - ::1
2025-02-28 14:32:52 [INFO]: [User: Guest | ID: NA] GET /all-jobs-display - ::1
2025-02-28 14:32:56 [INFO]: [User: Guest | ID: NA] GET /all-jobs-display - ::1
2025-02-28 14:32:56 [INFO]: [User: Guest | ID: NA] GET /all-jobs-display - ::1
2025-02-28 14:32:57 [INFO]: [User: Guest | ID: NA] GET /all-jobs-display - ::1
2025-02-28 14:32:59 [INFO]: [User: Guest | ID: NA] GET /all-jobs-display - ::1
2025-02-28 14:32:59 [INFO]: [User: Guest | ID: NA] GET /all-jobs-display - ::1
2025-02-28 14:33:10 [INFO]: [User: Guest | ID: NA] GET /all-jobs-display - ::1
2025-02-28 14:33:10 [INFO]: [User: Guest | ID: NA] GET /all-jobs-display - ::1
2025-02-28 14:33:13 [INFO]: [User: Guest | ID: NA] GET /all-jobs-display - ::1
2025-02-28 14:33:16 [INFO]: [User: Guest | ID: NA] GET /all-jobs-display - ::1
2025-02-28 14:33:30 [INFO]: [User: Guest | ID: NA] GET /all-jobs-display - ::1
2025-02-28 14:33:31 [INFO]: [User: Guest | ID: NA] GET /all-jobs-display - ::1
2025-02-28 14:33:32 [INFO]: [User: Guest | ID: NA] GET /all-jobs-display - ::1
2025-02-28 14:33:33 [INFO]: [User: Guest | ID: NA] GET /all-jobs-display - ::1
2025-02-28 14:33:35 [INFO]: [User: Guest | ID: NA] GET /all-jobs-display - ::1
2025-02-28 14:33:36 [INFO]: [User: Guest | ID: NA] GET /all-jobs-display - ::1
2025-02-28 14:33:36 [INFO]: [User: Guest | ID: NA] GET /all-jobs-display - ::1
2025-02-28 14:33:36 [INFO]: [User: Guest | ID: NA] GET /all-jobs-display - ::1
2025-02-28 14:33:38 [INFO]: [User: Guest | ID: NA] GET /show-company - ::1
2025-02-28 14:33:38 [INFO]: [User: Guest | ID: NA] GET /show-job_position - ::1
2025-02-28 14:33:38 [INFO]: [User: Guest | ID: NA] GET /show-company - ::1
2025-02-28 14:33:38 [INFO]: [User: Guest | ID: NA] GET /show-job_position - ::1
2025-02-28 14:33:40 [INFO]: [User: Guest | ID: NA] GET /all-jobs-display - ::1
2025-02-28 14:33:40 [INFO]: [User: Guest | ID: NA] GET /all-jobs-display - ::1
2025-02-28 14:33:41 [INFO]: [User: Guest | ID: NA] GET /all-jobs-display - ::1
2025-02-28 14:33:41 [INFO]: [User: Guest | ID: NA] GET /all-jobs-display - ::1
2025-02-28 14:33:41 [INFO]: [User: Guest | ID: NA] GET /all-jobs-display - ::1
2025-02-28 14:34:15 [INFO]: [User: Guest | ID: NA] GET /all-jobs-display - ::1
2025-02-28 14:34:37 [INFO]: [User: Guest | ID: NA] GET /show-company - ::1
2025-02-28 14:34:37 [INFO]: [User: Guest | ID: NA] GET /show-job_position - ::1
2025-02-28 14:34:37 [INFO]: [User: Guest | ID: NA] GET /show-company - ::1
2025-02-28 14:34:37 [INFO]: [User: Guest | ID: NA] GET /show-job_position - ::1
2025-02-28 14:34:40 [INFO]: [User: Guest | ID: NA] GET /show-company - ::1
2025-02-28 14:34:40 [INFO]: [User: Guest | ID: NA] GET /show-job_position - ::1
2025-02-28 14:34:40 [INFO]: [User: Guest | ID: NA] GET /show-company - ::1
2025-02-28 14:34:40 [INFO]: [User: Guest | ID: NA] GET /show-job_position - ::1
2025-02-28 14:35:19 [INFO]: [User: Guest | ID: NA] GET /all-jobs-display - ::1
2025-02-28 14:35:19 [INFO]: [User: Guest | ID: NA] GET /all-jobs-display - ::1
2025-02-28 14:35:30 [INFO]: [User: Guest | ID: NA] GET /show-company - ::1
2025-02-28 14:35:30 [INFO]: [User: Guest | ID: NA] GET /show-job_position - ::1
2025-02-28 14:35:30 [INFO]: [User: Guest | ID: NA] GET /show-company - ::1
2025-02-28 14:35:30 [INFO]: [User: Guest | ID: NA] GET /show-job_position - ::1
2025-02-28 14:35:46 [INFO]: [User: Guest | ID: NA] GET /show-company - ::1
2025-02-28 14:35:46 [INFO]: [User: Guest | ID: NA] GET /show-job_position - ::1
2025-02-28 14:35:48 [INFO]: [User: Guest | ID: NA] GET /show-company - ::1
2025-02-28 14:35:48 [INFO]: [User: Guest | ID: NA] GET /show-job_position - ::1
2025-02-28 14:35:48 [INFO]: [User: Guest | ID: NA] GET /show-company - ::1
2025-02-28 14:35:48 [INFO]: [User: Guest | ID: NA] GET /show-job_position - ::1
2025-02-28 14:35:56 [INFO]: [User: Guest | ID: NA] GET /show-company - ::1
2025-02-28 14:35:56 [INFO]: [User: Guest | ID: NA] GET /show-job_position - ::1
2025-02-28 14:36:09 [INFO]: [User: Guest | ID: NA] GET /all-jobs-display - ::1
2025-02-28 14:36:09 [INFO]: [User: Guest | ID: NA] GET /all-jobs-display - ::1
2025-02-28 14:36:28 [INFO]: [User: Guest | ID: NA] GET /show-company - ::1
2025-02-28 14:36:28 [INFO]: [User: Guest | ID: NA] GET /show-job_position - ::1
2025-02-28 14:36:28 [INFO]: [User: Guest | ID: NA] GET /show-company - ::1
2025-02-28 14:36:28 [INFO]: [User: Guest | ID: NA] GET /show-job_position - ::1
2025-02-28 14:36:30 [INFO]: [User: Guest | ID: NA] GET /show-company - ::1
2025-02-28 14:36:30 [INFO]: [User: Guest | ID: NA] GET /show-job_position - ::1
2025-02-28 14:36:40 [INFO]: [User: Guest | ID: NA] GET /show-company - ::1
2025-02-28 14:36:40 [INFO]: [User: Guest | ID: NA] GET /show-job_position - ::1
2025-02-28 14:36:40 [INFO]: [User: Guest | ID: NA] GET /show-company - ::1
2025-02-28 14:36:40 [INFO]: [User: Guest | ID: NA] GET /show-job_position - ::1
2025-02-28 14:37:10 [INFO]: [User: Guest | ID: NA] GET /show-company - ::1
2025-02-28 14:37:10 [INFO]: [User: Guest | ID: NA] GET /show-job_position - ::1
2025-02-28 14:37:21 [INFO]: [User: Guest | ID: NA] GET /show-company - ::1
2025-02-28 14:37:21 [INFO]: [User: Guest | ID: NA] GET /show-job_position - ::1
2025-02-28 14:37:24 [INFO]: [User: Guest | ID: NA] GET /show-company - ::1
2025-02-28 14:37:24 [INFO]: [User: Guest | ID: NA] GET /show-job_position - ::1
2025-02-28 14:37:30 [INFO]: [User: Guest | ID: NA] GET /show-company - ::1
2025-02-28 14:37:30 [INFO]: [User: Guest | ID: NA] GET /show-job_position - ::1
2025-02-28 14:37:39 [INFO]: [User: Guest | ID: NA] GET /show-company - ::1
2025-02-28 14:37:39 [INFO]: [User: Guest | ID: NA] GET /show-job_position - ::1
2025-02-28 14:37:45 [INFO]: [User: Guest | ID: NA] GET /show-company - ::1
2025-02-28 14:37:45 [INFO]: [User: Guest | ID: NA] GET /show-job_position - ::1
2025-02-28 14:37:50 [INFO]: [User: Guest | ID: NA] GET /show-company - ::1
2025-02-28 14:37:50 [INFO]: [User: Guest | ID: NA] GET /show-job_position - ::1
2025-02-28 14:38:07 [INFO]: [User: Guest | ID: NA] GET /show-company - ::1
2025-02-28 14:38:07 [INFO]: [User: Guest | ID: NA] GET /show-job_position - ::1
2025-02-28 14:38:21 [INFO]: [User: Guest | ID: NA] GET /show-company - ::1
2025-02-28 14:38:21 [INFO]: [User: Guest | ID: NA] GET /show-job_position - ::1
2025-02-28 14:38:22 [INFO]: [User: Guest | ID: NA] GET /show-company - ::1
2025-02-28 14:38:22 [INFO]: [User: Guest | ID: NA] GET /show-job_position - ::1
2025-02-28 14:38:22 [INFO]: [User: Guest | ID: NA] GET /show-company - ::1
2025-02-28 14:38:22 [INFO]: [User: Guest | ID: NA] GET /show-job_position - ::1
2025-02-28 14:38:27 [INFO]: [User: Guest | ID: NA] GET /show-company - ::1
2025-02-28 14:38:27 [INFO]: [User: Guest | ID: NA] GET /show-job_position - ::1
2025-02-28 14:38:28 [INFO]: [User: Guest | ID: NA] GET /show-company - ::1
2025-02-28 14:38:28 [INFO]: [User: Guest | ID: NA] GET /show-job_position - ::1
2025-02-28 14:38:38 [INFO]: [User: Guest | ID: NA] GET /show-company - ::1
2025-02-28 14:38:38 [INFO]: [User: Guest | ID: NA] GET /show-job_position - ::1
2025-02-28 14:38:42 [INFO]: [User: Guest | ID: NA] GET /show-company - ::1
2025-02-28 14:38:42 [INFO]: [User: Guest | ID: NA] GET /show-job_position - ::1
2025-02-28 14:38:49 [INFO]: [User: Guest | ID: NA] GET /show-company - ::1
2025-02-28 14:38:49 [INFO]: [User: Guest | ID: NA] GET /show-job_position - ::1
2025-02-28 14:38:50 [INFO]: [User: Guest | ID: NA] GET /show-company - ::1
2025-02-28 14:38:50 [INFO]: [User: Guest | ID: NA] GET /show-job_position - ::1
2025-02-28 14:38:54 [INFO]: [User: Guest | ID: NA] GET /show-company - ::1
2025-02-28 14:38:54 [INFO]: [User: Guest | ID: NA] GET /show-job_position - ::1
2025-02-28 14:38:57 [INFO]: [User: Guest | ID: NA] GET /show-company - ::1
2025-02-28 14:38:57 [INFO]: [User: Guest | ID: NA] GET /show-job_position - ::1
2025-02-28 14:39:01 [INFO]: [User: Guest | ID: NA] GET /show-company - ::1
2025-02-28 14:39:01 [INFO]: [User: Guest | ID: NA] GET /show-job_position - ::1
2025-02-28 14:39:02 [INFO]: [User: Guest | ID: NA] GET /show-company - ::1
2025-02-28 14:39:02 [INFO]: [User: Guest | ID: NA] GET /show-job_position - ::1
2025-02-28 14:39:04 [INFO]: [User: Guest | ID: NA] GET /show-company - ::1
2025-02-28 14:39:04 [INFO]: [User: Guest | ID: NA] GET /show-job_position - ::1
2025-02-28 14:39:12 [INFO]: [User: Guest | ID: NA] GET /show-company - ::1
2025-02-28 14:39:12 [INFO]: [User: Guest | ID: NA] GET /show-job_position - ::1
2025-02-28 14:39:22 [INFO]: [User: Guest | ID: NA] GET /show-company - ::1
2025-02-28 14:39:22 [INFO]: [User: Guest | ID: NA] GET /show-job_position - ::1
2025-02-28 14:39:31 [INFO]: [User: Guest | ID: NA] GET /show-company - ::1
2025-02-28 14:39:31 [INFO]: [User: Guest | ID: NA] GET /show-job_position - ::1
2025-02-28 14:39:33 [INFO]: [User: Guest | ID: NA] GET /show-company - ::1
2025-02-28 14:39:33 [INFO]: [User: Guest | ID: NA] GET /show-job_position - ::1
2025-02-28 14:39:37 [INFO]: [User: Guest | ID: NA] GET /show-company - ::1
2025-02-28 14:39:37 [INFO]: [User: Guest | ID: NA] GET /show-job_position - ::1
2025-02-28 14:39:43 [INFO]: [User: Guest | ID: NA] GET /show-company - ::1
2025-02-28 14:39:43 [INFO]: [User: Guest | ID: NA] GET /show-job_position - ::1
2025-02-28 14:39:45 [INFO]: [User: Guest | ID: NA] GET /show-company - ::1
2025-02-28 14:39:45 [INFO]: [User: Guest | ID: NA] GET /show-job_position - ::1
2025-02-28 14:39:46 [INFO]: [User: Guest | ID: NA] GET /show-company - ::1
2025-02-28 14:39:46 [INFO]: [User: Guest | ID: NA] GET /show-job_position - ::1
2025-02-28 14:39:49 [INFO]: [User: Guest | ID: NA] GET /show-company - ::1
2025-02-28 14:39:49 [INFO]: [User: Guest | ID: NA] GET /show-job_position - ::1
2025-02-28 14:39:51 [INFO]: [User: Guest | ID: NA] GET /show-company - ::1
2025-02-28 14:39:51 [INFO]: [User: Guest | ID: NA] GET /show-job_position - ::1
2025-02-28 14:39:57 [INFO]: [User: Guest | ID: NA] GET /show-company - ::1
2025-02-28 14:39:57 [INFO]: [User: Guest | ID: NA] GET /show-job_position - ::1
2025-02-28 14:40:05 [INFO]: [User: Guest | ID: NA] GET /show-company - ::1
2025-02-28 14:40:05 [INFO]: [User: Guest | ID: NA] GET /show-job_position - ::1
2025-02-28 14:40:06 [INFO]: [User: Guest | ID: NA] GET /show-company - ::1
2025-02-28 14:40:06 [INFO]: [User: Guest | ID: NA] GET /show-job_position - ::1
2025-02-28 14:40:08 [INFO]: [User: Guest | ID: NA] GET /show-company - ::1
2025-02-28 14:40:08 [INFO]: [User: Guest | ID: NA] GET /show-job_position - ::1
2025-02-28 14:40:09 [INFO]: [User: Guest | ID: NA] GET /show-company - ::1
2025-02-28 14:40:09 [INFO]: [User: Guest | ID: NA] GET /show-job_position - ::1
2025-02-28 14:40:09 [INFO]: [User: Guest | ID: NA] GET /show-company - ::1
2025-02-28 14:40:09 [INFO]: [User: Guest | ID: NA] GET /show-job_position - ::1
2025-02-28 14:40:14 [INFO]: [User: Guest | ID: NA] GET /show-company - ::1
2025-02-28 14:40:14 [INFO]: [User: Guest | ID: NA] GET /show-job_position - ::1
2025-02-28 14:40:16 [INFO]: [User: Guest | ID: NA] GET /show-company - ::1
2025-02-28 14:40:16 [INFO]: [User: Guest | ID: NA] GET /show-job_position - ::1
2025-02-28 14:40:20 [INFO]: [User: Guest | ID: NA] GET /show-company - ::1
2025-02-28 14:40:20 [INFO]: [User: Guest | ID: NA] GET /show-job_position - ::1
2025-02-28 14:40:36 [INFO]: [User: Guest | ID: NA] GET /all-jobs-display - ::1
2025-02-28 14:40:36 [INFO]: [User: Guest | ID: NA] GET /all-jobs-display - ::1
2025-02-28 14:40:43 [INFO]: [User: Guest | ID: NA] GET /all-jobs-display - ::1
2025-02-28 14:40:43 [INFO]: [User: Guest | ID: NA] GET /all-jobs-display - ::1
2025-02-28 14:41:05 [INFO]: [User: Guest | ID: NA] GET /show-company - ::1
2025-02-28 14:41:05 [INFO]: [User: Guest | ID: NA] GET /show-job_position - ::1
2025-02-28 14:41:05 [INFO]: [User: Guest | ID: NA] GET /show-company - ::1
2025-02-28 14:41:05 [INFO]: [User: Guest | ID: NA] GET /show-job_position - ::1
2025-02-28 14:41:10 [INFO]: [User: Guest | ID: NA] GET /all-jobs-display - ::1
2025-02-28 14:41:10 [INFO]: [User: Guest | ID: NA] GET /all-jobs-display - ::1
2025-02-28 14:41:15 [INFO]: [User: Guest | ID: NA] GET /show-company - ::1
2025-02-28 14:41:16 [INFO]: [User: Guest | ID: NA] GET /show-job_position - ::1
2025-02-28 14:41:16 [INFO]: [User: Guest | ID: NA] GET /show-company - ::1
2025-02-28 14:41:16 [INFO]: [User: Guest | ID: NA] GET /show-job_position - ::1
2025-02-28 15:36:18 [INFO]: [User: Guest | ID: NA] GET /all-jobs-display - ::1
2025-02-28 15:36:18 [INFO]: [User: Guest | ID: NA] GET /all-jobs-display - ::1
2025-02-28 15:36:21 [INFO]: [User: Guest | ID: NA] GET /show-company - ::1
2025-02-28 15:36:21 [INFO]: [User: Guest | ID: NA] GET /show-job_position - ::1
2025-02-28 15:36:21 [INFO]: [User: Guest | ID: NA] GET /show-company - ::1
2025-02-28 15:36:21 [INFO]: [User: Guest | ID: NA] GET /show-job_position - ::1
2025-02-28 15:37:14 [INFO]: [User: Guest | ID: NA] GET /show-company - ::1
2025-02-28 15:37:14 [INFO]: [User: Guest | ID: NA] GET /show-job_position - ::1
2025-02-28 15:37:14 [INFO]: [User: Guest | ID: NA] GET /show-company - ::1
2025-02-28 15:37:14 [INFO]: [User: Guest | ID: NA] GET /show-job_position - ::1
2025-02-28 15:37:53 [INFO]: [User: Guest | ID: NA] GET /show-company - ::1
2025-02-28 15:37:53 [INFO]: [User: Guest | ID: NA] GET /show-job_position - ::1
2025-02-28 15:37:59 [INFO]: [User: Guest | ID: NA] GET /show-company - ::1
2025-02-28 15:37:59 [INFO]: [User: Guest | ID: NA] GET /show-job_position - ::1
2025-02-28 15:38:02 [INFO]: [User: Guest | ID: NA] GET /show-company - ::1
2025-02-28 15:38:02 [INFO]: [User: Guest | ID: NA] GET /show-job_position - ::1
2025-02-28 15:38:02 [INFO]: [User: Guest | ID: NA] GET /show-company - ::1
2025-02-28 15:38:02 [INFO]: [User: Guest | ID: NA] GET /show-job_position - ::1
2025-02-28 15:38:08 [INFO]: [User: Guest | ID: NA] GET /show-company - ::1
2025-02-28 15:38:08 [INFO]: [User: Guest | ID: NA] GET /show-job_position - ::1
2025-02-28 15:38:15 [INFO]: [User: Guest | ID: NA] GET /show-company - ::1
2025-02-28 15:38:15 [INFO]: [User: Guest | ID: NA] GET /show-job_position - ::1
2025-02-28 15:38:19 [INFO]: [User: Guest | ID: NA] GET /show-company - ::1
2025-02-28 15:38:19 [INFO]: [User: Guest | ID: NA] GET /show-job_position - ::1
2025-02-28 15:38:25 [INFO]: [User: Guest | ID: NA] GET /show-company - ::1
2025-02-28 15:38:25 [INFO]: [User: Guest | ID: NA] GET /show-job_position - ::1
2025-02-28 15:38:33 [INFO]: [User: Guest | ID: NA] GET /show-company - ::1
2025-02-28 15:38:33 [INFO]: [User: Guest | ID: NA] GET /show-job_position - ::1
2025-02-28 15:38:41 [INFO]: [User: Guest | ID: NA] GET /show-company - ::1
2025-02-28 15:38:41 [INFO]: [User: Guest | ID: NA] GET /show-job_position - ::1
2025-02-28 15:38:43 [INFO]: [User: Guest | ID: NA] GET /show-company - ::1
2025-02-28 15:38:43 [INFO]: [User: Guest | ID: NA] GET /show-job_position - ::1
2025-02-28 15:38:48 [INFO]: [User: Guest | ID: NA] GET /show-company - ::1
2025-02-28 15:38:48 [INFO]: [User: Guest | ID: NA] GET /show-job_position - ::1
2025-02-28 15:38:57 [INFO]: [User: Guest | ID: NA] GET /show-company - ::1
2025-02-28 15:38:57 [INFO]: [User: Guest | ID: NA] GET /show-job_position - ::1
2025-02-28 15:39:04 [INFO]: [User: Guest | ID: NA] GET /show-company - ::1
2025-02-28 15:39:04 [INFO]: [User: Guest | ID: NA] GET /show-job_position - ::1
2025-02-28 15:39:04 [INFO]: [User: Guest | ID: NA] GET /show-company - ::1
2025-02-28 15:39:04 [INFO]: [User: Guest | ID: NA] GET /show-job_position - ::1
2025-02-28 15:39:06 [INFO]: [User: Guest | ID: NA] GET /show-company - ::1
2025-02-28 15:39:06 [INFO]: [User: Guest | ID: NA] GET /show-job_position - ::1
2025-02-28 15:39:31 [INFO]: [User: Guest | ID: NA] GET /show-company - ::1
2025-02-28 15:39:31 [INFO]: [User: Guest | ID: NA] GET /show-job_position - ::1
2025-02-28 15:39:44 [INFO]: [User: Guest | ID: NA] GET /show-company - ::1
2025-02-28 15:39:44 [INFO]: [User: Guest | ID: NA] GET /show-job_position - ::1
2025-02-28 15:39:51 [INFO]: [User: Guest | ID: NA] GET /show-company - ::1
2025-02-28 15:39:51 [INFO]: [User: Guest | ID: NA] GET /show-job_position - ::1
2025-02-28 15:39:51 [INFO]: [User: Guest | ID: NA] GET /show-company - ::1
2025-02-28 15:39:51 [INFO]: [User: Guest | ID: NA] GET /show-job_position - ::1
2025-02-28 15:40:01 [INFO]: [User: Guest | ID: NA] GET /show-company - ::1
2025-02-28 15:40:01 [INFO]: [User: Guest | ID: NA] GET /show-job_position - ::1
2025-02-28 15:40:14 [INFO]: [User: Guest | ID: NA] GET /show-company - ::1
2025-02-28 15:40:14 [INFO]: [User: Guest | ID: NA] GET /show-job_position - ::1
2025-02-28 15:40:16 [INFO]: [User: Guest | ID: NA] GET /show-company - ::1
2025-02-28 15:40:16 [INFO]: [User: Guest | ID: NA] GET /show-job_position - ::1
2025-02-28 15:40:21 [INFO]: [User: Guest | ID: NA] GET /all-jobs-display - ::1
2025-02-28 15:40:22 [INFO]: [User: Guest | ID: NA] GET /all-jobs-display - ::1
2025-02-28 15:41:03 [INFO]: [User: Guest | ID: NA] GET /show-company - ::1
2025-02-28 15:41:03 [INFO]: [User: Guest | ID: NA] GET /show-job_position - ::1
2025-02-28 15:41:03 [INFO]: [User: Guest | ID: NA] GET /show-company - ::1
2025-02-28 15:41:03 [INFO]: [User: Guest | ID: NA] GET /show-job_position - ::1
2025-02-28 15:41:50 [INFO]: [User: Guest | ID: NA] GET /all-jobs-display - ::1
2025-02-28 15:41:50 [INFO]: [User: Guest | ID: NA] GET /all-jobs-display - ::1
2025-02-28 15:41:52 [INFO]: [User: Guest | ID: NA] GET /show-company - ::1
2025-02-28 15:41:52 [INFO]: [User: Guest | ID: NA] GET /show-job_position - ::1
2025-02-28 15:41:52 [INFO]: [User: Guest | ID: NA] GET /show-company - ::1
2025-02-28 15:41:52 [INFO]: [User: Guest | ID: NA] GET /show-job_position - ::1
2025-02-28 15:42:00 [INFO]: [User: Guest | ID: NA] GET /show-company - ::1
2025-02-28 15:42:00 [INFO]: [User: Guest | ID: NA] GET /show-job_position - ::1
2025-02-28 15:42:01 [INFO]: [User: Guest | ID: NA] GET /all-jobs-display - ::1
2025-02-28 15:42:01 [INFO]: [User: Guest | ID: NA] GET /all-jobs-display - ::1
2025-02-28 15:42:02 [INFO]: [User: Guest | ID: NA] GET /show-company - ::1
2025-02-28 15:42:02 [INFO]: [User: Guest | ID: NA] GET /show-job_position - ::1
2025-02-28 15:42:02 [INFO]: [User: Guest | ID: NA] GET /show-company - ::1
2025-02-28 15:42:02 [INFO]: [User: Guest | ID: NA] GET /show-job_position - ::1
2025-02-28 15:42:22 [INFO]: [User: Guest | ID: NA] GET /all-jobs-display - ::1
2025-02-28 15:42:22 [INFO]: [User: Guest | ID: NA] GET /all-jobs-display - ::1
2025-02-28 15:42:34 [INFO]: [User: Guest | ID: NA] GET /all-jobs-display - ::1
2025-02-28 15:42:35 [INFO]: [User: Guest | ID: NA] GET /all-jobs-display - ::1
2025-02-28 15:42:37 [INFO]: [User: Guest | ID: NA] GET /all-jobs-display - ::1
2025-02-28 15:43:00 [INFO]: [User: Guest | ID: NA] GET /all-jobs-display - ::1
2025-02-28 15:43:27 [INFO]: [User: Guest | ID: NA] GET /all-jobs-display - ::1
2025-02-28 15:43:48 [INFO]: [User: Guest | ID: NA] GET /all-jobs-display - ::1
2025-02-28 15:43:49 [INFO]: [User: Guest | ID: NA] GET /all-jobs-display - ::1
2025-02-28 15:43:54 [INFO]: [User: Guest | ID: NA] GET /all-jobs-display - ::1
2025-02-28 15:44:00 [INFO]: [User: Guest | ID: NA] GET /all-jobs-display - ::1
2025-02-28 15:44:12 [INFO]: [User: Guest | ID: NA] GET /all-jobs-display - ::1
2025-02-28 15:44:13 [INFO]: [User: Guest | ID: NA] GET /all-jobs-display - ::1
2025-02-28 15:44:15 [INFO]: [User: Guest | ID: NA] GET /all-jobs-display - ::1
2025-02-28 15:44:17 [INFO]: [User: Guest | ID: NA] GET /all-jobs-display - ::1
2025-02-28 15:44:25 [INFO]: [User: Guest | ID: NA] GET /all-jobs-display - ::1
2025-02-28 15:44:36 [INFO]: [User: Guest | ID: NA] GET /all-jobs-display - ::1
2025-02-28 15:45:29 [INFO]: [User: Guest | ID: NA] GET /all-jobs-display - ::1
2025-02-28 15:45:31 [INFO]: [User: Guest | ID: NA] GET /all-jobs-display - ::1
2025-02-28 15:45:52 [INFO]: [User: Guest | ID: NA] GET /all-jobs-display - ::1
2025-02-28 15:45:56 [INFO]: [User: Guest | ID: NA] GET /all-jobs-display - ::1
2025-02-28 15:45:57 [INFO]: [User: Guest | ID: NA] GET /all-jobs-display - ::1
2025-02-28 15:46:04 [INFO]: [User: Guest | ID: NA] GET /all-jobs-display - ::1
2025-02-28 15:46:11 [INFO]: [User: Guest | ID: NA] GET /show-company - ::1
2025-02-28 15:46:11 [INFO]: [User: Guest | ID: NA] GET /show-job_position - ::1
2025-02-28 15:46:11 [INFO]: [User: Guest | ID: NA] GET /show-company - ::1
2025-02-28 15:46:11 [INFO]: [User: Guest | ID: NA] GET /show-job_position - ::1
2025-02-28 15:46:45 [INFO]: [User: Guest | ID: NA] GET /show-company - ::1
2025-02-28 15:46:45 [INFO]: [User: Guest | ID: NA] GET /show-job_position - ::1
2025-02-28 15:46:49 [INFO]: [User: Guest | ID: NA] GET /show-company - ::1
2025-02-28 15:46:49 [INFO]: [User: Guest | ID: NA] GET /show-job_position - ::1
2025-02-28 15:46:52 [INFO]: [User: Guest | ID: NA] GET /show-company - ::1
2025-02-28 15:46:52 [INFO]: [User: Guest | ID: NA] GET /show-job_position - ::1
2025-02-28 15:46:57 [INFO]: [User: Guest | ID: NA] GET /show-company - ::1
2025-02-28 15:46:57 [INFO]: [User: Guest | ID: NA] GET /show-job_position - ::1
2025-02-28 15:46:58 [INFO]: [User: Guest | ID: NA] GET /show-company - ::1
2025-02-28 15:46:58 [INFO]: [User: Guest | ID: NA] GET /show-job_position - ::1
2025-02-28 15:47:02 [INFO]: [User: Guest | ID: NA] GET /show-company - ::1
2025-02-28 15:47:02 [INFO]: [User: Guest | ID: NA] GET /show-job_position - ::1
2025-02-28 15:47:08 [INFO]: [User: Guest | ID: NA] GET /show-company - ::1
2025-02-28 15:47:08 [INFO]: [User: Guest | ID: NA] GET /show-job_position - ::1
2025-02-28 15:47:11 [INFO]: [User: Guest | ID: NA] GET /show-company - ::1
2025-02-28 15:47:11 [INFO]: [User: Guest | ID: NA] GET /show-job_position - ::1
2025-02-28 15:47:15 [INFO]: [User: Guest | ID: NA] GET /all-jobs-display - ::1
2025-02-28 15:47:16 [INFO]: [User: Guest | ID: NA] GET /all-jobs-display - ::1
2025-02-28 15:47:19 [INFO]: [User: Guest | ID: NA] GET /show-company - ::1
2025-02-28 15:47:19 [INFO]: [User: Guest | ID: NA] GET /show-job_position - ::1
2025-02-28 15:47:19 [INFO]: [User: Guest | ID: NA] GET /show-company - ::1
2025-02-28 15:47:19 [INFO]: [User: Guest | ID: NA] GET /show-job_position - ::1
2025-02-28 15:47:31 [INFO]: [User: Guest | ID: NA] POST /create-apply-for-job - ::1
2025-02-28 15:47:59 [INFO]: [User: Guest | ID: NA] GET /show-company - ::1
2025-02-28 15:47:59 [INFO]: [User: Guest | ID: NA] GET /show-job_position - ::1
2025-02-28 15:48:00 [INFO]: [User: Guest | ID: NA] GET /show-company - ::1
2025-02-28 15:48:00 [INFO]: [User: Guest | ID: NA] GET /show-job_position - ::1
2025-02-28 15:48:02 [INFO]: [User: Guest | ID: NA] POST /create-apply-for-job - ::1
2025-02-28 15:48:23 [INFO]: [User: Guest | ID: NA] GET /all-jobs-display - ::1
2025-02-28 15:48:26 [INFO]: [User: Guest | ID: NA] GET /all-jobs-display - ::1
2025-02-28 15:48:30 [INFO]: [User: Guest | ID: NA] POST /create-apply-for-job - ::1
2025-02-28 15:49:19 [INFO]: [User: Guest | ID: NA] POST /create-apply-for-job - ::1
2025-02-28 15:59:13 [INFO]: [User: Guest | ID: NA] POST /create-apply-for-job - ::1
2025-02-28 15:59:36 [INFO]: [User: Guest | ID: NA] GET /all-jobs-display - ::1
2025-02-28 15:59:36 [INFO]: [User: Guest | ID: NA] GET /all-jobs-display - ::1
2025-02-28 16:00:12 [INFO]: [User: Guest | ID: NA] GET /all-jobs-display - ::1
2025-02-28 16:00:12 [INFO]: [User: Guest | ID: NA] GET /all-jobs-display - ::ffff:127.0.0.1
2025-02-28 16:00:12 [INFO]: [User: Guest | ID: NA] GET /show-job_position - ::1
2025-02-28 16:00:12 [INFO]: [User: Guest | ID: NA] GET /show-company - ::ffff:127.0.0.1
2025-02-28 16:00:12 [INFO]: [User: Guest | ID: NA] GET /show-job_position - ::1
2025-02-28 16:00:12 [INFO]: [User: Guest | ID: NA] GET /show-company - ::ffff:127.0.0.1
2025-02-28 16:00:21 [INFO]: [User: Guest | ID: NA] POST /create-apply-for-job - ::1
2025-02-28 16:01:17 [INFO]: [User: Guest | ID: NA] GET /show-company - ::1
2025-02-28 16:01:17 [INFO]: [User: Guest | ID: NA] GET /show-job_position - ::1
2025-02-28 16:01:17 [INFO]: [User: Guest | ID: NA] GET /show-company - ::1
2025-02-28 16:01:17 [INFO]: [User: Guest | ID: NA] GET /show-job_position - ::1
2025-02-28 16:01:29 [INFO]: [User: Guest | ID: NA] GET /show-company - ::1
2025-02-28 16:01:29 [INFO]: [User: Guest | ID: NA] GET /show-job_position - ::1
2025-02-28 16:01:29 [INFO]: [User: Guest | ID: NA] GET /show-company - ::1
2025-02-28 16:01:29 [INFO]: [User: Guest | ID: NA] GET /show-job_position - ::1
2025-02-28 16:01:29 [INFO]: [User: Guest | ID: NA] GET /show-company - ::1
2025-02-28 16:01:29 [INFO]: [User: Guest | ID: NA] GET /show-job_position - ::1
2025-02-28 16:02:11 [INFO]: [User: Guest | ID: NA] GET /all-jobs-display - ::1
2025-02-28 16:02:11 [INFO]: [User: Guest | ID: NA] GET /all-jobs-display - ::1
2025-02-28 16:02:26 [INFO]: [User: Guest | ID: NA] GET /show-company - ::1
2025-02-28 16:02:26 [INFO]: [User: Guest | ID: NA] GET /show-job_position - ::1
2025-02-28 16:02:26 [INFO]: [User: Guest | ID: NA] GET /show-company - ::1
2025-02-28 16:02:26 [INFO]: [User: Guest | ID: NA] GET /show-job_position - ::1
2025-02-28 16:02:27 [INFO]: [User: Guest | ID: NA] POST /create-apply-for-job - ::1
2025-02-28 16:05:13 [INFO]: [User: Guest | ID: NA] GET /all-jobs-display - ::1
2025-02-28 16:05:16 [INFO]: [User: Guest | ID: NA] GET /all-jobs-display - ::1
2025-02-28 16:05:23 [INFO]: [User: Guest | ID: NA] GET /all-jobs-display - ::1
2025-02-28 16:05:23 [INFO]: [User: Guest | ID: NA] GET /all-jobs-display - ::1
2025-02-28 16:05:25 [INFO]: [User: Guest | ID: NA] GET /show-company - ::1
2025-02-28 16:05:25 [INFO]: [User: Guest | ID: NA] GET /show-job_position - ::1
2025-02-28 16:05:25 [INFO]: [User: Guest | ID: NA] GET /show-company - ::1
2025-02-28 16:05:25 [INFO]: [User: Guest | ID: NA] GET /show-job_position - ::1
2025-02-28 16:05:32 [INFO]: [User: Guest | ID: NA] POST /create-apply-for-job - ::1
2025-02-28 16:06:42 [INFO]: [User: Guest | ID: NA] POST /create-apply-for-job - ::ffff:127.0.0.1
2025-02-28 16:06:57 [INFO]: [User: Guest | ID: NA] GET /all-jobs-display - ::1
2025-02-28 16:07:15 [INFO]: [User: Guest | ID: NA] GET /all-jobs-display - ::1
2025-02-28 16:07:18 [INFO]: [User: Guest | ID: NA] GET /all-jobs-display - ::1
2025-02-28 16:07:20 [INFO]: [User: Guest | ID: NA] POST /create-apply-for-job - ::1
2025-02-28 17:20:38 [INFO]: [User: Guest | ID: NA] GET /all-jobs-display - ::1
2025-02-28 17:20:38 [INFO]: [User: Guest | ID: NA] GET /all-jobs-display - ::1
2025-02-28 17:29:27 [INFO]: [User: Guest | ID: NA] GET /all-jobs-display - ::1
2025-02-28 17:30:49 [INFO]: [User: Guest | ID: NA] GET /all-jobs-display - ::1
2025-02-28 17:30:49 [INFO]: [User: Guest | ID: NA] GET /all-jobs-display - ::1
2025-02-28 17:30:53 [INFO]: [User: Guest | ID: NA] GET /all-jobs-display - ::1
2025-02-28 17:30:53 [INFO]: [User: Guest | ID: NA] GET /all-jobs-display - ::1
2025-02-28 17:31:02 [INFO]: [User: Guest | ID: NA] POST /login - ::1
2025-02-28 17:31:02 [INFO]: [User: Guest | ID: NA] POST /log-login - ::1
2025-02-28 17:31:02 [INFO]: [LOGIN] User: Harsh Patel (ID: 6, Email: harsh@gmail.com) logged in successfully.
2025-02-28 17:31:02 [INFO]: [User: Guest | ID: NA] GET /show-users - ::1
2025-02-28 17:31:02 [INFO]: [User: Guest | ID: NA] GET /show-users - ::1
2025-02-28 17:31:04 [INFO]: [User: Guest | ID: NA] GET /all-jobs-display - ::1
2025-02-28 17:31:04 [INFO]: [User: Guest | ID: NA] GET /all-jobs-display - ::1
2025-02-28 17:31:06 [INFO]: [User: Guest | ID: NA] GET /show-company - ::1
2025-02-28 17:31:06 [INFO]: [User: Guest | ID: NA] GET /show-job_position - ::1
2025-02-28 17:31:06 [INFO]: [User: Guest | ID: NA] GET /show-job_apply_list - ::1
2025-02-28 17:31:06 [INFO]: [User: Guest | ID: NA] GET /show-company - ::1
2025-02-28 17:31:06 [INFO]: [User: Guest | ID: NA] GET /show-job_position - ::1
2025-02-28 17:31:06 [INFO]: [User: Guest | ID: NA] GET /show-job_apply_list - ::1
2025-02-28 17:31:11 [INFO]: [User: Guest | ID: NA] DELETE /delete-apply-for-job/9 - ::1
2025-02-28 17:31:11 [INFO]: [User: Guest | ID: NA] GET /show-company - ::1
2025-02-28 17:31:11 [INFO]: [User: Guest | ID: NA] GET /show-job_position - ::1
2025-02-28 17:31:11 [INFO]: [User: Guest | ID: NA] GET /show-job_apply_list - ::1
2025-02-28 17:31:11 [INFO]: [User: Guest | ID: NA] GET /show-company - ::1
2025-02-28 17:31:11 [INFO]: [User: Guest | ID: NA] GET /show-job_position - ::1
2025-02-28 17:31:11 [INFO]: [User: Guest | ID: NA] GET /show-job_apply_list - ::1
2025-02-28 17:31:11 [INFO]: [User: Guest | ID: NA] GET /show-company - ::1
2025-02-28 17:31:11 [INFO]: [User: Guest | ID: NA] GET /show-job_position - ::1
2025-02-28 17:31:11 [INFO]: [User: Guest | ID: NA] GET /show-job_apply_list - ::1
2025-02-28 17:31:12 [INFO]: [User: Guest | ID: NA] DELETE /delete-apply-for-job/8 - ::1
2025-02-28 17:31:12 [INFO]: [User: Guest | ID: NA] GET /show-company - ::1
2025-02-28 17:31:12 [INFO]: [User: Guest | ID: NA] GET /show-job_position - ::1
2025-02-28 17:31:12 [INFO]: [User: Guest | ID: NA] GET /show-job_apply_list - ::1
2025-02-28 17:31:12 [INFO]: [User: Guest | ID: NA] GET /show-company - ::1
2025-02-28 17:31:12 [INFO]: [User: Guest | ID: NA] GET /show-job_position - ::1
2025-02-28 17:31:12 [INFO]: [User: Guest | ID: NA] GET /show-job_apply_list - ::1
2025-02-28 17:31:12 [INFO]: [User: Guest | ID: NA] GET /show-company - ::1
2025-02-28 17:31:12 [INFO]: [User: Guest | ID: NA] GET /show-job_position - ::1
2025-02-28 17:31:12 [INFO]: [User: Guest | ID: NA] GET /show-job_apply_list - ::1
2025-02-28 17:31:15 [INFO]: [User: Guest | ID: NA] GET /show-company - ::1
2025-02-28 17:31:15 [INFO]: [User: Guest | ID: NA] GET /show-job_position - ::1
2025-02-28 17:31:15 [INFO]: [User: Guest | ID: NA] GET /show-company - ::1
2025-02-28 17:31:15 [INFO]: [User: Guest | ID: NA] GET /show-job_position - ::1
2025-02-28 17:31:22 [INFO]: [User: Guest | ID: NA] POST /create-apply-for-job - ::1
2025-02-28 17:32:51 [INFO]: [User: Guest | ID: NA] GET /show-company - ::1
2025-02-28 17:32:51 [INFO]: [User: Guest | ID: NA] GET /show-job_position - ::1
2025-02-28 17:32:52 [INFO]: [User: Guest | ID: NA] GET /show-company - ::1
2025-02-28 17:32:52 [INFO]: [User: Guest | ID: NA] GET /show-job_position - ::1
2025-02-28 17:33:20 [INFO]: [User: Guest | ID: NA] GET /show-company - ::1
2025-02-28 17:33:20 [INFO]: [User: Guest | ID: NA] GET /show-job_position - ::1
2025-02-28 17:33:21 [INFO]: [User: Guest | ID: NA] GET /show-company - ::1
2025-02-28 17:33:21 [INFO]: [User: Guest | ID: NA] GET /show-job_position - ::1
2025-02-28 17:33:22 [INFO]: [User: Guest | ID: NA] GET /show-company - ::1
2025-02-28 17:33:22 [INFO]: [User: Guest | ID: NA] GET /show-job_position - ::1
2025-02-28 17:33:32 [INFO]: [User: Guest | ID: NA] GET /show-company - ::1
2025-02-28 17:33:32 [INFO]: [User: Guest | ID: NA] GET /show-job_position - ::1
2025-02-28 17:33:34 [INFO]: [User: Guest | ID: NA] GET /show-company - ::1
2025-02-28 17:33:34 [INFO]: [User: Guest | ID: NA] GET /show-job_position - ::1
2025-02-28 17:34:28 [INFO]: [User: Guest | ID: NA] GET /show-company - ::1
2025-02-28 17:34:28 [INFO]: [User: Guest | ID: NA] GET /show-job_position - ::1
2025-02-28 17:34:28 [INFO]: [User: Guest | ID: NA] GET /show-company - ::1
2025-02-28 17:34:28 [INFO]: [User: Guest | ID: NA] GET /show-job_position - ::1
2025-02-28 17:35:23 [INFO]: [User: Guest | ID: NA] GET /show-company - ::1
2025-02-28 17:35:23 [INFO]: [User: Guest | ID: NA] GET /show-job_position - ::1
2025-02-28 17:35:23 [INFO]: [User: Guest | ID: NA] GET /show-company - ::1
2025-02-28 17:35:23 [INFO]: [User: Guest | ID: NA] GET /show-job_position - ::1
